[0.014s] Invoking command in '/home/jv4k/potamon_ws/src/build/potamon_interfaces': CMAKE_PREFIX_PATH=${CMAKE_PREFIX_PATH}:/opt/ros/jazzy DEBUGINFOD_URLS=https://debuginfod.ubuntu.com /usr/bin/cmake --build /home/jv4k/potamon_ws/src/build/potamon_interfaces -- -j12 -l12
[0.048s] -- Found ament_cmake: 2.5.3 (/opt/ros/jazzy/share/ament_cmake/cmake)
[0.077s] -- Found Python3: /usr/bin/python3 (found version "3.12.3") found components: Interpreter 
[0.169s] -- Found rosidl_default_generators: 1.6.0 (/opt/ros/jazzy/share/rosidl_default_generators/cmake)
[0.171s] -- Using all available rosidl_typesupport_c: rosidl_typesupport_fastrtps_c;rosidl_typesupport_introspection_c
[0.209s] -- Using all available rosidl_typesupport_cpp: rosidl_typesupport_fastrtps_cpp;rosidl_typesupport_introspection_cpp
[0.240s] -- Found rosidl_adapter: 4.6.5 (/opt/ros/jazzy/share/rosidl_adapter/cmake)
[0.628s] -- Found ament_cmake_ros: 0.12.0 (/opt/ros/jazzy/share/ament_cmake_ros/cmake)
[0.768s] -- Using all available rosidl_typesupport_c: rosidl_typesupport_fastrtps_c;rosidl_typesupport_introspection_c
[0.930s] -- Using all available rosidl_typesupport_cpp: rosidl_typesupport_fastrtps_cpp;rosidl_typesupport_introspection_cpp
[0.933s] -- Found python_cmake_module: 0.11.1 (/opt/ros/jazzy/share/python_cmake_module/cmake)
[1.279s] -- Found Python3: /usr/bin/python3 (found version "3.12.3") found components: Interpreter Development NumPy Development.Module Development.Embed 
[1.307s] -- Found ament_lint_auto: 0.17.2 (/opt/ros/jazzy/share/ament_lint_auto/cmake)
[1.331s] -- Added test 'lint_cmake' to check CMake code style
[1.332s] -- Added test 'xmllint' to check XML markup files
[1.335s] -- Configuring done (1.3s)
[1.385s] -- Generating done (0.0s)
[1.399s] -- Build files have been written to: /home/jv4k/potamon_ws/src/build/potamon_interfaces
[1.466s] [  1%] [34m[1mGenerating type hashes for ROS interfaces[0m
[1.478s] [  1%] Built target ament_cmake_python_copy_potamon_interfaces
[1.724s] running egg_info
[1.747s] writing potamon_interfaces.egg-info/PKG-INFO
[1.747s] writing dependency_links to potamon_interfaces.egg-info/dependency_links.txt
[1.747s] writing top-level names to potamon_interfaces.egg-info/top_level.txt
[1.814s] reading manifest file 'potamon_interfaces.egg-info/SOURCES.txt'
[1.815s] writing manifest file 'potamon_interfaces.egg-info/SOURCES.txt'
[1.853s] [  1%] Built target ament_cmake_python_build_potamon_interfaces_egg
[1.889s] [  1%] Built target potamon_interfaces__rosidl_generator_type_description
[1.903s] [  2%] [34m[1mGenerating C code for ROS interfaces[0m
[1.917s] [  4%] [34m[1mGenerating C++ code for ROS interfaces[0m
[2.506s] [  4%] Built target potamon_interfaces__cpp
[2.589s] [  8%] [32mBuilding C object CMakeFiles/potamon_interfaces__rosidl_generator_c.dir/rosidl_generator_c/potamon_interfaces/msg/detail/wheel_states__functions.c.o[0m
[2.589s] [  8%] [32mBuilding C object CMakeFiles/potamon_interfaces__rosidl_generator_c.dir/rosidl_generator_c/potamon_interfaces/msg/detail/wheel_velocities__functions.c.o[0m
[2.589s] [  8%] [32mBuilding C object CMakeFiles/potamon_interfaces__rosidl_generator_c.dir/rosidl_generator_c/potamon_interfaces/msg/detail/system_status__type_support.c.o[0m
[2.590s] [ 10%] [32mBuilding C object CMakeFiles/potamon_interfaces__rosidl_generator_c.dir/rosidl_generator_c/potamon_interfaces/msg/detail/system_status__description.c.o[0m
[2.590s] [ 10%] [32mBuilding C object CMakeFiles/potamon_interfaces__rosidl_generator_c.dir/rosidl_generator_c/potamon_interfaces/msg/detail/wheel_states__description.c.o[0m
[2.590s] [ 12%] [32mBuilding C object CMakeFiles/potamon_interfaces__rosidl_generator_c.dir/rosidl_generator_c/potamon_interfaces/msg/detail/wheel_states__type_support.c.o[0m
[2.590s] [ 13%] [32mBuilding C object CMakeFiles/potamon_interfaces__rosidl_generator_c.dir/rosidl_generator_c/potamon_interfaces/msg/detail/wheel_angles__type_support.c.o[0m
[2.590s] [ 14%] [32mBuilding C object CMakeFiles/potamon_interfaces__rosidl_generator_c.dir/rosidl_generator_c/potamon_interfaces/msg/detail/wheel_angles__description.c.o[0m
[2.591s] [ 17%] [32mBuilding C object CMakeFiles/potamon_interfaces__rosidl_generator_c.dir/rosidl_generator_c/potamon_interfaces/msg/detail/wheel_angles__functions.c.o[0m
[2.591s] [ 17%] [32mBuilding C object CMakeFiles/potamon_interfaces__rosidl_generator_c.dir/rosidl_generator_c/potamon_interfaces/msg/detail/wheel_velocities__type_support.c.o[0m
[2.595s] [ 20%] [32mBuilding C object CMakeFiles/potamon_interfaces__rosidl_generator_c.dir/rosidl_generator_c/potamon_interfaces/msg/detail/system_status__functions.c.o[0m
[2.595s] [ 20%] [32mBuilding C object CMakeFiles/potamon_interfaces__rosidl_generator_c.dir/rosidl_generator_c/potamon_interfaces/msg/detail/wheel_velocities__description.c.o[0m
[2.638s] [ 21%] [32mBuilding C object CMakeFiles/potamon_interfaces__rosidl_generator_c.dir/rosidl_generator_c/potamon_interfaces/srv/detail/set_control_mode__description.c.o[0m
[2.640s] [ 22%] [32mBuilding C object CMakeFiles/potamon_interfaces__rosidl_generator_c.dir/rosidl_generator_c/potamon_interfaces/srv/detail/set_control_mode__functions.c.o[0m
[2.642s] [ 24%] [32mBuilding C object CMakeFiles/potamon_interfaces__rosidl_generator_c.dir/rosidl_generator_c/potamon_interfaces/srv/detail/set_control_mode__type_support.c.o[0m
[2.716s] [ 25%] [32m[1mLinking C shared library libpotamon_interfaces__rosidl_generator_c.so[0m
[2.788s] [ 25%] Built target potamon_interfaces__rosidl_generator_c
[2.801s] [ 28%] [34m[1mGenerating C introspection for ROS interfaces[0m
[2.801s] [ 28%] [34m[1mGenerating C++ introspection for ROS interfaces[0m
[2.802s] [ 29%] [34m[1mGenerating C type support dispatch for ROS interfaces[0m
[2.803s] [ 31%] [34m[1mGenerating C++ type support dispatch for ROS interfaces[0m
[2.805s] [ 32%] [34m[1mGenerating C++ type support for eProsima Fast-RTPS[0m
[2.808s] [ 33%] [34m[1mGenerating C type support for eProsima Fast-RTPS[0m
[3.305s] [ 37%] [32mBuilding CXX object CMakeFiles/potamon_interfaces__rosidl_typesupport_c.dir/rosidl_typesupport_c/potamon_interfaces/msg/system_status__type_support.cpp.o[0m
[3.307s] [ 37%] [32mBuilding CXX object CMakeFiles/potamon_interfaces__rosidl_typesupport_c.dir/rosidl_typesupport_c/potamon_interfaces/msg/wheel_velocities__type_support.cpp.o[0m
[3.308s] [ 37%] [32mBuilding CXX object CMakeFiles/potamon_interfaces__rosidl_typesupport_c.dir/rosidl_typesupport_c/potamon_interfaces/msg/wheel_states__type_support.cpp.o[0m
[3.308s] [ 39%] [32mBuilding CXX object CMakeFiles/potamon_interfaces__rosidl_typesupport_c.dir/rosidl_typesupport_c/potamon_interfaces/msg/wheel_angles__type_support.cpp.o[0m
[3.313s] [ 40%] [32mBuilding CXX object CMakeFiles/potamon_interfaces__rosidl_typesupport_c.dir/rosidl_typesupport_c/potamon_interfaces/srv/set_control_mode__type_support.cpp.o[0m
[3.331s] [ 41%] [32mBuilding CXX object CMakeFiles/potamon_interfaces__rosidl_typesupport_cpp.dir/rosidl_typesupport_cpp/potamon_interfaces/msg/wheel_states__type_support.cpp.o[0m
[3.348s] [ 43%] [32mBuilding CXX object CMakeFiles/potamon_interfaces__rosidl_typesupport_cpp.dir/rosidl_typesupport_cpp/potamon_interfaces/msg/system_status__type_support.cpp.o[0m
[3.358s] [ 44%] [32mBuilding CXX object CMakeFiles/potamon_interfaces__rosidl_typesupport_cpp.dir/rosidl_typesupport_cpp/potamon_interfaces/msg/wheel_velocities__type_support.cpp.o[0m
[3.378s] [ 45%] [32mBuilding CXX object CMakeFiles/potamon_interfaces__rosidl_typesupport_cpp.dir/rosidl_typesupport_cpp/potamon_interfaces/msg/wheel_angles__type_support.cpp.o[0m
[3.378s] [ 47%] [32mBuilding CXX object CMakeFiles/potamon_interfaces__rosidl_typesupport_cpp.dir/rosidl_typesupport_cpp/potamon_interfaces/srv/set_control_mode__type_support.cpp.o[0m
[3.407s] [ 48%] [32m[1mLinking CXX shared library libpotamon_interfaces__rosidl_typesupport_c.so[0m
[3.423s] [ 50%] [32mBuilding CXX object CMakeFiles/potamon_interfaces__rosidl_typesupport_introspection_cpp.dir/rosidl_typesupport_introspection_cpp/potamon_interfaces/msg/detail/wheel_states__type_support.cpp.o[0m
[3.423s] [ 51%] [32mBuilding CXX object CMakeFiles/potamon_interfaces__rosidl_typesupport_introspection_cpp.dir/rosidl_typesupport_introspection_cpp/potamon_interfaces/msg/detail/wheel_velocities__type_support.cpp.o[0m
[3.424s] [ 52%] [32mBuilding CXX object CMakeFiles/potamon_interfaces__rosidl_typesupport_introspection_cpp.dir/rosidl_typesupport_introspection_cpp/potamon_interfaces/msg/detail/system_status__type_support.cpp.o[0m
[3.446s] [ 54%] [32mBuilding C object CMakeFiles/potamon_interfaces__rosidl_typesupport_introspection_c.dir/rosidl_typesupport_introspection_c/potamon_interfaces/msg/detail/wheel_states__type_support.c.o[0m
[3.493s] [ 54%] Built target potamon_interfaces__rosidl_typesupport_c
[3.509s] [ 55%] [32mBuilding CXX object CMakeFiles/potamon_interfaces__rosidl_typesupport_introspection_cpp.dir/rosidl_typesupport_introspection_cpp/potamon_interfaces/msg/detail/wheel_angles__type_support.cpp.o[0m
[3.520s] [ 56%] [32mBuilding C object CMakeFiles/potamon_interfaces__rosidl_typesupport_introspection_c.dir/rosidl_typesupport_introspection_c/potamon_interfaces/msg/detail/system_status__type_support.c.o[0m
[3.604s] [ 58%] [32mBuilding C object CMakeFiles/potamon_interfaces__rosidl_typesupport_introspection_c.dir/rosidl_typesupport_introspection_c/potamon_interfaces/msg/detail/wheel_velocities__type_support.c.o[0m
[3.688s] [ 59%] [32mBuilding C object CMakeFiles/potamon_interfaces__rosidl_typesupport_introspection_c.dir/rosidl_typesupport_introspection_c/potamon_interfaces/msg/detail/wheel_angles__type_support.c.o[0m
[3.688s] [ 60%] [32mBuilding CXX object CMakeFiles/potamon_interfaces__rosidl_typesupport_fastrtps_cpp.dir/rosidl_typesupport_fastrtps_cpp/potamon_interfaces/msg/detail/dds_fastrtps/wheel_states__type_support.cpp.o[0m
[3.741s] [ 62%] [32mBuilding CXX object CMakeFiles/potamon_interfaces__rosidl_typesupport_fastrtps_c.dir/rosidl_typesupport_fastrtps_c/potamon_interfaces/msg/detail/wheel_states__type_support_c.cpp.o[0m
[3.773s] [ 63%] [32mBuilding C object CMakeFiles/potamon_interfaces__rosidl_typesupport_introspection_c.dir/rosidl_typesupport_introspection_c/potamon_interfaces/srv/detail/set_control_mode__type_support.c.o[0m
[3.825s] [ 64%] [32mBuilding CXX object CMakeFiles/potamon_interfaces__rosidl_typesupport_introspection_cpp.dir/rosidl_typesupport_introspection_cpp/potamon_interfaces/srv/detail/set_control_mode__type_support.cpp.o[0m
[3.847s] [ 66%] [32mBuilding CXX object CMakeFiles/potamon_interfaces__rosidl_typesupport_fastrtps_cpp.dir/rosidl_typesupport_fastrtps_cpp/potamon_interfaces/msg/detail/dds_fastrtps/system_status__type_support.cpp.o[0m
[3.867s] [ 67%] [32mBuilding CXX object CMakeFiles/potamon_interfaces__rosidl_typesupport_fastrtps_cpp.dir/rosidl_typesupport_fastrtps_cpp/potamon_interfaces/msg/detail/dds_fastrtps/wheel_velocities__type_support.cpp.o[0m
[3.891s] [ 68%] [32m[1mLinking C shared library libpotamon_interfaces__rosidl_typesupport_introspection_c.so[0m
[3.904s] [ 70%] [32mBuilding CXX object CMakeFiles/potamon_interfaces__rosidl_typesupport_fastrtps_c.dir/rosidl_typesupport_fastrtps_c/potamon_interfaces/msg/detail/system_status__type_support_c.cpp.o[0m
[3.929s] [ 71%] [32mBuilding CXX object CMakeFiles/potamon_interfaces__rosidl_typesupport_fastrtps_cpp.dir/rosidl_typesupport_fastrtps_cpp/potamon_interfaces/msg/detail/dds_fastrtps/wheel_angles__type_support.cpp.o[0m
[3.956s] [ 71%] Built target potamon_interfaces__rosidl_typesupport_introspection_c
[3.961s] [ 72%] [32mBuilding CXX object CMakeFiles/potamon_interfaces__rosidl_typesupport_fastrtps_cpp.dir/rosidl_typesupport_fastrtps_cpp/potamon_interfaces/srv/detail/dds_fastrtps/set_control_mode__type_support.cpp.o[0m
[3.963s] [ 74%] [32mBuilding CXX object CMakeFiles/potamon_interfaces__rosidl_typesupport_fastrtps_c.dir/rosidl_typesupport_fastrtps_c/potamon_interfaces/msg/detail/wheel_velocities__type_support_c.cpp.o[0m
[3.970s] [ 75%] [32mBuilding CXX object CMakeFiles/potamon_interfaces__rosidl_typesupport_fastrtps_c.dir/rosidl_typesupport_fastrtps_c/potamon_interfaces/msg/detail/wheel_angles__type_support_c.cpp.o[0m
[4.004s] [ 77%] [32mBuilding CXX object CMakeFiles/potamon_interfaces__rosidl_typesupport_fastrtps_c.dir/rosidl_typesupport_fastrtps_c/potamon_interfaces/srv/detail/set_control_mode__type_support_c.cpp.o[0m
[4.012s] [ 78%] [32m[1mLinking CXX shared library libpotamon_interfaces__rosidl_typesupport_cpp.so[0m
[4.200s] [ 78%] Built target potamon_interfaces__rosidl_typesupport_cpp
[4.555s] [ 79%] [32m[1mLinking CXX shared library libpotamon_interfaces__rosidl_typesupport_introspection_cpp.so[0m
[4.689s] [ 79%] Built target potamon_interfaces__rosidl_typesupport_introspection_cpp
[4.769s] [ 81%] [32m[1mLinking CXX shared library libpotamon_interfaces__rosidl_typesupport_fastrtps_c.so[0m
[4.824s] [ 82%] [32m[1mLinking CXX shared library libpotamon_interfaces__rosidl_typesupport_fastrtps_cpp.so[0m
[4.871s] [ 82%] Built target potamon_interfaces__rosidl_typesupport_fastrtps_c
[4.927s] [ 82%] Built target potamon_interfaces__rosidl_typesupport_fastrtps_cpp
[4.964s] [ 82%] Built target potamon_interfaces
[5.004s] [ 83%] [34m[1mGenerating Python code for ROS interfaces[0m
[5.903s] [ 83%] Built target potamon_interfaces__py
[5.933s] [ 86%] [32mBuilding C object CMakeFiles/potamon_interfaces__rosidl_generator_py.dir/rosidl_generator_py/potamon_interfaces/msg/_system_status_s.c.o[0m
[5.933s] [ 86%] [32mBuilding C object CMakeFiles/potamon_interfaces__rosidl_generator_py.dir/rosidl_generator_py/potamon_interfaces/msg/_wheel_angles_s.c.o[0m
[5.933s] [ 89%] [32mBuilding C object CMakeFiles/potamon_interfaces__rosidl_generator_py.dir/rosidl_generator_py/potamon_interfaces/srv/_set_control_mode_s.c.o[0m
[5.934s] [ 89%] [32mBuilding C object CMakeFiles/potamon_interfaces__rosidl_generator_py.dir/rosidl_generator_py/potamon_interfaces/msg/_wheel_states_s.c.o[0m
[5.936s] [ 90%] [32mBuilding C object CMakeFiles/potamon_interfaces__rosidl_generator_py.dir/rosidl_generator_py/potamon_interfaces/msg/_wheel_velocities_s.c.o[0m
[6.090s] [ 91%] [32m[1mLinking C shared library libpotamon_interfaces__rosidl_generator_py.so[0m
[6.142s] [ 91%] Built target potamon_interfaces__rosidl_generator_py
[6.173s] [ 94%] [32mBuilding C object CMakeFiles/potamon_interfaces_s__rosidl_typesupport_introspection_c.dir/rosidl_generator_py/potamon_interfaces/_potamon_interfaces_s.ep.rosidl_typesupport_introspection_c.c.o[0m
[6.173s] [ 94%] [32mBuilding C object CMakeFiles/potamon_interfaces_s__rosidl_typesupport_c.dir/rosidl_generator_py/potamon_interfaces/_potamon_interfaces_s.ep.rosidl_typesupport_c.c.o[0m
[6.175s] [ 95%] [32mBuilding C object CMakeFiles/potamon_interfaces_s__rosidl_typesupport_fastrtps_c.dir/rosidl_generator_py/potamon_interfaces/_potamon_interfaces_s.ep.rosidl_typesupport_fastrtps_c.c.o[0m
[6.294s] [ 97%] [32m[1mLinking C shared module rosidl_generator_py/potamon_interfaces/potamon_interfaces_s__rosidl_typesupport_c.so[0m
[6.299s] [ 98%] [32m[1mLinking C shared module rosidl_generator_py/potamon_interfaces/potamon_interfaces_s__rosidl_typesupport_introspection_c.so[0m
[6.304s] [100%] [32m[1mLinking C shared module rosidl_generator_py/potamon_interfaces/potamon_interfaces_s__rosidl_typesupport_fastrtps_c.so[0m
[6.331s] [100%] Built target potamon_interfaces_s__rosidl_typesupport_c
[6.336s] [100%] Built target potamon_interfaces_s__rosidl_typesupport_introspection_c
[6.353s] [100%] Built target potamon_interfaces_s__rosidl_typesupport_fastrtps_c
[6.371s] Invoked command in '/home/jv4k/potamon_ws/src/build/potamon_interfaces' returned '0': CMAKE_PREFIX_PATH=${CMAKE_PREFIX_PATH}:/opt/ros/jazzy DEBUGINFOD_URLS=https://debuginfod.ubuntu.com /usr/bin/cmake --build /home/jv4k/potamon_ws/src/build/potamon_interfaces -- -j12 -l12
[6.384s] Invoking command in '/home/jv4k/potamon_ws/src/build/potamon_interfaces': CMAKE_PREFIX_PATH=${CMAKE_PREFIX_PATH}:/opt/ros/jazzy DEBUGINFOD_URLS=https://debuginfod.ubuntu.com /usr/bin/cmake --install /home/jv4k/potamon_ws/src/build/potamon_interfaces
[6.393s] -- Install configuration: ""
[6.393s] -- Installing: /home/jv4k/potamon_ws/src/install/potamon_interfaces/share/ament_index/resource_index/rosidl_interfaces/potamon_interfaces
[6.394s] -- Installing: /home/jv4k/potamon_ws/src/install/potamon_interfaces/share/potamon_interfaces/msg/WheelStates.json
[6.394s] -- Installing: /home/jv4k/potamon_ws/src/install/potamon_interfaces/share/potamon_interfaces/msg/SystemStatus.json
[6.394s] -- Installing: /home/jv4k/potamon_ws/src/install/potamon_interfaces/share/potamon_interfaces/msg/WheelVelocities.json
[6.394s] -- Installing: /home/jv4k/potamon_ws/src/install/potamon_interfaces/share/potamon_interfaces/msg/WheelAngles.json
[6.395s] -- Installing: /home/jv4k/potamon_ws/src/install/potamon_interfaces/share/potamon_interfaces/srv/SetControlMode.json
[6.395s] -- Up-to-date: /home/jv4k/potamon_ws/src/install/potamon_interfaces/include/potamon_interfaces/potamon_interfaces
[6.395s] -- Up-to-date: /home/jv4k/potamon_ws/src/install/potamon_interfaces/include/potamon_interfaces/potamon_interfaces/msg
[6.395s] -- Up-to-date: /home/jv4k/potamon_ws/src/install/potamon_interfaces/include/potamon_interfaces/potamon_interfaces/msg/detail
[6.395s] -- Installing: /home/jv4k/potamon_ws/src/install/potamon_interfaces/include/potamon_interfaces/potamon_interfaces/msg/detail/wheel_states__functions.c
[6.395s] -- Installing: /home/jv4k/potamon_ws/src/install/potamon_interfaces/include/potamon_interfaces/potamon_interfaces/msg/detail/wheel_velocities__functions.h
[6.395s] -- Installing: /home/jv4k/potamon_ws/src/install/potamon_interfaces/include/potamon_interfaces/potamon_interfaces/msg/detail/wheel_states__type_support.h
[6.396s] -- Installing: /home/jv4k/potamon_ws/src/install/potamon_interfaces/include/potamon_interfaces/potamon_interfaces/msg/detail/wheel_states__struct.h
[6.396s] -- Installing: /home/jv4k/potamon_ws/src/install/potamon_interfaces/include/potamon_interfaces/potamon_interfaces/msg/detail/wheel_angles__type_support.c
[6.396s] -- Installing: /home/jv4k/potamon_ws/src/install/potamon_interfaces/include/potamon_interfaces/potamon_interfaces/msg/detail/system_status__functions.c
[6.396s] -- Installing: /home/jv4k/potamon_ws/src/install/potamon_interfaces/include/potamon_interfaces/potamon_interfaces/msg/detail/wheel_angles__description.c
[6.396s] -- Installing: /home/jv4k/potamon_ws/src/install/potamon_interfaces/include/potamon_interfaces/potamon_interfaces/msg/detail/system_status__struct.h
[6.396s] -- Installing: /home/jv4k/potamon_ws/src/install/potamon_interfaces/include/potamon_interfaces/potamon_interfaces/msg/detail/wheel_states__description.c
[6.396s] -- Installing: /home/jv4k/potamon_ws/src/install/potamon_interfaces/include/potamon_interfaces/potamon_interfaces/msg/detail/wheel_velocities__description.c
[6.397s] -- Installing: /home/jv4k/potamon_ws/src/install/potamon_interfaces/include/potamon_interfaces/potamon_interfaces/msg/detail/wheel_angles__type_support.h
[6.397s] -- Installing: /home/jv4k/potamon_ws/src/install/potamon_interfaces/include/potamon_interfaces/potamon_interfaces/msg/detail/wheel_angles__struct.h
[6.397s] -- Installing: /home/jv4k/potamon_ws/src/install/potamon_interfaces/include/potamon_interfaces/potamon_interfaces/msg/detail/system_status__type_support.h
[6.397s] -- Installing: /home/jv4k/potamon_ws/src/install/potamon_interfaces/include/potamon_interfaces/potamon_interfaces/msg/detail/wheel_states__type_support.c
[6.397s] -- Installing: /home/jv4k/potamon_ws/src/install/potamon_interfaces/include/potamon_interfaces/potamon_interfaces/msg/detail/wheel_velocities__functions.c
[6.397s] -- Installing: /home/jv4k/potamon_ws/src/install/potamon_interfaces/include/potamon_interfaces/potamon_interfaces/msg/detail/wheel_velocities__struct.h
[6.398s] -- Installing: /home/jv4k/potamon_ws/src/install/potamon_interfaces/include/potamon_interfaces/potamon_interfaces/msg/detail/wheel_velocities__type_support.h
[6.398s] -- Installing: /home/jv4k/potamon_ws/src/install/potamon_interfaces/include/potamon_interfaces/potamon_interfaces/msg/detail/wheel_states__functions.h
[6.398s] -- Installing: /home/jv4k/potamon_ws/src/install/potamon_interfaces/include/potamon_interfaces/potamon_interfaces/msg/detail/system_status__type_support.c
[6.398s] -- Installing: /home/jv4k/potamon_ws/src/install/potamon_interfaces/include/potamon_interfaces/potamon_interfaces/msg/detail/wheel_velocities__type_support.c
[6.398s] -- Installing: /home/jv4k/potamon_ws/src/install/potamon_interfaces/include/potamon_interfaces/potamon_interfaces/msg/detail/wheel_angles__functions.c
[6.399s] -- Installing: /home/jv4k/potamon_ws/src/install/potamon_interfaces/include/potamon_interfaces/potamon_interfaces/msg/detail/wheel_angles__functions.h
[6.399s] -- Installing: /home/jv4k/potamon_ws/src/install/potamon_interfaces/include/potamon_interfaces/potamon_interfaces/msg/detail/system_status__functions.h
[6.399s] -- Installing: /home/jv4k/potamon_ws/src/install/potamon_interfaces/include/potamon_interfaces/potamon_interfaces/msg/detail/system_status__description.c
[6.399s] -- Installing: /home/jv4k/potamon_ws/src/install/potamon_interfaces/include/potamon_interfaces/potamon_interfaces/msg/wheel_velocities.h
[6.400s] -- Installing: /home/jv4k/potamon_ws/src/install/potamon_interfaces/include/potamon_interfaces/potamon_interfaces/msg/wheel_angles.h
[6.400s] -- Installing: /home/jv4k/potamon_ws/src/install/potamon_interfaces/include/potamon_interfaces/potamon_interfaces/msg/wheel_states.h
[6.400s] -- Up-to-date: /home/jv4k/potamon_ws/src/install/potamon_interfaces/include/potamon_interfaces/potamon_interfaces/msg/rosidl_generator_c__visibility_control.h
[6.400s] -- Installing: /home/jv4k/potamon_ws/src/install/potamon_interfaces/include/potamon_interfaces/potamon_interfaces/msg/system_status.h
[6.400s] -- Installing: /home/jv4k/potamon_ws/src/install/potamon_interfaces/include/potamon_interfaces/potamon_interfaces/srv
[6.401s] -- Installing: /home/jv4k/potamon_ws/src/install/potamon_interfaces/include/potamon_interfaces/potamon_interfaces/srv/detail
[6.401s] -- Installing: /home/jv4k/potamon_ws/src/install/potamon_interfaces/include/potamon_interfaces/potamon_interfaces/srv/detail/set_control_mode__type_support.c
[6.401s] -- Installing: /home/jv4k/potamon_ws/src/install/potamon_interfaces/include/potamon_interfaces/potamon_interfaces/srv/detail/set_control_mode__type_support.h
[6.401s] -- Installing: /home/jv4k/potamon_ws/src/install/potamon_interfaces/include/potamon_interfaces/potamon_interfaces/srv/detail/set_control_mode__description.c
[6.401s] -- Installing: /home/jv4k/potamon_ws/src/install/potamon_interfaces/include/potamon_interfaces/potamon_interfaces/srv/detail/set_control_mode__functions.h
[6.402s] -- Installing: /home/jv4k/potamon_ws/src/install/potamon_interfaces/include/potamon_interfaces/potamon_interfaces/srv/detail/set_control_mode__struct.h
[6.402s] -- Installing: /home/jv4k/potamon_ws/src/install/potamon_interfaces/include/potamon_interfaces/potamon_interfaces/srv/detail/set_control_mode__functions.c
[6.402s] -- Installing: /home/jv4k/potamon_ws/src/install/potamon_interfaces/include/potamon_interfaces/potamon_interfaces/srv/set_control_mode.h
[6.402s] -- Up-to-date: /home/jv4k/potamon_ws/src/install/potamon_interfaces/share/potamon_interfaces/environment/library_path.sh
[6.402s] -- Up-to-date: /home/jv4k/potamon_ws/src/install/potamon_interfaces/share/potamon_interfaces/environment/library_path.dsv
[6.403s] -- Installing: /home/jv4k/potamon_ws/src/install/potamon_interfaces/lib/libpotamon_interfaces__rosidl_generator_c.so
[6.403s] -- Set non-toolchain portion of runtime path of "/home/jv4k/potamon_ws/src/install/potamon_interfaces/lib/libpotamon_interfaces__rosidl_generator_c.so" to ""
[6.403s] -- Up-to-date: /home/jv4k/potamon_ws/src/install/potamon_interfaces/include/potamon_interfaces/potamon_interfaces
[6.403s] -- Up-to-date: /home/jv4k/potamon_ws/src/install/potamon_interfaces/include/potamon_interfaces/potamon_interfaces/msg
[6.403s] -- Up-to-date: /home/jv4k/potamon_ws/src/install/potamon_interfaces/include/potamon_interfaces/potamon_interfaces/msg/detail
[6.403s] -- Installing: /home/jv4k/potamon_ws/src/install/potamon_interfaces/include/potamon_interfaces/potamon_interfaces/msg/detail/wheel_states__rosidl_typesupport_fastrtps_c.h
[6.404s] -- Installing: /home/jv4k/potamon_ws/src/install/potamon_interfaces/include/potamon_interfaces/potamon_interfaces/msg/detail/system_status__rosidl_typesupport_fastrtps_c.h
[6.404s] -- Installing: /home/jv4k/potamon_ws/src/install/potamon_interfaces/include/potamon_interfaces/potamon_interfaces/msg/detail/wheel_angles__rosidl_typesupport_fastrtps_c.h
[6.404s] -- Installing: /home/jv4k/potamon_ws/src/install/potamon_interfaces/include/potamon_interfaces/potamon_interfaces/msg/detail/wheel_velocities__rosidl_typesupport_fastrtps_c.h
[6.404s] -- Up-to-date: /home/jv4k/potamon_ws/src/install/potamon_interfaces/include/potamon_interfaces/potamon_interfaces/msg/rosidl_typesupport_fastrtps_c__visibility_control.h
[6.404s] -- Up-to-date: /home/jv4k/potamon_ws/src/install/potamon_interfaces/include/potamon_interfaces/potamon_interfaces/srv
[6.404s] -- Up-to-date: /home/jv4k/potamon_ws/src/install/potamon_interfaces/include/potamon_interfaces/potamon_interfaces/srv/detail
[6.404s] -- Installing: /home/jv4k/potamon_ws/src/install/potamon_interfaces/include/potamon_interfaces/potamon_interfaces/srv/detail/set_control_mode__rosidl_typesupport_fastrtps_c.h
[6.404s] -- Installing: /home/jv4k/potamon_ws/src/install/potamon_interfaces/lib/libpotamon_interfaces__rosidl_typesupport_fastrtps_c.so
[6.404s] -- Set non-toolchain portion of runtime path of "/home/jv4k/potamon_ws/src/install/potamon_interfaces/lib/libpotamon_interfaces__rosidl_typesupport_fastrtps_c.so" to ""
[6.405s] -- Up-to-date: /home/jv4k/potamon_ws/src/install/potamon_interfaces/include/potamon_interfaces/potamon_interfaces
[6.405s] -- Up-to-date: /home/jv4k/potamon_ws/src/install/potamon_interfaces/include/potamon_interfaces/potamon_interfaces/msg
[6.405s] -- Up-to-date: /home/jv4k/potamon_ws/src/install/potamon_interfaces/include/potamon_interfaces/potamon_interfaces/msg/detail
[6.405s] -- Installing: /home/jv4k/potamon_ws/src/install/potamon_interfaces/include/potamon_interfaces/potamon_interfaces/msg/detail/wheel_velocities__rosidl_typesupport_introspection_c.h
[6.405s] -- Installing: /home/jv4k/potamon_ws/src/install/potamon_interfaces/include/potamon_interfaces/potamon_interfaces/msg/detail/wheel_angles__type_support.c
[6.405s] -- Installing: /home/jv4k/potamon_ws/src/install/potamon_interfaces/include/potamon_interfaces/potamon_interfaces/msg/detail/wheel_states__rosidl_typesupport_introspection_c.h
[6.405s] -- Installing: /home/jv4k/potamon_ws/src/install/potamon_interfaces/include/potamon_interfaces/potamon_interfaces/msg/detail/wheel_states__type_support.c
[6.406s] -- Installing: /home/jv4k/potamon_ws/src/install/potamon_interfaces/include/potamon_interfaces/potamon_interfaces/msg/detail/system_status__type_support.c
[6.406s] -- Installing: /home/jv4k/potamon_ws/src/install/potamon_interfaces/include/potamon_interfaces/potamon_interfaces/msg/detail/wheel_angles__rosidl_typesupport_introspection_c.h
[6.406s] -- Installing: /home/jv4k/potamon_ws/src/install/potamon_interfaces/include/potamon_interfaces/potamon_interfaces/msg/detail/wheel_velocities__type_support.c
[6.406s] -- Installing: /home/jv4k/potamon_ws/src/install/potamon_interfaces/include/potamon_interfaces/potamon_interfaces/msg/detail/system_status__rosidl_typesupport_introspection_c.h
[6.406s] -- Up-to-date: /home/jv4k/potamon_ws/src/install/potamon_interfaces/include/potamon_interfaces/potamon_interfaces/msg/rosidl_typesupport_introspection_c__visibility_control.h
[6.406s] -- Up-to-date: /home/jv4k/potamon_ws/src/install/potamon_interfaces/include/potamon_interfaces/potamon_interfaces/srv
[6.407s] -- Up-to-date: /home/jv4k/potamon_ws/src/install/potamon_interfaces/include/potamon_interfaces/potamon_interfaces/srv/detail
[6.407s] -- Installing: /home/jv4k/potamon_ws/src/install/potamon_interfaces/include/potamon_interfaces/potamon_interfaces/srv/detail/set_control_mode__type_support.c
[6.407s] -- Installing: /home/jv4k/potamon_ws/src/install/potamon_interfaces/include/potamon_interfaces/potamon_interfaces/srv/detail/set_control_mode__rosidl_typesupport_introspection_c.h
[6.407s] -- Installing: /home/jv4k/potamon_ws/src/install/potamon_interfaces/lib/libpotamon_interfaces__rosidl_typesupport_introspection_c.so
[6.408s] -- Set non-toolchain portion of runtime path of "/home/jv4k/potamon_ws/src/install/potamon_interfaces/lib/libpotamon_interfaces__rosidl_typesupport_introspection_c.so" to ""
[6.408s] -- Installing: /home/jv4k/potamon_ws/src/install/potamon_interfaces/lib/libpotamon_interfaces__rosidl_typesupport_c.so
[6.408s] -- Set non-toolchain portion of runtime path of "/home/jv4k/potamon_ws/src/install/potamon_interfaces/lib/libpotamon_interfaces__rosidl_typesupport_c.so" to ""
[6.409s] -- Up-to-date: /home/jv4k/potamon_ws/src/install/potamon_interfaces/include/potamon_interfaces/potamon_interfaces
[6.409s] -- Up-to-date: /home/jv4k/potamon_ws/src/install/potamon_interfaces/include/potamon_interfaces/potamon_interfaces/msg
[6.409s] -- Installing: /home/jv4k/potamon_ws/src/install/potamon_interfaces/include/potamon_interfaces/potamon_interfaces/msg/wheel_angles.hpp
[6.409s] -- Up-to-date: /home/jv4k/potamon_ws/src/install/potamon_interfaces/include/potamon_interfaces/potamon_interfaces/msg/detail
[6.410s] -- Installing: /home/jv4k/potamon_ws/src/install/potamon_interfaces/include/potamon_interfaces/potamon_interfaces/msg/detail/wheel_angles__builder.hpp
[6.410s] -- Installing: /home/jv4k/potamon_ws/src/install/potamon_interfaces/include/potamon_interfaces/potamon_interfaces/msg/detail/system_status__traits.hpp
[6.410s] -- Installing: /home/jv4k/potamon_ws/src/install/potamon_interfaces/include/potamon_interfaces/potamon_interfaces/msg/detail/wheel_angles__traits.hpp
[6.410s] -- Installing: /home/jv4k/potamon_ws/src/install/potamon_interfaces/include/potamon_interfaces/potamon_interfaces/msg/detail/system_status__type_support.hpp
[6.411s] -- Installing: /home/jv4k/potamon_ws/src/install/potamon_interfaces/include/potamon_interfaces/potamon_interfaces/msg/detail/wheel_states__type_support.hpp
[6.411s] -- Installing: /home/jv4k/potamon_ws/src/install/potamon_interfaces/include/potamon_interfaces/potamon_interfaces/msg/detail/wheel_velocities__traits.hpp
[6.411s] -- Installing: /home/jv4k/potamon_ws/src/install/potamon_interfaces/include/potamon_interfaces/potamon_interfaces/msg/detail/wheel_velocities__type_support.hpp
[6.411s] -- Installing: /home/jv4k/potamon_ws/src/install/potamon_interfaces/include/potamon_interfaces/potamon_interfaces/msg/detail/wheel_states__traits.hpp
[6.411s] -- Installing: /home/jv4k/potamon_ws/src/install/potamon_interfaces/include/potamon_interfaces/potamon_interfaces/msg/detail/wheel_velocities__builder.hpp
[6.412s] -- Installing: /home/jv4k/potamon_ws/src/install/potamon_interfaces/include/potamon_interfaces/potamon_interfaces/msg/detail/system_status__builder.hpp
[6.412s] -- Installing: /home/jv4k/potamon_ws/src/install/potamon_interfaces/include/potamon_interfaces/potamon_interfaces/msg/detail/wheel_velocities__struct.hpp
[6.412s] -- Installing: /home/jv4k/potamon_ws/src/install/potamon_interfaces/include/potamon_interfaces/potamon_interfaces/msg/detail/wheel_states__struct.hpp
[6.412s] -- Installing: /home/jv4k/potamon_ws/src/install/potamon_interfaces/include/potamon_interfaces/potamon_interfaces/msg/detail/wheel_angles__type_support.hpp
[6.412s] -- Installing: /home/jv4k/potamon_ws/src/install/potamon_interfaces/include/potamon_interfaces/potamon_interfaces/msg/detail/wheel_states__builder.hpp
[6.412s] -- Installing: /home/jv4k/potamon_ws/src/install/potamon_interfaces/include/potamon_interfaces/potamon_interfaces/msg/detail/system_status__struct.hpp
[6.413s] -- Installing: /home/jv4k/potamon_ws/src/install/potamon_interfaces/include/potamon_interfaces/potamon_interfaces/msg/detail/wheel_angles__struct.hpp
[6.413s] -- Installing: /home/jv4k/potamon_ws/src/install/potamon_interfaces/include/potamon_interfaces/potamon_interfaces/msg/system_status.hpp
[6.413s] -- Installing: /home/jv4k/potamon_ws/src/install/potamon_interfaces/include/potamon_interfaces/potamon_interfaces/msg/rosidl_generator_cpp__visibility_control.hpp
[6.413s] -- Installing: /home/jv4k/potamon_ws/src/install/potamon_interfaces/include/potamon_interfaces/potamon_interfaces/msg/wheel_states.hpp
[6.414s] -- Installing: /home/jv4k/potamon_ws/src/install/potamon_interfaces/include/potamon_interfaces/potamon_interfaces/msg/wheel_velocities.hpp
[6.414s] -- Up-to-date: /home/jv4k/potamon_ws/src/install/potamon_interfaces/include/potamon_interfaces/potamon_interfaces/srv
[6.414s] -- Up-to-date: /home/jv4k/potamon_ws/src/install/potamon_interfaces/include/potamon_interfaces/potamon_interfaces/srv/detail
[6.414s] -- Installing: /home/jv4k/potamon_ws/src/install/potamon_interfaces/include/potamon_interfaces/potamon_interfaces/srv/detail/set_control_mode__type_support.hpp
[6.414s] -- Installing: /home/jv4k/potamon_ws/src/install/potamon_interfaces/include/potamon_interfaces/potamon_interfaces/srv/detail/set_control_mode__struct.hpp
[6.415s] -- Installing: /home/jv4k/potamon_ws/src/install/potamon_interfaces/include/potamon_interfaces/potamon_interfaces/srv/detail/set_control_mode__traits.hpp
[6.415s] -- Installing: /home/jv4k/potamon_ws/src/install/potamon_interfaces/include/potamon_interfaces/potamon_interfaces/srv/detail/set_control_mode__builder.hpp
[6.415s] -- Installing: /home/jv4k/potamon_ws/src/install/potamon_interfaces/include/potamon_interfaces/potamon_interfaces/srv/set_control_mode.hpp
[6.415s] -- Up-to-date: /home/jv4k/potamon_ws/src/install/potamon_interfaces/include/potamon_interfaces/potamon_interfaces
[6.415s] -- Up-to-date: /home/jv4k/potamon_ws/src/install/potamon_interfaces/include/potamon_interfaces/potamon_interfaces/msg
[6.415s] -- Up-to-date: /home/jv4k/potamon_ws/src/install/potamon_interfaces/include/potamon_interfaces/potamon_interfaces/msg/detail
[6.416s] -- Up-to-date: /home/jv4k/potamon_ws/src/install/potamon_interfaces/include/potamon_interfaces/potamon_interfaces/msg/detail/dds_fastrtps
[6.416s] -- Installing: /home/jv4k/potamon_ws/src/install/potamon_interfaces/include/potamon_interfaces/potamon_interfaces/msg/detail/wheel_velocities__rosidl_typesupport_fastrtps_cpp.hpp
[6.416s] -- Installing: /home/jv4k/potamon_ws/src/install/potamon_interfaces/include/potamon_interfaces/potamon_interfaces/msg/detail/wheel_states__rosidl_typesupport_fastrtps_cpp.hpp
[6.416s] -- Installing: /home/jv4k/potamon_ws/src/install/potamon_interfaces/include/potamon_interfaces/potamon_interfaces/msg/detail/wheel_angles__rosidl_typesupport_fastrtps_cpp.hpp
[6.417s] -- Installing: /home/jv4k/potamon_ws/src/install/potamon_interfaces/include/potamon_interfaces/potamon_interfaces/msg/detail/system_status__rosidl_typesupport_fastrtps_cpp.hpp
[6.417s] -- Up-to-date: /home/jv4k/potamon_ws/src/install/potamon_interfaces/include/potamon_interfaces/potamon_interfaces/msg/rosidl_typesupport_fastrtps_cpp__visibility_control.h
[6.417s] -- Up-to-date: /home/jv4k/potamon_ws/src/install/potamon_interfaces/include/potamon_interfaces/potamon_interfaces/srv
[6.417s] -- Up-to-date: /home/jv4k/potamon_ws/src/install/potamon_interfaces/include/potamon_interfaces/potamon_interfaces/srv/detail
[6.417s] -- Installing: /home/jv4k/potamon_ws/src/install/potamon_interfaces/include/potamon_interfaces/potamon_interfaces/srv/detail/dds_fastrtps
[6.418s] -- Installing: /home/jv4k/potamon_ws/src/install/potamon_interfaces/include/potamon_interfaces/potamon_interfaces/srv/detail/set_control_mode__rosidl_typesupport_fastrtps_cpp.hpp
[6.418s] -- Installing: /home/jv4k/potamon_ws/src/install/potamon_interfaces/lib/libpotamon_interfaces__rosidl_typesupport_fastrtps_cpp.so
[6.418s] -- Set non-toolchain portion of runtime path of "/home/jv4k/potamon_ws/src/install/potamon_interfaces/lib/libpotamon_interfaces__rosidl_typesupport_fastrtps_cpp.so" to ""
[6.418s] -- Up-to-date: /home/jv4k/potamon_ws/src/install/potamon_interfaces/include/potamon_interfaces/potamon_interfaces
[6.418s] -- Up-to-date: /home/jv4k/potamon_ws/src/install/potamon_interfaces/include/potamon_interfaces/potamon_interfaces/msg
[6.418s] -- Up-to-date: /home/jv4k/potamon_ws/src/install/potamon_interfaces/include/potamon_interfaces/potamon_interfaces/msg/detail
[6.419s] -- Installing: /home/jv4k/potamon_ws/src/install/potamon_interfaces/include/potamon_interfaces/potamon_interfaces/msg/detail/system_status__type_support.cpp
[6.419s] -- Installing: /home/jv4k/potamon_ws/src/install/potamon_interfaces/include/potamon_interfaces/potamon_interfaces/msg/detail/wheel_angles__type_support.cpp
[6.419s] -- Installing: /home/jv4k/potamon_ws/src/install/potamon_interfaces/include/potamon_interfaces/potamon_interfaces/msg/detail/wheel_angles__rosidl_typesupport_introspection_cpp.hpp
[6.419s] -- Installing: /home/jv4k/potamon_ws/src/install/potamon_interfaces/include/potamon_interfaces/potamon_interfaces/msg/detail/wheel_velocities__rosidl_typesupport_introspection_cpp.hpp
[6.419s] -- Installing: /home/jv4k/potamon_ws/src/install/potamon_interfaces/include/potamon_interfaces/potamon_interfaces/msg/detail/system_status__rosidl_typesupport_introspection_cpp.hpp
[6.419s] -- Installing: /home/jv4k/potamon_ws/src/install/potamon_interfaces/include/potamon_interfaces/potamon_interfaces/msg/detail/wheel_states__type_support.cpp
[6.420s] -- Installing: /home/jv4k/potamon_ws/src/install/potamon_interfaces/include/potamon_interfaces/potamon_interfaces/msg/detail/wheel_states__rosidl_typesupport_introspection_cpp.hpp
[6.420s] -- Installing: /home/jv4k/potamon_ws/src/install/potamon_interfaces/include/potamon_interfaces/potamon_interfaces/msg/detail/wheel_velocities__type_support.cpp
[6.420s] -- Up-to-date: /home/jv4k/potamon_ws/src/install/potamon_interfaces/include/potamon_interfaces/potamon_interfaces/srv
[6.420s] -- Up-to-date: /home/jv4k/potamon_ws/src/install/potamon_interfaces/include/potamon_interfaces/potamon_interfaces/srv/detail
[6.420s] -- Installing: /home/jv4k/potamon_ws/src/install/potamon_interfaces/include/potamon_interfaces/potamon_interfaces/srv/detail/set_control_mode__type_support.cpp
[6.421s] -- Installing: /home/jv4k/potamon_ws/src/install/potamon_interfaces/include/potamon_interfaces/potamon_interfaces/srv/detail/set_control_mode__rosidl_typesupport_introspection_cpp.hpp
[6.421s] -- Installing: /home/jv4k/potamon_ws/src/install/potamon_interfaces/lib/libpotamon_interfaces__rosidl_typesupport_introspection_cpp.so
[6.421s] -- Set non-toolchain portion of runtime path of "/home/jv4k/potamon_ws/src/install/potamon_interfaces/lib/libpotamon_interfaces__rosidl_typesupport_introspection_cpp.so" to ""
[6.421s] -- Installing: /home/jv4k/potamon_ws/src/install/potamon_interfaces/lib/libpotamon_interfaces__rosidl_typesupport_cpp.so
[6.421s] -- Set non-toolchain portion of runtime path of "/home/jv4k/potamon_ws/src/install/potamon_interfaces/lib/libpotamon_interfaces__rosidl_typesupport_cpp.so" to ""
[6.422s] -- Up-to-date: /home/jv4k/potamon_ws/src/install/potamon_interfaces/share/potamon_interfaces/environment/pythonpath.sh
[6.422s] -- Up-to-date: /home/jv4k/potamon_ws/src/install/potamon_interfaces/share/potamon_interfaces/environment/pythonpath.dsv
[6.422s] -- Up-to-date: /home/jv4k/potamon_ws/src/install/potamon_interfaces/lib/python3.12/site-packages/potamon_interfaces-0.0.0-py3.12.egg-info
[6.422s] -- Installing: /home/jv4k/potamon_ws/src/install/potamon_interfaces/lib/python3.12/site-packages/potamon_interfaces-0.0.0-py3.12.egg-info/PKG-INFO
[6.423s] -- Installing: /home/jv4k/potamon_ws/src/install/potamon_interfaces/lib/python3.12/site-packages/potamon_interfaces-0.0.0-py3.12.egg-info/SOURCES.txt
[6.423s] -- Installing: /home/jv4k/potamon_ws/src/install/potamon_interfaces/lib/python3.12/site-packages/potamon_interfaces-0.0.0-py3.12.egg-info/top_level.txt
[6.423s] -- Installing: /home/jv4k/potamon_ws/src/install/potamon_interfaces/lib/python3.12/site-packages/potamon_interfaces-0.0.0-py3.12.egg-info/dependency_links.txt
[6.423s] -- Up-to-date: /home/jv4k/potamon_ws/src/install/potamon_interfaces/lib/python3.12/site-packages/potamon_interfaces
[6.424s] -- Installing: /home/jv4k/potamon_ws/src/install/potamon_interfaces/lib/python3.12/site-packages/potamon_interfaces/__init__.py
[6.424s] -- Up-to-date: /home/jv4k/potamon_ws/src/install/potamon_interfaces/lib/python3.12/site-packages/potamon_interfaces/msg
[6.424s] -- Installing: /home/jv4k/potamon_ws/src/install/potamon_interfaces/lib/python3.12/site-packages/potamon_interfaces/msg/_wheel_angles_s.c
[6.424s] -- Installing: /home/jv4k/potamon_ws/src/install/potamon_interfaces/lib/python3.12/site-packages/potamon_interfaces/msg/_wheel_states.py
[6.424s] -- Installing: /home/jv4k/potamon_ws/src/install/potamon_interfaces/lib/python3.12/site-packages/potamon_interfaces/msg/__init__.py
[6.425s] -- Installing: /home/jv4k/potamon_ws/src/install/potamon_interfaces/lib/python3.12/site-packages/potamon_interfaces/msg/_wheel_velocities.py
[6.425s] -- Installing: /home/jv4k/potamon_ws/src/install/potamon_interfaces/lib/python3.12/site-packages/potamon_interfaces/msg/_wheel_states_s.c
[6.425s] -- Installing: /home/jv4k/potamon_ws/src/install/potamon_interfaces/lib/python3.12/site-packages/potamon_interfaces/msg/_wheel_angles.py
[6.425s] -- Installing: /home/jv4k/potamon_ws/src/install/potamon_interfaces/lib/python3.12/site-packages/potamon_interfaces/msg/_system_status.py
[6.425s] -- Installing: /home/jv4k/potamon_ws/src/install/potamon_interfaces/lib/python3.12/site-packages/potamon_interfaces/msg/_system_status_s.c
[6.426s] -- Installing: /home/jv4k/potamon_ws/src/install/potamon_interfaces/lib/python3.12/site-packages/potamon_interfaces/msg/_wheel_velocities_s.c
[6.426s] -- Installing: /home/jv4k/potamon_ws/src/install/potamon_interfaces/lib/python3.12/site-packages/potamon_interfaces/potamon_interfaces_s__rosidl_typesupport_introspection_c.so
[6.426s] -- Installing: /home/jv4k/potamon_ws/src/install/potamon_interfaces/lib/python3.12/site-packages/potamon_interfaces/potamon_interfaces_s__rosidl_typesupport_fastrtps_c.so
[6.426s] -- Installing: /home/jv4k/potamon_ws/src/install/potamon_interfaces/lib/python3.12/site-packages/potamon_interfaces/_potamon_interfaces_s.ep.rosidl_typesupport_introspection_c.c
[6.426s] -- Installing: /home/jv4k/potamon_ws/src/install/potamon_interfaces/lib/python3.12/site-packages/potamon_interfaces/_potamon_interfaces_s.ep.rosidl_typesupport_c.c
[6.426s] -- Installing: /home/jv4k/potamon_ws/src/install/potamon_interfaces/lib/python3.12/site-packages/potamon_interfaces/srv
[6.427s] -- Installing: /home/jv4k/potamon_ws/src/install/potamon_interfaces/lib/python3.12/site-packages/potamon_interfaces/srv/__init__.py
[6.427s] -- Installing: /home/jv4k/potamon_ws/src/install/potamon_interfaces/lib/python3.12/site-packages/potamon_interfaces/srv/_set_control_mode_s.c
[6.427s] -- Installing: /home/jv4k/potamon_ws/src/install/potamon_interfaces/lib/python3.12/site-packages/potamon_interfaces/srv/_set_control_mode.py
[6.427s] -- Installing: /home/jv4k/potamon_ws/src/install/potamon_interfaces/lib/python3.12/site-packages/potamon_interfaces/potamon_interfaces_s__rosidl_typesupport_c.so
[6.427s] -- Installing: /home/jv4k/potamon_ws/src/install/potamon_interfaces/lib/python3.12/site-packages/potamon_interfaces/_potamon_interfaces_s.ep.rosidl_typesupport_fastrtps_c.c
[6.474s] Listing '/home/jv4k/potamon_ws/src/install/potamon_interfaces/lib/python3.12/site-packages/potamon_interfaces'...
[6.474s] Compiling '/home/jv4k/potamon_ws/src/install/potamon_interfaces/lib/python3.12/site-packages/potamon_interfaces/__init__.py'...
[6.474s] Listing '/home/jv4k/potamon_ws/src/install/potamon_interfaces/lib/python3.12/site-packages/potamon_interfaces/msg'...
[6.474s] Compiling '/home/jv4k/potamon_ws/src/install/potamon_interfaces/lib/python3.12/site-packages/potamon_interfaces/msg/__init__.py'...
[6.475s] Compiling '/home/jv4k/potamon_ws/src/install/potamon_interfaces/lib/python3.12/site-packages/potamon_interfaces/msg/_system_status.py'...
[6.475s] Compiling '/home/jv4k/potamon_ws/src/install/potamon_interfaces/lib/python3.12/site-packages/potamon_interfaces/msg/_wheel_angles.py'...
[6.475s] Compiling '/home/jv4k/potamon_ws/src/install/potamon_interfaces/lib/python3.12/site-packages/potamon_interfaces/msg/_wheel_states.py'...
[6.475s] Compiling '/home/jv4k/potamon_ws/src/install/potamon_interfaces/lib/python3.12/site-packages/potamon_interfaces/msg/_wheel_velocities.py'...
[6.475s] Listing '/home/jv4k/potamon_ws/src/install/potamon_interfaces/lib/python3.12/site-packages/potamon_interfaces/srv'...
[6.475s] Compiling '/home/jv4k/potamon_ws/src/install/potamon_interfaces/lib/python3.12/site-packages/potamon_interfaces/srv/__init__.py'...
[6.475s] Compiling '/home/jv4k/potamon_ws/src/install/potamon_interfaces/lib/python3.12/site-packages/potamon_interfaces/srv/_set_control_mode.py'...
[6.480s] -- Installing: /home/jv4k/potamon_ws/src/install/potamon_interfaces/lib/python3.12/site-packages/potamon_interfaces/potamon_interfaces_s__rosidl_typesupport_fastrtps_c.so
[6.481s] -- Set non-toolchain portion of runtime path of "/home/jv4k/potamon_ws/src/install/potamon_interfaces/lib/python3.12/site-packages/potamon_interfaces/potamon_interfaces_s__rosidl_typesupport_fastrtps_c.so" to ""
[6.481s] -- Installing: /home/jv4k/potamon_ws/src/install/potamon_interfaces/lib/python3.12/site-packages/potamon_interfaces/potamon_interfaces_s__rosidl_typesupport_introspection_c.so
[6.481s] -- Set non-toolchain portion of runtime path of "/home/jv4k/potamon_ws/src/install/potamon_interfaces/lib/python3.12/site-packages/potamon_interfaces/potamon_interfaces_s__rosidl_typesupport_introspection_c.so" to ""
[6.482s] -- Installing: /home/jv4k/potamon_ws/src/install/potamon_interfaces/lib/python3.12/site-packages/potamon_interfaces/potamon_interfaces_s__rosidl_typesupport_c.so
[6.482s] -- Set non-toolchain portion of runtime path of "/home/jv4k/potamon_ws/src/install/potamon_interfaces/lib/python3.12/site-packages/potamon_interfaces/potamon_interfaces_s__rosidl_typesupport_c.so" to ""
[6.482s] -- Installing: /home/jv4k/potamon_ws/src/install/potamon_interfaces/lib/libpotamon_interfaces__rosidl_generator_py.so
[6.483s] -- Set non-toolchain portion of runtime path of "/home/jv4k/potamon_ws/src/install/potamon_interfaces/lib/libpotamon_interfaces__rosidl_generator_py.so" to ""
[6.483s] -- Up-to-date: /home/jv4k/potamon_ws/src/install/potamon_interfaces/share/potamon_interfaces/msg/WheelStates.idl
[6.484s] -- Installing: /home/jv4k/potamon_ws/src/install/potamon_interfaces/share/potamon_interfaces/msg/SystemStatus.idl
[6.484s] -- Installing: /home/jv4k/potamon_ws/src/install/potamon_interfaces/share/potamon_interfaces/msg/WheelVelocities.idl
[6.484s] -- Installing: /home/jv4k/potamon_ws/src/install/potamon_interfaces/share/potamon_interfaces/msg/WheelAngles.idl
[6.484s] -- Installing: /home/jv4k/potamon_ws/src/install/potamon_interfaces/share/potamon_interfaces/srv/SetControlMode.idl
[6.484s] -- Up-to-date: /home/jv4k/potamon_ws/src/install/potamon_interfaces/share/potamon_interfaces/msg/WheelStates.msg
[6.484s] -- Installing: /home/jv4k/potamon_ws/src/install/potamon_interfaces/share/potamon_interfaces/msg/SystemStatus.msg
[6.485s] -- Installing: /home/jv4k/potamon_ws/src/install/potamon_interfaces/share/potamon_interfaces/msg/WheelVelocities.msg
[6.485s] -- Installing: /home/jv4k/potamon_ws/src/install/potamon_interfaces/share/potamon_interfaces/msg/WheelAngles.msg
[6.485s] -- Installing: /home/jv4k/potamon_ws/src/install/potamon_interfaces/share/potamon_interfaces/srv/SetControlMode.srv
[6.485s] -- Up-to-date: /home/jv4k/potamon_ws/src/install/potamon_interfaces/share/ament_index/resource_index/package_run_dependencies/potamon_interfaces
[6.485s] -- Installing: /home/jv4k/potamon_ws/src/install/potamon_interfaces/share/ament_index/resource_index/parent_prefix_path/potamon_interfaces
[6.486s] -- Up-to-date: /home/jv4k/potamon_ws/src/install/potamon_interfaces/share/potamon_interfaces/environment/ament_prefix_path.sh
[6.486s] -- Up-to-date: /home/jv4k/potamon_ws/src/install/potamon_interfaces/share/potamon_interfaces/environment/ament_prefix_path.dsv
[6.486s] -- Up-to-date: /home/jv4k/potamon_ws/src/install/potamon_interfaces/share/potamon_interfaces/environment/path.sh
[6.486s] -- Up-to-date: /home/jv4k/potamon_ws/src/install/potamon_interfaces/share/potamon_interfaces/environment/path.dsv
[6.486s] -- Up-to-date: /home/jv4k/potamon_ws/src/install/potamon_interfaces/share/potamon_interfaces/local_setup.bash
[6.487s] -- Up-to-date: /home/jv4k/potamon_ws/src/install/potamon_interfaces/share/potamon_interfaces/local_setup.sh
[6.487s] -- Up-to-date: /home/jv4k/potamon_ws/src/install/potamon_interfaces/share/potamon_interfaces/local_setup.zsh
[6.487s] -- Up-to-date: /home/jv4k/potamon_ws/src/install/potamon_interfaces/share/potamon_interfaces/local_setup.dsv
[6.487s] -- Installing: /home/jv4k/potamon_ws/src/install/potamon_interfaces/share/potamon_interfaces/package.dsv
[6.487s] -- Up-to-date: /home/jv4k/potamon_ws/src/install/potamon_interfaces/share/ament_index/resource_index/packages/potamon_interfaces
[6.487s] -- Old export file "/home/jv4k/potamon_ws/src/install/potamon_interfaces/share/potamon_interfaces/cmake/export_potamon_interfaces__rosidl_generator_cExport.cmake" will be replaced.  Removing files [/home/jv4k/potamon_ws/src/install/potamon_interfaces/share/potamon_interfaces/cmake/export_potamon_interfaces__rosidl_generator_cExport-noconfig.cmake].
[6.488s] -- Installing: /home/jv4k/potamon_ws/src/install/potamon_interfaces/share/potamon_interfaces/cmake/export_potamon_interfaces__rosidl_generator_cExport.cmake
[6.488s] -- Installing: /home/jv4k/potamon_ws/src/install/potamon_interfaces/share/potamon_interfaces/cmake/export_potamon_interfaces__rosidl_generator_cExport-noconfig.cmake
[6.488s] -- Old export file "/home/jv4k/potamon_ws/src/install/potamon_interfaces/share/potamon_interfaces/cmake/export_potamon_interfaces__rosidl_typesupport_fastrtps_cExport.cmake" will be replaced.  Removing files [/home/jv4k/potamon_ws/src/install/potamon_interfaces/share/potamon_interfaces/cmake/export_potamon_interfaces__rosidl_typesupport_fastrtps_cExport-noconfig.cmake].
[6.488s] -- Installing: /home/jv4k/potamon_ws/src/install/potamon_interfaces/share/potamon_interfaces/cmake/export_potamon_interfaces__rosidl_typesupport_fastrtps_cExport.cmake
[6.488s] -- Installing: /home/jv4k/potamon_ws/src/install/potamon_interfaces/share/potamon_interfaces/cmake/export_potamon_interfaces__rosidl_typesupport_fastrtps_cExport-noconfig.cmake
[6.489s] -- Old export file "/home/jv4k/potamon_ws/src/install/potamon_interfaces/share/potamon_interfaces/cmake/potamon_interfaces__rosidl_typesupport_introspection_cExport.cmake" will be replaced.  Removing files [/home/jv4k/potamon_ws/src/install/potamon_interfaces/share/potamon_interfaces/cmake/potamon_interfaces__rosidl_typesupport_introspection_cExport-noconfig.cmake].
[6.489s] -- Installing: /home/jv4k/potamon_ws/src/install/potamon_interfaces/share/potamon_interfaces/cmake/potamon_interfaces__rosidl_typesupport_introspection_cExport.cmake
[6.489s] -- Installing: /home/jv4k/potamon_ws/src/install/potamon_interfaces/share/potamon_interfaces/cmake/potamon_interfaces__rosidl_typesupport_introspection_cExport-noconfig.cmake
[6.489s] -- Old export file "/home/jv4k/potamon_ws/src/install/potamon_interfaces/share/potamon_interfaces/cmake/potamon_interfaces__rosidl_typesupport_cExport.cmake" will be replaced.  Removing files [/home/jv4k/potamon_ws/src/install/potamon_interfaces/share/potamon_interfaces/cmake/potamon_interfaces__rosidl_typesupport_cExport-noconfig.cmake].
[6.490s] -- Installing: /home/jv4k/potamon_ws/src/install/potamon_interfaces/share/potamon_interfaces/cmake/potamon_interfaces__rosidl_typesupport_cExport.cmake
[6.490s] -- Installing: /home/jv4k/potamon_ws/src/install/potamon_interfaces/share/potamon_interfaces/cmake/potamon_interfaces__rosidl_typesupport_cExport-noconfig.cmake
[6.490s] -- Installing: /home/jv4k/potamon_ws/src/install/potamon_interfaces/share/potamon_interfaces/cmake/export_potamon_interfaces__rosidl_generator_cppExport.cmake
[6.490s] -- Old export file "/home/jv4k/potamon_ws/src/install/potamon_interfaces/share/potamon_interfaces/cmake/export_potamon_interfaces__rosidl_typesupport_fastrtps_cppExport.cmake" will be replaced.  Removing files [/home/jv4k/potamon_ws/src/install/potamon_interfaces/share/potamon_interfaces/cmake/export_potamon_interfaces__rosidl_typesupport_fastrtps_cppExport-noconfig.cmake].
[6.491s] -- Installing: /home/jv4k/potamon_ws/src/install/potamon_interfaces/share/potamon_interfaces/cmake/export_potamon_interfaces__rosidl_typesupport_fastrtps_cppExport.cmake
[6.491s] -- Installing: /home/jv4k/potamon_ws/src/install/potamon_interfaces/share/potamon_interfaces/cmake/export_potamon_interfaces__rosidl_typesupport_fastrtps_cppExport-noconfig.cmake
[6.491s] -- Old export file "/home/jv4k/potamon_ws/src/install/potamon_interfaces/share/potamon_interfaces/cmake/potamon_interfaces__rosidl_typesupport_introspection_cppExport.cmake" will be replaced.  Removing files [/home/jv4k/potamon_ws/src/install/potamon_interfaces/share/potamon_interfaces/cmake/potamon_interfaces__rosidl_typesupport_introspection_cppExport-noconfig.cmake].
[6.491s] -- Installing: /home/jv4k/potamon_ws/src/install/potamon_interfaces/share/potamon_interfaces/cmake/potamon_interfaces__rosidl_typesupport_introspection_cppExport.cmake
[6.491s] -- Installing: /home/jv4k/potamon_ws/src/install/potamon_interfaces/share/potamon_interfaces/cmake/potamon_interfaces__rosidl_typesupport_introspection_cppExport-noconfig.cmake
[6.492s] -- Old export file "/home/jv4k/potamon_ws/src/install/potamon_interfaces/share/potamon_interfaces/cmake/potamon_interfaces__rosidl_typesupport_cppExport.cmake" will be replaced.  Removing files [/home/jv4k/potamon_ws/src/install/potamon_interfaces/share/potamon_interfaces/cmake/potamon_interfaces__rosidl_typesupport_cppExport-noconfig.cmake].
[6.492s] -- Installing: /home/jv4k/potamon_ws/src/install/potamon_interfaces/share/potamon_interfaces/cmake/potamon_interfaces__rosidl_typesupport_cppExport.cmake
[6.492s] -- Installing: /home/jv4k/potamon_ws/src/install/potamon_interfaces/share/potamon_interfaces/cmake/potamon_interfaces__rosidl_typesupport_cppExport-noconfig.cmake
[6.492s] -- Up-to-date: /home/jv4k/potamon_ws/src/install/potamon_interfaces/share/potamon_interfaces/cmake/export_potamon_interfaces__rosidl_generator_pyExport.cmake
[6.493s] -- Installing: /home/jv4k/potamon_ws/src/install/potamon_interfaces/share/potamon_interfaces/cmake/export_potamon_interfaces__rosidl_generator_pyExport-noconfig.cmake
[6.493s] -- Installing: /home/jv4k/potamon_ws/src/install/potamon_interfaces/share/potamon_interfaces/cmake/rosidl_cmake-extras.cmake
[6.493s] -- Installing: /home/jv4k/potamon_ws/src/install/potamon_interfaces/share/potamon_interfaces/cmake/ament_cmake_export_dependencies-extras.cmake
[6.493s] -- Up-to-date: /home/jv4k/potamon_ws/src/install/potamon_interfaces/share/potamon_interfaces/cmake/ament_cmake_export_include_directories-extras.cmake
[6.493s] -- Up-to-date: /home/jv4k/potamon_ws/src/install/potamon_interfaces/share/potamon_interfaces/cmake/ament_cmake_export_libraries-extras.cmake
[6.493s] -- Up-to-date: /home/jv4k/potamon_ws/src/install/potamon_interfaces/share/potamon_interfaces/cmake/ament_cmake_export_targets-extras.cmake
[6.494s] -- Up-to-date: /home/jv4k/potamon_ws/src/install/potamon_interfaces/share/potamon_interfaces/cmake/rosidl_cmake_export_typesupport_targets-extras.cmake
[6.494s] -- Up-to-date: /home/jv4k/potamon_ws/src/install/potamon_interfaces/share/potamon_interfaces/cmake/rosidl_cmake_export_typesupport_libraries-extras.cmake
[6.494s] -- Installing: /home/jv4k/potamon_ws/src/install/potamon_interfaces/share/potamon_interfaces/cmake/potamon_interfacesConfig.cmake
[6.494s] -- Up-to-date: /home/jv4k/potamon_ws/src/install/potamon_interfaces/share/potamon_interfaces/cmake/potamon_interfacesConfig-version.cmake
[6.495s] -- Up-to-date: /home/jv4k/potamon_ws/src/install/potamon_interfaces/share/potamon_interfaces/package.xml
[6.495s] Invoked command in '/home/jv4k/potamon_ws/src/build/potamon_interfaces' returned '0': CMAKE_PREFIX_PATH=${CMAKE_PREFIX_PATH}:/opt/ros/jazzy DEBUGINFOD_URLS=https://debuginfod.ubuntu.com /usr/bin/cmake --install /home/jv4k/potamon_ws/src/build/potamon_interfaces
