[0.013s] Invoking command in '/home/jv4k/potamon_ws/src/build/potamon-rpi': CMAKE_PREFIX_PATH=${CMAKE_PREFIX_PATH}:/opt/ros/jazzy DEBUGINFOD_URLS=https://debuginfod.ubuntu.com /usr/bin/cmake --build /home/jv4k/potamon_ws/src/build/potamon-rpi -- -j12 -l12
[0.042s] -- Found ament_cmake: 2.5.3 (/opt/ros/jazzy/share/ament_cmake/cmake)
[0.283s] -- Found rclcpp: 28.1.8 (/opt/ros/jazzy/share/rclcpp/cmake)
[0.332s] -- Found rosidl_generator_c: 4.6.5 (/opt/ros/jazzy/share/rosidl_generator_c/cmake)
[0.343s] -- Found rosidl_generator_cpp: 4.6.5 (/opt/ros/jazzy/share/rosidl_generator_cpp/cmake)
[0.355s] -- Using all available rosidl_typesupport_c: rosidl_typesupport_fastrtps_c;rosidl_typesupport_introspection_c
[0.370s] -- Using all available rosidl_typesupport_cpp: rosidl_typesupport_fastrtps_cpp;rosidl_typesupport_introspection_cpp
[0.442s] -- Found rmw_implementation_cmake: 7.3.2 (/opt/ros/jazzy/share/rmw_implementation_cmake/cmake)
[0.444s] -- Found rmw_fastrtps_cpp: 8.4.2 (/opt/ros/jazzy/share/rmw_fastrtps_cpp/cmake)
[0.525s] -- Using RMW implementation 'rmw_fastrtps_cpp' as default
[0.598s] -- Found potamon_interfaces: 0.0.0 (/home/jv4k/potamon_ws/src/install/potamon_interfaces/share/potamon_interfaces/cmake)
[0.617s] -- Found nav_msgs: 5.3.6 (/opt/ros/jazzy/share/nav_msgs/cmake)
[0.827s] -- Configuring done (0.8s)
[0.845s] -- Generating done (0.0s)
[0.850s] -- Build files have been written to: /home/jv4k/potamon_ws/src/build/potamon-rpi
[0.911s] [ 50%] [32mBuilding CXX object CMakeFiles/potamon_rpi.dir/src/potamon_control.cpp.o[0m
[1.210s] [01m[K/home/jv4k/potamon_ws/src/potamon-rpi/src/potamon_control.cpp:32:10:[m[K [01;31m[Kfatal error: [m[Knav_msgs/msg/odometry.hpp: No such file or directory
[1.211s]    32 | #include [01;31m[K"nav_msgs/msg/odometry.hpp"[m[K
[1.211s]       |          [01;31m[K^~~~~~~~~~~~~~~~~~~~~~~~~~~[m[K
[1.211s] compilation terminated.
[1.216s] gmake[2]: *** [CMakeFiles/potamon_rpi.dir/build.make:76: CMakeFiles/potamon_rpi.dir/src/potamon_control.cpp.o] Error 1
[1.217s] gmake[1]: *** [CMakeFiles/Makefile2:137: CMakeFiles/potamon_rpi.dir/all] Error 2
[1.218s] gmake: *** [Makefile:146: all] Error 2
[1.221s] Invoked command in '/home/jv4k/potamon_ws/src/build/potamon-rpi' returned '2': CMAKE_PREFIX_PATH=${CMAKE_PREFIX_PATH}:/opt/ros/jazzy DEBUGINFOD_URLS=https://debuginfod.ubuntu.com /usr/bin/cmake --build /home/jv4k/potamon_ws/src/build/potamon-rpi -- -j12 -l12
