[0.016s] Invoking command in '/home/jv4k/potamon_ws/src/build/potamon_interfaces': CMAKE_PREFIX_PATH=${CMAKE_PREFIX_PATH}:/opt/ros/jazzy DEBUGINFOD_URLS=https://debuginfod.ubuntu.com /usr/bin/cmake --build /home/jv4k/potamon_ws/src/build/potamon_interfaces -- -j12 -l12
[0.077s] [  2%] Built target potamon_interfaces__rosidl_generator_type_description
[0.088s] [  2%] Built target ament_cmake_python_copy_potamon_interfaces
[0.101s] [  5%] Built target potamon_interfaces__cpp
[0.104s] [ 20%] Built target potamon_interfaces__rosidl_generator_c
[0.139s] [ 64%] Built target potamon_interfaces__rosidl_typesupport_fastrtps_cpp
[0.139s] [ 64%] Built target potamon_interfaces__rosidl_typesupport_cpp
[0.139s] [ 64%] Built target potamon_interfaces__rosidl_typesupport_fastrtps_c
[0.140s] [ 64%] Built target potamon_interfaces__rosidl_typesupport_introspection_c
[0.140s] [ 64%] Built target potamon_interfaces__rosidl_typesupport_c
[0.140s] [ 73%] Built target potamon_interfaces__rosidl_typesupport_introspection_cpp
[0.167s] [ 73%] Built target potamon_interfaces
[0.193s] [ 76%] Built target potamon_interfaces__py
[0.223s] [ 82%] Built target potamon_interfaces__rosidl_generator_py
[0.251s] [ 94%] Built target potamon_interfaces_s__rosidl_typesupport_introspection_c
[0.251s] [ 94%] Built target potamon_interfaces_s__rosidl_typesupport_c
[0.255s] [100%] Built target potamon_interfaces_s__rosidl_typesupport_fastrtps_c
[0.341s] running egg_info
[0.364s] writing potamon_interfaces.egg-info/PKG-INFO
[0.364s] writing dependency_links to potamon_interfaces.egg-info/dependency_links.txt
[0.364s] writing top-level names to potamon_interfaces.egg-info/top_level.txt
[0.430s] reading manifest file 'potamon_interfaces.egg-info/SOURCES.txt'
[0.431s] writing manifest file 'potamon_interfaces.egg-info/SOURCES.txt'
[0.483s] [100%] Built target ament_cmake_python_build_potamon_interfaces_egg
[0.498s] Invoked command in '/home/jv4k/potamon_ws/src/build/potamon_interfaces' returned '0': CMAKE_PREFIX_PATH=${CMAKE_PREFIX_PATH}:/opt/ros/jazzy DEBUGINFOD_URLS=https://debuginfod.ubuntu.com /usr/bin/cmake --build /home/jv4k/potamon_ws/src/build/potamon_interfaces -- -j12 -l12
[0.510s] Invoking command in '/home/jv4k/potamon_ws/src/build/potamon_interfaces': CMAKE_PREFIX_PATH=${CMAKE_PREFIX_PATH}:/opt/ros/jazzy DEBUGINFOD_URLS=https://debuginfod.ubuntu.com /usr/bin/cmake --install /home/jv4k/potamon_ws/src/build/potamon_interfaces
[0.520s] -- Install configuration: ""
[0.520s] -- Up-to-date: /home/jv4k/potamon_ws/src/install/potamon_interfaces/share/ament_index/resource_index/rosidl_interfaces/potamon_interfaces
[0.520s] -- Up-to-date: /home/jv4k/potamon_ws/src/install/potamon_interfaces/share/potamon_interfaces/msg/WheelStates.json
[0.520s] -- Up-to-date: /home/jv4k/potamon_ws/src/install/potamon_interfaces/include/potamon_interfaces/potamon_interfaces
[0.521s] -- Up-to-date: /home/jv4k/potamon_ws/src/install/potamon_interfaces/include/potamon_interfaces/potamon_interfaces/msg
[0.521s] -- Up-to-date: /home/jv4k/potamon_ws/src/install/potamon_interfaces/include/potamon_interfaces/potamon_interfaces/msg/detail
[0.521s] -- Up-to-date: /home/jv4k/potamon_ws/src/install/potamon_interfaces/include/potamon_interfaces/potamon_interfaces/msg/detail/wheel_states__functions.c
[0.521s] -- Up-to-date: /home/jv4k/potamon_ws/src/install/potamon_interfaces/include/potamon_interfaces/potamon_interfaces/msg/detail/wheel_states__type_support.h
[0.521s] -- Up-to-date: /home/jv4k/potamon_ws/src/install/potamon_interfaces/include/potamon_interfaces/potamon_interfaces/msg/detail/wheel_states__struct.h
[0.521s] -- Up-to-date: /home/jv4k/potamon_ws/src/install/potamon_interfaces/include/potamon_interfaces/potamon_interfaces/msg/detail/wheel_states__description.c
[0.521s] -- Up-to-date: /home/jv4k/potamon_ws/src/install/potamon_interfaces/include/potamon_interfaces/potamon_interfaces/msg/detail/wheel_states__type_support.c
[0.521s] -- Up-to-date: /home/jv4k/potamon_ws/src/install/potamon_interfaces/include/potamon_interfaces/potamon_interfaces/msg/detail/wheel_states__functions.h
[0.522s] -- Up-to-date: /home/jv4k/potamon_ws/src/install/potamon_interfaces/include/potamon_interfaces/potamon_interfaces/msg/wheel_states.h
[0.522s] -- Up-to-date: /home/jv4k/potamon_ws/src/install/potamon_interfaces/include/potamon_interfaces/potamon_interfaces/msg/rosidl_generator_c__visibility_control.h
[0.522s] -- Up-to-date: /home/jv4k/potamon_ws/src/install/potamon_interfaces/share/potamon_interfaces/environment/library_path.sh
[0.522s] -- Up-to-date: /home/jv4k/potamon_ws/src/install/potamon_interfaces/share/potamon_interfaces/environment/library_path.dsv
[0.522s] -- Up-to-date: /home/jv4k/potamon_ws/src/install/potamon_interfaces/lib/libpotamon_interfaces__rosidl_generator_c.so
[0.522s] -- Up-to-date: /home/jv4k/potamon_ws/src/install/potamon_interfaces/include/potamon_interfaces/potamon_interfaces
[0.522s] -- Up-to-date: /home/jv4k/potamon_ws/src/install/potamon_interfaces/include/potamon_interfaces/potamon_interfaces/msg
[0.522s] -- Up-to-date: /home/jv4k/potamon_ws/src/install/potamon_interfaces/include/potamon_interfaces/potamon_interfaces/msg/detail
[0.522s] -- Up-to-date: /home/jv4k/potamon_ws/src/install/potamon_interfaces/include/potamon_interfaces/potamon_interfaces/msg/detail/wheel_states__rosidl_typesupport_fastrtps_c.h
[0.522s] -- Up-to-date: /home/jv4k/potamon_ws/src/install/potamon_interfaces/include/potamon_interfaces/potamon_interfaces/msg/rosidl_typesupport_fastrtps_c__visibility_control.h
[0.523s] -- Up-to-date: /home/jv4k/potamon_ws/src/install/potamon_interfaces/lib/libpotamon_interfaces__rosidl_typesupport_fastrtps_c.so
[0.523s] -- Up-to-date: /home/jv4k/potamon_ws/src/install/potamon_interfaces/include/potamon_interfaces/potamon_interfaces
[0.523s] -- Up-to-date: /home/jv4k/potamon_ws/src/install/potamon_interfaces/include/potamon_interfaces/potamon_interfaces/msg
[0.523s] -- Up-to-date: /home/jv4k/potamon_ws/src/install/potamon_interfaces/include/potamon_interfaces/potamon_interfaces/msg/detail
[0.523s] -- Up-to-date: /home/jv4k/potamon_ws/src/install/potamon_interfaces/include/potamon_interfaces/potamon_interfaces/msg/detail/wheel_states__rosidl_typesupport_introspection_c.h
[0.523s] -- Up-to-date: /home/jv4k/potamon_ws/src/install/potamon_interfaces/include/potamon_interfaces/potamon_interfaces/msg/detail/wheel_states__type_support.c
[0.523s] -- Up-to-date: /home/jv4k/potamon_ws/src/install/potamon_interfaces/include/potamon_interfaces/potamon_interfaces/msg/rosidl_typesupport_introspection_c__visibility_control.h
[0.523s] -- Up-to-date: /home/jv4k/potamon_ws/src/install/potamon_interfaces/lib/libpotamon_interfaces__rosidl_typesupport_introspection_c.so
[0.523s] -- Up-to-date: /home/jv4k/potamon_ws/src/install/potamon_interfaces/lib/libpotamon_interfaces__rosidl_typesupport_c.so
[0.523s] -- Up-to-date: /home/jv4k/potamon_ws/src/install/potamon_interfaces/include/potamon_interfaces/potamon_interfaces
[0.523s] -- Up-to-date: /home/jv4k/potamon_ws/src/install/potamon_interfaces/include/potamon_interfaces/potamon_interfaces/msg
[0.524s] -- Up-to-date: /home/jv4k/potamon_ws/src/install/potamon_interfaces/include/potamon_interfaces/potamon_interfaces/msg/detail
[0.524s] -- Up-to-date: /home/jv4k/potamon_ws/src/install/potamon_interfaces/include/potamon_interfaces/potamon_interfaces/msg/detail/wheel_states__type_support.hpp
[0.524s] -- Up-to-date: /home/jv4k/potamon_ws/src/install/potamon_interfaces/include/potamon_interfaces/potamon_interfaces/msg/detail/wheel_states__traits.hpp
[0.524s] -- Up-to-date: /home/jv4k/potamon_ws/src/install/potamon_interfaces/include/potamon_interfaces/potamon_interfaces/msg/detail/wheel_states__struct.hpp
[0.524s] -- Up-to-date: /home/jv4k/potamon_ws/src/install/potamon_interfaces/include/potamon_interfaces/potamon_interfaces/msg/detail/wheel_states__builder.hpp
[0.524s] -- Up-to-date: /home/jv4k/potamon_ws/src/install/potamon_interfaces/include/potamon_interfaces/potamon_interfaces/msg/rosidl_generator_cpp__visibility_control.hpp
[0.524s] -- Up-to-date: /home/jv4k/potamon_ws/src/install/potamon_interfaces/include/potamon_interfaces/potamon_interfaces/msg/wheel_states.hpp
[0.524s] -- Up-to-date: /home/jv4k/potamon_ws/src/install/potamon_interfaces/include/potamon_interfaces/potamon_interfaces
[0.524s] -- Up-to-date: /home/jv4k/potamon_ws/src/install/potamon_interfaces/include/potamon_interfaces/potamon_interfaces/msg
[0.524s] -- Up-to-date: /home/jv4k/potamon_ws/src/install/potamon_interfaces/include/potamon_interfaces/potamon_interfaces/msg/detail
[0.525s] -- Up-to-date: /home/jv4k/potamon_ws/src/install/potamon_interfaces/include/potamon_interfaces/potamon_interfaces/msg/detail/dds_fastrtps
[0.525s] -- Up-to-date: /home/jv4k/potamon_ws/src/install/potamon_interfaces/include/potamon_interfaces/potamon_interfaces/msg/detail/wheel_states__rosidl_typesupport_fastrtps_cpp.hpp
[0.525s] -- Up-to-date: /home/jv4k/potamon_ws/src/install/potamon_interfaces/include/potamon_interfaces/potamon_interfaces/msg/rosidl_typesupport_fastrtps_cpp__visibility_control.h
[0.525s] -- Up-to-date: /home/jv4k/potamon_ws/src/install/potamon_interfaces/lib/libpotamon_interfaces__rosidl_typesupport_fastrtps_cpp.so
[0.525s] -- Up-to-date: /home/jv4k/potamon_ws/src/install/potamon_interfaces/include/potamon_interfaces/potamon_interfaces
[0.525s] -- Up-to-date: /home/jv4k/potamon_ws/src/install/potamon_interfaces/include/potamon_interfaces/potamon_interfaces/msg
[0.525s] -- Up-to-date: /home/jv4k/potamon_ws/src/install/potamon_interfaces/include/potamon_interfaces/potamon_interfaces/msg/detail
[0.525s] -- Up-to-date: /home/jv4k/potamon_ws/src/install/potamon_interfaces/include/potamon_interfaces/potamon_interfaces/msg/detail/wheel_states__type_support.cpp
[0.525s] -- Up-to-date: /home/jv4k/potamon_ws/src/install/potamon_interfaces/include/potamon_interfaces/potamon_interfaces/msg/detail/wheel_states__rosidl_typesupport_introspection_cpp.hpp
[0.525s] -- Up-to-date: /home/jv4k/potamon_ws/src/install/potamon_interfaces/lib/libpotamon_interfaces__rosidl_typesupport_introspection_cpp.so
[0.525s] -- Up-to-date: /home/jv4k/potamon_ws/src/install/potamon_interfaces/lib/libpotamon_interfaces__rosidl_typesupport_cpp.so
[0.525s] -- Up-to-date: /home/jv4k/potamon_ws/src/install/potamon_interfaces/share/potamon_interfaces/environment/pythonpath.sh
[0.526s] -- Up-to-date: /home/jv4k/potamon_ws/src/install/potamon_interfaces/share/potamon_interfaces/environment/pythonpath.dsv
[0.526s] -- Up-to-date: /home/jv4k/potamon_ws/src/install/potamon_interfaces/lib/python3.12/site-packages/potamon_interfaces-0.0.0-py3.12.egg-info
[0.526s] -- Installing: /home/jv4k/potamon_ws/src/install/potamon_interfaces/lib/python3.12/site-packages/potamon_interfaces-0.0.0-py3.12.egg-info/PKG-INFO
[0.526s] -- Installing: /home/jv4k/potamon_ws/src/install/potamon_interfaces/lib/python3.12/site-packages/potamon_interfaces-0.0.0-py3.12.egg-info/SOURCES.txt
[0.526s] -- Installing: /home/jv4k/potamon_ws/src/install/potamon_interfaces/lib/python3.12/site-packages/potamon_interfaces-0.0.0-py3.12.egg-info/top_level.txt
[0.526s] -- Installing: /home/jv4k/potamon_ws/src/install/potamon_interfaces/lib/python3.12/site-packages/potamon_interfaces-0.0.0-py3.12.egg-info/dependency_links.txt
[0.526s] -- Up-to-date: /home/jv4k/potamon_ws/src/install/potamon_interfaces/lib/python3.12/site-packages/potamon_interfaces
[0.526s] -- Up-to-date: /home/jv4k/potamon_ws/src/install/potamon_interfaces/lib/python3.12/site-packages/potamon_interfaces/__init__.py
[0.526s] -- Up-to-date: /home/jv4k/potamon_ws/src/install/potamon_interfaces/lib/python3.12/site-packages/potamon_interfaces/msg
[0.526s] -- Up-to-date: /home/jv4k/potamon_ws/src/install/potamon_interfaces/lib/python3.12/site-packages/potamon_interfaces/msg/_wheel_states.py
[0.527s] -- Up-to-date: /home/jv4k/potamon_ws/src/install/potamon_interfaces/lib/python3.12/site-packages/potamon_interfaces/msg/__init__.py
[0.527s] -- Up-to-date: /home/jv4k/potamon_ws/src/install/potamon_interfaces/lib/python3.12/site-packages/potamon_interfaces/msg/_wheel_states_s.c
[0.527s] -- Up-to-date: /home/jv4k/potamon_ws/src/install/potamon_interfaces/lib/python3.12/site-packages/potamon_interfaces/potamon_interfaces_s__rosidl_typesupport_introspection_c.so
[0.527s] -- Up-to-date: /home/jv4k/potamon_ws/src/install/potamon_interfaces/lib/python3.12/site-packages/potamon_interfaces/potamon_interfaces_s__rosidl_typesupport_fastrtps_c.so
[0.527s] -- Up-to-date: /home/jv4k/potamon_ws/src/install/potamon_interfaces/lib/python3.12/site-packages/potamon_interfaces/_potamon_interfaces_s.ep.rosidl_typesupport_introspection_c.c
[0.527s] -- Up-to-date: /home/jv4k/potamon_ws/src/install/potamon_interfaces/lib/python3.12/site-packages/potamon_interfaces/_potamon_interfaces_s.ep.rosidl_typesupport_c.c
[0.527s] -- Up-to-date: /home/jv4k/potamon_ws/src/install/potamon_interfaces/lib/python3.12/site-packages/potamon_interfaces/potamon_interfaces_s__rosidl_typesupport_c.so
[0.527s] -- Up-to-date: /home/jv4k/potamon_ws/src/install/potamon_interfaces/lib/python3.12/site-packages/potamon_interfaces/_potamon_interfaces_s.ep.rosidl_typesupport_fastrtps_c.c
[0.566s] Listing '/home/jv4k/potamon_ws/src/install/potamon_interfaces/lib/python3.12/site-packages/potamon_interfaces'...
[0.567s] Listing '/home/jv4k/potamon_ws/src/install/potamon_interfaces/lib/python3.12/site-packages/potamon_interfaces/msg'...
[0.573s] -- Up-to-date: /home/jv4k/potamon_ws/src/install/potamon_interfaces/lib/python3.12/site-packages/potamon_interfaces/potamon_interfaces_s__rosidl_typesupport_fastrtps_c.so
[0.573s] -- Up-to-date: /home/jv4k/potamon_ws/src/install/potamon_interfaces/lib/python3.12/site-packages/potamon_interfaces/potamon_interfaces_s__rosidl_typesupport_introspection_c.so
[0.574s] -- Up-to-date: /home/jv4k/potamon_ws/src/install/potamon_interfaces/lib/python3.12/site-packages/potamon_interfaces/potamon_interfaces_s__rosidl_typesupport_c.so
[0.574s] -- Up-to-date: /home/jv4k/potamon_ws/src/install/potamon_interfaces/lib/libpotamon_interfaces__rosidl_generator_py.so
[0.574s] -- Up-to-date: /home/jv4k/potamon_ws/src/install/potamon_interfaces/share/potamon_interfaces/msg/WheelStates.idl
[0.574s] -- Up-to-date: /home/jv4k/potamon_ws/src/install/potamon_interfaces/share/potamon_interfaces/msg/WheelStates.msg
[0.575s] -- Up-to-date: /home/jv4k/potamon_ws/src/install/potamon_interfaces/share/ament_index/resource_index/package_run_dependencies/potamon_interfaces
[0.575s] -- Up-to-date: /home/jv4k/potamon_ws/src/install/potamon_interfaces/share/ament_index/resource_index/parent_prefix_path/potamon_interfaces
[0.575s] -- Up-to-date: /home/jv4k/potamon_ws/src/install/potamon_interfaces/share/potamon_interfaces/environment/ament_prefix_path.sh
[0.576s] -- Up-to-date: /home/jv4k/potamon_ws/src/install/potamon_interfaces/share/potamon_interfaces/environment/ament_prefix_path.dsv
[0.576s] -- Up-to-date: /home/jv4k/potamon_ws/src/install/potamon_interfaces/share/potamon_interfaces/environment/path.sh
[0.576s] -- Up-to-date: /home/jv4k/potamon_ws/src/install/potamon_interfaces/share/potamon_interfaces/environment/path.dsv
[0.576s] -- Up-to-date: /home/jv4k/potamon_ws/src/install/potamon_interfaces/share/potamon_interfaces/local_setup.bash
[0.576s] -- Up-to-date: /home/jv4k/potamon_ws/src/install/potamon_interfaces/share/potamon_interfaces/local_setup.sh
[0.577s] -- Up-to-date: /home/jv4k/potamon_ws/src/install/potamon_interfaces/share/potamon_interfaces/local_setup.zsh
[0.577s] -- Up-to-date: /home/jv4k/potamon_ws/src/install/potamon_interfaces/share/potamon_interfaces/local_setup.dsv
[0.577s] -- Installing: /home/jv4k/potamon_ws/src/install/potamon_interfaces/share/potamon_interfaces/package.dsv
[0.577s] -- Up-to-date: /home/jv4k/potamon_ws/src/install/potamon_interfaces/share/ament_index/resource_index/packages/potamon_interfaces
[0.578s] -- Up-to-date: /home/jv4k/potamon_ws/src/install/potamon_interfaces/share/potamon_interfaces/cmake/export_potamon_interfaces__rosidl_generator_cExport.cmake
[0.578s] -- Up-to-date: /home/jv4k/potamon_ws/src/install/potamon_interfaces/share/potamon_interfaces/cmake/export_potamon_interfaces__rosidl_generator_cExport-noconfig.cmake
[0.578s] -- Up-to-date: /home/jv4k/potamon_ws/src/install/potamon_interfaces/share/potamon_interfaces/cmake/export_potamon_interfaces__rosidl_typesupport_fastrtps_cExport.cmake
[0.579s] -- Up-to-date: /home/jv4k/potamon_ws/src/install/potamon_interfaces/share/potamon_interfaces/cmake/export_potamon_interfaces__rosidl_typesupport_fastrtps_cExport-noconfig.cmake
[0.579s] -- Up-to-date: /home/jv4k/potamon_ws/src/install/potamon_interfaces/share/potamon_interfaces/cmake/potamon_interfaces__rosidl_typesupport_introspection_cExport.cmake
[0.580s] -- Up-to-date: /home/jv4k/potamon_ws/src/install/potamon_interfaces/share/potamon_interfaces/cmake/potamon_interfaces__rosidl_typesupport_introspection_cExport-noconfig.cmake
[0.580s] -- Up-to-date: /home/jv4k/potamon_ws/src/install/potamon_interfaces/share/potamon_interfaces/cmake/potamon_interfaces__rosidl_typesupport_cExport.cmake
[0.580s] -- Up-to-date: /home/jv4k/potamon_ws/src/install/potamon_interfaces/share/potamon_interfaces/cmake/potamon_interfaces__rosidl_typesupport_cExport-noconfig.cmake
[0.581s] -- Up-to-date: /home/jv4k/potamon_ws/src/install/potamon_interfaces/share/potamon_interfaces/cmake/export_potamon_interfaces__rosidl_generator_cppExport.cmake
[0.581s] -- Up-to-date: /home/jv4k/potamon_ws/src/install/potamon_interfaces/share/potamon_interfaces/cmake/export_potamon_interfaces__rosidl_typesupport_fastrtps_cppExport.cmake
[0.581s] -- Up-to-date: /home/jv4k/potamon_ws/src/install/potamon_interfaces/share/potamon_interfaces/cmake/export_potamon_interfaces__rosidl_typesupport_fastrtps_cppExport-noconfig.cmake
[0.582s] -- Up-to-date: /home/jv4k/potamon_ws/src/install/potamon_interfaces/share/potamon_interfaces/cmake/potamon_interfaces__rosidl_typesupport_introspection_cppExport.cmake
[0.582s] -- Up-to-date: /home/jv4k/potamon_ws/src/install/potamon_interfaces/share/potamon_interfaces/cmake/potamon_interfaces__rosidl_typesupport_introspection_cppExport-noconfig.cmake
[0.582s] -- Up-to-date: /home/jv4k/potamon_ws/src/install/potamon_interfaces/share/potamon_interfaces/cmake/potamon_interfaces__rosidl_typesupport_cppExport.cmake
[0.583s] -- Up-to-date: /home/jv4k/potamon_ws/src/install/potamon_interfaces/share/potamon_interfaces/cmake/potamon_interfaces__rosidl_typesupport_cppExport-noconfig.cmake
[0.583s] -- Up-to-date: /home/jv4k/potamon_ws/src/install/potamon_interfaces/share/potamon_interfaces/cmake/export_potamon_interfaces__rosidl_generator_pyExport.cmake
[0.584s] -- Up-to-date: /home/jv4k/potamon_ws/src/install/potamon_interfaces/share/potamon_interfaces/cmake/export_potamon_interfaces__rosidl_generator_pyExport-noconfig.cmake
[0.584s] -- Up-to-date: /home/jv4k/potamon_ws/src/install/potamon_interfaces/share/potamon_interfaces/cmake/rosidl_cmake-extras.cmake
[0.584s] -- Up-to-date: /home/jv4k/potamon_ws/src/install/potamon_interfaces/share/potamon_interfaces/cmake/ament_cmake_export_include_directories-extras.cmake
[0.584s] -- Up-to-date: /home/jv4k/potamon_ws/src/install/potamon_interfaces/share/potamon_interfaces/cmake/ament_cmake_export_libraries-extras.cmake
[0.584s] -- Up-to-date: /home/jv4k/potamon_ws/src/install/potamon_interfaces/share/potamon_interfaces/cmake/ament_cmake_export_targets-extras.cmake
[0.585s] -- Up-to-date: /home/jv4k/potamon_ws/src/install/potamon_interfaces/share/potamon_interfaces/cmake/rosidl_cmake_export_typesupport_targets-extras.cmake
[0.585s] -- Up-to-date: /home/jv4k/potamon_ws/src/install/potamon_interfaces/share/potamon_interfaces/cmake/ament_cmake_export_dependencies-extras.cmake
[0.585s] -- Up-to-date: /home/jv4k/potamon_ws/src/install/potamon_interfaces/share/potamon_interfaces/cmake/rosidl_cmake_export_typesupport_libraries-extras.cmake
[0.586s] -- Up-to-date: /home/jv4k/potamon_ws/src/install/potamon_interfaces/share/potamon_interfaces/cmake/potamon_interfacesConfig.cmake
[0.586s] -- Up-to-date: /home/jv4k/potamon_ws/src/install/potamon_interfaces/share/potamon_interfaces/cmake/potamon_interfacesConfig-version.cmake
[0.586s] -- Up-to-date: /home/jv4k/potamon_ws/src/install/potamon_interfaces/share/potamon_interfaces/package.xml
[0.586s] Invoked command in '/home/jv4k/potamon_ws/src/build/potamon_interfaces' returned '0': CMAKE_PREFIX_PATH=${CMAKE_PREFIX_PATH}:/opt/ros/jazzy DEBUGINFOD_URLS=https://debuginfod.ubuntu.com /usr/bin/cmake --install /home/jv4k/potamon_ws/src/build/potamon_interfaces
