[0.022s] Invoking command in '/home/jv4k/potamon_ws/src/build/potamon_interfaces': CMAKE_PREFIX_PATH=${CMAKE_PREFIX_PATH}:/opt/ros/jazzy DEBUGINFOD_URLS=https://debuginfod.ubuntu.com /usr/bin/cmake --build /home/jv4k/potamon_ws/src/build/potamon_interfaces -- -j12 -l12
[0.137s] [  1%] Built target potamon_interfaces__rosidl_generator_type_description
[0.160s] [  1%] Built target ament_cmake_python_copy_potamon_interfaces
[0.178s] [  2%] Built target potamon_interfaces__cpp
[0.185s] [ 25%] Built target potamon_interfaces__rosidl_generator_c
[0.235s] [ 35%] Built target potamon_interfaces__rosidl_typesupport_introspection_c
[0.236s] [ 44%] Built target potamon_interfaces__rosidl_typesupport_cpp
[0.237s] [ 54%] Built target potamon_interfaces__rosidl_typesupport_introspection_cpp
[0.237s] [ 63%] Built target potamon_interfaces__rosidl_typesupport_c
[0.241s] [ 72%] Built target potamon_interfaces__rosidl_typesupport_fastrtps_c
[0.245s] [ 82%] Built target potamon_interfaces__rosidl_typesupport_fastrtps_cpp
[0.283s] [ 82%] Built target potamon_interfaces
[0.322s] [ 83%] Built target potamon_interfaces__py
[0.368s] [ 91%] Built target potamon_interfaces__rosidl_generator_py
[0.415s] [ 94%] Built target potamon_interfaces_s__rosidl_typesupport_introspection_c
[0.415s] [ 97%] Built target potamon_interfaces_s__rosidl_typesupport_fastrtps_c
[0.417s] [100%] Built target potamon_interfaces_s__rosidl_typesupport_c
[0.568s] running egg_info
[0.607s] writing potamon_interfaces.egg-info/PKG-INFO
[0.607s] writing dependency_links to potamon_interfaces.egg-info/dependency_links.txt
[0.608s] writing top-level names to potamon_interfaces.egg-info/top_level.txt
[0.718s] reading manifest file 'potamon_interfaces.egg-info/SOURCES.txt'
[0.719s] writing manifest file 'potamon_interfaces.egg-info/SOURCES.txt'
[0.774s] [100%] Built target ament_cmake_python_build_potamon_interfaces_egg
[0.801s] Invoked command in '/home/jv4k/potamon_ws/src/build/potamon_interfaces' returned '0': CMAKE_PREFIX_PATH=${CMAKE_PREFIX_PATH}:/opt/ros/jazzy DEBUGINFOD_URLS=https://debuginfod.ubuntu.com /usr/bin/cmake --build /home/jv4k/potamon_ws/src/build/potamon_interfaces -- -j12 -l12
[0.819s] Invoking command in '/home/jv4k/potamon_ws/src/build/potamon_interfaces': CMAKE_PREFIX_PATH=${CMAKE_PREFIX_PATH}:/opt/ros/jazzy DEBUGINFOD_URLS=https://debuginfod.ubuntu.com /usr/bin/cmake --install /home/jv4k/potamon_ws/src/build/potamon_interfaces
[0.834s] -- Install configuration: ""
[0.834s] -- Up-to-date: /home/jv4k/potamon_ws/src/install/potamon_interfaces/share/ament_index/resource_index/rosidl_interfaces/potamon_interfaces
[0.835s] -- Up-to-date: /home/jv4k/potamon_ws/src/install/potamon_interfaces/share/potamon_interfaces/msg/WheelStates.json
[0.835s] -- Up-to-date: /home/jv4k/potamon_ws/src/install/potamon_interfaces/share/potamon_interfaces/msg/SystemStatus.json
[0.835s] -- Up-to-date: /home/jv4k/potamon_ws/src/install/potamon_interfaces/share/potamon_interfaces/msg/WheelVelocities.json
[0.835s] -- Up-to-date: /home/jv4k/potamon_ws/src/install/potamon_interfaces/share/potamon_interfaces/msg/WheelAngles.json
[0.835s] -- Up-to-date: /home/jv4k/potamon_ws/src/install/potamon_interfaces/share/potamon_interfaces/srv/SetControlMode.json
[0.836s] -- Up-to-date: /home/jv4k/potamon_ws/src/install/potamon_interfaces/include/potamon_interfaces/potamon_interfaces
[0.836s] -- Up-to-date: /home/jv4k/potamon_ws/src/install/potamon_interfaces/include/potamon_interfaces/potamon_interfaces/msg
[0.836s] -- Up-to-date: /home/jv4k/potamon_ws/src/install/potamon_interfaces/include/potamon_interfaces/potamon_interfaces/msg/detail
[0.836s] -- Up-to-date: /home/jv4k/potamon_ws/src/install/potamon_interfaces/include/potamon_interfaces/potamon_interfaces/msg/detail/wheel_states__functions.c
[0.836s] -- Up-to-date: /home/jv4k/potamon_ws/src/install/potamon_interfaces/include/potamon_interfaces/potamon_interfaces/msg/detail/wheel_velocities__functions.h
[0.836s] -- Up-to-date: /home/jv4k/potamon_ws/src/install/potamon_interfaces/include/potamon_interfaces/potamon_interfaces/msg/detail/wheel_states__type_support.h
[0.837s] -- Up-to-date: /home/jv4k/potamon_ws/src/install/potamon_interfaces/include/potamon_interfaces/potamon_interfaces/msg/detail/wheel_states__struct.h
[0.837s] -- Up-to-date: /home/jv4k/potamon_ws/src/install/potamon_interfaces/include/potamon_interfaces/potamon_interfaces/msg/detail/wheel_angles__type_support.c
[0.837s] -- Up-to-date: /home/jv4k/potamon_ws/src/install/potamon_interfaces/include/potamon_interfaces/potamon_interfaces/msg/detail/system_status__functions.c
[0.837s] -- Up-to-date: /home/jv4k/potamon_ws/src/install/potamon_interfaces/include/potamon_interfaces/potamon_interfaces/msg/detail/wheel_angles__description.c
[0.837s] -- Up-to-date: /home/jv4k/potamon_ws/src/install/potamon_interfaces/include/potamon_interfaces/potamon_interfaces/msg/detail/system_status__struct.h
[0.838s] -- Up-to-date: /home/jv4k/potamon_ws/src/install/potamon_interfaces/include/potamon_interfaces/potamon_interfaces/msg/detail/wheel_states__description.c
[0.838s] -- Up-to-date: /home/jv4k/potamon_ws/src/install/potamon_interfaces/include/potamon_interfaces/potamon_interfaces/msg/detail/wheel_velocities__description.c
[0.838s] -- Up-to-date: /home/jv4k/potamon_ws/src/install/potamon_interfaces/include/potamon_interfaces/potamon_interfaces/msg/detail/wheel_angles__type_support.h
[0.838s] -- Up-to-date: /home/jv4k/potamon_ws/src/install/potamon_interfaces/include/potamon_interfaces/potamon_interfaces/msg/detail/wheel_angles__struct.h
[0.838s] -- Up-to-date: /home/jv4k/potamon_ws/src/install/potamon_interfaces/include/potamon_interfaces/potamon_interfaces/msg/detail/system_status__type_support.h
[0.839s] -- Up-to-date: /home/jv4k/potamon_ws/src/install/potamon_interfaces/include/potamon_interfaces/potamon_interfaces/msg/detail/wheel_states__type_support.c
[0.839s] -- Up-to-date: /home/jv4k/potamon_ws/src/install/potamon_interfaces/include/potamon_interfaces/potamon_interfaces/msg/detail/wheel_velocities__functions.c
[0.839s] -- Up-to-date: /home/jv4k/potamon_ws/src/install/potamon_interfaces/include/potamon_interfaces/potamon_interfaces/msg/detail/wheel_velocities__struct.h
[0.839s] -- Up-to-date: /home/jv4k/potamon_ws/src/install/potamon_interfaces/include/potamon_interfaces/potamon_interfaces/msg/detail/wheel_velocities__type_support.h
[0.840s] -- Up-to-date: /home/jv4k/potamon_ws/src/install/potamon_interfaces/include/potamon_interfaces/potamon_interfaces/msg/detail/wheel_states__functions.h
[0.840s] -- Up-to-date: /home/jv4k/potamon_ws/src/install/potamon_interfaces/include/potamon_interfaces/potamon_interfaces/msg/detail/system_status__type_support.c
[0.840s] -- Up-to-date: /home/jv4k/potamon_ws/src/install/potamon_interfaces/include/potamon_interfaces/potamon_interfaces/msg/detail/wheel_velocities__type_support.c
[0.840s] -- Up-to-date: /home/jv4k/potamon_ws/src/install/potamon_interfaces/include/potamon_interfaces/potamon_interfaces/msg/detail/wheel_angles__functions.c
[0.840s] -- Up-to-date: /home/jv4k/potamon_ws/src/install/potamon_interfaces/include/potamon_interfaces/potamon_interfaces/msg/detail/wheel_angles__functions.h
[0.841s] -- Up-to-date: /home/jv4k/potamon_ws/src/install/potamon_interfaces/include/potamon_interfaces/potamon_interfaces/msg/detail/system_status__functions.h
[0.841s] -- Up-to-date: /home/jv4k/potamon_ws/src/install/potamon_interfaces/include/potamon_interfaces/potamon_interfaces/msg/detail/system_status__description.c
[0.841s] -- Up-to-date: /home/jv4k/potamon_ws/src/install/potamon_interfaces/include/potamon_interfaces/potamon_interfaces/msg/wheel_velocities.h
[0.841s] -- Up-to-date: /home/jv4k/potamon_ws/src/install/potamon_interfaces/include/potamon_interfaces/potamon_interfaces/msg/wheel_angles.h
[0.841s] -- Up-to-date: /home/jv4k/potamon_ws/src/install/potamon_interfaces/include/potamon_interfaces/potamon_interfaces/msg/wheel_states.h
[0.841s] -- Up-to-date: /home/jv4k/potamon_ws/src/install/potamon_interfaces/include/potamon_interfaces/potamon_interfaces/msg/rosidl_generator_c__visibility_control.h
[0.841s] -- Up-to-date: /home/jv4k/potamon_ws/src/install/potamon_interfaces/include/potamon_interfaces/potamon_interfaces/msg/system_status.h
[0.842s] -- Up-to-date: /home/jv4k/potamon_ws/src/install/potamon_interfaces/include/potamon_interfaces/potamon_interfaces/srv
[0.842s] -- Up-to-date: /home/jv4k/potamon_ws/src/install/potamon_interfaces/include/potamon_interfaces/potamon_interfaces/srv/detail
[0.842s] -- Up-to-date: /home/jv4k/potamon_ws/src/install/potamon_interfaces/include/potamon_interfaces/potamon_interfaces/srv/detail/set_control_mode__type_support.c
[0.842s] -- Up-to-date: /home/jv4k/potamon_ws/src/install/potamon_interfaces/include/potamon_interfaces/potamon_interfaces/srv/detail/set_control_mode__type_support.h
[0.842s] -- Up-to-date: /home/jv4k/potamon_ws/src/install/potamon_interfaces/include/potamon_interfaces/potamon_interfaces/srv/detail/set_control_mode__description.c
[0.842s] -- Up-to-date: /home/jv4k/potamon_ws/src/install/potamon_interfaces/include/potamon_interfaces/potamon_interfaces/srv/detail/set_control_mode__functions.h
[0.843s] -- Up-to-date: /home/jv4k/potamon_ws/src/install/potamon_interfaces/include/potamon_interfaces/potamon_interfaces/srv/detail/set_control_mode__struct.h
[0.843s] -- Up-to-date: /home/jv4k/potamon_ws/src/install/potamon_interfaces/include/potamon_interfaces/potamon_interfaces/srv/detail/set_control_mode__functions.c
[0.843s] -- Up-to-date: /home/jv4k/potamon_ws/src/install/potamon_interfaces/include/potamon_interfaces/potamon_interfaces/srv/set_control_mode.h
[0.843s] -- Up-to-date: /home/jv4k/potamon_ws/src/install/potamon_interfaces/share/potamon_interfaces/environment/library_path.sh
[0.843s] -- Up-to-date: /home/jv4k/potamon_ws/src/install/potamon_interfaces/share/potamon_interfaces/environment/library_path.dsv
[0.844s] -- Up-to-date: /home/jv4k/potamon_ws/src/install/potamon_interfaces/lib/libpotamon_interfaces__rosidl_generator_c.so
[0.844s] -- Up-to-date: /home/jv4k/potamon_ws/src/install/potamon_interfaces/include/potamon_interfaces/potamon_interfaces
[0.844s] -- Up-to-date: /home/jv4k/potamon_ws/src/install/potamon_interfaces/include/potamon_interfaces/potamon_interfaces/msg
[0.844s] -- Up-to-date: /home/jv4k/potamon_ws/src/install/potamon_interfaces/include/potamon_interfaces/potamon_interfaces/msg/detail
[0.844s] -- Up-to-date: /home/jv4k/potamon_ws/src/install/potamon_interfaces/include/potamon_interfaces/potamon_interfaces/msg/detail/wheel_states__rosidl_typesupport_fastrtps_c.h
[0.844s] -- Up-to-date: /home/jv4k/potamon_ws/src/install/potamon_interfaces/include/potamon_interfaces/potamon_interfaces/msg/detail/system_status__rosidl_typesupport_fastrtps_c.h
[0.844s] -- Up-to-date: /home/jv4k/potamon_ws/src/install/potamon_interfaces/include/potamon_interfaces/potamon_interfaces/msg/detail/wheel_angles__rosidl_typesupport_fastrtps_c.h
[0.845s] -- Up-to-date: /home/jv4k/potamon_ws/src/install/potamon_interfaces/include/potamon_interfaces/potamon_interfaces/msg/detail/wheel_velocities__rosidl_typesupport_fastrtps_c.h
[0.845s] -- Up-to-date: /home/jv4k/potamon_ws/src/install/potamon_interfaces/include/potamon_interfaces/potamon_interfaces/msg/rosidl_typesupport_fastrtps_c__visibility_control.h
[0.845s] -- Up-to-date: /home/jv4k/potamon_ws/src/install/potamon_interfaces/include/potamon_interfaces/potamon_interfaces/srv
[0.845s] -- Up-to-date: /home/jv4k/potamon_ws/src/install/potamon_interfaces/include/potamon_interfaces/potamon_interfaces/srv/detail
[0.845s] -- Up-to-date: /home/jv4k/potamon_ws/src/install/potamon_interfaces/include/potamon_interfaces/potamon_interfaces/srv/detail/set_control_mode__rosidl_typesupport_fastrtps_c.h
[0.845s] -- Up-to-date: /home/jv4k/potamon_ws/src/install/potamon_interfaces/lib/libpotamon_interfaces__rosidl_typesupport_fastrtps_c.so
[0.845s] -- Up-to-date: /home/jv4k/potamon_ws/src/install/potamon_interfaces/include/potamon_interfaces/potamon_interfaces
[0.846s] -- Up-to-date: /home/jv4k/potamon_ws/src/install/potamon_interfaces/include/potamon_interfaces/potamon_interfaces/msg
[0.846s] -- Up-to-date: /home/jv4k/potamon_ws/src/install/potamon_interfaces/include/potamon_interfaces/potamon_interfaces/msg/detail
[0.846s] -- Up-to-date: /home/jv4k/potamon_ws/src/install/potamon_interfaces/include/potamon_interfaces/potamon_interfaces/msg/detail/wheel_velocities__rosidl_typesupport_introspection_c.h
[0.847s] -- Up-to-date: /home/jv4k/potamon_ws/src/install/potamon_interfaces/include/potamon_interfaces/potamon_interfaces/msg/detail/wheel_angles__type_support.c
[0.847s] -- Up-to-date: /home/jv4k/potamon_ws/src/install/potamon_interfaces/include/potamon_interfaces/potamon_interfaces/msg/detail/wheel_states__rosidl_typesupport_introspection_c.h
[0.847s] -- Up-to-date: /home/jv4k/potamon_ws/src/install/potamon_interfaces/include/potamon_interfaces/potamon_interfaces/msg/detail/wheel_states__type_support.c
[0.847s] -- Up-to-date: /home/jv4k/potamon_ws/src/install/potamon_interfaces/include/potamon_interfaces/potamon_interfaces/msg/detail/system_status__type_support.c
[0.848s] -- Up-to-date: /home/jv4k/potamon_ws/src/install/potamon_interfaces/include/potamon_interfaces/potamon_interfaces/msg/detail/wheel_angles__rosidl_typesupport_introspection_c.h
[0.848s] -- Up-to-date: /home/jv4k/potamon_ws/src/install/potamon_interfaces/include/potamon_interfaces/potamon_interfaces/msg/detail/wheel_velocities__type_support.c
[0.848s] -- Up-to-date: /home/jv4k/potamon_ws/src/install/potamon_interfaces/include/potamon_interfaces/potamon_interfaces/msg/detail/system_status__rosidl_typesupport_introspection_c.h
[0.848s] -- Up-to-date: /home/jv4k/potamon_ws/src/install/potamon_interfaces/include/potamon_interfaces/potamon_interfaces/msg/rosidl_typesupport_introspection_c__visibility_control.h
[0.849s] -- Up-to-date: /home/jv4k/potamon_ws/src/install/potamon_interfaces/include/potamon_interfaces/potamon_interfaces/srv
[0.849s] -- Up-to-date: /home/jv4k/potamon_ws/src/install/potamon_interfaces/include/potamon_interfaces/potamon_interfaces/srv/detail
[0.849s] -- Up-to-date: /home/jv4k/potamon_ws/src/install/potamon_interfaces/include/potamon_interfaces/potamon_interfaces/srv/detail/set_control_mode__type_support.c
[0.849s] -- Up-to-date: /home/jv4k/potamon_ws/src/install/potamon_interfaces/include/potamon_interfaces/potamon_interfaces/srv/detail/set_control_mode__rosidl_typesupport_introspection_c.h
[0.849s] -- Up-to-date: /home/jv4k/potamon_ws/src/install/potamon_interfaces/lib/libpotamon_interfaces__rosidl_typesupport_introspection_c.so
[0.850s] -- Up-to-date: /home/jv4k/potamon_ws/src/install/potamon_interfaces/lib/libpotamon_interfaces__rosidl_typesupport_c.so
[0.850s] -- Up-to-date: /home/jv4k/potamon_ws/src/install/potamon_interfaces/include/potamon_interfaces/potamon_interfaces
[0.850s] -- Up-to-date: /home/jv4k/potamon_ws/src/install/potamon_interfaces/include/potamon_interfaces/potamon_interfaces/msg
[0.850s] -- Up-to-date: /home/jv4k/potamon_ws/src/install/potamon_interfaces/include/potamon_interfaces/potamon_interfaces/msg/wheel_angles.hpp
[0.850s] -- Up-to-date: /home/jv4k/potamon_ws/src/install/potamon_interfaces/include/potamon_interfaces/potamon_interfaces/msg/detail
[0.851s] -- Up-to-date: /home/jv4k/potamon_ws/src/install/potamon_interfaces/include/potamon_interfaces/potamon_interfaces/msg/detail/wheel_angles__builder.hpp
[0.851s] -- Up-to-date: /home/jv4k/potamon_ws/src/install/potamon_interfaces/include/potamon_interfaces/potamon_interfaces/msg/detail/system_status__traits.hpp
[0.851s] -- Up-to-date: /home/jv4k/potamon_ws/src/install/potamon_interfaces/include/potamon_interfaces/potamon_interfaces/msg/detail/wheel_angles__traits.hpp
[0.851s] -- Up-to-date: /home/jv4k/potamon_ws/src/install/potamon_interfaces/include/potamon_interfaces/potamon_interfaces/msg/detail/system_status__type_support.hpp
[0.852s] -- Up-to-date: /home/jv4k/potamon_ws/src/install/potamon_interfaces/include/potamon_interfaces/potamon_interfaces/msg/detail/wheel_states__type_support.hpp
[0.852s] -- Up-to-date: /home/jv4k/potamon_ws/src/install/potamon_interfaces/include/potamon_interfaces/potamon_interfaces/msg/detail/wheel_velocities__traits.hpp
[0.852s] -- Up-to-date: /home/jv4k/potamon_ws/src/install/potamon_interfaces/include/potamon_interfaces/potamon_interfaces/msg/detail/wheel_velocities__type_support.hpp
[0.852s] -- Up-to-date: /home/jv4k/potamon_ws/src/install/potamon_interfaces/include/potamon_interfaces/potamon_interfaces/msg/detail/wheel_states__traits.hpp
[0.852s] -- Up-to-date: /home/jv4k/potamon_ws/src/install/potamon_interfaces/include/potamon_interfaces/potamon_interfaces/msg/detail/wheel_velocities__builder.hpp
[0.853s] -- Up-to-date: /home/jv4k/potamon_ws/src/install/potamon_interfaces/include/potamon_interfaces/potamon_interfaces/msg/detail/system_status__builder.hpp
[0.853s] -- Up-to-date: /home/jv4k/potamon_ws/src/install/potamon_interfaces/include/potamon_interfaces/potamon_interfaces/msg/detail/wheel_velocities__struct.hpp
[0.853s] -- Up-to-date: /home/jv4k/potamon_ws/src/install/potamon_interfaces/include/potamon_interfaces/potamon_interfaces/msg/detail/wheel_states__struct.hpp
[0.853s] -- Up-to-date: /home/jv4k/potamon_ws/src/install/potamon_interfaces/include/potamon_interfaces/potamon_interfaces/msg/detail/wheel_angles__type_support.hpp
[0.854s] -- Up-to-date: /home/jv4k/potamon_ws/src/install/potamon_interfaces/include/potamon_interfaces/potamon_interfaces/msg/detail/wheel_states__builder.hpp
[0.854s] -- Up-to-date: /home/jv4k/potamon_ws/src/install/potamon_interfaces/include/potamon_interfaces/potamon_interfaces/msg/detail/system_status__struct.hpp
[0.854s] -- Up-to-date: /home/jv4k/potamon_ws/src/install/potamon_interfaces/include/potamon_interfaces/potamon_interfaces/msg/detail/wheel_angles__struct.hpp
[0.854s] -- Up-to-date: /home/jv4k/potamon_ws/src/install/potamon_interfaces/include/potamon_interfaces/potamon_interfaces/msg/system_status.hpp
[0.854s] -- Up-to-date: /home/jv4k/potamon_ws/src/install/potamon_interfaces/include/potamon_interfaces/potamon_interfaces/msg/rosidl_generator_cpp__visibility_control.hpp
[0.855s] -- Up-to-date: /home/jv4k/potamon_ws/src/install/potamon_interfaces/include/potamon_interfaces/potamon_interfaces/msg/wheel_states.hpp
[0.855s] -- Up-to-date: /home/jv4k/potamon_ws/src/install/potamon_interfaces/include/potamon_interfaces/potamon_interfaces/msg/wheel_velocities.hpp
[0.855s] -- Up-to-date: /home/jv4k/potamon_ws/src/install/potamon_interfaces/include/potamon_interfaces/potamon_interfaces/srv
[0.855s] -- Up-to-date: /home/jv4k/potamon_ws/src/install/potamon_interfaces/include/potamon_interfaces/potamon_interfaces/srv/detail
[0.856s] -- Up-to-date: /home/jv4k/potamon_ws/src/install/potamon_interfaces/include/potamon_interfaces/potamon_interfaces/srv/detail/set_control_mode__type_support.hpp
[0.856s] -- Up-to-date: /home/jv4k/potamon_ws/src/install/potamon_interfaces/include/potamon_interfaces/potamon_interfaces/srv/detail/set_control_mode__struct.hpp
[0.856s] -- Up-to-date: /home/jv4k/potamon_ws/src/install/potamon_interfaces/include/potamon_interfaces/potamon_interfaces/srv/detail/set_control_mode__traits.hpp
[0.856s] -- Up-to-date: /home/jv4k/potamon_ws/src/install/potamon_interfaces/include/potamon_interfaces/potamon_interfaces/srv/detail/set_control_mode__builder.hpp
[0.856s] -- Up-to-date: /home/jv4k/potamon_ws/src/install/potamon_interfaces/include/potamon_interfaces/potamon_interfaces/srv/set_control_mode.hpp
[0.857s] -- Up-to-date: /home/jv4k/potamon_ws/src/install/potamon_interfaces/include/potamon_interfaces/potamon_interfaces
[0.857s] -- Up-to-date: /home/jv4k/potamon_ws/src/install/potamon_interfaces/include/potamon_interfaces/potamon_interfaces/msg
[0.857s] -- Up-to-date: /home/jv4k/potamon_ws/src/install/potamon_interfaces/include/potamon_interfaces/potamon_interfaces/msg/detail
[0.857s] -- Up-to-date: /home/jv4k/potamon_ws/src/install/potamon_interfaces/include/potamon_interfaces/potamon_interfaces/msg/detail/dds_fastrtps
[0.857s] -- Up-to-date: /home/jv4k/potamon_ws/src/install/potamon_interfaces/include/potamon_interfaces/potamon_interfaces/msg/detail/wheel_velocities__rosidl_typesupport_fastrtps_cpp.hpp
[0.857s] -- Up-to-date: /home/jv4k/potamon_ws/src/install/potamon_interfaces/include/potamon_interfaces/potamon_interfaces/msg/detail/wheel_states__rosidl_typesupport_fastrtps_cpp.hpp
[0.858s] -- Up-to-date: /home/jv4k/potamon_ws/src/install/potamon_interfaces/include/potamon_interfaces/potamon_interfaces/msg/detail/wheel_angles__rosidl_typesupport_fastrtps_cpp.hpp
[0.858s] -- Up-to-date: /home/jv4k/potamon_ws/src/install/potamon_interfaces/include/potamon_interfaces/potamon_interfaces/msg/detail/system_status__rosidl_typesupport_fastrtps_cpp.hpp
[0.858s] -- Up-to-date: /home/jv4k/potamon_ws/src/install/potamon_interfaces/include/potamon_interfaces/potamon_interfaces/msg/rosidl_typesupport_fastrtps_cpp__visibility_control.h
[0.858s] -- Up-to-date: /home/jv4k/potamon_ws/src/install/potamon_interfaces/include/potamon_interfaces/potamon_interfaces/srv
[0.858s] -- Up-to-date: /home/jv4k/potamon_ws/src/install/potamon_interfaces/include/potamon_interfaces/potamon_interfaces/srv/detail
[0.859s] -- Up-to-date: /home/jv4k/potamon_ws/src/install/potamon_interfaces/include/potamon_interfaces/potamon_interfaces/srv/detail/dds_fastrtps
[0.859s] -- Up-to-date: /home/jv4k/potamon_ws/src/install/potamon_interfaces/include/potamon_interfaces/potamon_interfaces/srv/detail/set_control_mode__rosidl_typesupport_fastrtps_cpp.hpp
[0.859s] -- Up-to-date: /home/jv4k/potamon_ws/src/install/potamon_interfaces/lib/libpotamon_interfaces__rosidl_typesupport_fastrtps_cpp.so
[0.859s] -- Up-to-date: /home/jv4k/potamon_ws/src/install/potamon_interfaces/include/potamon_interfaces/potamon_interfaces
[0.859s] -- Up-to-date: /home/jv4k/potamon_ws/src/install/potamon_interfaces/include/potamon_interfaces/potamon_interfaces/msg
[0.860s] -- Up-to-date: /home/jv4k/potamon_ws/src/install/potamon_interfaces/include/potamon_interfaces/potamon_interfaces/msg/detail
[0.860s] -- Up-to-date: /home/jv4k/potamon_ws/src/install/potamon_interfaces/include/potamon_interfaces/potamon_interfaces/msg/detail/system_status__type_support.cpp
[0.860s] -- Up-to-date: /home/jv4k/potamon_ws/src/install/potamon_interfaces/include/potamon_interfaces/potamon_interfaces/msg/detail/wheel_angles__type_support.cpp
[0.860s] -- Up-to-date: /home/jv4k/potamon_ws/src/install/potamon_interfaces/include/potamon_interfaces/potamon_interfaces/msg/detail/wheel_angles__rosidl_typesupport_introspection_cpp.hpp
[0.860s] -- Up-to-date: /home/jv4k/potamon_ws/src/install/potamon_interfaces/include/potamon_interfaces/potamon_interfaces/msg/detail/wheel_velocities__rosidl_typesupport_introspection_cpp.hpp
[0.861s] -- Up-to-date: /home/jv4k/potamon_ws/src/install/potamon_interfaces/include/potamon_interfaces/potamon_interfaces/msg/detail/system_status__rosidl_typesupport_introspection_cpp.hpp
[0.861s] -- Up-to-date: /home/jv4k/potamon_ws/src/install/potamon_interfaces/include/potamon_interfaces/potamon_interfaces/msg/detail/wheel_states__type_support.cpp
[0.861s] -- Up-to-date: /home/jv4k/potamon_ws/src/install/potamon_interfaces/include/potamon_interfaces/potamon_interfaces/msg/detail/wheel_states__rosidl_typesupport_introspection_cpp.hpp
[0.861s] -- Up-to-date: /home/jv4k/potamon_ws/src/install/potamon_interfaces/include/potamon_interfaces/potamon_interfaces/msg/detail/wheel_velocities__type_support.cpp
[0.861s] -- Up-to-date: /home/jv4k/potamon_ws/src/install/potamon_interfaces/include/potamon_interfaces/potamon_interfaces/srv
[0.862s] -- Up-to-date: /home/jv4k/potamon_ws/src/install/potamon_interfaces/include/potamon_interfaces/potamon_interfaces/srv/detail
[0.862s] -- Up-to-date: /home/jv4k/potamon_ws/src/install/potamon_interfaces/include/potamon_interfaces/potamon_interfaces/srv/detail/set_control_mode__type_support.cpp
[0.862s] -- Up-to-date: /home/jv4k/potamon_ws/src/install/potamon_interfaces/include/potamon_interfaces/potamon_interfaces/srv/detail/set_control_mode__rosidl_typesupport_introspection_cpp.hpp
[0.862s] -- Up-to-date: /home/jv4k/potamon_ws/src/install/potamon_interfaces/lib/libpotamon_interfaces__rosidl_typesupport_introspection_cpp.so
[0.862s] -- Up-to-date: /home/jv4k/potamon_ws/src/install/potamon_interfaces/lib/libpotamon_interfaces__rosidl_typesupport_cpp.so
[0.863s] -- Up-to-date: /home/jv4k/potamon_ws/src/install/potamon_interfaces/share/potamon_interfaces/environment/pythonpath.sh
[0.863s] -- Up-to-date: /home/jv4k/potamon_ws/src/install/potamon_interfaces/share/potamon_interfaces/environment/pythonpath.dsv
[0.863s] -- Up-to-date: /home/jv4k/potamon_ws/src/install/potamon_interfaces/lib/python3.12/site-packages/potamon_interfaces-0.0.0-py3.12.egg-info
[0.863s] -- Installing: /home/jv4k/potamon_ws/src/install/potamon_interfaces/lib/python3.12/site-packages/potamon_interfaces-0.0.0-py3.12.egg-info/PKG-INFO
[0.863s] -- Installing: /home/jv4k/potamon_ws/src/install/potamon_interfaces/lib/python3.12/site-packages/potamon_interfaces-0.0.0-py3.12.egg-info/SOURCES.txt
[0.863s] -- Installing: /home/jv4k/potamon_ws/src/install/potamon_interfaces/lib/python3.12/site-packages/potamon_interfaces-0.0.0-py3.12.egg-info/top_level.txt
[0.864s] -- Installing: /home/jv4k/potamon_ws/src/install/potamon_interfaces/lib/python3.12/site-packages/potamon_interfaces-0.0.0-py3.12.egg-info/dependency_links.txt
[0.864s] -- Up-to-date: /home/jv4k/potamon_ws/src/install/potamon_interfaces/lib/python3.12/site-packages/potamon_interfaces
[0.864s] -- Up-to-date: /home/jv4k/potamon_ws/src/install/potamon_interfaces/lib/python3.12/site-packages/potamon_interfaces/__init__.py
[0.864s] -- Up-to-date: /home/jv4k/potamon_ws/src/install/potamon_interfaces/lib/python3.12/site-packages/potamon_interfaces/msg
[0.864s] -- Up-to-date: /home/jv4k/potamon_ws/src/install/potamon_interfaces/lib/python3.12/site-packages/potamon_interfaces/msg/_wheel_angles_s.c
[0.865s] -- Up-to-date: /home/jv4k/potamon_ws/src/install/potamon_interfaces/lib/python3.12/site-packages/potamon_interfaces/msg/_wheel_states.py
[0.865s] -- Up-to-date: /home/jv4k/potamon_ws/src/install/potamon_interfaces/lib/python3.12/site-packages/potamon_interfaces/msg/__init__.py
[0.865s] -- Up-to-date: /home/jv4k/potamon_ws/src/install/potamon_interfaces/lib/python3.12/site-packages/potamon_interfaces/msg/_wheel_velocities.py
[0.865s] -- Up-to-date: /home/jv4k/potamon_ws/src/install/potamon_interfaces/lib/python3.12/site-packages/potamon_interfaces/msg/_wheel_states_s.c
[0.865s] -- Up-to-date: /home/jv4k/potamon_ws/src/install/potamon_interfaces/lib/python3.12/site-packages/potamon_interfaces/msg/_wheel_angles.py
[0.865s] -- Up-to-date: /home/jv4k/potamon_ws/src/install/potamon_interfaces/lib/python3.12/site-packages/potamon_interfaces/msg/_system_status.py
[0.866s] -- Up-to-date: /home/jv4k/potamon_ws/src/install/potamon_interfaces/lib/python3.12/site-packages/potamon_interfaces/msg/_system_status_s.c
[0.866s] -- Up-to-date: /home/jv4k/potamon_ws/src/install/potamon_interfaces/lib/python3.12/site-packages/potamon_interfaces/msg/_wheel_velocities_s.c
[0.866s] -- Up-to-date: /home/jv4k/potamon_ws/src/install/potamon_interfaces/lib/python3.12/site-packages/potamon_interfaces/potamon_interfaces_s__rosidl_typesupport_introspection_c.so
[0.866s] -- Up-to-date: /home/jv4k/potamon_ws/src/install/potamon_interfaces/lib/python3.12/site-packages/potamon_interfaces/potamon_interfaces_s__rosidl_typesupport_fastrtps_c.so
[0.866s] -- Up-to-date: /home/jv4k/potamon_ws/src/install/potamon_interfaces/lib/python3.12/site-packages/potamon_interfaces/_potamon_interfaces_s.ep.rosidl_typesupport_introspection_c.c
[0.867s] -- Up-to-date: /home/jv4k/potamon_ws/src/install/potamon_interfaces/lib/python3.12/site-packages/potamon_interfaces/_potamon_interfaces_s.ep.rosidl_typesupport_c.c
[0.867s] -- Up-to-date: /home/jv4k/potamon_ws/src/install/potamon_interfaces/lib/python3.12/site-packages/potamon_interfaces/srv
[0.867s] -- Up-to-date: /home/jv4k/potamon_ws/src/install/potamon_interfaces/lib/python3.12/site-packages/potamon_interfaces/srv/__init__.py
[0.867s] -- Up-to-date: /home/jv4k/potamon_ws/src/install/potamon_interfaces/lib/python3.12/site-packages/potamon_interfaces/srv/_set_control_mode_s.c
[0.867s] -- Up-to-date: /home/jv4k/potamon_ws/src/install/potamon_interfaces/lib/python3.12/site-packages/potamon_interfaces/srv/_set_control_mode.py
[0.867s] -- Up-to-date: /home/jv4k/potamon_ws/src/install/potamon_interfaces/lib/python3.12/site-packages/potamon_interfaces/potamon_interfaces_s__rosidl_typesupport_c.so
[0.868s] -- Up-to-date: /home/jv4k/potamon_ws/src/install/potamon_interfaces/lib/python3.12/site-packages/potamon_interfaces/_potamon_interfaces_s.ep.rosidl_typesupport_fastrtps_c.c
[0.914s] Listing '/home/jv4k/potamon_ws/src/install/potamon_interfaces/lib/python3.12/site-packages/potamon_interfaces'...
[0.914s] Listing '/home/jv4k/potamon_ws/src/install/potamon_interfaces/lib/python3.12/site-packages/potamon_interfaces/msg'...
[0.915s] Listing '/home/jv4k/potamon_ws/src/install/potamon_interfaces/lib/python3.12/site-packages/potamon_interfaces/srv'...
[0.924s] -- Up-to-date: /home/jv4k/potamon_ws/src/install/potamon_interfaces/lib/python3.12/site-packages/potamon_interfaces/potamon_interfaces_s__rosidl_typesupport_fastrtps_c.so
[0.924s] -- Up-to-date: /home/jv4k/potamon_ws/src/install/potamon_interfaces/lib/python3.12/site-packages/potamon_interfaces/potamon_interfaces_s__rosidl_typesupport_introspection_c.so
[0.925s] -- Up-to-date: /home/jv4k/potamon_ws/src/install/potamon_interfaces/lib/python3.12/site-packages/potamon_interfaces/potamon_interfaces_s__rosidl_typesupport_c.so
[0.926s] -- Up-to-date: /home/jv4k/potamon_ws/src/install/potamon_interfaces/lib/libpotamon_interfaces__rosidl_generator_py.so
[0.926s] -- Up-to-date: /home/jv4k/potamon_ws/src/install/potamon_interfaces/share/potamon_interfaces/msg/WheelStates.idl
[0.927s] -- Up-to-date: /home/jv4k/potamon_ws/src/install/potamon_interfaces/share/potamon_interfaces/msg/SystemStatus.idl
[0.927s] -- Up-to-date: /home/jv4k/potamon_ws/src/install/potamon_interfaces/share/potamon_interfaces/msg/WheelVelocities.idl
[0.927s] -- Up-to-date: /home/jv4k/potamon_ws/src/install/potamon_interfaces/share/potamon_interfaces/msg/WheelAngles.idl
[0.928s] -- Up-to-date: /home/jv4k/potamon_ws/src/install/potamon_interfaces/share/potamon_interfaces/srv/SetControlMode.idl
[0.928s] -- Up-to-date: /home/jv4k/potamon_ws/src/install/potamon_interfaces/share/potamon_interfaces/msg/WheelStates.msg
[0.928s] -- Up-to-date: /home/jv4k/potamon_ws/src/install/potamon_interfaces/share/potamon_interfaces/msg/SystemStatus.msg
[0.928s] -- Up-to-date: /home/jv4k/potamon_ws/src/install/potamon_interfaces/share/potamon_interfaces/msg/WheelVelocities.msg
[0.928s] -- Up-to-date: /home/jv4k/potamon_ws/src/install/potamon_interfaces/share/potamon_interfaces/msg/WheelAngles.msg
[0.929s] -- Up-to-date: /home/jv4k/potamon_ws/src/install/potamon_interfaces/share/potamon_interfaces/srv/SetControlMode.srv
[0.929s] -- Up-to-date: /home/jv4k/potamon_ws/src/install/potamon_interfaces/share/ament_index/resource_index/package_run_dependencies/potamon_interfaces
[0.929s] -- Up-to-date: /home/jv4k/potamon_ws/src/install/potamon_interfaces/share/ament_index/resource_index/parent_prefix_path/potamon_interfaces
[0.930s] -- Up-to-date: /home/jv4k/potamon_ws/src/install/potamon_interfaces/share/potamon_interfaces/environment/ament_prefix_path.sh
[0.930s] -- Up-to-date: /home/jv4k/potamon_ws/src/install/potamon_interfaces/share/potamon_interfaces/environment/ament_prefix_path.dsv
[0.930s] -- Up-to-date: /home/jv4k/potamon_ws/src/install/potamon_interfaces/share/potamon_interfaces/environment/path.sh
[0.930s] -- Up-to-date: /home/jv4k/potamon_ws/src/install/potamon_interfaces/share/potamon_interfaces/environment/path.dsv
[0.931s] -- Up-to-date: /home/jv4k/potamon_ws/src/install/potamon_interfaces/share/potamon_interfaces/local_setup.bash
[0.931s] -- Up-to-date: /home/jv4k/potamon_ws/src/install/potamon_interfaces/share/potamon_interfaces/local_setup.sh
[0.931s] -- Up-to-date: /home/jv4k/potamon_ws/src/install/potamon_interfaces/share/potamon_interfaces/local_setup.zsh
[0.931s] -- Up-to-date: /home/jv4k/potamon_ws/src/install/potamon_interfaces/share/potamon_interfaces/local_setup.dsv
[0.932s] -- Installing: /home/jv4k/potamon_ws/src/install/potamon_interfaces/share/potamon_interfaces/package.dsv
[0.932s] -- Up-to-date: /home/jv4k/potamon_ws/src/install/potamon_interfaces/share/ament_index/resource_index/packages/potamon_interfaces
[0.932s] -- Up-to-date: /home/jv4k/potamon_ws/src/install/potamon_interfaces/share/potamon_interfaces/cmake/export_potamon_interfaces__rosidl_generator_cExport.cmake
[0.932s] -- Up-to-date: /home/jv4k/potamon_ws/src/install/potamon_interfaces/share/potamon_interfaces/cmake/export_potamon_interfaces__rosidl_generator_cExport-noconfig.cmake
[0.933s] -- Up-to-date: /home/jv4k/potamon_ws/src/install/potamon_interfaces/share/potamon_interfaces/cmake/export_potamon_interfaces__rosidl_typesupport_fastrtps_cExport.cmake
[0.933s] -- Up-to-date: /home/jv4k/potamon_ws/src/install/potamon_interfaces/share/potamon_interfaces/cmake/export_potamon_interfaces__rosidl_typesupport_fastrtps_cExport-noconfig.cmake
[0.933s] -- Up-to-date: /home/jv4k/potamon_ws/src/install/potamon_interfaces/share/potamon_interfaces/cmake/potamon_interfaces__rosidl_typesupport_introspection_cExport.cmake
[0.933s] -- Up-to-date: /home/jv4k/potamon_ws/src/install/potamon_interfaces/share/potamon_interfaces/cmake/potamon_interfaces__rosidl_typesupport_introspection_cExport-noconfig.cmake
[0.934s] -- Up-to-date: /home/jv4k/potamon_ws/src/install/potamon_interfaces/share/potamon_interfaces/cmake/potamon_interfaces__rosidl_typesupport_cExport.cmake
[0.934s] -- Up-to-date: /home/jv4k/potamon_ws/src/install/potamon_interfaces/share/potamon_interfaces/cmake/potamon_interfaces__rosidl_typesupport_cExport-noconfig.cmake
[0.934s] -- Up-to-date: /home/jv4k/potamon_ws/src/install/potamon_interfaces/share/potamon_interfaces/cmake/export_potamon_interfaces__rosidl_generator_cppExport.cmake
[0.934s] -- Up-to-date: /home/jv4k/potamon_ws/src/install/potamon_interfaces/share/potamon_interfaces/cmake/export_potamon_interfaces__rosidl_typesupport_fastrtps_cppExport.cmake
[0.934s] -- Up-to-date: /home/jv4k/potamon_ws/src/install/potamon_interfaces/share/potamon_interfaces/cmake/export_potamon_interfaces__rosidl_typesupport_fastrtps_cppExport-noconfig.cmake
[0.935s] -- Up-to-date: /home/jv4k/potamon_ws/src/install/potamon_interfaces/share/potamon_interfaces/cmake/potamon_interfaces__rosidl_typesupport_introspection_cppExport.cmake
[0.935s] -- Up-to-date: /home/jv4k/potamon_ws/src/install/potamon_interfaces/share/potamon_interfaces/cmake/potamon_interfaces__rosidl_typesupport_introspection_cppExport-noconfig.cmake
[0.935s] -- Up-to-date: /home/jv4k/potamon_ws/src/install/potamon_interfaces/share/potamon_interfaces/cmake/potamon_interfaces__rosidl_typesupport_cppExport.cmake
[0.935s] -- Up-to-date: /home/jv4k/potamon_ws/src/install/potamon_interfaces/share/potamon_interfaces/cmake/potamon_interfaces__rosidl_typesupport_cppExport-noconfig.cmake
[0.935s] -- Up-to-date: /home/jv4k/potamon_ws/src/install/potamon_interfaces/share/potamon_interfaces/cmake/export_potamon_interfaces__rosidl_generator_pyExport.cmake
[0.936s] -- Up-to-date: /home/jv4k/potamon_ws/src/install/potamon_interfaces/share/potamon_interfaces/cmake/export_potamon_interfaces__rosidl_generator_pyExport-noconfig.cmake
[0.936s] -- Up-to-date: /home/jv4k/potamon_ws/src/install/potamon_interfaces/share/potamon_interfaces/cmake/rosidl_cmake-extras.cmake
[0.936s] -- Up-to-date: /home/jv4k/potamon_ws/src/install/potamon_interfaces/share/potamon_interfaces/cmake/ament_cmake_export_dependencies-extras.cmake
[0.937s] -- Up-to-date: /home/jv4k/potamon_ws/src/install/potamon_interfaces/share/potamon_interfaces/cmake/ament_cmake_export_include_directories-extras.cmake
[0.937s] -- Up-to-date: /home/jv4k/potamon_ws/src/install/potamon_interfaces/share/potamon_interfaces/cmake/ament_cmake_export_libraries-extras.cmake
[0.938s] -- Up-to-date: /home/jv4k/potamon_ws/src/install/potamon_interfaces/share/potamon_interfaces/cmake/ament_cmake_export_targets-extras.cmake
[0.938s] -- Up-to-date: /home/jv4k/potamon_ws/src/install/potamon_interfaces/share/potamon_interfaces/cmake/rosidl_cmake_export_typesupport_targets-extras.cmake
[0.938s] -- Up-to-date: /home/jv4k/potamon_ws/src/install/potamon_interfaces/share/potamon_interfaces/cmake/rosidl_cmake_export_typesupport_libraries-extras.cmake
[0.938s] -- Up-to-date: /home/jv4k/potamon_ws/src/install/potamon_interfaces/share/potamon_interfaces/cmake/potamon_interfacesConfig.cmake
[0.940s] -- Up-to-date: /home/jv4k/potamon_ws/src/install/potamon_interfaces/share/potamon_interfaces/cmake/potamon_interfacesConfig-version.cmake
[0.940s] -- Up-to-date: /home/jv4k/potamon_ws/src/install/potamon_interfaces/share/potamon_interfaces/package.xml
[0.941s] Invoked command in '/home/jv4k/potamon_ws/src/build/potamon_interfaces' returned '0': CMAKE_PREFIX_PATH=${CMAKE_PREFIX_PATH}:/opt/ros/jazzy DEBUGINFOD_URLS=https://debuginfod.ubuntu.com /usr/bin/cmake --install /home/jv4k/potamon_ws/src/build/potamon_interfaces
