[0.019s] Invoking command in '/home/jv4k/potamon_ws/src/build/potamon-rpi': CMAKE_PREFIX_PATH=${CMAKE_PREFIX_PATH}:/opt/ros/jazzy DEBUGINFOD_URLS=https://debuginfod.ubuntu.com /usr/bin/cmake --build /home/jv4k/potamon_ws/src/build/potamon-rpi -- -j12 -l12
[0.100s] [ 50%] [32mBuilding CXX object CMakeFiles/potamon_rpi.dir/src/potamon_control.cpp.o[0m
[17.098s] [100%] [32m[1mLinking CXX executable potamon_rpi[0m
[18.193s] [100%] Built target potamon_rpi
[18.208s] Invoked command in '/home/jv4k/potamon_ws/src/build/potamon-rpi' returned '0': CMAKE_PREFIX_PATH=${CMAKE_PREFIX_PATH}:/opt/ros/jazzy DEBUGINFOD_URLS=https://debuginfod.ubuntu.com /usr/bin/cmake --build /home/jv4k/potamon_ws/src/build/potamon-rpi -- -j12 -l12
[18.209s] Invoking command in '/home/jv4k/potamon_ws/src/build/potamon-rpi': CMAKE_PREFIX_PATH=${CMAKE_PREFIX_PATH}:/opt/ros/jazzy DEBUGINFOD_URLS=https://debuginfod.ubuntu.com /usr/bin/cmake --install /home/jv4k/potamon_ws/src/build/potamon-rpi
[18.221s] -- Install configuration: ""
[18.221s] -- Installing: /home/jv4k/potamon_ws/src/install/potamon-rpi/lib/potamon-rpi/potamon_rpi
[18.240s] -- Set non-toolchain portion of runtime path of "/home/jv4k/potamon_ws/src/install/potamon-rpi/lib/potamon-rpi/potamon_rpi" to ""
[18.241s] -- Installing: /home/jv4k/potamon_ws/src/install/potamon-rpi/share/ament_index/resource_index/package_run_dependencies/potamon-rpi
[18.241s] -- Up-to-date: /home/jv4k/potamon_ws/src/install/potamon-rpi/share/ament_index/resource_index/parent_prefix_path/potamon-rpi
[18.241s] -- Up-to-date: /home/jv4k/potamon_ws/src/install/potamon-rpi/share/potamon-rpi/environment/ament_prefix_path.sh
[18.241s] -- Up-to-date: /home/jv4k/potamon_ws/src/install/potamon-rpi/share/potamon-rpi/environment/ament_prefix_path.dsv
[18.241s] -- Up-to-date: /home/jv4k/potamon_ws/src/install/potamon-rpi/share/potamon-rpi/environment/path.sh
[18.241s] -- Up-to-date: /home/jv4k/potamon_ws/src/install/potamon-rpi/share/potamon-rpi/environment/path.dsv
[18.241s] -- Up-to-date: /home/jv4k/potamon_ws/src/install/potamon-rpi/share/potamon-rpi/local_setup.bash
[18.241s] -- Up-to-date: /home/jv4k/potamon_ws/src/install/potamon-rpi/share/potamon-rpi/local_setup.sh
[18.242s] -- Up-to-date: /home/jv4k/potamon_ws/src/install/potamon-rpi/share/potamon-rpi/local_setup.zsh
[18.242s] -- Up-to-date: /home/jv4k/potamon_ws/src/install/potamon-rpi/share/potamon-rpi/local_setup.dsv
[18.242s] -- Installing: /home/jv4k/potamon_ws/src/install/potamon-rpi/share/potamon-rpi/package.dsv
[18.242s] -- Up-to-date: /home/jv4k/potamon_ws/src/install/potamon-rpi/share/ament_index/resource_index/packages/potamon-rpi
[18.242s] -- Up-to-date: /home/jv4k/potamon_ws/src/install/potamon-rpi/share/potamon-rpi/cmake/potamon-rpiConfig.cmake
[18.243s] -- Up-to-date: /home/jv4k/potamon_ws/src/install/potamon-rpi/share/potamon-rpi/cmake/potamon-rpiConfig-version.cmake
[18.243s] -- Installing: /home/jv4k/potamon_ws/src/install/potamon-rpi/share/potamon-rpi/package.xml
[18.244s] Invoked command in '/home/jv4k/potamon_ws/src/build/potamon-rpi' returned '0': CMAKE_PREFIX_PATH=${CMAKE_PREFIX_PATH}:/opt/ros/jazzy DEBUGINFOD_URLS=https://debuginfod.ubuntu.com /usr/bin/cmake --install /home/jv4k/potamon_ws/src/build/potamon-rpi
