[100%] Built target potamon_rpi
-- Install configuration: ""
-- Up-to-date: /home/potamon1/potamon_ws/install/potamon-rpi/lib/potamon-rpi/potamon_rpi
-- Up-to-date: /home/potamon1/potamon_ws/install/potamon-rpi/share/potamon-rpi//launch
-- Installing: /home/potamon1/potamon_ws/install/potamon-rpi/share/potamon-rpi//launch/potamon_launch.py
-- Installing: /home/potamon1/potamon_ws/install/potamon-rpi/share/potamon-rpi//launch/log
-- Installing: /home/potamon1/potamon_ws/install/potamon-rpi/share/potamon-rpi//launch/log/latest
-- Installing: /home/potamon1/potamon_ws/install/potamon-rpi/share/potamon-rpi//launch/log/latest_build
-- Installing: /home/potamon1/potamon_ws/install/potamon-rpi/share/potamon-rpi//launch/log/build_2025-04-20_17-13-16
-- Installing: /home/potamon1/potamon_ws/install/potamon-rpi/share/potamon-rpi//launch/log/build_2025-04-20_17-13-16/logger_all.log
-- Installing: /home/potamon1/potamon_ws/install/potamon-rpi/share/potamon-rpi//launch/log/build_2025-04-20_17-13-16/events.log
-- Installing: /home/potamon1/potamon_ws/install/potamon-rpi/share/potamon-rpi//launch/log/COLCON_IGNORE
-- Installing: /home/potamon1/potamon_ws/install/potamon-rpi/share/potamon-rpi//launch/install
-- Installing: /home/potamon1/potamon_ws/install/potamon-rpi/share/potamon-rpi//launch/install/local_setup.bash
-- Installing: /home/potamon1/potamon_ws/install/potamon-rpi/share/potamon-rpi//launch/install/setup.zsh
-- Installing: /home/potamon1/potamon_ws/install/potamon-rpi/share/potamon-rpi//launch/install/setup.ps1
-- Installing: /home/potamon1/potamon_ws/install/potamon-rpi/share/potamon-rpi//launch/install/_local_setup_util_ps1.py
-- Installing: /home/potamon1/potamon_ws/install/potamon-rpi/share/potamon-rpi//launch/install/local_setup.ps1
-- Installing: /home/potamon1/potamon_ws/install/potamon-rpi/share/potamon-rpi//launch/install/local_setup.sh
-- Installing: /home/potamon1/potamon_ws/install/potamon-rpi/share/potamon-rpi//launch/install/setup.bash
-- Installing: /home/potamon1/potamon_ws/install/potamon-rpi/share/potamon-rpi//launch/install/setup.sh
-- Installing: /home/potamon1/potamon_ws/install/potamon-rpi/share/potamon-rpi//launch/install/_local_setup_util_sh.py
-- Installing: /home/potamon1/potamon_ws/install/potamon-rpi/share/potamon-rpi//launch/install/local_setup.zsh
-- Installing: /home/potamon1/potamon_ws/install/potamon-rpi/share/potamon-rpi//launch/install/.colcon_install_layout
-- Installing: /home/potamon1/potamon_ws/install/potamon-rpi/share/potamon-rpi//launch/install/COLCON_IGNORE
-- Installing: /home/potamon1/potamon_ws/install/potamon-rpi/share/potamon-rpi//launch/build
-- Installing: /home/potamon1/potamon_ws/install/potamon-rpi/share/potamon-rpi//launch/build/.built_by
-- Installing: /home/potamon1/potamon_ws/install/potamon-rpi/share/potamon-rpi//launch/build/COLCON_IGNORE
-- Up-to-date: /home/potamon1/potamon_ws/install/potamon-rpi/share/ament_index/resource_index/package_run_dependencies/potamon-rpi
-- Up-to-date: /home/potamon1/potamon_ws/install/potamon-rpi/share/ament_index/resource_index/parent_prefix_path/potamon-rpi
-- Up-to-date: /home/potamon1/potamon_ws/install/potamon-rpi/share/potamon-rpi/environment/ament_prefix_path.sh
-- Up-to-date: /home/potamon1/potamon_ws/install/potamon-rpi/share/potamon-rpi/environment/ament_prefix_path.dsv
-- Up-to-date: /home/potamon1/potamon_ws/install/potamon-rpi/share/potamon-rpi/environment/path.sh
-- Up-to-date: /home/potamon1/potamon_ws/install/potamon-rpi/share/potamon-rpi/environment/path.dsv
-- Up-to-date: /home/potamon1/potamon_ws/install/potamon-rpi/share/potamon-rpi/local_setup.bash
-- Up-to-date: /home/potamon1/potamon_ws/install/potamon-rpi/share/potamon-rpi/local_setup.sh
-- Up-to-date: /home/potamon1/potamon_ws/install/potamon-rpi/share/potamon-rpi/local_setup.zsh
-- Up-to-date: /home/potamon1/potamon_ws/install/potamon-rpi/share/potamon-rpi/local_setup.dsv
-- Installing: /home/potamon1/potamon_ws/install/potamon-rpi/share/potamon-rpi/package.dsv
-- Up-to-date: /home/potamon1/potamon_ws/install/potamon-rpi/share/ament_index/resource_index/packages/potamon-rpi
-- Up-to-date: /home/potamon1/potamon_ws/install/potamon-rpi/share/potamon-rpi/cmake/potamon-rpiConfig.cmake
-- Up-to-date: /home/potamon1/potamon_ws/install/potamon-rpi/share/potamon-rpi/cmake/potamon-rpiConfig-version.cmake
-- Up-to-date: /home/potamon1/potamon_ws/install/potamon-rpi/share/potamon-rpi/package.xml
