[0.025s] Invoking command in '/home/potamon1/potamon_ws/build/potamon_interfaces': CMAKE_PREFIX_PATH=/opt/ros/jazzy /usr/bin/cmake --build /home/potamon1/potamon_ws/build/potamon_interfaces -- -j4 -l4
[0.388s] [  1%] Built target potamon_interfaces__rosidl_generator_type_description
[0.426s] [  1%] Built target ament_cmake_python_copy_potamon_interfaces
[0.438s] [  2%] Built target potamon_interfaces__cpp
[0.481s] [ 25%] Built target potamon_interfaces__rosidl_generator_c
[0.555s] [ 35%] Built target potamon_interfaces__rosidl_typesupport_introspection_c
[0.579s] [ 44%] Built target potamon_interfaces__rosidl_typesupport_cpp
[0.580s] [ 54%] Built target potamon_interfaces__rosidl_typesupport_fastrtps_c
[0.620s] [ 63%] Built target potamon_interfaces__rosidl_typesupport_c
[0.657s] [ 72%] Built target potamon_interfaces__rosidl_typesupport_fastrtps_cpp
[0.663s] [ 82%] Built target potamon_interfaces__rosidl_typesupport_introspection_cpp
[0.698s] [ 82%] Built target potamon_interfaces
[0.735s] [ 83%] Built target potamon_interfaces__py
[0.789s] running egg_info
[0.802s] [ 91%] Built target potamon_interfaces__rosidl_generator_py
[0.819s] writing potamon_interfaces.egg-info/PKG-INFO
[0.820s] writing dependency_links to potamon_interfaces.egg-info/dependency_links.txt
[0.826s] writing top-level names to potamon_interfaces.egg-info/top_level.txt
[0.855s] [ 94%] Built target potamon_interfaces_s__rosidl_typesupport_fastrtps_c
[0.858s] [ 97%] Built target potamon_interfaces_s__rosidl_typesupport_introspection_c
[0.861s] [100%] Built target potamon_interfaces_s__rosidl_typesupport_c
[0.904s] reading manifest file 'potamon_interfaces.egg-info/SOURCES.txt'
[0.906s] writing manifest file 'potamon_interfaces.egg-info/SOURCES.txt'
[0.969s] [100%] Built target ament_cmake_python_build_potamon_interfaces_egg
[0.991s] Invoked command in '/home/potamon1/potamon_ws/build/potamon_interfaces' returned '0': CMAKE_PREFIX_PATH=/opt/ros/jazzy /usr/bin/cmake --build /home/potamon1/potamon_ws/build/potamon_interfaces -- -j4 -l4
[1.014s] Invoking command in '/home/potamon1/potamon_ws/build/potamon_interfaces': CMAKE_PREFIX_PATH=/opt/ros/jazzy /usr/bin/cmake --install /home/potamon1/potamon_ws/build/potamon_interfaces
[1.029s] -- Install configuration: ""
[1.030s] -- Up-to-date: /home/potamon1/potamon_ws/install/potamon_interfaces/share/ament_index/resource_index/rosidl_interfaces/potamon_interfaces
[1.031s] -- Up-to-date: /home/potamon1/potamon_ws/install/potamon_interfaces/share/potamon_interfaces/msg/WheelStates.json
[1.031s] -- Up-to-date: /home/potamon1/potamon_ws/install/potamon_interfaces/share/potamon_interfaces/msg/SystemStatus.json
[1.031s] -- Up-to-date: /home/potamon1/potamon_ws/install/potamon_interfaces/share/potamon_interfaces/msg/WheelVelocities.json
[1.031s] -- Up-to-date: /home/potamon1/potamon_ws/install/potamon_interfaces/share/potamon_interfaces/msg/WheelAngles.json
[1.031s] -- Up-to-date: /home/potamon1/potamon_ws/install/potamon_interfaces/share/potamon_interfaces/srv/SetControlMode.json
[1.032s] -- Up-to-date: /home/potamon1/potamon_ws/install/potamon_interfaces/include/potamon_interfaces/potamon_interfaces
[1.032s] -- Up-to-date: /home/potamon1/potamon_ws/install/potamon_interfaces/include/potamon_interfaces/potamon_interfaces/msg
[1.033s] -- Up-to-date: /home/potamon1/potamon_ws/install/potamon_interfaces/include/potamon_interfaces/potamon_interfaces/msg/wheel_states.h
[1.033s] -- Up-to-date: /home/potamon1/potamon_ws/install/potamon_interfaces/include/potamon_interfaces/potamon_interfaces/msg/system_status.h
[1.033s] -- Up-to-date: /home/potamon1/potamon_ws/install/potamon_interfaces/include/potamon_interfaces/potamon_interfaces/msg/rosidl_generator_c__visibility_control.h
[1.033s] -- Up-to-date: /home/potamon1/potamon_ws/install/potamon_interfaces/include/potamon_interfaces/potamon_interfaces/msg/detail
[1.033s] -- Up-to-date: /home/potamon1/potamon_ws/install/potamon_interfaces/include/potamon_interfaces/potamon_interfaces/msg/detail/wheel_states__description.c
[1.033s] -- Up-to-date: /home/potamon1/potamon_ws/install/potamon_interfaces/include/potamon_interfaces/potamon_interfaces/msg/detail/wheel_velocities__functions.h
[1.033s] -- Up-to-date: /home/potamon1/potamon_ws/install/potamon_interfaces/include/potamon_interfaces/potamon_interfaces/msg/detail/wheel_angles__struct.h
[1.033s] -- Up-to-date: /home/potamon1/potamon_ws/install/potamon_interfaces/include/potamon_interfaces/potamon_interfaces/msg/detail/wheel_states__functions.c
[1.033s] -- Installing: /home/potamon1/potamon_ws/install/potamon_interfaces/include/potamon_interfaces/potamon_interfaces/msg/detail/system_status__type_support.c
[1.034s] -- Up-to-date: /home/potamon1/potamon_ws/install/potamon_interfaces/include/potamon_interfaces/potamon_interfaces/msg/detail/wheel_angles__type_support.h
[1.034s] -- Up-to-date: /home/potamon1/potamon_ws/install/potamon_interfaces/include/potamon_interfaces/potamon_interfaces/msg/detail/wheel_states__type_support.h
[1.034s] -- Up-to-date: /home/potamon1/potamon_ws/install/potamon_interfaces/include/potamon_interfaces/potamon_interfaces/msg/detail/wheel_angles__description.c
[1.034s] -- Up-to-date: /home/potamon1/potamon_ws/install/potamon_interfaces/include/potamon_interfaces/potamon_interfaces/msg/detail/system_status__functions.h
[1.034s] -- Up-to-date: /home/potamon1/potamon_ws/install/potamon_interfaces/include/potamon_interfaces/potamon_interfaces/msg/detail/wheel_velocities__type_support.h
[1.034s] -- Up-to-date: /home/potamon1/potamon_ws/install/potamon_interfaces/include/potamon_interfaces/potamon_interfaces/msg/detail/system_status__type_support.h
[1.034s] -- Installing: /home/potamon1/potamon_ws/install/potamon_interfaces/include/potamon_interfaces/potamon_interfaces/msg/detail/wheel_states__type_support.c
[1.035s] -- Up-to-date: /home/potamon1/potamon_ws/install/potamon_interfaces/include/potamon_interfaces/potamon_interfaces/msg/detail/system_status__struct.h
[1.035s] -- Up-to-date: /home/potamon1/potamon_ws/install/potamon_interfaces/include/potamon_interfaces/potamon_interfaces/msg/detail/system_status__functions.c
[1.035s] -- Up-to-date: /home/potamon1/potamon_ws/install/potamon_interfaces/include/potamon_interfaces/potamon_interfaces/msg/detail/wheel_angles__functions.c
[1.035s] -- Up-to-date: /home/potamon1/potamon_ws/install/potamon_interfaces/include/potamon_interfaces/potamon_interfaces/msg/detail/wheel_states__functions.h
[1.035s] -- Up-to-date: /home/potamon1/potamon_ws/install/potamon_interfaces/include/potamon_interfaces/potamon_interfaces/msg/detail/system_status__description.c
[1.035s] -- Up-to-date: /home/potamon1/potamon_ws/install/potamon_interfaces/include/potamon_interfaces/potamon_interfaces/msg/detail/wheel_states__struct.h
[1.035s] -- Installing: /home/potamon1/potamon_ws/install/potamon_interfaces/include/potamon_interfaces/potamon_interfaces/msg/detail/wheel_angles__type_support.c
[1.035s] -- Up-to-date: /home/potamon1/potamon_ws/install/potamon_interfaces/include/potamon_interfaces/potamon_interfaces/msg/detail/wheel_velocities__functions.c
[1.035s] -- Up-to-date: /home/potamon1/potamon_ws/install/potamon_interfaces/include/potamon_interfaces/potamon_interfaces/msg/detail/wheel_velocities__struct.h
[1.035s] -- Up-to-date: /home/potamon1/potamon_ws/install/potamon_interfaces/include/potamon_interfaces/potamon_interfaces/msg/detail/wheel_angles__functions.h
[1.036s] -- Up-to-date: /home/potamon1/potamon_ws/install/potamon_interfaces/include/potamon_interfaces/potamon_interfaces/msg/detail/wheel_velocities__type_support.c
[1.036s] -- Up-to-date: /home/potamon1/potamon_ws/install/potamon_interfaces/include/potamon_interfaces/potamon_interfaces/msg/detail/wheel_velocities__description.c
[1.036s] -- Up-to-date: /home/potamon1/potamon_ws/install/potamon_interfaces/include/potamon_interfaces/potamon_interfaces/msg/wheel_angles.h
[1.036s] -- Up-to-date: /home/potamon1/potamon_ws/install/potamon_interfaces/include/potamon_interfaces/potamon_interfaces/msg/wheel_velocities.h
[1.036s] -- Up-to-date: /home/potamon1/potamon_ws/install/potamon_interfaces/include/potamon_interfaces/potamon_interfaces/srv
[1.036s] -- Up-to-date: /home/potamon1/potamon_ws/install/potamon_interfaces/include/potamon_interfaces/potamon_interfaces/srv/detail
[1.036s] -- Up-to-date: /home/potamon1/potamon_ws/install/potamon_interfaces/include/potamon_interfaces/potamon_interfaces/srv/detail/set_control_mode__type_support.h
[1.036s] -- Up-to-date: /home/potamon1/potamon_ws/install/potamon_interfaces/include/potamon_interfaces/potamon_interfaces/srv/detail/set_control_mode__type_support.c
[1.036s] -- Up-to-date: /home/potamon1/potamon_ws/install/potamon_interfaces/include/potamon_interfaces/potamon_interfaces/srv/detail/set_control_mode__functions.h
[1.036s] -- Up-to-date: /home/potamon1/potamon_ws/install/potamon_interfaces/include/potamon_interfaces/potamon_interfaces/srv/detail/set_control_mode__functions.c
[1.037s] -- Up-to-date: /home/potamon1/potamon_ws/install/potamon_interfaces/include/potamon_interfaces/potamon_interfaces/srv/detail/set_control_mode__struct.h
[1.037s] -- Up-to-date: /home/potamon1/potamon_ws/install/potamon_interfaces/include/potamon_interfaces/potamon_interfaces/srv/detail/set_control_mode__description.c
[1.037s] -- Up-to-date: /home/potamon1/potamon_ws/install/potamon_interfaces/include/potamon_interfaces/potamon_interfaces/srv/set_control_mode.h
[1.037s] -- Up-to-date: /home/potamon1/potamon_ws/install/potamon_interfaces/share/potamon_interfaces/environment/library_path.sh
[1.037s] -- Up-to-date: /home/potamon1/potamon_ws/install/potamon_interfaces/share/potamon_interfaces/environment/library_path.dsv
[1.038s] -- Up-to-date: /home/potamon1/potamon_ws/install/potamon_interfaces/lib/libpotamon_interfaces__rosidl_generator_c.so
[1.038s] -- Up-to-date: /home/potamon1/potamon_ws/install/potamon_interfaces/include/potamon_interfaces/potamon_interfaces
[1.038s] -- Up-to-date: /home/potamon1/potamon_ws/install/potamon_interfaces/include/potamon_interfaces/potamon_interfaces/msg
[1.038s] -- Up-to-date: /home/potamon1/potamon_ws/install/potamon_interfaces/include/potamon_interfaces/potamon_interfaces/msg/rosidl_typesupport_fastrtps_c__visibility_control.h
[1.038s] -- Up-to-date: /home/potamon1/potamon_ws/install/potamon_interfaces/include/potamon_interfaces/potamon_interfaces/msg/detail
[1.038s] -- Up-to-date: /home/potamon1/potamon_ws/install/potamon_interfaces/include/potamon_interfaces/potamon_interfaces/msg/detail/system_status__rosidl_typesupport_fastrtps_c.h
[1.039s] -- Up-to-date: /home/potamon1/potamon_ws/install/potamon_interfaces/include/potamon_interfaces/potamon_interfaces/msg/detail/wheel_angles__rosidl_typesupport_fastrtps_c.h
[1.039s] -- Up-to-date: /home/potamon1/potamon_ws/install/potamon_interfaces/include/potamon_interfaces/potamon_interfaces/msg/detail/wheel_velocities__rosidl_typesupport_fastrtps_c.h
[1.039s] -- Up-to-date: /home/potamon1/potamon_ws/install/potamon_interfaces/include/potamon_interfaces/potamon_interfaces/msg/detail/wheel_states__rosidl_typesupport_fastrtps_c.h
[1.039s] -- Up-to-date: /home/potamon1/potamon_ws/install/potamon_interfaces/include/potamon_interfaces/potamon_interfaces/srv
[1.039s] -- Up-to-date: /home/potamon1/potamon_ws/install/potamon_interfaces/include/potamon_interfaces/potamon_interfaces/srv/detail
[1.039s] -- Up-to-date: /home/potamon1/potamon_ws/install/potamon_interfaces/include/potamon_interfaces/potamon_interfaces/srv/detail/set_control_mode__rosidl_typesupport_fastrtps_c.h
[1.040s] -- Up-to-date: /home/potamon1/potamon_ws/install/potamon_interfaces/lib/libpotamon_interfaces__rosidl_typesupport_fastrtps_c.so
[1.040s] -- Up-to-date: /home/potamon1/potamon_ws/install/potamon_interfaces/include/potamon_interfaces/potamon_interfaces
[1.040s] -- Up-to-date: /home/potamon1/potamon_ws/install/potamon_interfaces/include/potamon_interfaces/potamon_interfaces/msg
[1.041s] -- Up-to-date: /home/potamon1/potamon_ws/install/potamon_interfaces/include/potamon_interfaces/potamon_interfaces/msg/rosidl_typesupport_introspection_c__visibility_control.h
[1.041s] -- Up-to-date: /home/potamon1/potamon_ws/install/potamon_interfaces/include/potamon_interfaces/potamon_interfaces/msg/detail
[1.041s] -- Up-to-date: /home/potamon1/potamon_ws/install/potamon_interfaces/include/potamon_interfaces/potamon_interfaces/msg/detail/wheel_angles__rosidl_typesupport_introspection_c.h
[1.041s] -- Up-to-date: /home/potamon1/potamon_ws/install/potamon_interfaces/include/potamon_interfaces/potamon_interfaces/msg/detail/wheel_states__rosidl_typesupport_introspection_c.h
[1.041s] -- Installing: /home/potamon1/potamon_ws/install/potamon_interfaces/include/potamon_interfaces/potamon_interfaces/msg/detail/system_status__type_support.c
[1.041s] -- Installing: /home/potamon1/potamon_ws/install/potamon_interfaces/include/potamon_interfaces/potamon_interfaces/msg/detail/wheel_states__type_support.c
[1.042s] -- Up-to-date: /home/potamon1/potamon_ws/install/potamon_interfaces/include/potamon_interfaces/potamon_interfaces/msg/detail/system_status__rosidl_typesupport_introspection_c.h
[1.042s] -- Installing: /home/potamon1/potamon_ws/install/potamon_interfaces/include/potamon_interfaces/potamon_interfaces/msg/detail/wheel_angles__type_support.c
[1.043s] -- Up-to-date: /home/potamon1/potamon_ws/install/potamon_interfaces/include/potamon_interfaces/potamon_interfaces/msg/detail/wheel_velocities__type_support.c
[1.043s] -- Up-to-date: /home/potamon1/potamon_ws/install/potamon_interfaces/include/potamon_interfaces/potamon_interfaces/msg/detail/wheel_velocities__rosidl_typesupport_introspection_c.h
[1.043s] -- Up-to-date: /home/potamon1/potamon_ws/install/potamon_interfaces/include/potamon_interfaces/potamon_interfaces/srv
[1.043s] -- Up-to-date: /home/potamon1/potamon_ws/install/potamon_interfaces/include/potamon_interfaces/potamon_interfaces/srv/detail
[1.043s] -- Up-to-date: /home/potamon1/potamon_ws/install/potamon_interfaces/include/potamon_interfaces/potamon_interfaces/srv/detail/set_control_mode__type_support.c
[1.043s] -- Up-to-date: /home/potamon1/potamon_ws/install/potamon_interfaces/include/potamon_interfaces/potamon_interfaces/srv/detail/set_control_mode__rosidl_typesupport_introspection_c.h
[1.045s] -- Up-to-date: /home/potamon1/potamon_ws/install/potamon_interfaces/lib/libpotamon_interfaces__rosidl_typesupport_introspection_c.so
[1.046s] -- Up-to-date: /home/potamon1/potamon_ws/install/potamon_interfaces/lib/libpotamon_interfaces__rosidl_typesupport_c.so
[1.047s] -- Up-to-date: /home/potamon1/potamon_ws/install/potamon_interfaces/include/potamon_interfaces/potamon_interfaces
[1.047s] -- Up-to-date: /home/potamon1/potamon_ws/install/potamon_interfaces/include/potamon_interfaces/potamon_interfaces/msg
[1.047s] -- Up-to-date: /home/potamon1/potamon_ws/install/potamon_interfaces/include/potamon_interfaces/potamon_interfaces/msg/wheel_angles.hpp
[1.047s] -- Up-to-date: /home/potamon1/potamon_ws/install/potamon_interfaces/include/potamon_interfaces/potamon_interfaces/msg/wheel_velocities.hpp
[1.047s] -- Up-to-date: /home/potamon1/potamon_ws/install/potamon_interfaces/include/potamon_interfaces/potamon_interfaces/msg/wheel_states.hpp
[1.047s] -- Up-to-date: /home/potamon1/potamon_ws/install/potamon_interfaces/include/potamon_interfaces/potamon_interfaces/msg/system_status.hpp
[1.047s] -- Up-to-date: /home/potamon1/potamon_ws/install/potamon_interfaces/include/potamon_interfaces/potamon_interfaces/msg/detail
[1.047s] -- Up-to-date: /home/potamon1/potamon_ws/install/potamon_interfaces/include/potamon_interfaces/potamon_interfaces/msg/detail/wheel_states__traits.hpp
[1.048s] -- Up-to-date: /home/potamon1/potamon_ws/install/potamon_interfaces/include/potamon_interfaces/potamon_interfaces/msg/detail/wheel_velocities__builder.hpp
[1.048s] -- Up-to-date: /home/potamon1/potamon_ws/install/potamon_interfaces/include/potamon_interfaces/potamon_interfaces/msg/detail/wheel_states__builder.hpp
[1.048s] -- Up-to-date: /home/potamon1/potamon_ws/install/potamon_interfaces/include/potamon_interfaces/potamon_interfaces/msg/detail/wheel_states__type_support.hpp
[1.048s] -- Up-to-date: /home/potamon1/potamon_ws/install/potamon_interfaces/include/potamon_interfaces/potamon_interfaces/msg/detail/wheel_velocities__struct.hpp
[1.048s] -- Up-to-date: /home/potamon1/potamon_ws/install/potamon_interfaces/include/potamon_interfaces/potamon_interfaces/msg/detail/wheel_angles__struct.hpp
[1.048s] -- Up-to-date: /home/potamon1/potamon_ws/install/potamon_interfaces/include/potamon_interfaces/potamon_interfaces/msg/detail/system_status__struct.hpp
[1.048s] -- Up-to-date: /home/potamon1/potamon_ws/install/potamon_interfaces/include/potamon_interfaces/potamon_interfaces/msg/detail/wheel_velocities__traits.hpp
[1.048s] -- Up-to-date: /home/potamon1/potamon_ws/install/potamon_interfaces/include/potamon_interfaces/potamon_interfaces/msg/detail/system_status__builder.hpp
[1.049s] -- Up-to-date: /home/potamon1/potamon_ws/install/potamon_interfaces/include/potamon_interfaces/potamon_interfaces/msg/detail/wheel_angles__builder.hpp
[1.049s] -- Up-to-date: /home/potamon1/potamon_ws/install/potamon_interfaces/include/potamon_interfaces/potamon_interfaces/msg/detail/wheel_angles__type_support.hpp
[1.049s] -- Up-to-date: /home/potamon1/potamon_ws/install/potamon_interfaces/include/potamon_interfaces/potamon_interfaces/msg/detail/system_status__traits.hpp
[1.049s] -- Up-to-date: /home/potamon1/potamon_ws/install/potamon_interfaces/include/potamon_interfaces/potamon_interfaces/msg/detail/wheel_states__struct.hpp
[1.049s] -- Up-to-date: /home/potamon1/potamon_ws/install/potamon_interfaces/include/potamon_interfaces/potamon_interfaces/msg/detail/system_status__type_support.hpp
[1.049s] -- Up-to-date: /home/potamon1/potamon_ws/install/potamon_interfaces/include/potamon_interfaces/potamon_interfaces/msg/detail/wheel_velocities__type_support.hpp
[1.049s] -- Up-to-date: /home/potamon1/potamon_ws/install/potamon_interfaces/include/potamon_interfaces/potamon_interfaces/msg/detail/wheel_angles__traits.hpp
[1.049s] -- Up-to-date: /home/potamon1/potamon_ws/install/potamon_interfaces/include/potamon_interfaces/potamon_interfaces/msg/rosidl_generator_cpp__visibility_control.hpp
[1.049s] -- Up-to-date: /home/potamon1/potamon_ws/install/potamon_interfaces/include/potamon_interfaces/potamon_interfaces/srv
[1.050s] -- Up-to-date: /home/potamon1/potamon_ws/install/potamon_interfaces/include/potamon_interfaces/potamon_interfaces/srv/set_control_mode.hpp
[1.050s] -- Up-to-date: /home/potamon1/potamon_ws/install/potamon_interfaces/include/potamon_interfaces/potamon_interfaces/srv/detail
[1.050s] -- Up-to-date: /home/potamon1/potamon_ws/install/potamon_interfaces/include/potamon_interfaces/potamon_interfaces/srv/detail/set_control_mode__builder.hpp
[1.050s] -- Up-to-date: /home/potamon1/potamon_ws/install/potamon_interfaces/include/potamon_interfaces/potamon_interfaces/srv/detail/set_control_mode__traits.hpp
[1.050s] -- Up-to-date: /home/potamon1/potamon_ws/install/potamon_interfaces/include/potamon_interfaces/potamon_interfaces/srv/detail/set_control_mode__type_support.hpp
[1.050s] -- Up-to-date: /home/potamon1/potamon_ws/install/potamon_interfaces/include/potamon_interfaces/potamon_interfaces/srv/detail/set_control_mode__struct.hpp
[1.050s] -- Up-to-date: /home/potamon1/potamon_ws/install/potamon_interfaces/include/potamon_interfaces/potamon_interfaces
[1.050s] -- Up-to-date: /home/potamon1/potamon_ws/install/potamon_interfaces/include/potamon_interfaces/potamon_interfaces/msg
[1.050s] -- Up-to-date: /home/potamon1/potamon_ws/install/potamon_interfaces/include/potamon_interfaces/potamon_interfaces/msg/rosidl_typesupport_fastrtps_cpp__visibility_control.h
[1.051s] -- Up-to-date: /home/potamon1/potamon_ws/install/potamon_interfaces/include/potamon_interfaces/potamon_interfaces/msg/detail
[1.051s] -- Up-to-date: /home/potamon1/potamon_ws/install/potamon_interfaces/include/potamon_interfaces/potamon_interfaces/msg/detail/dds_fastrtps
[1.051s] -- Up-to-date: /home/potamon1/potamon_ws/install/potamon_interfaces/include/potamon_interfaces/potamon_interfaces/msg/detail/wheel_states__rosidl_typesupport_fastrtps_cpp.hpp
[1.051s] -- Up-to-date: /home/potamon1/potamon_ws/install/potamon_interfaces/include/potamon_interfaces/potamon_interfaces/msg/detail/system_status__rosidl_typesupport_fastrtps_cpp.hpp
[1.051s] -- Up-to-date: /home/potamon1/potamon_ws/install/potamon_interfaces/include/potamon_interfaces/potamon_interfaces/msg/detail/wheel_angles__rosidl_typesupport_fastrtps_cpp.hpp
[1.051s] -- Up-to-date: /home/potamon1/potamon_ws/install/potamon_interfaces/include/potamon_interfaces/potamon_interfaces/msg/detail/wheel_velocities__rosidl_typesupport_fastrtps_cpp.hpp
[1.051s] -- Up-to-date: /home/potamon1/potamon_ws/install/potamon_interfaces/include/potamon_interfaces/potamon_interfaces/srv
[1.051s] -- Up-to-date: /home/potamon1/potamon_ws/install/potamon_interfaces/include/potamon_interfaces/potamon_interfaces/srv/detail
[1.051s] -- Up-to-date: /home/potamon1/potamon_ws/install/potamon_interfaces/include/potamon_interfaces/potamon_interfaces/srv/detail/dds_fastrtps
[1.051s] -- Up-to-date: /home/potamon1/potamon_ws/install/potamon_interfaces/include/potamon_interfaces/potamon_interfaces/srv/detail/set_control_mode__rosidl_typesupport_fastrtps_cpp.hpp
[1.052s] -- Up-to-date: /home/potamon1/potamon_ws/install/potamon_interfaces/lib/libpotamon_interfaces__rosidl_typesupport_fastrtps_cpp.so
[1.052s] -- Up-to-date: /home/potamon1/potamon_ws/install/potamon_interfaces/include/potamon_interfaces/potamon_interfaces
[1.052s] -- Up-to-date: /home/potamon1/potamon_ws/install/potamon_interfaces/include/potamon_interfaces/potamon_interfaces/msg
[1.052s] -- Up-to-date: /home/potamon1/potamon_ws/install/potamon_interfaces/include/potamon_interfaces/potamon_interfaces/msg/detail
[1.052s] -- Up-to-date: /home/potamon1/potamon_ws/install/potamon_interfaces/include/potamon_interfaces/potamon_interfaces/msg/detail/wheel_velocities__type_support.cpp
[1.052s] -- Up-to-date: /home/potamon1/potamon_ws/install/potamon_interfaces/include/potamon_interfaces/potamon_interfaces/msg/detail/wheel_angles__type_support.cpp
[1.052s] -- Up-to-date: /home/potamon1/potamon_ws/install/potamon_interfaces/include/potamon_interfaces/potamon_interfaces/msg/detail/wheel_states__type_support.cpp
[1.052s] -- Up-to-date: /home/potamon1/potamon_ws/install/potamon_interfaces/include/potamon_interfaces/potamon_interfaces/msg/detail/wheel_velocities__rosidl_typesupport_introspection_cpp.hpp
[1.052s] -- Up-to-date: /home/potamon1/potamon_ws/install/potamon_interfaces/include/potamon_interfaces/potamon_interfaces/msg/detail/system_status__rosidl_typesupport_introspection_cpp.hpp
[1.052s] -- Up-to-date: /home/potamon1/potamon_ws/install/potamon_interfaces/include/potamon_interfaces/potamon_interfaces/msg/detail/wheel_states__rosidl_typesupport_introspection_cpp.hpp
[1.053s] -- Up-to-date: /home/potamon1/potamon_ws/install/potamon_interfaces/include/potamon_interfaces/potamon_interfaces/msg/detail/wheel_angles__rosidl_typesupport_introspection_cpp.hpp
[1.053s] -- Up-to-date: /home/potamon1/potamon_ws/install/potamon_interfaces/include/potamon_interfaces/potamon_interfaces/msg/detail/system_status__type_support.cpp
[1.053s] -- Up-to-date: /home/potamon1/potamon_ws/install/potamon_interfaces/include/potamon_interfaces/potamon_interfaces/srv
[1.053s] -- Up-to-date: /home/potamon1/potamon_ws/install/potamon_interfaces/include/potamon_interfaces/potamon_interfaces/srv/detail
[1.053s] -- Up-to-date: /home/potamon1/potamon_ws/install/potamon_interfaces/include/potamon_interfaces/potamon_interfaces/srv/detail/set_control_mode__type_support.cpp
[1.053s] -- Up-to-date: /home/potamon1/potamon_ws/install/potamon_interfaces/include/potamon_interfaces/potamon_interfaces/srv/detail/set_control_mode__rosidl_typesupport_introspection_cpp.hpp
[1.053s] -- Up-to-date: /home/potamon1/potamon_ws/install/potamon_interfaces/lib/libpotamon_interfaces__rosidl_typesupport_introspection_cpp.so
[1.053s] -- Up-to-date: /home/potamon1/potamon_ws/install/potamon_interfaces/lib/libpotamon_interfaces__rosidl_typesupport_cpp.so
[1.053s] -- Up-to-date: /home/potamon1/potamon_ws/install/potamon_interfaces/share/potamon_interfaces/environment/pythonpath.sh
[1.053s] -- Up-to-date: /home/potamon1/potamon_ws/install/potamon_interfaces/share/potamon_interfaces/environment/pythonpath.dsv
[1.054s] -- Up-to-date: /home/potamon1/potamon_ws/install/potamon_interfaces/lib/python3.12/site-packages/potamon_interfaces-0.0.0-py3.12.egg-info
[1.054s] -- Installing: /home/potamon1/potamon_ws/install/potamon_interfaces/lib/python3.12/site-packages/potamon_interfaces-0.0.0-py3.12.egg-info/dependency_links.txt
[1.054s] -- Installing: /home/potamon1/potamon_ws/install/potamon_interfaces/lib/python3.12/site-packages/potamon_interfaces-0.0.0-py3.12.egg-info/PKG-INFO
[1.054s] -- Installing: /home/potamon1/potamon_ws/install/potamon_interfaces/lib/python3.12/site-packages/potamon_interfaces-0.0.0-py3.12.egg-info/top_level.txt
[1.054s] -- Installing: /home/potamon1/potamon_ws/install/potamon_interfaces/lib/python3.12/site-packages/potamon_interfaces-0.0.0-py3.12.egg-info/SOURCES.txt
[1.054s] -- Up-to-date: /home/potamon1/potamon_ws/install/potamon_interfaces/lib/python3.12/site-packages/potamon_interfaces
[1.054s] -- Up-to-date: /home/potamon1/potamon_ws/install/potamon_interfaces/lib/python3.12/site-packages/potamon_interfaces/potamon_interfaces_s__rosidl_typesupport_introspection_c.so
[1.054s] -- Up-to-date: /home/potamon1/potamon_ws/install/potamon_interfaces/lib/python3.12/site-packages/potamon_interfaces/potamon_interfaces_s__rosidl_typesupport_c.so
[1.055s] -- Up-to-date: /home/potamon1/potamon_ws/install/potamon_interfaces/lib/python3.12/site-packages/potamon_interfaces/potamon_interfaces_s__rosidl_typesupport_fastrtps_c.so
[1.055s] -- Up-to-date: /home/potamon1/potamon_ws/install/potamon_interfaces/lib/python3.12/site-packages/potamon_interfaces/_potamon_interfaces_s.ep.rosidl_typesupport_fastrtps_c.c
[1.055s] -- Up-to-date: /home/potamon1/potamon_ws/install/potamon_interfaces/lib/python3.12/site-packages/potamon_interfaces/_potamon_interfaces_s.ep.rosidl_typesupport_c.c
[1.055s] -- Up-to-date: /home/potamon1/potamon_ws/install/potamon_interfaces/lib/python3.12/site-packages/potamon_interfaces/msg
[1.055s] -- Up-to-date: /home/potamon1/potamon_ws/install/potamon_interfaces/lib/python3.12/site-packages/potamon_interfaces/msg/_wheel_velocities.py
[1.055s] -- Up-to-date: /home/potamon1/potamon_ws/install/potamon_interfaces/lib/python3.12/site-packages/potamon_interfaces/msg/_wheel_velocities_s.c
[1.055s] -- Up-to-date: /home/potamon1/potamon_ws/install/potamon_interfaces/lib/python3.12/site-packages/potamon_interfaces/msg/_wheel_states.py
[1.055s] -- Up-to-date: /home/potamon1/potamon_ws/install/potamon_interfaces/lib/python3.12/site-packages/potamon_interfaces/msg/_wheel_angles.py
[1.055s] -- Up-to-date: /home/potamon1/potamon_ws/install/potamon_interfaces/lib/python3.12/site-packages/potamon_interfaces/msg/_wheel_states_s.c
[1.055s] -- Up-to-date: /home/potamon1/potamon_ws/install/potamon_interfaces/lib/python3.12/site-packages/potamon_interfaces/msg/_system_status_s.c
[1.056s] -- Up-to-date: /home/potamon1/potamon_ws/install/potamon_interfaces/lib/python3.12/site-packages/potamon_interfaces/msg/_system_status.py
[1.056s] -- Up-to-date: /home/potamon1/potamon_ws/install/potamon_interfaces/lib/python3.12/site-packages/potamon_interfaces/msg/__init__.py
[1.056s] -- Up-to-date: /home/potamon1/potamon_ws/install/potamon_interfaces/lib/python3.12/site-packages/potamon_interfaces/msg/_wheel_angles_s.c
[1.056s] -- Up-to-date: /home/potamon1/potamon_ws/install/potamon_interfaces/lib/python3.12/site-packages/potamon_interfaces/srv
[1.056s] -- Up-to-date: /home/potamon1/potamon_ws/install/potamon_interfaces/lib/python3.12/site-packages/potamon_interfaces/srv/_set_control_mode_s.c
[1.056s] -- Up-to-date: /home/potamon1/potamon_ws/install/potamon_interfaces/lib/python3.12/site-packages/potamon_interfaces/srv/_set_control_mode.py
[1.056s] -- Up-to-date: /home/potamon1/potamon_ws/install/potamon_interfaces/lib/python3.12/site-packages/potamon_interfaces/srv/__init__.py
[1.056s] -- Up-to-date: /home/potamon1/potamon_ws/install/potamon_interfaces/lib/python3.12/site-packages/potamon_interfaces/__init__.py
[1.056s] -- Up-to-date: /home/potamon1/potamon_ws/install/potamon_interfaces/lib/python3.12/site-packages/potamon_interfaces/_potamon_interfaces_s.ep.rosidl_typesupport_introspection_c.c
[1.117s] Listing '/home/potamon1/potamon_ws/install/potamon_interfaces/lib/python3.12/site-packages/potamon_interfaces'...
[1.117s] Listing '/home/potamon1/potamon_ws/install/potamon_interfaces/lib/python3.12/site-packages/potamon_interfaces/msg'...
[1.117s] Listing '/home/potamon1/potamon_ws/install/potamon_interfaces/lib/python3.12/site-packages/potamon_interfaces/srv'...
[1.132s] -- Up-to-date: /home/potamon1/potamon_ws/install/potamon_interfaces/lib/python3.12/site-packages/potamon_interfaces/potamon_interfaces_s__rosidl_typesupport_fastrtps_c.so
[1.134s] -- Up-to-date: /home/potamon1/potamon_ws/install/potamon_interfaces/lib/python3.12/site-packages/potamon_interfaces/potamon_interfaces_s__rosidl_typesupport_introspection_c.so
[1.135s] -- Up-to-date: /home/potamon1/potamon_ws/install/potamon_interfaces/lib/python3.12/site-packages/potamon_interfaces/potamon_interfaces_s__rosidl_typesupport_c.so
[1.137s] -- Up-to-date: /home/potamon1/potamon_ws/install/potamon_interfaces/lib/libpotamon_interfaces__rosidl_generator_py.so
[1.137s] -- Up-to-date: /home/potamon1/potamon_ws/install/potamon_interfaces/share/potamon_interfaces/msg/WheelStates.idl
[1.137s] -- Up-to-date: /home/potamon1/potamon_ws/install/potamon_interfaces/share/potamon_interfaces/msg/SystemStatus.idl
[1.138s] -- Up-to-date: /home/potamon1/potamon_ws/install/potamon_interfaces/share/potamon_interfaces/msg/WheelVelocities.idl
[1.138s] -- Up-to-date: /home/potamon1/potamon_ws/install/potamon_interfaces/share/potamon_interfaces/msg/WheelAngles.idl
[1.138s] -- Up-to-date: /home/potamon1/potamon_ws/install/potamon_interfaces/share/potamon_interfaces/srv/SetControlMode.idl
[1.138s] -- Up-to-date: /home/potamon1/potamon_ws/install/potamon_interfaces/share/potamon_interfaces/msg/WheelStates.msg
[1.138s] -- Up-to-date: /home/potamon1/potamon_ws/install/potamon_interfaces/share/potamon_interfaces/msg/SystemStatus.msg
[1.138s] -- Up-to-date: /home/potamon1/potamon_ws/install/potamon_interfaces/share/potamon_interfaces/msg/WheelVelocities.msg
[1.138s] -- Up-to-date: /home/potamon1/potamon_ws/install/potamon_interfaces/share/potamon_interfaces/msg/WheelAngles.msg
[1.138s] -- Up-to-date: /home/potamon1/potamon_ws/install/potamon_interfaces/share/potamon_interfaces/srv/SetControlMode.srv
[1.138s] -- Up-to-date: /home/potamon1/potamon_ws/install/potamon_interfaces/share/ament_index/resource_index/package_run_dependencies/potamon_interfaces
[1.139s] -- Up-to-date: /home/potamon1/potamon_ws/install/potamon_interfaces/share/ament_index/resource_index/parent_prefix_path/potamon_interfaces
[1.139s] -- Up-to-date: /home/potamon1/potamon_ws/install/potamon_interfaces/share/potamon_interfaces/environment/ament_prefix_path.sh
[1.139s] -- Up-to-date: /home/potamon1/potamon_ws/install/potamon_interfaces/share/potamon_interfaces/environment/ament_prefix_path.dsv
[1.139s] -- Up-to-date: /home/potamon1/potamon_ws/install/potamon_interfaces/share/potamon_interfaces/environment/path.sh
[1.139s] -- Up-to-date: /home/potamon1/potamon_ws/install/potamon_interfaces/share/potamon_interfaces/environment/path.dsv
[1.139s] -- Up-to-date: /home/potamon1/potamon_ws/install/potamon_interfaces/share/potamon_interfaces/local_setup.bash
[1.139s] -- Up-to-date: /home/potamon1/potamon_ws/install/potamon_interfaces/share/potamon_interfaces/local_setup.sh
[1.139s] -- Up-to-date: /home/potamon1/potamon_ws/install/potamon_interfaces/share/potamon_interfaces/local_setup.zsh
[1.139s] -- Up-to-date: /home/potamon1/potamon_ws/install/potamon_interfaces/share/potamon_interfaces/local_setup.dsv
[1.140s] -- Installing: /home/potamon1/potamon_ws/install/potamon_interfaces/share/potamon_interfaces/package.dsv
[1.140s] -- Up-to-date: /home/potamon1/potamon_ws/install/potamon_interfaces/share/ament_index/resource_index/packages/potamon_interfaces
[1.142s] -- Up-to-date: /home/potamon1/potamon_ws/install/potamon_interfaces/share/potamon_interfaces/cmake/export_potamon_interfaces__rosidl_generator_cExport.cmake
[1.142s] -- Up-to-date: /home/potamon1/potamon_ws/install/potamon_interfaces/share/potamon_interfaces/cmake/export_potamon_interfaces__rosidl_generator_cExport-noconfig.cmake
[1.143s] -- Up-to-date: /home/potamon1/potamon_ws/install/potamon_interfaces/share/potamon_interfaces/cmake/export_potamon_interfaces__rosidl_typesupport_fastrtps_cExport.cmake
[1.143s] -- Up-to-date: /home/potamon1/potamon_ws/install/potamon_interfaces/share/potamon_interfaces/cmake/export_potamon_interfaces__rosidl_typesupport_fastrtps_cExport-noconfig.cmake
[1.144s] -- Up-to-date: /home/potamon1/potamon_ws/install/potamon_interfaces/share/potamon_interfaces/cmake/potamon_interfaces__rosidl_typesupport_introspection_cExport.cmake
[1.144s] -- Up-to-date: /home/potamon1/potamon_ws/install/potamon_interfaces/share/potamon_interfaces/cmake/potamon_interfaces__rosidl_typesupport_introspection_cExport-noconfig.cmake
[1.145s] -- Up-to-date: /home/potamon1/potamon_ws/install/potamon_interfaces/share/potamon_interfaces/cmake/potamon_interfaces__rosidl_typesupport_cExport.cmake
[1.145s] -- Up-to-date: /home/potamon1/potamon_ws/install/potamon_interfaces/share/potamon_interfaces/cmake/potamon_interfaces__rosidl_typesupport_cExport-noconfig.cmake
[1.146s] -- Up-to-date: /home/potamon1/potamon_ws/install/potamon_interfaces/share/potamon_interfaces/cmake/export_potamon_interfaces__rosidl_generator_cppExport.cmake
[1.147s] -- Up-to-date: /home/potamon1/potamon_ws/install/potamon_interfaces/share/potamon_interfaces/cmake/export_potamon_interfaces__rosidl_typesupport_fastrtps_cppExport.cmake
[1.147s] -- Up-to-date: /home/potamon1/potamon_ws/install/potamon_interfaces/share/potamon_interfaces/cmake/export_potamon_interfaces__rosidl_typesupport_fastrtps_cppExport-noconfig.cmake
[1.148s] -- Up-to-date: /home/potamon1/potamon_ws/install/potamon_interfaces/share/potamon_interfaces/cmake/potamon_interfaces__rosidl_typesupport_introspection_cppExport.cmake
[1.148s] -- Up-to-date: /home/potamon1/potamon_ws/install/potamon_interfaces/share/potamon_interfaces/cmake/potamon_interfaces__rosidl_typesupport_introspection_cppExport-noconfig.cmake
[1.149s] -- Up-to-date: /home/potamon1/potamon_ws/install/potamon_interfaces/share/potamon_interfaces/cmake/potamon_interfaces__rosidl_typesupport_cppExport.cmake
[1.149s] -- Up-to-date: /home/potamon1/potamon_ws/install/potamon_interfaces/share/potamon_interfaces/cmake/potamon_interfaces__rosidl_typesupport_cppExport-noconfig.cmake
[1.149s] -- Up-to-date: /home/potamon1/potamon_ws/install/potamon_interfaces/share/potamon_interfaces/cmake/export_potamon_interfaces__rosidl_generator_pyExport.cmake
[1.150s] -- Up-to-date: /home/potamon1/potamon_ws/install/potamon_interfaces/share/potamon_interfaces/cmake/export_potamon_interfaces__rosidl_generator_pyExport-noconfig.cmake
[1.150s] -- Up-to-date: /home/potamon1/potamon_ws/install/potamon_interfaces/share/potamon_interfaces/cmake/rosidl_cmake-extras.cmake
[1.150s] -- Up-to-date: /home/potamon1/potamon_ws/install/potamon_interfaces/share/potamon_interfaces/cmake/ament_cmake_export_dependencies-extras.cmake
[1.150s] -- Up-to-date: /home/potamon1/potamon_ws/install/potamon_interfaces/share/potamon_interfaces/cmake/ament_cmake_export_include_directories-extras.cmake
[1.150s] -- Up-to-date: /home/potamon1/potamon_ws/install/potamon_interfaces/share/potamon_interfaces/cmake/ament_cmake_export_libraries-extras.cmake
[1.150s] -- Up-to-date: /home/potamon1/potamon_ws/install/potamon_interfaces/share/potamon_interfaces/cmake/ament_cmake_export_targets-extras.cmake
[1.150s] -- Up-to-date: /home/potamon1/potamon_ws/install/potamon_interfaces/share/potamon_interfaces/cmake/rosidl_cmake_export_typesupport_targets-extras.cmake
[1.151s] -- Up-to-date: /home/potamon1/potamon_ws/install/potamon_interfaces/share/potamon_interfaces/cmake/rosidl_cmake_export_typesupport_libraries-extras.cmake
[1.151s] -- Up-to-date: /home/potamon1/potamon_ws/install/potamon_interfaces/share/potamon_interfaces/cmake/potamon_interfacesConfig.cmake
[1.151s] -- Up-to-date: /home/potamon1/potamon_ws/install/potamon_interfaces/share/potamon_interfaces/cmake/potamon_interfacesConfig-version.cmake
[1.151s] -- Up-to-date: /home/potamon1/potamon_ws/install/potamon_interfaces/share/potamon_interfaces/package.xml
[1.155s] Invoked command in '/home/potamon1/potamon_ws/build/potamon_interfaces' returned '0': CMAKE_PREFIX_PATH=/opt/ros/jazzy /usr/bin/cmake --install /home/potamon1/potamon_ws/build/potamon_interfaces
