[0.027s] Invoking command in '/home/jv4k/potamon_ws/src/build/potamon-rpi': CMAKE_PREFIX_PATH=${CMAKE_PREFIX_PATH}:/opt/ros/jazzy DEBUGINFOD_URLS=https://debuginfod.ubuntu.com /usr/bin/cmake --build /home/jv4k/potamon_ws/src/build/potamon-rpi -- -j12 -l12
[0.063s] -- Found ament_cmake: 2.5.3 (/opt/ros/jazzy/share/ament_cmake/cmake)
[0.311s] -- Found rclcpp: 28.1.8 (/opt/ros/jazzy/share/rclcpp/cmake)
[0.339s] -- Found rosidl_generator_c: 4.6.5 (/opt/ros/jazzy/share/rosidl_generator_c/cmake)
[0.353s] -- Found rosidl_generator_cpp: 4.6.5 (/opt/ros/jazzy/share/rosidl_generator_cpp/cmake)
[0.366s] -- Using all available rosidl_typesupport_c: rosidl_typesupport_fastrtps_c;rosidl_typesupport_introspection_c
[0.382s] -- Using all available rosidl_typesupport_cpp: rosidl_typesupport_fastrtps_cpp;rosidl_typesupport_introspection_cpp
[0.447s] -- Found rmw_implementation_cmake: 7.3.2 (/opt/ros/jazzy/share/rmw_implementation_cmake/cmake)
[0.449s] -- Found rmw_fastrtps_cpp: 8.4.2 (/opt/ros/jazzy/share/rmw_fastrtps_cpp/cmake)
[0.525s] -- Using RMW implementation 'rmw_fastrtps_cpp' as default
[0.591s] -- Found potamon_interfaces: 0.0.0 (/home/jv4k/potamon_ws/src/install/potamon_interfaces/share/potamon_interfaces/cmake)
[0.606s] -- Found nav_msgs: 5.3.6 (/opt/ros/jazzy/share/nav_msgs/cmake)
[0.769s] -- Configuring done (0.7s)
[0.785s] -- Generating done (0.0s)
[0.791s] -- Build files have been written to: /home/jv4k/potamon_ws/src/build/potamon-rpi
[0.856s] [ 50%] [32mBuilding CXX object CMakeFiles/potamon_rpi.dir/src/potamon_control.cpp.o[0m
[1.188s] [01m[K/home/jv4k/potamon_ws/src/potamon-rpi/src/potamon_control.cpp:33:10:[m[K [01;31m[Kfatal error: [m[Ktf2/LinearMath/Quaternion.h: No such file or directory
[1.189s]    33 | #include [01;31m[K<tf2/LinearMath/Quaternion.h>[m[K
[1.189s]       |          [01;31m[K^~~~~~~~~~~~~~~~~~~~~~~~~~~~~[m[K
[1.189s] compilation terminated.
[1.195s] gmake[2]: *** [CMakeFiles/potamon_rpi.dir/build.make:76: CMakeFiles/potamon_rpi.dir/src/potamon_control.cpp.o] Error 1
[1.196s] gmake[1]: *** [CMakeFiles/Makefile2:137: CMakeFiles/potamon_rpi.dir/all] Error 2
[1.196s] gmake: *** [Makefile:146: all] Error 2
[1.200s] Invoked command in '/home/jv4k/potamon_ws/src/build/potamon-rpi' returned '2': CMAKE_PREFIX_PATH=${CMAKE_PREFIX_PATH}:/opt/ros/jazzy DEBUGINFOD_URLS=https://debuginfod.ubuntu.com /usr/bin/cmake --build /home/jv4k/potamon_ws/src/build/potamon-rpi -- -j12 -l12
