[ 50%] [32mBuilding CXX object CMakeFiles/potamon_rpi.dir/src/potamon_control.cpp.o[0m
[01m[K/home/jv4k/potamon_ws/src/potamon-rpi/src/potamon_control.cpp:[m[K In member function ‘[01m[Kvoid PotamonNode::[01;32m[KcomLoop[m[K()[m[K’:
[01m[K/home/jv4k/potamon_ws/src/potamon-rpi/src/potamon_control.cpp:112:29:[m[K [01;35m[Kwarning: [m[Kvariable ‘[01m[Khost_packet[m[K’ set but not used [[01;35m[K]8;;https://gcc.gnu.org/onlinedocs/gcc/Warning-Options.html#index-Wunused-but-set-variable-Wunused-but-set-variable]8;;[m[K]
  112 |             ptmn_usb_host_t [01;35m[Khost_packet[m[K{};
      |                             [01;35m[K^~~~~~~~~~~[m[K
[100%] [32m[1mLinking CXX executable potamon_rpi[0m
[100%] Built target potamon_rpi
-- Install configuration: ""
-- Up-to-date: /home/jv4k/potamon_ws/src/install/potamon-rpi/share/ament_index/resource_index/package_run_dependencies/potamon-rpi
-- Up-to-date: /home/jv4k/potamon_ws/src/install/potamon-rpi/share/ament_index/resource_index/parent_prefix_path/potamon-rpi
-- Up-to-date: /home/jv4k/potamon_ws/src/install/potamon-rpi/share/potamon-rpi/environment/ament_prefix_path.sh
-- Up-to-date: /home/jv4k/potamon_ws/src/install/potamon-rpi/share/potamon-rpi/environment/ament_prefix_path.dsv
-- Up-to-date: /home/jv4k/potamon_ws/src/install/potamon-rpi/share/potamon-rpi/environment/path.sh
-- Up-to-date: /home/jv4k/potamon_ws/src/install/potamon-rpi/share/potamon-rpi/environment/path.dsv
-- Up-to-date: /home/jv4k/potamon_ws/src/install/potamon-rpi/share/potamon-rpi/local_setup.bash
-- Up-to-date: /home/jv4k/potamon_ws/src/install/potamon-rpi/share/potamon-rpi/local_setup.sh
-- Up-to-date: /home/jv4k/potamon_ws/src/install/potamon-rpi/share/potamon-rpi/local_setup.zsh
-- Up-to-date: /home/jv4k/potamon_ws/src/install/potamon-rpi/share/potamon-rpi/local_setup.dsv
-- Installing: /home/jv4k/potamon_ws/src/install/potamon-rpi/share/potamon-rpi/package.dsv
-- Up-to-date: /home/jv4k/potamon_ws/src/install/potamon-rpi/share/ament_index/resource_index/packages/potamon-rpi
-- Up-to-date: /home/jv4k/potamon_ws/src/install/potamon-rpi/share/potamon-rpi/cmake/potamon-rpiConfig.cmake
-- Up-to-date: /home/jv4k/potamon_ws/src/install/potamon-rpi/share/potamon-rpi/cmake/potamon-rpiConfig-version.cmake
-- Up-to-date: /home/jv4k/potamon_ws/src/install/potamon-rpi/share/potamon-rpi/package.xml
