[0.012s] Invoking command in '/home/jv4k/potamon_ws/src/build/potamon-rpi': CMAKE_PREFIX_PATH=${CMAKE_PREFIX_PATH}:/opt/ros/jazzy DEBUGINFOD_URLS=https://debuginfod.ubuntu.com /usr/bin/cmake --build /home/jv4k/potamon_ws/src/build/potamon-rpi -- -j12 -l12
[0.090s] [ 50%] [32mBuilding CXX object CMakeFiles/potamon_rpi.dir/src/potamon_control.cpp.o[0m
[2.196s] [01m[K/home/jv4k/potamon_ws/src/potamon-rpi/src/potamon_control.cpp:[m[K In member function ‘[01m[Kvoid PotamonNode::[01;32m[KcomLoop[m[K()[m[K’:
[2.197s] [01m[K/home/jv4k/potamon_ws/src/potamon-rpi/src/potamon_control.cpp:112:29:[m[K [01;35m[Kwarning: [m[Kvariable ‘[01m[Khost_packet[m[K’ set but not used [[01;35m[K]8;;https://gcc.gnu.org/onlinedocs/gcc/Warning-Options.html#index-Wunused-but-set-variable-Wunused-but-set-variable]8;;[m[K]
[2.197s]   112 |             ptmn_usb_host_t [01;35m[Khost_packet[m[K{};
[2.197s]       |                             [01;35m[K^~~~~~~~~~~[m[K
[4.099s] [100%] [32m[1mLinking CXX executable potamon_rpi[0m
[4.322s] [100%] Built target potamon_rpi
[4.347s] Invoked command in '/home/jv4k/potamon_ws/src/build/potamon-rpi' returned '0': CMAKE_PREFIX_PATH=${CMAKE_PREFIX_PATH}:/opt/ros/jazzy DEBUGINFOD_URLS=https://debuginfod.ubuntu.com /usr/bin/cmake --build /home/jv4k/potamon_ws/src/build/potamon-rpi -- -j12 -l12
[4.349s] Invoking command in '/home/jv4k/potamon_ws/src/build/potamon-rpi': CMAKE_PREFIX_PATH=${CMAKE_PREFIX_PATH}:/opt/ros/jazzy DEBUGINFOD_URLS=https://debuginfod.ubuntu.com /usr/bin/cmake --install /home/jv4k/potamon_ws/src/build/potamon-rpi
[4.358s] -- Install configuration: ""
[4.359s] -- Up-to-date: /home/jv4k/potamon_ws/src/install/potamon-rpi/share/ament_index/resource_index/package_run_dependencies/potamon-rpi
[4.359s] -- Up-to-date: /home/jv4k/potamon_ws/src/install/potamon-rpi/share/ament_index/resource_index/parent_prefix_path/potamon-rpi
[4.359s] -- Up-to-date: /home/jv4k/potamon_ws/src/install/potamon-rpi/share/potamon-rpi/environment/ament_prefix_path.sh
[4.359s] -- Up-to-date: /home/jv4k/potamon_ws/src/install/potamon-rpi/share/potamon-rpi/environment/ament_prefix_path.dsv
[4.360s] -- Up-to-date: /home/jv4k/potamon_ws/src/install/potamon-rpi/share/potamon-rpi/environment/path.sh
[4.360s] -- Up-to-date: /home/jv4k/potamon_ws/src/install/potamon-rpi/share/potamon-rpi/environment/path.dsv
[4.360s] -- Up-to-date: /home/jv4k/potamon_ws/src/install/potamon-rpi/share/potamon-rpi/local_setup.bash
[4.360s] -- Up-to-date: /home/jv4k/potamon_ws/src/install/potamon-rpi/share/potamon-rpi/local_setup.sh
[4.360s] -- Up-to-date: /home/jv4k/potamon_ws/src/install/potamon-rpi/share/potamon-rpi/local_setup.zsh
[4.361s] -- Up-to-date: /home/jv4k/potamon_ws/src/install/potamon-rpi/share/potamon-rpi/local_setup.dsv
[4.361s] -- Installing: /home/jv4k/potamon_ws/src/install/potamon-rpi/share/potamon-rpi/package.dsv
[4.361s] -- Up-to-date: /home/jv4k/potamon_ws/src/install/potamon-rpi/share/ament_index/resource_index/packages/potamon-rpi
[4.361s] -- Up-to-date: /home/jv4k/potamon_ws/src/install/potamon-rpi/share/potamon-rpi/cmake/potamon-rpiConfig.cmake
[4.362s] -- Up-to-date: /home/jv4k/potamon_ws/src/install/potamon-rpi/share/potamon-rpi/cmake/potamon-rpiConfig-version.cmake
[4.362s] -- Up-to-date: /home/jv4k/potamon_ws/src/install/potamon-rpi/share/potamon-rpi/package.xml
[4.363s] Invoked command in '/home/jv4k/potamon_ws/src/build/potamon-rpi' returned '0': CMAKE_PREFIX_PATH=${CMAKE_PREFIX_PATH}:/opt/ros/jazzy DEBUGINFOD_URLS=https://debuginfod.ubuntu.com /usr/bin/cmake --install /home/jv4k/potamon_ws/src/build/potamon-rpi
