[0.017s] Invoking command in '/home/jv4k/potamon_ws/src/build/xbox_gamepad_reader': CMAKE_PREFIX_PATH=${CMAKE_PREFIX_PATH}:/opt/ros/jazzy DEBUGINFOD_URLS=https://debuginfod.ubuntu.com /usr/bin/cmake /home/jv4k/potamon_ws/src/xbox_gamepad_reader -DCMAKE_INSTALL_PREFIX=/home/jv4k/potamon_ws/src/install/xbox_gamepad_reader
[0.134s] -- The C compiler identification is GNU 13.3.0
[0.247s] -- The CXX compiler identification is GNU 13.3.0
[0.278s] -- Detecting C compiler ABI info
[0.441s] -- Detecting C compiler ABI info - done
[0.457s] -- Check for working C compiler: /usr/bin/cc - skipped
[0.457s] -- Detecting C compile features
[0.458s] -- Detecting C compile features - done
[0.478s] -- Detecting CXX compiler ABI info
[0.659s] -- Detecting CXX compiler ABI info - done
[0.692s] -- Check for working CXX compiler: /usr/bin/c++ - skipped
[0.693s] -- Detecting CXX compile features
[0.694s] -- Detecting CXX compile features - done
[0.704s] -- Found ament_cmake: 2.5.3 (/opt/ros/jazzy/share/ament_cmake/cmake)
[0.976s] -- Found Python3: /usr/bin/python3 (found version "3.12.3") found components: Interpreter 
[1.168s] -- Found rclcpp: 28.1.8 (/opt/ros/jazzy/share/rclcpp/cmake)
[1.245s] -- Found rosidl_generator_c: 4.6.5 (/opt/ros/jazzy/share/rosidl_generator_c/cmake)
[1.272s] -- Found rosidl_generator_cpp: 4.6.5 (/opt/ros/jazzy/share/rosidl_generator_cpp/cmake)
[1.302s] -- Using all available rosidl_typesupport_c: rosidl_typesupport_fastrtps_c;rosidl_typesupport_introspection_c
[1.338s] -- Using all available rosidl_typesupport_cpp: rosidl_typesupport_fastrtps_cpp;rosidl_typesupport_introspection_cpp
[1.484s] -- Found rmw_implementation_cmake: 7.3.2 (/opt/ros/jazzy/share/rmw_implementation_cmake/cmake)
[1.491s] -- Found rmw_fastrtps_cpp: 8.4.2 (/opt/ros/jazzy/share/rmw_fastrtps_cpp/cmake)
[1.658s] -- Found OpenSSL: /usr/lib/x86_64-linux-gnu/libcrypto.so (found version "3.0.13")  
[1.695s] -- Found FastRTPS: /opt/ros/jazzy/include (Required is at least version "2.13") 
[1.741s] -- Using RMW implementation 'rmw_fastrtps_cpp' as default
[1.881s] -- Found sensor_msgs: 5.3.6 (/opt/ros/jazzy/share/sensor_msgs/cmake)
[1.994s] -- Found joy: 3.3.0 (/opt/ros/jazzy/share/joy/cmake)
[2.022s] -- Found ament_lint_auto: 0.17.2 (/opt/ros/jazzy/share/ament_lint_auto/cmake)
[2.203s] -- Added test 'cppcheck' to perform static code analysis on C / C++ code
[2.203s] -- Configured cppcheck include dirs: 
[2.204s] -- Configured cppcheck exclude dirs and/or files: 
[2.205s] -- Added test 'lint_cmake' to check CMake code style
[2.207s] -- Added test 'uncrustify' to check C / C++ code style
[2.207s] -- Configured uncrustify additional arguments: 
[2.208s] -- Added test 'xmllint' to check XML markup files
[2.211s] -- Configuring done (2.2s)
[2.233s] -- Generating done (0.0s)
[2.240s] -- Build files have been written to: /home/jv4k/potamon_ws/src/build/xbox_gamepad_reader
[2.260s] Invoked command in '/home/jv4k/potamon_ws/src/build/xbox_gamepad_reader' returned '0': CMAKE_PREFIX_PATH=${CMAKE_PREFIX_PATH}:/opt/ros/jazzy DEBUGINFOD_URLS=https://debuginfod.ubuntu.com /usr/bin/cmake /home/jv4k/potamon_ws/src/xbox_gamepad_reader -DCMAKE_INSTALL_PREFIX=/home/jv4k/potamon_ws/src/install/xbox_gamepad_reader
[2.262s] Invoking command in '/home/jv4k/potamon_ws/src/build/xbox_gamepad_reader': CMAKE_PREFIX_PATH=${CMAKE_PREFIX_PATH}:/opt/ros/jazzy DEBUGINFOD_URLS=https://debuginfod.ubuntu.com /usr/bin/cmake --build /home/jv4k/potamon_ws/src/build/xbox_gamepad_reader -- -j12 -l12
[2.360s] [ 50%] [32mBuilding CXX object CMakeFiles/xbox_gamepad_reader.dir/src/xbox_gamepad_reader.cpp.o[0m
[11.206s] [100%] [32m[1mLinking CXX executable xbox_gamepad_reader[0m
[11.574s] [100%] Built target xbox_gamepad_reader
