[0.013s] Invoking command in '/home/jv4k/potamon_ws/src/build/potamon-rpi': CMAKE_PREFIX_PATH=${CMAKE_PREFIX_PATH}:/opt/ros/jazzy DEBUGINFOD_URLS=https://debuginfod.ubuntu.com /usr/bin/cmake --build /home/jv4k/potamon_ws/src/build/potamon-rpi -- -j12 -l12
[0.104s] [ 50%] [32mBuilding CXX object CMakeFiles/potamon_rpi.dir/src/potamon_control.cpp.o[0m
[2.330s] [01m[K/home/jv4k/potamon_ws/src/potamon-rpi/src/potamon_control.cpp:332:41:[m[K [01;31m[Kerror: [m[K‘[01m[KEmpty[m[K’ is not a member of ‘[01m[Kstd_msgs::msg[m[K’; did you mean ‘[01m[Krclcpp::Empty[m[K’?
[2.331s]   332 |     rclcpp::Subscription<std_msgs::msg::[01;31m[KEmpty[m[K>::SharedPtr heartbeat_sub;
[2.331s]       |                                         [01;31m[K^~~~~[m[K
[2.331s] In file included from [01m[K/opt/ros/jazzy/include/rclcpp/rclcpp/wait_result.hpp:28[m[K,
[2.331s]                  from [01m[K/opt/ros/jazzy/include/rclcpp/rclcpp/executors/executor_entities_collection.hpp:28[m[K,
[2.332s]                  from [01m[K/opt/ros/jazzy/include/rclcpp/rclcpp/executor.hpp:39[m[K,
[2.332s]                  from [01m[K/opt/ros/jazzy/include/rclcpp/rclcpp/executors/multi_threaded_executor.hpp:25[m[K,
[2.332s]                  from [01m[K/opt/ros/jazzy/include/rclcpp/rclcpp/executors.hpp:21[m[K,
[2.332s]                  from [01m[K/opt/ros/jazzy/include/rclcpp/rclcpp/rclcpp.hpp:172[m[K,
[2.333s]                  from [01m[K/home/jv4k/potamon_ws/src/potamon-rpi/src/potamon_control.cpp:1[m[K:
[2.333s] [01m[K/opt/ros/jazzy/include/rclcpp/rclcpp/wait_result_kind.hpp:28:3:[m[K [01;36m[Knote: [m[K‘[01m[Krclcpp::Empty[m[K’ declared here
[2.333s]    28 |   [01;36m[KEmpty[m[K,  //<! Kind used when trying to wait on an empty wait set.
[2.333s]       |   [01;36m[K^~~~~[m[K
[2.334s] [01m[K/home/jv4k/potamon_ws/src/potamon-rpi/src/potamon_control.cpp:332:46:[m[K [01;31m[Kerror: [m[Ktemplate argument 1 is invalid
[2.334s]   332 |     rclcpp::Subscription<std_msgs::msg::Empty[01;31m[K>[m[K::SharedPtr heartbeat_sub;
[2.334s]       |                                              [01;31m[K^[m[K
[2.334s] [01m[K/home/jv4k/potamon_ws/src/potamon-rpi/src/potamon_control.cpp:332:46:[m[K [01;31m[Kerror: [m[Ktemplate argument 3 is invalid
[2.335s] [01m[K/home/jv4k/potamon_ws/src/potamon-rpi/src/potamon_control.cpp:332:46:[m[K [01;31m[Kerror: [m[Ktemplate argument 4 is invalid
[2.335s] [01m[K/home/jv4k/potamon_ws/src/potamon-rpi/src/potamon_control.cpp:332:46:[m[K [01;31m[Kerror: [m[Ktemplate argument 5 is invalid
[2.335s] [01m[K/home/jv4k/potamon_ws/src/potamon-rpi/src/potamon_control.cpp:332:49:[m[K [01;31m[Kerror: [m[Kexpected ‘[01m[K;[m[K’ at end of member declaration
[2.335s]   332 |     rclcpp::Subscription<std_msgs::msg::Empty>::[01;31m[KSharedPtr[m[K heartbeat_sub;
[2.335s]       |                                                 [01;31m[K^~~~~~~~~[m[K
[2.336s]       |                                                          [32m[K;[m[K
[2.336s] [01m[K/home/jv4k/potamon_ws/src/potamon-rpi/src/potamon_control.cpp:332:59:[m[K [01;31m[Kerror: [m[K‘[01m[Kheartbeat_sub[m[K’ does not name a type
[2.336s]   332 |     rclcpp::Subscription<std_msgs::msg::Empty>::SharedPtr [01;31m[Kheartbeat_sub[m[K;
[2.336s]       |                                                           [01;31m[K^~~~~~~~~~~~~[m[K
[2.355s] [01m[K/home/jv4k/potamon_ws/src/potamon-rpi/src/potamon_control.cpp:[m[K In constructor ‘[01m[KPotamonNode::[01;32m[KPotamonNode[m[K()[m[K’:
[2.355s] [01m[K/home/jv4k/potamon_ws/src/potamon-rpi/src/potamon_control.cpp:84:9:[m[K [01;31m[Kerror: [m[K‘[01m[Kheartbeat_sub[m[K’ was not declared in this scope
[2.355s]    84 |         [01;31m[Kheartbeat_sub[m[K = this->create_subscription<std_msgs::msg::Empty>(
[2.355s]       |         [01;31m[K^~~~~~~~~~~~~[m[K
[2.356s] [01m[K/home/jv4k/potamon_ws/src/potamon-rpi/src/potamon_control.cpp:84:66:[m[K [01;31m[Kerror: [m[K‘[01m[KEmpty[m[K’ is not a member of ‘[01m[Kstd_msgs::msg[m[K’; did you mean ‘[01m[Krclcpp::Empty[m[K’?
[2.356s]    84 |         heartbeat_sub = this->create_subscription<std_msgs::msg::[01;31m[KEmpty[m[K>(
[2.356s]       |                                                                  [01;31m[K^~~~~[m[K
[2.356s] [01m[K/opt/ros/jazzy/include/rclcpp/rclcpp/wait_result_kind.hpp:28:3:[m[K [01;36m[Knote: [m[K‘[01m[Krclcpp::Empty[m[K’ declared here
[2.356s]    28 |   [01;36m[KEmpty[m[K,  //<! Kind used when trying to wait on an empty wait set.
[2.356s]       |   [01;36m[K^~~~~[m[K
[2.357s] In file included from [01m[K/opt/ros/jazzy/include/rclcpp/rclcpp/utilities.hpp:19[m[K,
[2.357s]                  from [01m[K/opt/ros/jazzy/include/rclcpp/rclcpp/logging.hpp:25[m[K,
[2.357s]                  from [01m[K/opt/ros/jazzy/include/rclcpp/rclcpp/copy_all_parameter_values.hpp:27[m[K,
[2.357s]                  from [01m[K/opt/ros/jazzy/include/rclcpp/rclcpp/rclcpp.hpp:171[m[K:
[2.357s] /usr/include/c++/13/functional: In instantiation of ‘[01m[Kstruct std::_Bind_check_arity<void (PotamonNode::*)(), PotamonNode*, const std::_Placeholder<1>&>[m[K’:
[2.357s] [01m[K/usr/include/c++/13/functional:859:12:[m[K   required from ‘[01m[Kstruct std::_Bind_helper<false, void (PotamonNode::*)(), PotamonNode*, const std::_Placeholder<1>&>[m[K’
[2.357s] [01m[K/usr/include/c++/13/functional:881:5:[m[K   required by substitution of ‘[01m[Ktemplate<class _Func, class ... _BoundArgs> typename std::_Bind_helper<std::__is_socketlike<_Func>::value, _Func, _BoundArgs ...>::type std::[01;32m[Kbind[m[K(_Func&&, _BoundArgs&& ...) [35m[K[with _Func = void (PotamonNode::*)(); _BoundArgs = {PotamonNode*, const std::_Placeholder<1>&}][m[K[m[K’
[2.357s] [01m[K/home/jv4k/potamon_ws/src/potamon-rpi/src/potamon_control.cpp:87:22:[m[K   required from here
[2.357s] [01m[K/usr/include/c++/13/functional:847:21:[m[K [01;31m[Kerror: [m[Kstatic assertion failed: Wrong number of arguments for pointer-to-member
[2.357s]   846 |       static_assert(_Varargs::[01;31m[Kvalue[m[K
[2.358s]       |                               [01;31m[K~~~~~[m[K
[2.358s]   847 | [01;31m[K                    ? sizeof...(_BoundArgs) >= _Arity::value + 1[m[K
[2.358s]       |                     [01;31m[K^~~~~~~~~~~~~~~~~~~~~~~~~~~~~~~~~~~~~~~~~~~~[m[K
[2.358s]   848 | [01;31m[K                    : sizeof...(_BoundArgs) == _Arity::value + 1[m[K,
[2.358s]       |                     [01;31m[K~~~~~~~~~~~~~~~~~~~~~~~~~~~~~~~~~~~~~~~~~~~~[m[K
[2.358s] [01m[K/usr/include/c++/13/functional:847:21:[m[K [01;36m[Knote: [m[K‘[01m[K(false ? (2 >= (((long unsigned int)std::integral_constant<long unsigned int, 0>::value) + 1)) : (2 == (((long unsigned int)std::integral_constant<long unsigned int, 0>::value) + 1)))[m[K’ evaluates to false
[2.358s] [01m[K/home/jv4k/potamon_ws/src/potamon-rpi/src/potamon_control.cpp:84:72:[m[K [01;31m[Kerror: [m[Kno matching function for call to ‘[01m[KPotamonNode::create_subscription<<expression error> >(const char [11], rclcpp::QoS, std::_Bind_helper<false, void (PotamonNode::*)(), PotamonNode*, const std::_Placeholder<1>&>::type)[m[K’
[2.358s]    84 |         heartbeat_sub = [01;31m[Kthis->create_subscription<std_msgs::msg::Empty>([m[K
[2.358s]       |                         [01;31m[K~~~~~~~~~~~~~~~~~~~~~~~~~~~~~~~~~~~~~~~~~~~~~~~^[m[K
[2.358s]    85 | [01;31m[K            "/heartbeat",[m[K
[2.358s]       |             [01;31m[K~~~~~~~~~~~~~[m[K                                               
[2.359s]    86 | [01;31m[K            rclcpp::QoS(10),[m[K
[2.359s]       |             [01;31m[K~~~~~~~~~~~~~~~~[m[K                                            
[2.360s]    87 | [01;31m[K            std::bind(&PotamonNode::heartbeatCallback, this, std::placeholders::_1))[m[K;
[2.360s]       |             [01;31m[K~~~~~~~~~~~~~~~~~~~~~~~~~~~~~~~~~~~~~~~~~~~~~~~~~~~~~~~~~~~~~~~~~~~~~~~~[m[K
[2.360s] In file included from [01m[K/opt/ros/jazzy/include/rclcpp/rclcpp/node.hpp:1663[m[K,
[2.360s]                  from [01m[K/opt/ros/jazzy/include/rclcpp/rclcpp/executors/single_threaded_executor.hpp:28[m[K,
[2.360s]                  from [01m[K/opt/ros/jazzy/include/rclcpp/rclcpp/executors.hpp:22[m[K:
[2.360s] [01m[K/opt/ros/jazzy/include/rclcpp/rclcpp/node_impl.hpp:92:1:[m[K [01;36m[Knote: [m[Kcandidate: ‘[01m[Ktemplate<class MessageT, class CallbackT, class AllocatorT, class SubscriptionT, class MessageMemoryStrategyT> std::shared_ptr<ROSMessageT> rclcpp::Node::[01;32m[Kcreate_subscription[m[K(const std::string&, const rclcpp::QoS&, CallbackT&&, const rclcpp::SubscriptionOptionsWithAllocator<AllocatorT>&, typename MessageMemoryStrategyT::SharedPtr)[m[K’
[2.360s]    92 | [01;36m[KNode[m[K::create_subscription(
[2.360s]       | [01;36m[K^~~~[m[K
[2.360s] [01m[K/opt/ros/jazzy/include/rclcpp/rclcpp/node_impl.hpp:92:1:[m[K [01;36m[Knote: [m[K  template argument deduction/substitution failed:
[2.360s] [01m[K/home/jv4k/potamon_ws/src/potamon-rpi/src/potamon_control.cpp:84:72:[m[K [01;31m[Kerror: [m[Ktemplate argument 1 is invalid
[2.361s]    84 |         heartbeat_sub = [01;31m[Kthis->create_subscription<std_msgs::msg::Empty>([m[K
[2.361s]       |                         [01;31m[K~~~~~~~~~~~~~~~~~~~~~~~~~~~~~~~~~~~~~~~~~~~~~~~^[m[K
[2.361s]    85 | [01;31m[K            "/heartbeat",[m[K
[2.361s]       |             [01;31m[K~~~~~~~~~~~~~[m[K                                               
[2.361s]    86 | [01;31m[K            rclcpp::QoS(10),[m[K
[2.361s]       |             [01;31m[K~~~~~~~~~~~~~~~~[m[K                                            
[2.361s]    87 | [01;31m[K            std::bind(&PotamonNode::heartbeatCallback, this, std::placeholders::_1))[m[K;
[2.361s]       |             [01;31m[K~~~~~~~~~~~~~~~~~~~~~~~~~~~~~~~~~~~~~~~~~~~~~~~~~~~~~~~~~~~~~~~~~~~~~~~~[m[K
[2.367s] [01m[K/home/jv4k/potamon_ws/src/potamon-rpi/src/potamon_control.cpp:[m[K In member function ‘[01m[Kvoid PotamonNode::[01;32m[KwheelVelocityCallback[m[K(potamon_interfaces::msg::WheelVelocities_<std::allocator<void> >::SharedPtr)[m[K’:
[2.367s] [01m[K/home/jv4k/potamon_ws/src/potamon-rpi/src/potamon_control.cpp:285:50:[m[K [01;31m[Kerror: [m[K‘[01m[Kconst potamon_interfaces::msg::WheelVelocities_<std::allocator<void> >::SharedPtr[m[K’ {aka ‘[01m[Kconst class std::shared_ptr<potamon_interfaces::msg::WheelVelocities_<std::allocator<void> > >[m[K’} has no member named ‘[01m[Kvelocities[m[K’
[2.367s]   285 |         ptm_vcp_host.M1_VEL_TASK = (int16_t)(msg.[01;31m[Kvelocities[m[K[0] * 512.0f);
[2.367s]       |                                                  [01;31m[K^~~~~~~~~~[m[K
[2.368s] [01m[K/home/jv4k/potamon_ws/src/potamon-rpi/src/potamon_control.cpp:286:50:[m[K [01;31m[Kerror: [m[K‘[01m[Kconst potamon_interfaces::msg::WheelVelocities_<std::allocator<void> >::SharedPtr[m[K’ {aka ‘[01m[Kconst class std::shared_ptr<potamon_interfaces::msg::WheelVelocities_<std::allocator<void> > >[m[K’} has no member named ‘[01m[Kvelocities[m[K’
[2.368s]   286 |         ptm_vcp_host.M2_VEL_TASK = (int16_t)(msg.[01;31m[Kvelocities[m[K[1] * 512.0f);
[2.368s]       |                                                  [01;31m[K^~~~~~~~~~[m[K
[2.368s] [01m[K/home/jv4k/potamon_ws/src/potamon-rpi/src/potamon_control.cpp:287:50:[m[K [01;31m[Kerror: [m[K‘[01m[Kconst potamon_interfaces::msg::WheelVelocities_<std::allocator<void> >::SharedPtr[m[K’ {aka ‘[01m[Kconst class std::shared_ptr<potamon_interfaces::msg::WheelVelocities_<std::allocator<void> > >[m[K’} has no member named ‘[01m[Kvelocities[m[K’
[2.369s]   287 |         ptm_vcp_host.M3_VEL_TASK = (int16_t)(msg.[01;31m[Kvelocities[m[K[2] * 512.0f);
[2.369s]       |                                                  [01;31m[K^~~~~~~~~~[m[K
[2.369s] [01m[K/home/jv4k/potamon_ws/src/potamon-rpi/src/potamon_control.cpp:288:50:[m[K [01;31m[Kerror: [m[K‘[01m[Kconst potamon_interfaces::msg::WheelVelocities_<std::allocator<void> >::SharedPtr[m[K’ {aka ‘[01m[Kconst class std::shared_ptr<potamon_interfaces::msg::WheelVelocities_<std::allocator<void> > >[m[K’} has no member named ‘[01m[Kvelocities[m[K’
[2.369s]   288 |         ptm_vcp_host.M4_VEL_TASK = (int16_t)(msg.[01;31m[Kvelocities[m[K[3] * 512.0f);
[2.369s]       |                                                  [01;31m[K^~~~~~~~~~[m[K
[2.369s] [01m[K/home/jv4k/potamon_ws/src/potamon-rpi/src/potamon_control.cpp:[m[K In member function ‘[01m[Kvoid PotamonNode::[01;32m[KwheelAngleCallback[m[K(potamon_interfaces::msg::WheelAngles_<std::allocator<void> >::SharedPtr)[m[K’:
[2.370s] [01m[K/home/jv4k/potamon_ws/src/potamon-rpi/src/potamon_control.cpp:297:50:[m[K [01;31m[Kerror: [m[K‘[01m[Kconst potamon_interfaces::msg::WheelAngles_<std::allocator<void> >::SharedPtr[m[K’ {aka ‘[01m[Kconst class std::shared_ptr<potamon_interfaces::msg::WheelAngles_<std::allocator<void> > >[m[K’} has no member named ‘[01m[Kangles[m[K’
[2.370s]   297 |         ptm_vcp_host.M1_ANG_TASK = (int32_t)(msg.[01;31m[Kangles[m[K[0] * 1024.0f);
[2.370s]       |                                                  [01;31m[K^~~~~~[m[K
[2.370s] [01m[K/home/jv4k/potamon_ws/src/potamon-rpi/src/potamon_control.cpp:298:50:[m[K [01;31m[Kerror: [m[K‘[01m[Kconst potamon_interfaces::msg::WheelAngles_<std::allocator<void> >::SharedPtr[m[K’ {aka ‘[01m[Kconst class std::shared_ptr<potamon_interfaces::msg::WheelAngles_<std::allocator<void> > >[m[K’} has no member named ‘[01m[Kangles[m[K’
[2.371s]   298 |         ptm_vcp_host.M2_ANG_TASK = (int32_t)(msg.[01;31m[Kangles[m[K[1] * 1024.0f);
[2.371s]       |                                                  [01;31m[K^~~~~~[m[K
[2.371s] [01m[K/home/jv4k/potamon_ws/src/potamon-rpi/src/potamon_control.cpp:299:50:[m[K [01;31m[Kerror: [m[K‘[01m[Kconst potamon_interfaces::msg::WheelAngles_<std::allocator<void> >::SharedPtr[m[K’ {aka ‘[01m[Kconst class std::shared_ptr<potamon_interfaces::msg::WheelAngles_<std::allocator<void> > >[m[K’} has no member named ‘[01m[Kangles[m[K’
[2.371s]   299 |         ptm_vcp_host.M3_ANG_TASK = (int32_t)(msg.[01;31m[Kangles[m[K[2] * 1024.0f);
[2.372s]       |                                                  [01;31m[K^~~~~~[m[K
[2.372s] [01m[K/home/jv4k/potamon_ws/src/potamon-rpi/src/potamon_control.cpp:300:50:[m[K [01;31m[Kerror: [m[K‘[01m[Kconst potamon_interfaces::msg::WheelAngles_<std::allocator<void> >::SharedPtr[m[K’ {aka ‘[01m[Kconst class std::shared_ptr<potamon_interfaces::msg::WheelAngles_<std::allocator<void> > >[m[K’} has no member named ‘[01m[Kangles[m[K’
[2.372s]   300 |         ptm_vcp_host.M4_ANG_TASK = (int32_t)(msg.[01;31m[Kangles[m[K[3] * 1024.0f);
[2.372s]       |                                                  [01;31m[K^~~~~~[m[K
[2.372s] [01m[K/home/jv4k/potamon_ws/src/potamon-rpi/src/potamon_control.cpp:302:50:[m[K [01;31m[Kerror: [m[K‘[01m[Kconst potamon_interfaces::msg::WheelAngles_<std::allocator<void> >::SharedPtr[m[K’ {aka ‘[01m[Kconst class std::shared_ptr<potamon_interfaces::msg::WheelAngles_<std::allocator<void> > >[m[K’} has no member named ‘[01m[Kangular_velocity[m[K’
[2.372s]   302 |         ptm_vcp_host.M1_VEL_TASK = (int16_t)(msg.[01;31m[Kangular_velocity[m[K[0] * 512.0f);
[2.373s]       |                                                  [01;31m[K^~~~~~~~~~~~~~~~[m[K
[2.373s] [01m[K/home/jv4k/potamon_ws/src/potamon-rpi/src/potamon_control.cpp:303:50:[m[K [01;31m[Kerror: [m[K‘[01m[Kconst potamon_interfaces::msg::WheelAngles_<std::allocator<void> >::SharedPtr[m[K’ {aka ‘[01m[Kconst class std::shared_ptr<potamon_interfaces::msg::WheelAngles_<std::allocator<void> > >[m[K’} has no member named ‘[01m[Kangular_velocity[m[K’
[2.373s]   303 |         ptm_vcp_host.M2_VEL_TASK = (int16_t)(msg.[01;31m[Kangular_velocity[m[K[1] * 512.0f);
[2.373s]       |                                                  [01;31m[K^~~~~~~~~~~~~~~~[m[K
[2.373s] [01m[K/home/jv4k/potamon_ws/src/potamon-rpi/src/potamon_control.cpp:304:50:[m[K [01;31m[Kerror: [m[K‘[01m[Kconst potamon_interfaces::msg::WheelAngles_<std::allocator<void> >::SharedPtr[m[K’ {aka ‘[01m[Kconst class std::shared_ptr<potamon_interfaces::msg::WheelAngles_<std::allocator<void> > >[m[K’} has no member named ‘[01m[Kangular_velocity[m[K’
[2.373s]   304 |         ptm_vcp_host.M3_VEL_TASK = (int16_t)(msg.[01;31m[Kangular_velocity[m[K[2] * 512.0f);
[2.374s]       |                                                  [01;31m[K^~~~~~~~~~~~~~~~[m[K
[2.374s] [01m[K/home/jv4k/potamon_ws/src/potamon-rpi/src/potamon_control.cpp:305:50:[m[K [01;31m[Kerror: [m[K‘[01m[Kconst potamon_interfaces::msg::WheelAngles_<std::allocator<void> >::SharedPtr[m[K’ {aka ‘[01m[Kconst class std::shared_ptr<potamon_interfaces::msg::WheelAngles_<std::allocator<void> > >[m[K’} has no member named ‘[01m[Kangular_velocity[m[K’
[2.374s]   305 |         ptm_vcp_host.M4_VEL_TASK = (int16_t)(msg.[01;31m[Kangular_velocity[m[K[3] * 512.0f);
[2.374s]       |                                                  [01;31m[K^~~~~~~~~~~~~~~~[m[K
[6.310s] gmake[2]: *** [CMakeFiles/potamon_rpi.dir/build.make:76: CMakeFiles/potamon_rpi.dir/src/potamon_control.cpp.o] Error 1
[6.311s] gmake[1]: *** [CMakeFiles/Makefile2:137: CMakeFiles/potamon_rpi.dir/all] Error 2
[6.311s] gmake: *** [Makefile:146: all] Error 2
[6.317s] Invoked command in '/home/jv4k/potamon_ws/src/build/potamon-rpi' returned '2': CMAKE_PREFIX_PATH=${CMAKE_PREFIX_PATH}:/opt/ros/jazzy DEBUGINFOD_URLS=https://debuginfod.ubuntu.com /usr/bin/cmake --build /home/jv4k/potamon_ws/src/build/potamon-rpi -- -j12 -l12
