-- The C compiler identification is GNU 13.3.0
-- The CXX compiler identification is GNU 13.3.0
-- Detecting C compiler ABI info
-- Detecting C compiler ABI info - done
-- Check for working C compiler: /usr/bin/cc - skipped
-- Detecting C compile features
-- Detecting C compile features - done
-- Detecting CXX compiler ABI info
-- Detecting CXX compiler ABI info - done
-- Check for working CXX compiler: /usr/bin/c++ - skipped
-- Detecting CXX compile features
-- Detecting CXX compile features - done
-- Found ament_cmake: 2.5.3 (/opt/ros/jazzy/share/ament_cmake/cmake)
-- Found Python3: /usr/bin/python3 (found version "3.12.3") found components: Interpreter 
-- Found ament_lint_auto: 0.17.2 (/opt/ros/jazzy/share/ament_lint_auto/cmake)
-- Added test 'cppcheck' to perform static code analysis on C / C++ code
-- Configured cppcheck include dirs: 
-- Configured cppcheck exclude dirs and/or files: 
-- Added test 'lint_cmake' to check CMake code style
-- Added test 'uncrustify' to check C / C++ code style
-- Configured uncrustify additional arguments: 
-- Added test 'xmllint' to check XML markup files
-- Configuring done (0.9s)
-- Generating done (0.0s)
-- Build files have been written to: /home/jv4k/potamon_ws/src/build/potamon-rpi
-- Install configuration: ""
-- Installing: /home/jv4k/potamon_ws/src/install/potamon-rpi/share/ament_index/resource_index/package_run_dependencies/potamon-rpi
-- Installing: /home/jv4k/potamon_ws/src/install/potamon-rpi/share/ament_index/resource_index/parent_prefix_path/potamon-rpi
-- Installing: /home/jv4k/potamon_ws/src/install/potamon-rpi/share/potamon-rpi/environment/ament_prefix_path.sh
-- Installing: /home/jv4k/potamon_ws/src/install/potamon-rpi/share/potamon-rpi/environment/ament_prefix_path.dsv
-- Installing: /home/jv4k/potamon_ws/src/install/potamon-rpi/share/potamon-rpi/environment/path.sh
-- Installing: /home/jv4k/potamon_ws/src/install/potamon-rpi/share/potamon-rpi/environment/path.dsv
-- Installing: /home/jv4k/potamon_ws/src/install/potamon-rpi/share/potamon-rpi/local_setup.bash
-- Installing: /home/jv4k/potamon_ws/src/install/potamon-rpi/share/potamon-rpi/local_setup.sh
-- Installing: /home/jv4k/potamon_ws/src/install/potamon-rpi/share/potamon-rpi/local_setup.zsh
-- Installing: /home/jv4k/potamon_ws/src/install/potamon-rpi/share/potamon-rpi/local_setup.dsv
-- Installing: /home/jv4k/potamon_ws/src/install/potamon-rpi/share/potamon-rpi/package.dsv
-- Installing: /home/jv4k/potamon_ws/src/install/potamon-rpi/share/ament_index/resource_index/packages/potamon-rpi
-- Installing: /home/jv4k/potamon_ws/src/install/potamon-rpi/share/potamon-rpi/cmake/potamon-rpiConfig.cmake
-- Installing: /home/jv4k/potamon_ws/src/install/potamon-rpi/share/potamon-rpi/cmake/potamon-rpiConfig-version.cmake
-- Installing: /home/jv4k/potamon_ws/src/install/potamon-rpi/share/potamon-rpi/package.xml
