[0.139s] DEBUG:colcon:Command line arguments: ['/usr/bin/colcon', 'build']
[0.139s] DEBUG:colcon:Parsed command line arguments: Namespace(log_base=None, log_level=None, verb_name='build', build_base='build', install_base='install', merge_install=False, symlink_install=False, test_result_base=None, continue_on_error=False, executor='parallel', parallel_workers=4, event_handlers=None, ignore_user_meta=False, metas=['./colcon.meta'], base_paths=['.'], packages_ignore=None, packages_ignore_regex=None, paths=None, packages_up_to=None, packages_up_to_regex=None, packages_above=None, packages_above_and_dependencies=None, packages_above_depth=None, packages_select_by_dep=None, packages_skip_by_dep=None, packages_skip_up_to=None, packages_select_build_failed=False, packages_skip_build_finished=False, packages_select_test_failures=False, packages_skip_test_passed=False, packages_select=None, packages_skip=None, packages_select_regex=None, packages_skip_regex=None, packages_start=None, packages_end=None, allow_overriding=[], cmake_args=None, cmake_target=None, cmake_target_skip_unavailable=False, cmake_clean_cache=False, cmake_clean_first=False, cmake_force_configure=False, ament_cmake_args=None, catkin_cmake_args=None, catkin_skip_building_tests=False, mixin_files=None, mixin=None, verb_parser=<colcon_mixin.mixin.mixin_argument.MixinArgumentDecorator object at 0xffffb95d2810>, verb_extension=<colcon_core.verb.build.BuildVerb object at 0xffffb977ef00>, main=<bound method BuildVerb.main of <colcon_core.verb.build.BuildVerb object at 0xffffb977ef00>>, mixin_verb=('build',))
[0.194s] Level 1:colcon.colcon_core.package_discovery:discover_packages(colcon_meta) check parameters
[0.194s] Level 1:colcon.colcon_core.package_discovery:discover_packages(recursive) check parameters
[0.194s] Level 1:colcon.colcon_core.package_discovery:discover_packages(ignore) check parameters
[0.194s] Level 1:colcon.colcon_core.package_discovery:discover_packages(path) check parameters
[0.194s] Level 1:colcon.colcon_core.package_discovery:discover_packages(colcon_meta) discover
[0.194s] Level 1:colcon.colcon_core.package_discovery:discover_packages(recursive) discover
[0.194s] INFO:colcon.colcon_core.package_discovery:Crawling recursively for packages in '/home/potamon1/potamon_ws'
[0.195s] Level 1:colcon.colcon_core.package_identification:_identify(.) by extensions ['ignore', 'ignore_ament_install']
[0.195s] Level 1:colcon.colcon_core.package_identification:_identify(.) by extension 'ignore'
[0.195s] Level 1:colcon.colcon_core.package_identification:_identify(.) by extension 'ignore_ament_install'
[0.195s] Level 1:colcon.colcon_core.package_identification:_identify(.) by extensions ['colcon_pkg']
[0.195s] Level 1:colcon.colcon_core.package_identification:_identify(.) by extension 'colcon_pkg'
[0.195s] Level 1:colcon.colcon_core.package_identification:_identify(.) by extensions ['colcon_meta']
[0.195s] Level 1:colcon.colcon_core.package_identification:_identify(.) by extension 'colcon_meta'
[0.195s] Level 1:colcon.colcon_core.package_identification:_identify(.) by extensions ['ros']
[0.195s] Level 1:colcon.colcon_core.package_identification:_identify(.) by extension 'ros'
[0.232s] Level 1:colcon.colcon_core.package_identification:_identify(.) by extensions ['cmake', 'python']
[0.232s] Level 1:colcon.colcon_core.package_identification:_identify(.) by extension 'cmake'
[0.232s] Level 1:colcon.colcon_core.package_identification:_identify(.) by extension 'python'
[0.232s] Level 1:colcon.colcon_core.package_identification:_identify(.) by extensions ['python_setup_py']
[0.232s] Level 1:colcon.colcon_core.package_identification:_identify(.) by extension 'python_setup_py'
[0.232s] Level 1:colcon.colcon_core.package_identification:_identify(build) by extensions ['ignore', 'ignore_ament_install']
[0.232s] Level 1:colcon.colcon_core.package_identification:_identify(build) by extension 'ignore'
[0.232s] Level 1:colcon.colcon_core.package_identification:_identify(build) ignored
[0.232s] Level 1:colcon.colcon_core.package_identification:_identify(install) by extensions ['ignore', 'ignore_ament_install']
[0.233s] Level 1:colcon.colcon_core.package_identification:_identify(install) by extension 'ignore'
[0.233s] Level 1:colcon.colcon_core.package_identification:_identify(install) ignored
[0.233s] Level 1:colcon.colcon_core.package_identification:_identify(log) by extensions ['ignore', 'ignore_ament_install']
[0.233s] Level 1:colcon.colcon_core.package_identification:_identify(log) by extension 'ignore'
[0.233s] Level 1:colcon.colcon_core.package_identification:_identify(log) ignored
[0.233s] Level 1:colcon.colcon_core.package_identification:_identify(src) by extensions ['ignore', 'ignore_ament_install']
[0.233s] Level 1:colcon.colcon_core.package_identification:_identify(src) by extension 'ignore'
[0.233s] Level 1:colcon.colcon_core.package_identification:_identify(src) by extension 'ignore_ament_install'
[0.233s] Level 1:colcon.colcon_core.package_identification:_identify(src) by extensions ['colcon_pkg']
[0.233s] Level 1:colcon.colcon_core.package_identification:_identify(src) by extension 'colcon_pkg'
[0.233s] Level 1:colcon.colcon_core.package_identification:_identify(src) by extensions ['colcon_meta']
[0.233s] Level 1:colcon.colcon_core.package_identification:_identify(src) by extension 'colcon_meta'
[0.233s] Level 1:colcon.colcon_core.package_identification:_identify(src) by extensions ['ros']
[0.233s] Level 1:colcon.colcon_core.package_identification:_identify(src) by extension 'ros'
[0.233s] Level 1:colcon.colcon_core.package_identification:_identify(src) by extensions ['cmake', 'python']
[0.233s] Level 1:colcon.colcon_core.package_identification:_identify(src) by extension 'cmake'
[0.233s] Level 1:colcon.colcon_core.package_identification:_identify(src) by extension 'python'
[0.233s] Level 1:colcon.colcon_core.package_identification:_identify(src) by extensions ['python_setup_py']
[0.233s] Level 1:colcon.colcon_core.package_identification:_identify(src) by extension 'python_setup_py'
[0.234s] Level 1:colcon.colcon_core.package_identification:_identify(src/build) by extensions ['ignore', 'ignore_ament_install']
[0.234s] Level 1:colcon.colcon_core.package_identification:_identify(src/build) by extension 'ignore'
[0.234s] Level 1:colcon.colcon_core.package_identification:_identify(src/build) ignored
[0.234s] Level 1:colcon.colcon_core.package_identification:_identify(src/install) by extensions ['ignore', 'ignore_ament_install']
[0.234s] Level 1:colcon.colcon_core.package_identification:_identify(src/install) by extension 'ignore'
[0.234s] Level 1:colcon.colcon_core.package_identification:_identify(src/install) ignored
[0.234s] Level 1:colcon.colcon_core.package_identification:_identify(src/log) by extensions ['ignore', 'ignore_ament_install']
[0.234s] Level 1:colcon.colcon_core.package_identification:_identify(src/log) by extension 'ignore'
[0.234s] Level 1:colcon.colcon_core.package_identification:_identify(src/log) ignored
[0.234s] Level 1:colcon.colcon_core.package_identification:_identify(src/potamon-rpi) by extensions ['ignore', 'ignore_ament_install']
[0.234s] Level 1:colcon.colcon_core.package_identification:_identify(src/potamon-rpi) by extension 'ignore'
[0.234s] Level 1:colcon.colcon_core.package_identification:_identify(src/potamon-rpi) by extension 'ignore_ament_install'
[0.235s] Level 1:colcon.colcon_core.package_identification:_identify(src/potamon-rpi) by extensions ['colcon_pkg']
[0.235s] Level 1:colcon.colcon_core.package_identification:_identify(src/potamon-rpi) by extension 'colcon_pkg'
[0.235s] Level 1:colcon.colcon_core.package_identification:_identify(src/potamon-rpi) by extensions ['colcon_meta']
[0.235s] Level 1:colcon.colcon_core.package_identification:_identify(src/potamon-rpi) by extension 'colcon_meta'
[0.235s] Level 1:colcon.colcon_core.package_identification:_identify(src/potamon-rpi) by extensions ['ros']
[0.235s] Level 1:colcon.colcon_core.package_identification:_identify(src/potamon-rpi) by extension 'ros'
[0.238s] DEBUG:colcon.colcon_core.package_identification:Package 'src/potamon-rpi' with type 'ros.ament_cmake' and name 'potamon-rpi'
[0.238s] Level 1:colcon.colcon_core.package_identification:_identify(src/potamon_interfaces) by extensions ['ignore', 'ignore_ament_install']
[0.238s] Level 1:colcon.colcon_core.package_identification:_identify(src/potamon_interfaces) by extension 'ignore'
[0.239s] Level 1:colcon.colcon_core.package_identification:_identify(src/potamon_interfaces) by extension 'ignore_ament_install'
[0.239s] Level 1:colcon.colcon_core.package_identification:_identify(src/potamon_interfaces) by extensions ['colcon_pkg']
[0.239s] Level 1:colcon.colcon_core.package_identification:_identify(src/potamon_interfaces) by extension 'colcon_pkg'
[0.239s] Level 1:colcon.colcon_core.package_identification:_identify(src/potamon_interfaces) by extensions ['colcon_meta']
[0.239s] Level 1:colcon.colcon_core.package_identification:_identify(src/potamon_interfaces) by extension 'colcon_meta'
[0.239s] Level 1:colcon.colcon_core.package_identification:_identify(src/potamon_interfaces) by extensions ['ros']
[0.239s] Level 1:colcon.colcon_core.package_identification:_identify(src/potamon_interfaces) by extension 'ros'
[0.239s] DEBUG:colcon.colcon_core.package_identification:Package 'src/potamon_interfaces' with type 'ros.ament_cmake' and name 'potamon_interfaces'
[0.239s] Level 1:colcon.colcon_core.package_discovery:discover_packages(recursive) using defaults
[0.240s] Level 1:colcon.colcon_core.package_discovery:discover_packages(ignore) discover
[0.240s] Level 1:colcon.colcon_core.package_discovery:discover_packages(ignore) using defaults
[0.240s] Level 1:colcon.colcon_core.package_discovery:discover_packages(path) discover
[0.240s] Level 1:colcon.colcon_core.package_discovery:discover_packages(path) using defaults
[0.262s] Level 1:colcon.colcon_core.package_discovery:discover_packages(prefix_path) check parameters
[0.263s] Level 1:colcon.colcon_core.package_discovery:discover_packages(prefix_path) discover
[0.265s] DEBUG:colcon.colcon_installed_package_information.package_discovery:Found 191 installed packages in /opt/ros/jazzy
[0.266s] Level 1:colcon.colcon_core.package_discovery:discover_packages(prefix_path) using defaults
[0.304s] Level 5:colcon.colcon_core.verb:set package 'potamon_interfaces' build argument 'cmake_args' from command line to 'None'
[0.304s] Level 5:colcon.colcon_core.verb:set package 'potamon_interfaces' build argument 'cmake_target' from command line to 'None'
[0.304s] Level 5:colcon.colcon_core.verb:set package 'potamon_interfaces' build argument 'cmake_target_skip_unavailable' from command line to 'False'
[0.304s] Level 5:colcon.colcon_core.verb:set package 'potamon_interfaces' build argument 'cmake_clean_cache' from command line to 'False'
[0.304s] Level 5:colcon.colcon_core.verb:set package 'potamon_interfaces' build argument 'cmake_clean_first' from command line to 'False'
[0.304s] Level 5:colcon.colcon_core.verb:set package 'potamon_interfaces' build argument 'cmake_force_configure' from command line to 'False'
[0.304s] Level 5:colcon.colcon_core.verb:set package 'potamon_interfaces' build argument 'ament_cmake_args' from command line to 'None'
[0.304s] Level 5:colcon.colcon_core.verb:set package 'potamon_interfaces' build argument 'catkin_cmake_args' from command line to 'None'
[0.304s] Level 5:colcon.colcon_core.verb:set package 'potamon_interfaces' build argument 'catkin_skip_building_tests' from command line to 'False'
[0.304s] DEBUG:colcon.colcon_core.verb:Building package 'potamon_interfaces' with the following arguments: {'ament_cmake_args': None, 'build_base': '/home/potamon1/potamon_ws/build/potamon_interfaces', 'catkin_cmake_args': None, 'catkin_skip_building_tests': False, 'cmake_args': None, 'cmake_clean_cache': False, 'cmake_clean_first': False, 'cmake_force_configure': False, 'cmake_target': None, 'cmake_target_skip_unavailable': False, 'install_base': '/home/potamon1/potamon_ws/install/potamon_interfaces', 'merge_install': False, 'path': '/home/potamon1/potamon_ws/src/potamon_interfaces', 'symlink_install': False, 'test_result_base': None}
[0.304s] Level 5:colcon.colcon_core.verb:set package 'potamon-rpi' build argument 'cmake_args' from command line to 'None'
[0.304s] Level 5:colcon.colcon_core.verb:set package 'potamon-rpi' build argument 'cmake_target' from command line to 'None'
[0.304s] Level 5:colcon.colcon_core.verb:set package 'potamon-rpi' build argument 'cmake_target_skip_unavailable' from command line to 'False'
[0.305s] Level 5:colcon.colcon_core.verb:set package 'potamon-rpi' build argument 'cmake_clean_cache' from command line to 'False'
[0.305s] Level 5:colcon.colcon_core.verb:set package 'potamon-rpi' build argument 'cmake_clean_first' from command line to 'False'
[0.305s] Level 5:colcon.colcon_core.verb:set package 'potamon-rpi' build argument 'cmake_force_configure' from command line to 'False'
[0.305s] Level 5:colcon.colcon_core.verb:set package 'potamon-rpi' build argument 'ament_cmake_args' from command line to 'None'
[0.305s] Level 5:colcon.colcon_core.verb:set package 'potamon-rpi' build argument 'catkin_cmake_args' from command line to 'None'
[0.305s] Level 5:colcon.colcon_core.verb:set package 'potamon-rpi' build argument 'catkin_skip_building_tests' from command line to 'False'
[0.305s] DEBUG:colcon.colcon_core.verb:Building package 'potamon-rpi' with the following arguments: {'ament_cmake_args': None, 'build_base': '/home/potamon1/potamon_ws/build/potamon-rpi', 'catkin_cmake_args': None, 'catkin_skip_building_tests': False, 'cmake_args': None, 'cmake_clean_cache': False, 'cmake_clean_first': False, 'cmake_force_configure': False, 'cmake_target': None, 'cmake_target_skip_unavailable': False, 'install_base': '/home/potamon1/potamon_ws/install/potamon-rpi', 'merge_install': False, 'path': '/home/potamon1/potamon_ws/src/potamon-rpi', 'symlink_install': False, 'test_result_base': None}
[0.305s] INFO:colcon.colcon_core.executor:Executing jobs using 'parallel' executor
[0.306s] DEBUG:colcon.colcon_parallel_executor.executor.parallel:run_until_complete
[0.306s] INFO:colcon.colcon_ros.task.ament_cmake.build:Building ROS package in '/home/potamon1/potamon_ws/src/potamon_interfaces' with build type 'ament_cmake'
[0.307s] INFO:colcon.colcon_cmake.task.cmake.build:Building CMake package in '/home/potamon1/potamon_ws/src/potamon_interfaces'
[0.315s] INFO:colcon.colcon_core.plugin_system:Skipping extension 'colcon_core.shell.bat': Not used on non-Windows systems
[0.316s] INFO:colcon.colcon_core.shell:Skip shell extension 'powershell' for command environment: Not usable outside of PowerShell
[0.316s] DEBUG:colcon.colcon_core.shell:Skip shell extension 'dsv' for command environment
[0.329s] DEBUG:colcon.colcon_core.event_handler.log_command:Invoking command in '/home/potamon1/potamon_ws/build/potamon_interfaces': CMAKE_PREFIX_PATH=/opt/ros/jazzy /usr/bin/cmake /home/potamon1/potamon_ws/src/potamon_interfaces -DCMAKE_INSTALL_PREFIX=/home/potamon1/potamon_ws/install/potamon_interfaces
[5.891s] DEBUG:colcon.colcon_core.event_handler.log_command:Invoked command in '/home/potamon1/potamon_ws/build/potamon_interfaces' returned '0': CMAKE_PREFIX_PATH=/opt/ros/jazzy /usr/bin/cmake /home/potamon1/potamon_ws/src/potamon_interfaces -DCMAKE_INSTALL_PREFIX=/home/potamon1/potamon_ws/install/potamon_interfaces
[5.893s] DEBUG:colcon.colcon_core.event_handler.log_command:Invoking command in '/home/potamon1/potamon_ws/build/potamon_interfaces': CMAKE_PREFIX_PATH=/opt/ros/jazzy /usr/bin/cmake --build /home/potamon1/potamon_ws/build/potamon_interfaces -- -j4 -l4
[17.365s] DEBUG:colcon.colcon_core.event_handler.log_command:Invoked command in '/home/potamon1/potamon_ws/build/potamon_interfaces' returned '0': CMAKE_PREFIX_PATH=/opt/ros/jazzy /usr/bin/cmake --build /home/potamon1/potamon_ws/build/potamon_interfaces -- -j4 -l4
[17.382s] DEBUG:colcon.colcon_core.event_handler.log_command:Invoking command in '/home/potamon1/potamon_ws/build/potamon_interfaces': CMAKE_PREFIX_PATH=/opt/ros/jazzy /usr/bin/cmake --install /home/potamon1/potamon_ws/build/potamon_interfaces
[17.520s] Level 1:colcon.colcon_core.environment:create_environment_scripts_only(potamon_interfaces)
[17.520s] DEBUG:colcon.colcon_core.event_handler.log_command:Invoked command in '/home/potamon1/potamon_ws/build/potamon_interfaces' returned '0': CMAKE_PREFIX_PATH=/opt/ros/jazzy /usr/bin/cmake --install /home/potamon1/potamon_ws/build/potamon_interfaces
[17.531s] Level 1:colcon.colcon_core.environment:checking '/home/potamon1/potamon_ws/install/potamon_interfaces' for CMake module files
[17.532s] Level 1:colcon.colcon_core.environment:checking '/home/potamon1/potamon_ws/install/potamon_interfaces' for CMake config files
[17.534s] Level 1:colcon.colcon_core.shell:create_environment_hook('potamon_interfaces', 'cmake_prefix_path')
[17.534s] INFO:colcon.colcon_core.shell:Creating environment hook '/home/potamon1/potamon_ws/install/potamon_interfaces/share/potamon_interfaces/hook/cmake_prefix_path.ps1'
[17.536s] INFO:colcon.colcon_core.shell:Creating environment descriptor '/home/potamon1/potamon_ws/install/potamon_interfaces/share/potamon_interfaces/hook/cmake_prefix_path.dsv'
[17.537s] INFO:colcon.colcon_core.shell:Creating environment hook '/home/potamon1/potamon_ws/install/potamon_interfaces/share/potamon_interfaces/hook/cmake_prefix_path.sh'
[17.538s] Level 1:colcon.colcon_core.environment:checking '/home/potamon1/potamon_ws/install/potamon_interfaces/lib'
[17.538s] Level 1:colcon.colcon_core.shell:create_environment_hook('potamon_interfaces', 'ld_library_path_lib')
[17.539s] INFO:colcon.colcon_core.shell:Creating environment hook '/home/potamon1/potamon_ws/install/potamon_interfaces/share/potamon_interfaces/hook/ld_library_path_lib.ps1'
[17.539s] INFO:colcon.colcon_core.shell:Creating environment descriptor '/home/potamon1/potamon_ws/install/potamon_interfaces/share/potamon_interfaces/hook/ld_library_path_lib.dsv'
[17.540s] INFO:colcon.colcon_core.shell:Creating environment hook '/home/potamon1/potamon_ws/install/potamon_interfaces/share/potamon_interfaces/hook/ld_library_path_lib.sh'
[17.540s] Level 1:colcon.colcon_core.environment:checking '/home/potamon1/potamon_ws/install/potamon_interfaces/bin'
[17.540s] Level 1:colcon.colcon_core.environment:checking '/home/potamon1/potamon_ws/install/potamon_interfaces/lib/pkgconfig/potamon_interfaces.pc'
[17.541s] Level 1:colcon.colcon_core.environment:checking '/home/potamon1/potamon_ws/install/potamon_interfaces/lib/python3.12/site-packages'
[17.541s] Level 1:colcon.colcon_core.shell:create_environment_hook('potamon_interfaces', 'pythonpath')
[17.541s] INFO:colcon.colcon_core.shell:Creating environment hook '/home/potamon1/potamon_ws/install/potamon_interfaces/share/potamon_interfaces/hook/pythonpath.ps1'
[17.541s] INFO:colcon.colcon_core.shell:Creating environment descriptor '/home/potamon1/potamon_ws/install/potamon_interfaces/share/potamon_interfaces/hook/pythonpath.dsv'
[17.542s] INFO:colcon.colcon_core.shell:Creating environment hook '/home/potamon1/potamon_ws/install/potamon_interfaces/share/potamon_interfaces/hook/pythonpath.sh'
[17.542s] Level 1:colcon.colcon_core.environment:checking '/home/potamon1/potamon_ws/install/potamon_interfaces/bin'
[17.543s] INFO:colcon.colcon_core.shell:Creating package script '/home/potamon1/potamon_ws/install/potamon_interfaces/share/potamon_interfaces/package.ps1'
[17.545s] INFO:colcon.colcon_core.shell:Creating package descriptor '/home/potamon1/potamon_ws/install/potamon_interfaces/share/potamon_interfaces/package.dsv'
[17.546s] INFO:colcon.colcon_core.shell:Creating package script '/home/potamon1/potamon_ws/install/potamon_interfaces/share/potamon_interfaces/package.sh'
[17.551s] INFO:colcon.colcon_core.shell:Creating package script '/home/potamon1/potamon_ws/install/potamon_interfaces/share/potamon_interfaces/package.bash'
[17.553s] INFO:colcon.colcon_core.shell:Creating package script '/home/potamon1/potamon_ws/install/potamon_interfaces/share/potamon_interfaces/package.zsh'
[17.554s] Level 1:colcon.colcon_core.environment:create_file_with_runtime_dependencies(/home/potamon1/potamon_ws/install/potamon_interfaces/share/colcon-core/packages/potamon_interfaces)
[17.555s] Level 1:colcon.colcon_core.environment:create_environment_scripts_only(potamon_interfaces)
[17.555s] Level 1:colcon.colcon_core.environment:checking '/home/potamon1/potamon_ws/install/potamon_interfaces' for CMake module files
[17.556s] Level 1:colcon.colcon_core.environment:checking '/home/potamon1/potamon_ws/install/potamon_interfaces' for CMake config files
[17.557s] Level 1:colcon.colcon_core.shell:create_environment_hook('potamon_interfaces', 'cmake_prefix_path')
[17.557s] INFO:colcon.colcon_core.shell:Creating environment hook '/home/potamon1/potamon_ws/install/potamon_interfaces/share/potamon_interfaces/hook/cmake_prefix_path.ps1'
[17.558s] INFO:colcon.colcon_core.shell:Creating environment descriptor '/home/potamon1/potamon_ws/install/potamon_interfaces/share/potamon_interfaces/hook/cmake_prefix_path.dsv'
[17.559s] INFO:colcon.colcon_core.shell:Creating environment hook '/home/potamon1/potamon_ws/install/potamon_interfaces/share/potamon_interfaces/hook/cmake_prefix_path.sh'
[17.560s] Level 1:colcon.colcon_core.environment:checking '/home/potamon1/potamon_ws/install/potamon_interfaces/lib'
[17.560s] Level 1:colcon.colcon_core.shell:create_environment_hook('potamon_interfaces', 'ld_library_path_lib')
[17.561s] INFO:colcon.colcon_core.shell:Creating environment hook '/home/potamon1/potamon_ws/install/potamon_interfaces/share/potamon_interfaces/hook/ld_library_path_lib.ps1'
[17.561s] INFO:colcon.colcon_core.shell:Creating environment descriptor '/home/potamon1/potamon_ws/install/potamon_interfaces/share/potamon_interfaces/hook/ld_library_path_lib.dsv'
[17.562s] INFO:colcon.colcon_core.shell:Creating environment hook '/home/potamon1/potamon_ws/install/potamon_interfaces/share/potamon_interfaces/hook/ld_library_path_lib.sh'
[17.563s] Level 1:colcon.colcon_core.environment:checking '/home/potamon1/potamon_ws/install/potamon_interfaces/bin'
[17.563s] Level 1:colcon.colcon_core.environment:checking '/home/potamon1/potamon_ws/install/potamon_interfaces/lib/pkgconfig/potamon_interfaces.pc'
[17.563s] Level 1:colcon.colcon_core.environment:checking '/home/potamon1/potamon_ws/install/potamon_interfaces/lib/python3.12/site-packages'
[17.563s] Level 1:colcon.colcon_core.shell:create_environment_hook('potamon_interfaces', 'pythonpath')
[17.563s] INFO:colcon.colcon_core.shell:Creating environment hook '/home/potamon1/potamon_ws/install/potamon_interfaces/share/potamon_interfaces/hook/pythonpath.ps1'
[17.564s] INFO:colcon.colcon_core.shell:Creating environment descriptor '/home/potamon1/potamon_ws/install/potamon_interfaces/share/potamon_interfaces/hook/pythonpath.dsv'
[17.565s] INFO:colcon.colcon_core.shell:Creating environment hook '/home/potamon1/potamon_ws/install/potamon_interfaces/share/potamon_interfaces/hook/pythonpath.sh'
[17.566s] Level 1:colcon.colcon_core.environment:checking '/home/potamon1/potamon_ws/install/potamon_interfaces/bin'
[17.566s] INFO:colcon.colcon_core.shell:Creating package script '/home/potamon1/potamon_ws/install/potamon_interfaces/share/potamon_interfaces/package.ps1'
[17.567s] INFO:colcon.colcon_core.shell:Creating package descriptor '/home/potamon1/potamon_ws/install/potamon_interfaces/share/potamon_interfaces/package.dsv'
[17.568s] INFO:colcon.colcon_core.shell:Creating package script '/home/potamon1/potamon_ws/install/potamon_interfaces/share/potamon_interfaces/package.sh'
[17.568s] INFO:colcon.colcon_core.shell:Creating package script '/home/potamon1/potamon_ws/install/potamon_interfaces/share/potamon_interfaces/package.bash'
[17.569s] INFO:colcon.colcon_core.shell:Creating package script '/home/potamon1/potamon_ws/install/potamon_interfaces/share/potamon_interfaces/package.zsh'
[17.570s] Level 1:colcon.colcon_core.environment:create_file_with_runtime_dependencies(/home/potamon1/potamon_ws/install/potamon_interfaces/share/colcon-core/packages/potamon_interfaces)
[17.571s] INFO:colcon.colcon_ros.task.ament_cmake.build:Building ROS package in '/home/potamon1/potamon_ws/src/potamon-rpi' with build type 'ament_cmake'
[17.571s] INFO:colcon.colcon_cmake.task.cmake.build:Building CMake package in '/home/potamon1/potamon_ws/src/potamon-rpi'
[17.571s] INFO:colcon.colcon_core.shell:Skip shell extension 'powershell' for command environment: Not usable outside of PowerShell
[17.571s] DEBUG:colcon.colcon_core.shell:Skip shell extension 'dsv' for command environment
[17.585s] DEBUG:colcon.colcon_core.event_handler.log_command:Invoking command in '/home/potamon1/potamon_ws/build/potamon-rpi': AMENT_PREFIX_PATH=/home/potamon1/potamon_ws/install/potamon_interfaces:${AMENT_PREFIX_PATH} CMAKE_PREFIX_PATH=/home/potamon1/potamon_ws/install/potamon_interfaces:/opt/ros/jazzy LD_LIBRARY_PATH=/home/potamon1/potamon_ws/install/potamon_interfaces/lib:${LD_LIBRARY_PATH} PYTHONPATH=/home/potamon1/potamon_ws/install/potamon_interfaces/lib/python3.12/site-packages:${PYTHONPATH} /usr/bin/cmake /home/potamon1/potamon_ws/src/potamon-rpi -DCMAKE_INSTALL_PREFIX=/home/potamon1/potamon_ws/install/potamon-rpi
[19.540s] DEBUG:colcon.colcon_core.event_handler.log_command:Invoked command in '/home/potamon1/potamon_ws/build/potamon-rpi' returned '0': AMENT_PREFIX_PATH=/home/potamon1/potamon_ws/install/potamon_interfaces:${AMENT_PREFIX_PATH} CMAKE_PREFIX_PATH=/home/potamon1/potamon_ws/install/potamon_interfaces:/opt/ros/jazzy LD_LIBRARY_PATH=/home/potamon1/potamon_ws/install/potamon_interfaces/lib:${LD_LIBRARY_PATH} PYTHONPATH=/home/potamon1/potamon_ws/install/potamon_interfaces/lib/python3.12/site-packages:${PYTHONPATH} /usr/bin/cmake /home/potamon1/potamon_ws/src/potamon-rpi -DCMAKE_INSTALL_PREFIX=/home/potamon1/potamon_ws/install/potamon-rpi
[19.542s] DEBUG:colcon.colcon_core.event_handler.log_command:Invoking command in '/home/potamon1/potamon_ws/build/potamon-rpi': AMENT_PREFIX_PATH=/home/potamon1/potamon_ws/install/potamon_interfaces:${AMENT_PREFIX_PATH} CMAKE_PREFIX_PATH=/home/potamon1/potamon_ws/install/potamon_interfaces:/opt/ros/jazzy LD_LIBRARY_PATH=/home/potamon1/potamon_ws/install/potamon_interfaces/lib:${LD_LIBRARY_PATH} PYTHONPATH=/home/potamon1/potamon_ws/install/potamon_interfaces/lib/python3.12/site-packages:${PYTHONPATH} /usr/bin/cmake --build /home/potamon1/potamon_ws/build/potamon-rpi -- -j4 -l4
[53.127s] DEBUG:colcon.colcon_core.event_handler.log_command:Invoked command in '/home/potamon1/potamon_ws/build/potamon-rpi' returned '0': AMENT_PREFIX_PATH=/home/potamon1/potamon_ws/install/potamon_interfaces:${AMENT_PREFIX_PATH} CMAKE_PREFIX_PATH=/home/potamon1/potamon_ws/install/potamon_interfaces:/opt/ros/jazzy LD_LIBRARY_PATH=/home/potamon1/potamon_ws/install/potamon_interfaces/lib:${LD_LIBRARY_PATH} PYTHONPATH=/home/potamon1/potamon_ws/install/potamon_interfaces/lib/python3.12/site-packages:${PYTHONPATH} /usr/bin/cmake --build /home/potamon1/potamon_ws/build/potamon-rpi -- -j4 -l4
[53.129s] DEBUG:colcon.colcon_core.event_handler.log_command:Invoking command in '/home/potamon1/potamon_ws/build/potamon-rpi': AMENT_PREFIX_PATH=/home/potamon1/potamon_ws/install/potamon_interfaces:${AMENT_PREFIX_PATH} CMAKE_PREFIX_PATH=/home/potamon1/potamon_ws/install/potamon_interfaces:/opt/ros/jazzy LD_LIBRARY_PATH=/home/potamon1/potamon_ws/install/potamon_interfaces/lib:${LD_LIBRARY_PATH} PYTHONPATH=/home/potamon1/potamon_ws/install/potamon_interfaces/lib/python3.12/site-packages:${PYTHONPATH} /usr/bin/cmake --install /home/potamon1/potamon_ws/build/potamon-rpi
[53.176s] Level 1:colcon.colcon_core.environment:create_environment_scripts_only(potamon-rpi)
[53.176s] Level 1:colcon.colcon_core.environment:checking '/home/potamon1/potamon_ws/install/potamon-rpi' for CMake module files
[53.176s] DEBUG:colcon.colcon_core.event_handler.log_command:Invoked command in '/home/potamon1/potamon_ws/build/potamon-rpi' returned '0': AMENT_PREFIX_PATH=/home/potamon1/potamon_ws/install/potamon_interfaces:${AMENT_PREFIX_PATH} CMAKE_PREFIX_PATH=/home/potamon1/potamon_ws/install/potamon_interfaces:/opt/ros/jazzy LD_LIBRARY_PATH=/home/potamon1/potamon_ws/install/potamon_interfaces/lib:${LD_LIBRARY_PATH} PYTHONPATH=/home/potamon1/potamon_ws/install/potamon_interfaces/lib/python3.12/site-packages:${PYTHONPATH} /usr/bin/cmake --install /home/potamon1/potamon_ws/build/potamon-rpi
[53.177s] Level 1:colcon.colcon_core.environment:checking '/home/potamon1/potamon_ws/install/potamon-rpi' for CMake config files
[53.177s] Level 1:colcon.colcon_core.shell:create_environment_hook('potamon-rpi', 'cmake_prefix_path')
[53.177s] INFO:colcon.colcon_core.shell:Creating environment hook '/home/potamon1/potamon_ws/install/potamon-rpi/share/potamon-rpi/hook/cmake_prefix_path.ps1'
[53.178s] INFO:colcon.colcon_core.shell:Creating environment descriptor '/home/potamon1/potamon_ws/install/potamon-rpi/share/potamon-rpi/hook/cmake_prefix_path.dsv'
[53.178s] INFO:colcon.colcon_core.shell:Creating environment hook '/home/potamon1/potamon_ws/install/potamon-rpi/share/potamon-rpi/hook/cmake_prefix_path.sh'
[53.179s] Level 1:colcon.colcon_core.environment:checking '/home/potamon1/potamon_ws/install/potamon-rpi/lib'
[53.179s] Level 1:colcon.colcon_core.environment:checking '/home/potamon1/potamon_ws/install/potamon-rpi/bin'
[53.179s] Level 1:colcon.colcon_core.environment:checking '/home/potamon1/potamon_ws/install/potamon-rpi/lib/pkgconfig/potamon-rpi.pc'
[53.179s] Level 1:colcon.colcon_core.environment:checking '/home/potamon1/potamon_ws/install/potamon-rpi/lib/python3.12/site-packages'
[53.180s] Level 1:colcon.colcon_core.environment:checking '/home/potamon1/potamon_ws/install/potamon-rpi/bin'
[53.180s] INFO:colcon.colcon_core.shell:Creating package script '/home/potamon1/potamon_ws/install/potamon-rpi/share/potamon-rpi/package.ps1'
[53.180s] INFO:colcon.colcon_core.shell:Creating package descriptor '/home/potamon1/potamon_ws/install/potamon-rpi/share/potamon-rpi/package.dsv'
[53.181s] INFO:colcon.colcon_core.shell:Creating package script '/home/potamon1/potamon_ws/install/potamon-rpi/share/potamon-rpi/package.sh'
[53.181s] INFO:colcon.colcon_core.shell:Creating package script '/home/potamon1/potamon_ws/install/potamon-rpi/share/potamon-rpi/package.bash'
[53.182s] INFO:colcon.colcon_core.shell:Creating package script '/home/potamon1/potamon_ws/install/potamon-rpi/share/potamon-rpi/package.zsh'
[53.182s] Level 1:colcon.colcon_core.environment:create_file_with_runtime_dependencies(/home/potamon1/potamon_ws/install/potamon-rpi/share/colcon-core/packages/potamon-rpi)
[53.183s] Level 1:colcon.colcon_core.environment:create_environment_scripts_only(potamon-rpi)
[53.183s] Level 1:colcon.colcon_core.environment:checking '/home/potamon1/potamon_ws/install/potamon-rpi' for CMake module files
[53.183s] Level 1:colcon.colcon_core.environment:checking '/home/potamon1/potamon_ws/install/potamon-rpi' for CMake config files
[53.184s] Level 1:colcon.colcon_core.shell:create_environment_hook('potamon-rpi', 'cmake_prefix_path')
[53.184s] INFO:colcon.colcon_core.shell:Creating environment hook '/home/potamon1/potamon_ws/install/potamon-rpi/share/potamon-rpi/hook/cmake_prefix_path.ps1'
[53.184s] INFO:colcon.colcon_core.shell:Creating environment descriptor '/home/potamon1/potamon_ws/install/potamon-rpi/share/potamon-rpi/hook/cmake_prefix_path.dsv'
[53.185s] INFO:colcon.colcon_core.shell:Creating environment hook '/home/potamon1/potamon_ws/install/potamon-rpi/share/potamon-rpi/hook/cmake_prefix_path.sh'
[53.186s] Level 1:colcon.colcon_core.environment:checking '/home/potamon1/potamon_ws/install/potamon-rpi/lib'
[53.186s] Level 1:colcon.colcon_core.environment:checking '/home/potamon1/potamon_ws/install/potamon-rpi/bin'
[53.186s] Level 1:colcon.colcon_core.environment:checking '/home/potamon1/potamon_ws/install/potamon-rpi/lib/pkgconfig/potamon-rpi.pc'
[53.187s] Level 1:colcon.colcon_core.environment:checking '/home/potamon1/potamon_ws/install/potamon-rpi/lib/python3.12/site-packages'
[53.187s] Level 1:colcon.colcon_core.environment:checking '/home/potamon1/potamon_ws/install/potamon-rpi/bin'
[53.187s] INFO:colcon.colcon_core.shell:Creating package script '/home/potamon1/potamon_ws/install/potamon-rpi/share/potamon-rpi/package.ps1'
[53.188s] INFO:colcon.colcon_core.shell:Creating package descriptor '/home/potamon1/potamon_ws/install/potamon-rpi/share/potamon-rpi/package.dsv'
[53.189s] INFO:colcon.colcon_core.shell:Creating package script '/home/potamon1/potamon_ws/install/potamon-rpi/share/potamon-rpi/package.sh'
[53.189s] INFO:colcon.colcon_core.shell:Creating package script '/home/potamon1/potamon_ws/install/potamon-rpi/share/potamon-rpi/package.bash'
[53.190s] INFO:colcon.colcon_core.shell:Creating package script '/home/potamon1/potamon_ws/install/potamon-rpi/share/potamon-rpi/package.zsh'
[53.191s] Level 1:colcon.colcon_core.environment:create_file_with_runtime_dependencies(/home/potamon1/potamon_ws/install/potamon-rpi/share/colcon-core/packages/potamon-rpi)
[53.192s] DEBUG:colcon.colcon_parallel_executor.executor.parallel:closing loop
[53.193s] DEBUG:colcon.colcon_parallel_executor.executor.parallel:loop closed
[53.193s] DEBUG:colcon.colcon_parallel_executor.executor.parallel:run_until_complete finished with '0'
[53.193s] DEBUG:colcon.colcon_core.event_reactor:joining thread
[53.203s] INFO:colcon.colcon_core.plugin_system:Skipping extension 'colcon_notification.desktop_notification.notify_send': Could not find 'notify-send'
[53.203s] INFO:colcon.colcon_core.plugin_system:Skipping extension 'colcon_notification.desktop_notification.terminal_notifier': Not used on non-Darwin systems
[53.203s] INFO:colcon.colcon_core.plugin_system:Skipping extension 'colcon_notification.desktop_notification.win32': Not used on non-Windows systems
[53.203s] INFO:colcon.colcon_notification.desktop_notification:Sending desktop notification using 'notify2'
[53.229s] DEBUG:colcon.colcon_notification.desktop_notification.notify2:Failed to initialize notify2: org.freedesktop.DBus.Error.ServiceUnknown: The name org.freedesktop.Notifications was not provided by any .service files
[53.229s] DEBUG:colcon.colcon_core.event_reactor:joined thread
[53.229s] INFO:colcon.colcon_core.shell:Creating prefix script '/home/potamon1/potamon_ws/install/local_setup.ps1'
[53.231s] INFO:colcon.colcon_core.shell:Creating prefix util module '/home/potamon1/potamon_ws/install/_local_setup_util_ps1.py'
[53.234s] INFO:colcon.colcon_core.shell:Creating prefix chain script '/home/potamon1/potamon_ws/install/setup.ps1'
[53.236s] INFO:colcon.colcon_core.shell:Creating prefix script '/home/potamon1/potamon_ws/install/local_setup.sh'
[53.237s] INFO:colcon.colcon_core.shell:Creating prefix util module '/home/potamon1/potamon_ws/install/_local_setup_util_sh.py'
[53.238s] INFO:colcon.colcon_core.shell:Creating prefix chain script '/home/potamon1/potamon_ws/install/setup.sh'
[53.240s] INFO:colcon.colcon_core.shell:Creating prefix script '/home/potamon1/potamon_ws/install/local_setup.bash'
[53.241s] INFO:colcon.colcon_core.shell:Creating prefix chain script '/home/potamon1/potamon_ws/install/setup.bash'
[53.242s] INFO:colcon.colcon_core.shell:Creating prefix script '/home/potamon1/potamon_ws/install/local_setup.zsh'
[53.243s] INFO:colcon.colcon_core.shell:Creating prefix chain script '/home/potamon1/potamon_ws/install/setup.zsh'
