[0.140s] DEBUG:colcon:Command line arguments: ['/usr/bin/colcon', 'build']
[0.140s] DEBUG:colcon:Parsed command line arguments: Namespace(log_base=None, log_level=None, verb_name='build', build_base='build', install_base='install', merge_install=False, symlink_install=False, test_result_base=None, continue_on_error=False, executor='parallel', parallel_workers=4, event_handlers=None, ignore_user_meta=False, metas=['./colcon.meta'], base_paths=['.'], packages_ignore=None, packages_ignore_regex=None, paths=None, packages_up_to=None, packages_up_to_regex=None, packages_above=None, packages_above_and_dependencies=None, packages_above_depth=None, packages_select_by_dep=None, packages_skip_by_dep=None, packages_skip_up_to=None, packages_select_build_failed=False, packages_skip_build_finished=False, packages_select_test_failures=False, packages_skip_test_passed=False, packages_select=None, packages_skip=None, packages_select_regex=None, packages_skip_regex=None, packages_start=None, packages_end=None, allow_overriding=[], cmake_args=None, cmake_target=None, cmake_target_skip_unavailable=False, cmake_clean_cache=False, cmake_clean_first=False, cmake_force_configure=False, ament_cmake_args=None, catkin_cmake_args=None, catkin_skip_building_tests=False, mixin_files=None, mixin=None, verb_parser=<colcon_mixin.mixin.mixin_argument.MixinArgumentDecorator object at 0xffffb267a5a0>, verb_extension=<colcon_core.verb.build.BuildVerb object at 0xffffb2826a20>, main=<bound method BuildVerb.main of <colcon_core.verb.build.BuildVerb object at 0xffffb2826a20>>, mixin_verb=('build',))
[0.195s] Level 1:colcon.colcon_core.package_discovery:discover_packages(colcon_meta) check parameters
[0.196s] Level 1:colcon.colcon_core.package_discovery:discover_packages(recursive) check parameters
[0.196s] Level 1:colcon.colcon_core.package_discovery:discover_packages(ignore) check parameters
[0.196s] Level 1:colcon.colcon_core.package_discovery:discover_packages(path) check parameters
[0.196s] Level 1:colcon.colcon_core.package_discovery:discover_packages(colcon_meta) discover
[0.196s] Level 1:colcon.colcon_core.package_discovery:discover_packages(recursive) discover
[0.196s] INFO:colcon.colcon_core.package_discovery:Crawling recursively for packages in '/home/potamon1/potamon_ws'
[0.196s] Level 1:colcon.colcon_core.package_identification:_identify(.) by extensions ['ignore', 'ignore_ament_install']
[0.196s] Level 1:colcon.colcon_core.package_identification:_identify(.) by extension 'ignore'
[0.196s] Level 1:colcon.colcon_core.package_identification:_identify(.) by extension 'ignore_ament_install'
[0.196s] Level 1:colcon.colcon_core.package_identification:_identify(.) by extensions ['colcon_pkg']
[0.196s] Level 1:colcon.colcon_core.package_identification:_identify(.) by extension 'colcon_pkg'
[0.196s] Level 1:colcon.colcon_core.package_identification:_identify(.) by extensions ['colcon_meta']
[0.196s] Level 1:colcon.colcon_core.package_identification:_identify(.) by extension 'colcon_meta'
[0.196s] Level 1:colcon.colcon_core.package_identification:_identify(.) by extensions ['ros']
[0.196s] Level 1:colcon.colcon_core.package_identification:_identify(.) by extension 'ros'
[0.233s] Level 1:colcon.colcon_core.package_identification:_identify(.) by extensions ['cmake', 'python']
[0.234s] Level 1:colcon.colcon_core.package_identification:_identify(.) by extension 'cmake'
[0.234s] Level 1:colcon.colcon_core.package_identification:_identify(.) by extension 'python'
[0.234s] Level 1:colcon.colcon_core.package_identification:_identify(.) by extensions ['python_setup_py']
[0.234s] Level 1:colcon.colcon_core.package_identification:_identify(.) by extension 'python_setup_py'
[0.234s] Level 1:colcon.colcon_core.package_identification:_identify(build) by extensions ['ignore', 'ignore_ament_install']
[0.234s] Level 1:colcon.colcon_core.package_identification:_identify(build) by extension 'ignore'
[0.234s] Level 1:colcon.colcon_core.package_identification:_identify(build) ignored
[0.234s] Level 1:colcon.colcon_core.package_identification:_identify(install) by extensions ['ignore', 'ignore_ament_install']
[0.234s] Level 1:colcon.colcon_core.package_identification:_identify(install) by extension 'ignore'
[0.234s] Level 1:colcon.colcon_core.package_identification:_identify(install) ignored
[0.235s] Level 1:colcon.colcon_core.package_identification:_identify(log) by extensions ['ignore', 'ignore_ament_install']
[0.235s] Level 1:colcon.colcon_core.package_identification:_identify(log) by extension 'ignore'
[0.235s] Level 1:colcon.colcon_core.package_identification:_identify(log) ignored
[0.235s] Level 1:colcon.colcon_core.package_identification:_identify(src) by extensions ['ignore', 'ignore_ament_install']
[0.235s] Level 1:colcon.colcon_core.package_identification:_identify(src) by extension 'ignore'
[0.235s] Level 1:colcon.colcon_core.package_identification:_identify(src) by extension 'ignore_ament_install'
[0.235s] Level 1:colcon.colcon_core.package_identification:_identify(src) by extensions ['colcon_pkg']
[0.235s] Level 1:colcon.colcon_core.package_identification:_identify(src) by extension 'colcon_pkg'
[0.235s] Level 1:colcon.colcon_core.package_identification:_identify(src) by extensions ['colcon_meta']
[0.235s] Level 1:colcon.colcon_core.package_identification:_identify(src) by extension 'colcon_meta'
[0.235s] Level 1:colcon.colcon_core.package_identification:_identify(src) by extensions ['ros']
[0.235s] Level 1:colcon.colcon_core.package_identification:_identify(src) by extension 'ros'
[0.235s] Level 1:colcon.colcon_core.package_identification:_identify(src) by extensions ['cmake', 'python']
[0.235s] Level 1:colcon.colcon_core.package_identification:_identify(src) by extension 'cmake'
[0.235s] Level 1:colcon.colcon_core.package_identification:_identify(src) by extension 'python'
[0.235s] Level 1:colcon.colcon_core.package_identification:_identify(src) by extensions ['python_setup_py']
[0.235s] Level 1:colcon.colcon_core.package_identification:_identify(src) by extension 'python_setup_py'
[0.235s] Level 1:colcon.colcon_core.package_identification:_identify(src/build) by extensions ['ignore', 'ignore_ament_install']
[0.236s] Level 1:colcon.colcon_core.package_identification:_identify(src/build) by extension 'ignore'
[0.236s] Level 1:colcon.colcon_core.package_identification:_identify(src/build) ignored
[0.236s] Level 1:colcon.colcon_core.package_identification:_identify(src/install) by extensions ['ignore', 'ignore_ament_install']
[0.236s] Level 1:colcon.colcon_core.package_identification:_identify(src/install) by extension 'ignore'
[0.236s] Level 1:colcon.colcon_core.package_identification:_identify(src/install) ignored
[0.236s] Level 1:colcon.colcon_core.package_identification:_identify(src/log) by extensions ['ignore', 'ignore_ament_install']
[0.236s] Level 1:colcon.colcon_core.package_identification:_identify(src/log) by extension 'ignore'
[0.236s] Level 1:colcon.colcon_core.package_identification:_identify(src/log) ignored
[0.236s] Level 1:colcon.colcon_core.package_identification:_identify(src/potamon-rpi) by extensions ['ignore', 'ignore_ament_install']
[0.236s] Level 1:colcon.colcon_core.package_identification:_identify(src/potamon-rpi) by extension 'ignore'
[0.236s] Level 1:colcon.colcon_core.package_identification:_identify(src/potamon-rpi) by extension 'ignore_ament_install'
[0.236s] Level 1:colcon.colcon_core.package_identification:_identify(src/potamon-rpi) by extensions ['colcon_pkg']
[0.236s] Level 1:colcon.colcon_core.package_identification:_identify(src/potamon-rpi) by extension 'colcon_pkg'
[0.236s] Level 1:colcon.colcon_core.package_identification:_identify(src/potamon-rpi) by extensions ['colcon_meta']
[0.237s] Level 1:colcon.colcon_core.package_identification:_identify(src/potamon-rpi) by extension 'colcon_meta'
[0.237s] Level 1:colcon.colcon_core.package_identification:_identify(src/potamon-rpi) by extensions ['ros']
[0.237s] Level 1:colcon.colcon_core.package_identification:_identify(src/potamon-rpi) by extension 'ros'
[0.240s] DEBUG:colcon.colcon_core.package_identification:Package 'src/potamon-rpi' with type 'ros.ament_cmake' and name 'potamon-rpi'
[0.240s] Level 1:colcon.colcon_core.package_identification:_identify(src/potamon_interfaces) by extensions ['ignore', 'ignore_ament_install']
[0.240s] Level 1:colcon.colcon_core.package_identification:_identify(src/potamon_interfaces) by extension 'ignore'
[0.240s] Level 1:colcon.colcon_core.package_identification:_identify(src/potamon_interfaces) by extension 'ignore_ament_install'
[0.241s] Level 1:colcon.colcon_core.package_identification:_identify(src/potamon_interfaces) by extensions ['colcon_pkg']
[0.241s] Level 1:colcon.colcon_core.package_identification:_identify(src/potamon_interfaces) by extension 'colcon_pkg'
[0.241s] Level 1:colcon.colcon_core.package_identification:_identify(src/potamon_interfaces) by extensions ['colcon_meta']
[0.241s] Level 1:colcon.colcon_core.package_identification:_identify(src/potamon_interfaces) by extension 'colcon_meta'
[0.241s] Level 1:colcon.colcon_core.package_identification:_identify(src/potamon_interfaces) by extensions ['ros']
[0.241s] Level 1:colcon.colcon_core.package_identification:_identify(src/potamon_interfaces) by extension 'ros'
[0.241s] DEBUG:colcon.colcon_core.package_identification:Package 'src/potamon_interfaces' with type 'ros.ament_cmake' and name 'potamon_interfaces'
[0.241s] Level 1:colcon.colcon_core.package_discovery:discover_packages(recursive) using defaults
[0.241s] Level 1:colcon.colcon_core.package_discovery:discover_packages(ignore) discover
[0.241s] Level 1:colcon.colcon_core.package_discovery:discover_packages(ignore) using defaults
[0.241s] Level 1:colcon.colcon_core.package_discovery:discover_packages(path) discover
[0.241s] Level 1:colcon.colcon_core.package_discovery:discover_packages(path) using defaults
[0.264s] Level 1:colcon.colcon_core.package_discovery:discover_packages(prefix_path) check parameters
[0.264s] Level 1:colcon.colcon_core.package_discovery:discover_packages(prefix_path) discover
[0.267s] DEBUG:colcon.colcon_installed_package_information.package_discovery:Found 191 installed packages in /opt/ros/jazzy
[0.268s] Level 1:colcon.colcon_core.package_discovery:discover_packages(prefix_path) using defaults
[0.305s] Level 5:colcon.colcon_core.verb:set package 'potamon_interfaces' build argument 'cmake_args' from command line to 'None'
[0.305s] Level 5:colcon.colcon_core.verb:set package 'potamon_interfaces' build argument 'cmake_target' from command line to 'None'
[0.306s] Level 5:colcon.colcon_core.verb:set package 'potamon_interfaces' build argument 'cmake_target_skip_unavailable' from command line to 'False'
[0.306s] Level 5:colcon.colcon_core.verb:set package 'potamon_interfaces' build argument 'cmake_clean_cache' from command line to 'False'
[0.306s] Level 5:colcon.colcon_core.verb:set package 'potamon_interfaces' build argument 'cmake_clean_first' from command line to 'False'
[0.306s] Level 5:colcon.colcon_core.verb:set package 'potamon_interfaces' build argument 'cmake_force_configure' from command line to 'False'
[0.306s] Level 5:colcon.colcon_core.verb:set package 'potamon_interfaces' build argument 'ament_cmake_args' from command line to 'None'
[0.306s] Level 5:colcon.colcon_core.verb:set package 'potamon_interfaces' build argument 'catkin_cmake_args' from command line to 'None'
[0.306s] Level 5:colcon.colcon_core.verb:set package 'potamon_interfaces' build argument 'catkin_skip_building_tests' from command line to 'False'
[0.306s] DEBUG:colcon.colcon_core.verb:Building package 'potamon_interfaces' with the following arguments: {'ament_cmake_args': None, 'build_base': '/home/potamon1/potamon_ws/build/potamon_interfaces', 'catkin_cmake_args': None, 'catkin_skip_building_tests': False, 'cmake_args': None, 'cmake_clean_cache': False, 'cmake_clean_first': False, 'cmake_force_configure': False, 'cmake_target': None, 'cmake_target_skip_unavailable': False, 'install_base': '/home/potamon1/potamon_ws/install/potamon_interfaces', 'merge_install': False, 'path': '/home/potamon1/potamon_ws/src/potamon_interfaces', 'symlink_install': False, 'test_result_base': None}
[0.306s] Level 5:colcon.colcon_core.verb:set package 'potamon-rpi' build argument 'cmake_args' from command line to 'None'
[0.306s] Level 5:colcon.colcon_core.verb:set package 'potamon-rpi' build argument 'cmake_target' from command line to 'None'
[0.306s] Level 5:colcon.colcon_core.verb:set package 'potamon-rpi' build argument 'cmake_target_skip_unavailable' from command line to 'False'
[0.306s] Level 5:colcon.colcon_core.verb:set package 'potamon-rpi' build argument 'cmake_clean_cache' from command line to 'False'
[0.306s] Level 5:colcon.colcon_core.verb:set package 'potamon-rpi' build argument 'cmake_clean_first' from command line to 'False'
[0.306s] Level 5:colcon.colcon_core.verb:set package 'potamon-rpi' build argument 'cmake_force_configure' from command line to 'False'
[0.306s] Level 5:colcon.colcon_core.verb:set package 'potamon-rpi' build argument 'ament_cmake_args' from command line to 'None'
[0.306s] Level 5:colcon.colcon_core.verb:set package 'potamon-rpi' build argument 'catkin_cmake_args' from command line to 'None'
[0.306s] Level 5:colcon.colcon_core.verb:set package 'potamon-rpi' build argument 'catkin_skip_building_tests' from command line to 'False'
[0.306s] DEBUG:colcon.colcon_core.verb:Building package 'potamon-rpi' with the following arguments: {'ament_cmake_args': None, 'build_base': '/home/potamon1/potamon_ws/build/potamon-rpi', 'catkin_cmake_args': None, 'catkin_skip_building_tests': False, 'cmake_args': None, 'cmake_clean_cache': False, 'cmake_clean_first': False, 'cmake_force_configure': False, 'cmake_target': None, 'cmake_target_skip_unavailable': False, 'install_base': '/home/potamon1/potamon_ws/install/potamon-rpi', 'merge_install': False, 'path': '/home/potamon1/potamon_ws/src/potamon-rpi', 'symlink_install': False, 'test_result_base': None}
[0.306s] INFO:colcon.colcon_core.executor:Executing jobs using 'parallel' executor
[0.308s] DEBUG:colcon.colcon_parallel_executor.executor.parallel:run_until_complete
[0.308s] INFO:colcon.colcon_ros.task.ament_cmake.build:Building ROS package in '/home/potamon1/potamon_ws/src/potamon_interfaces' with build type 'ament_cmake'
[0.308s] INFO:colcon.colcon_cmake.task.cmake.build:Building CMake package in '/home/potamon1/potamon_ws/src/potamon_interfaces'
[0.310s] INFO:colcon.colcon_core.plugin_system:Skipping extension 'colcon_core.shell.bat': Not used on non-Windows systems
[0.311s] INFO:colcon.colcon_core.shell:Skip shell extension 'powershell' for command environment: Not usable outside of PowerShell
[0.311s] DEBUG:colcon.colcon_core.shell:Skip shell extension 'dsv' for command environment
[0.323s] DEBUG:colcon.colcon_core.event_handler.log_command:Invoking command in '/home/potamon1/potamon_ws/build/potamon_interfaces': CMAKE_PREFIX_PATH=/opt/ros/jazzy /usr/bin/cmake --build /home/potamon1/potamon_ws/build/potamon_interfaces -- -j4 -l4
[0.936s] DEBUG:colcon.colcon_core.event_handler.log_command:Invoked command in '/home/potamon1/potamon_ws/build/potamon_interfaces' returned '0': CMAKE_PREFIX_PATH=/opt/ros/jazzy /usr/bin/cmake --build /home/potamon1/potamon_ws/build/potamon_interfaces -- -j4 -l4
[0.954s] DEBUG:colcon.colcon_core.event_handler.log_command:Invoking command in '/home/potamon1/potamon_ws/build/potamon_interfaces': CMAKE_PREFIX_PATH=/opt/ros/jazzy /usr/bin/cmake --install /home/potamon1/potamon_ws/build/potamon_interfaces
[1.045s] Level 1:colcon.colcon_core.environment:create_environment_scripts_only(potamon_interfaces)
[1.046s] DEBUG:colcon.colcon_core.event_handler.log_command:Invoked command in '/home/potamon1/potamon_ws/build/potamon_interfaces' returned '0': CMAKE_PREFIX_PATH=/opt/ros/jazzy /usr/bin/cmake --install /home/potamon1/potamon_ws/build/potamon_interfaces
[1.048s] Level 1:colcon.colcon_core.environment:checking '/home/potamon1/potamon_ws/install/potamon_interfaces' for CMake module files
[1.049s] Level 1:colcon.colcon_core.environment:checking '/home/potamon1/potamon_ws/install/potamon_interfaces' for CMake config files
[1.050s] Level 1:colcon.colcon_core.shell:create_environment_hook('potamon_interfaces', 'cmake_prefix_path')
[1.050s] INFO:colcon.colcon_core.shell:Creating environment hook '/home/potamon1/potamon_ws/install/potamon_interfaces/share/potamon_interfaces/hook/cmake_prefix_path.ps1'
[1.051s] INFO:colcon.colcon_core.shell:Creating environment descriptor '/home/potamon1/potamon_ws/install/potamon_interfaces/share/potamon_interfaces/hook/cmake_prefix_path.dsv'
[1.055s] INFO:colcon.colcon_core.shell:Creating environment hook '/home/potamon1/potamon_ws/install/potamon_interfaces/share/potamon_interfaces/hook/cmake_prefix_path.sh'
[1.056s] Level 1:colcon.colcon_core.environment:checking '/home/potamon1/potamon_ws/install/potamon_interfaces/lib'
[1.057s] Level 1:colcon.colcon_core.shell:create_environment_hook('potamon_interfaces', 'ld_library_path_lib')
[1.057s] INFO:colcon.colcon_core.shell:Creating environment hook '/home/potamon1/potamon_ws/install/potamon_interfaces/share/potamon_interfaces/hook/ld_library_path_lib.ps1'
[1.057s] INFO:colcon.colcon_core.shell:Creating environment descriptor '/home/potamon1/potamon_ws/install/potamon_interfaces/share/potamon_interfaces/hook/ld_library_path_lib.dsv'
[1.058s] INFO:colcon.colcon_core.shell:Creating environment hook '/home/potamon1/potamon_ws/install/potamon_interfaces/share/potamon_interfaces/hook/ld_library_path_lib.sh'
[1.059s] Level 1:colcon.colcon_core.environment:checking '/home/potamon1/potamon_ws/install/potamon_interfaces/bin'
[1.059s] Level 1:colcon.colcon_core.environment:checking '/home/potamon1/potamon_ws/install/potamon_interfaces/lib/pkgconfig/potamon_interfaces.pc'
[1.059s] Level 1:colcon.colcon_core.environment:checking '/home/potamon1/potamon_ws/install/potamon_interfaces/lib/python3.12/site-packages'
[1.059s] Level 1:colcon.colcon_core.shell:create_environment_hook('potamon_interfaces', 'pythonpath')
[1.060s] INFO:colcon.colcon_core.shell:Creating environment hook '/home/potamon1/potamon_ws/install/potamon_interfaces/share/potamon_interfaces/hook/pythonpath.ps1'
[1.060s] INFO:colcon.colcon_core.shell:Creating environment descriptor '/home/potamon1/potamon_ws/install/potamon_interfaces/share/potamon_interfaces/hook/pythonpath.dsv'
[1.061s] INFO:colcon.colcon_core.shell:Creating environment hook '/home/potamon1/potamon_ws/install/potamon_interfaces/share/potamon_interfaces/hook/pythonpath.sh'
[1.062s] Level 1:colcon.colcon_core.environment:checking '/home/potamon1/potamon_ws/install/potamon_interfaces/bin'
[1.062s] INFO:colcon.colcon_core.shell:Creating package script '/home/potamon1/potamon_ws/install/potamon_interfaces/share/potamon_interfaces/package.ps1'
[1.063s] INFO:colcon.colcon_core.shell:Creating package descriptor '/home/potamon1/potamon_ws/install/potamon_interfaces/share/potamon_interfaces/package.dsv'
[1.064s] INFO:colcon.colcon_core.shell:Creating package script '/home/potamon1/potamon_ws/install/potamon_interfaces/share/potamon_interfaces/package.sh'
[1.065s] INFO:colcon.colcon_core.shell:Creating package script '/home/potamon1/potamon_ws/install/potamon_interfaces/share/potamon_interfaces/package.bash'
[1.066s] INFO:colcon.colcon_core.shell:Creating package script '/home/potamon1/potamon_ws/install/potamon_interfaces/share/potamon_interfaces/package.zsh'
[1.066s] Level 1:colcon.colcon_core.environment:create_file_with_runtime_dependencies(/home/potamon1/potamon_ws/install/potamon_interfaces/share/colcon-core/packages/potamon_interfaces)
[1.068s] Level 1:colcon.colcon_core.environment:create_environment_scripts_only(potamon_interfaces)
[1.068s] Level 1:colcon.colcon_core.environment:checking '/home/potamon1/potamon_ws/install/potamon_interfaces' for CMake module files
[1.069s] Level 1:colcon.colcon_core.environment:checking '/home/potamon1/potamon_ws/install/potamon_interfaces' for CMake config files
[1.070s] Level 1:colcon.colcon_core.shell:create_environment_hook('potamon_interfaces', 'cmake_prefix_path')
[1.070s] INFO:colcon.colcon_core.shell:Creating environment hook '/home/potamon1/potamon_ws/install/potamon_interfaces/share/potamon_interfaces/hook/cmake_prefix_path.ps1'
[1.070s] INFO:colcon.colcon_core.shell:Creating environment descriptor '/home/potamon1/potamon_ws/install/potamon_interfaces/share/potamon_interfaces/hook/cmake_prefix_path.dsv'
[1.071s] INFO:colcon.colcon_core.shell:Creating environment hook '/home/potamon1/potamon_ws/install/potamon_interfaces/share/potamon_interfaces/hook/cmake_prefix_path.sh'
[1.072s] Level 1:colcon.colcon_core.environment:checking '/home/potamon1/potamon_ws/install/potamon_interfaces/lib'
[1.072s] Level 1:colcon.colcon_core.shell:create_environment_hook('potamon_interfaces', 'ld_library_path_lib')
[1.072s] INFO:colcon.colcon_core.shell:Creating environment hook '/home/potamon1/potamon_ws/install/potamon_interfaces/share/potamon_interfaces/hook/ld_library_path_lib.ps1'
[1.073s] INFO:colcon.colcon_core.shell:Creating environment descriptor '/home/potamon1/potamon_ws/install/potamon_interfaces/share/potamon_interfaces/hook/ld_library_path_lib.dsv'
[1.073s] INFO:colcon.colcon_core.shell:Creating environment hook '/home/potamon1/potamon_ws/install/potamon_interfaces/share/potamon_interfaces/hook/ld_library_path_lib.sh'
[1.074s] Level 1:colcon.colcon_core.environment:checking '/home/potamon1/potamon_ws/install/potamon_interfaces/bin'
[1.074s] Level 1:colcon.colcon_core.environment:checking '/home/potamon1/potamon_ws/install/potamon_interfaces/lib/pkgconfig/potamon_interfaces.pc'
[1.074s] Level 1:colcon.colcon_core.environment:checking '/home/potamon1/potamon_ws/install/potamon_interfaces/lib/python3.12/site-packages'
[1.075s] Level 1:colcon.colcon_core.shell:create_environment_hook('potamon_interfaces', 'pythonpath')
[1.075s] INFO:colcon.colcon_core.shell:Creating environment hook '/home/potamon1/potamon_ws/install/potamon_interfaces/share/potamon_interfaces/hook/pythonpath.ps1'
[1.075s] INFO:colcon.colcon_core.shell:Creating environment descriptor '/home/potamon1/potamon_ws/install/potamon_interfaces/share/potamon_interfaces/hook/pythonpath.dsv'
[1.076s] INFO:colcon.colcon_core.shell:Creating environment hook '/home/potamon1/potamon_ws/install/potamon_interfaces/share/potamon_interfaces/hook/pythonpath.sh'
[1.077s] Level 1:colcon.colcon_core.environment:checking '/home/potamon1/potamon_ws/install/potamon_interfaces/bin'
[1.077s] INFO:colcon.colcon_core.shell:Creating package script '/home/potamon1/potamon_ws/install/potamon_interfaces/share/potamon_interfaces/package.ps1'
[1.078s] INFO:colcon.colcon_core.shell:Creating package descriptor '/home/potamon1/potamon_ws/install/potamon_interfaces/share/potamon_interfaces/package.dsv'
[1.079s] INFO:colcon.colcon_core.shell:Creating package script '/home/potamon1/potamon_ws/install/potamon_interfaces/share/potamon_interfaces/package.sh'
[1.079s] INFO:colcon.colcon_core.shell:Creating package script '/home/potamon1/potamon_ws/install/potamon_interfaces/share/potamon_interfaces/package.bash'
[1.080s] INFO:colcon.colcon_core.shell:Creating package script '/home/potamon1/potamon_ws/install/potamon_interfaces/share/potamon_interfaces/package.zsh'
[1.081s] Level 1:colcon.colcon_core.environment:create_file_with_runtime_dependencies(/home/potamon1/potamon_ws/install/potamon_interfaces/share/colcon-core/packages/potamon_interfaces)
[1.082s] INFO:colcon.colcon_ros.task.ament_cmake.build:Building ROS package in '/home/potamon1/potamon_ws/src/potamon-rpi' with build type 'ament_cmake'
[1.082s] INFO:colcon.colcon_cmake.task.cmake.build:Building CMake package in '/home/potamon1/potamon_ws/src/potamon-rpi'
[1.082s] INFO:colcon.colcon_core.shell:Skip shell extension 'powershell' for command environment: Not usable outside of PowerShell
[1.082s] DEBUG:colcon.colcon_core.shell:Skip shell extension 'dsv' for command environment
[1.097s] DEBUG:colcon.colcon_core.event_handler.log_command:Invoking command in '/home/potamon1/potamon_ws/build/potamon-rpi': AMENT_PREFIX_PATH=/home/potamon1/potamon_ws/install/potamon_interfaces:${AMENT_PREFIX_PATH} CMAKE_PREFIX_PATH=/home/potamon1/potamon_ws/install/potamon_interfaces:/opt/ros/jazzy LD_LIBRARY_PATH=/home/potamon1/potamon_ws/install/potamon_interfaces/lib:${LD_LIBRARY_PATH} PYTHONPATH=/home/potamon1/potamon_ws/install/potamon_interfaces/lib/python3.12/site-packages:${PYTHONPATH} /usr/bin/cmake --build /home/potamon1/potamon_ws/build/potamon-rpi -- -j4 -l4
[2.200s] DEBUG:colcon.colcon_core.event_handler.log_command:Invoked command in '/home/potamon1/potamon_ws/build/potamon-rpi' returned '0': AMENT_PREFIX_PATH=/home/potamon1/potamon_ws/install/potamon_interfaces:${AMENT_PREFIX_PATH} CMAKE_PREFIX_PATH=/home/potamon1/potamon_ws/install/potamon_interfaces:/opt/ros/jazzy LD_LIBRARY_PATH=/home/potamon1/potamon_ws/install/potamon_interfaces/lib:${LD_LIBRARY_PATH} PYTHONPATH=/home/potamon1/potamon_ws/install/potamon_interfaces/lib/python3.12/site-packages:${PYTHONPATH} /usr/bin/cmake --build /home/potamon1/potamon_ws/build/potamon-rpi -- -j4 -l4
[2.202s] DEBUG:colcon.colcon_core.event_handler.log_command:Invoking command in '/home/potamon1/potamon_ws/build/potamon-rpi': AMENT_PREFIX_PATH=/home/potamon1/potamon_ws/install/potamon_interfaces:${AMENT_PREFIX_PATH} CMAKE_PREFIX_PATH=/home/potamon1/potamon_ws/install/potamon_interfaces:/opt/ros/jazzy LD_LIBRARY_PATH=/home/potamon1/potamon_ws/install/potamon_interfaces/lib:${LD_LIBRARY_PATH} PYTHONPATH=/home/potamon1/potamon_ws/install/potamon_interfaces/lib/python3.12/site-packages:${PYTHONPATH} /usr/bin/cmake --install /home/potamon1/potamon_ws/build/potamon-rpi
[2.221s] Level 1:colcon.colcon_core.environment:create_environment_scripts_only(potamon-rpi)
[2.221s] Level 1:colcon.colcon_core.environment:checking '/home/potamon1/potamon_ws/install/potamon-rpi' for CMake module files
[2.221s] DEBUG:colcon.colcon_core.event_handler.log_command:Invoked command in '/home/potamon1/potamon_ws/build/potamon-rpi' returned '0': AMENT_PREFIX_PATH=/home/potamon1/potamon_ws/install/potamon_interfaces:${AMENT_PREFIX_PATH} CMAKE_PREFIX_PATH=/home/potamon1/potamon_ws/install/potamon_interfaces:/opt/ros/jazzy LD_LIBRARY_PATH=/home/potamon1/potamon_ws/install/potamon_interfaces/lib:${LD_LIBRARY_PATH} PYTHONPATH=/home/potamon1/potamon_ws/install/potamon_interfaces/lib/python3.12/site-packages:${PYTHONPATH} /usr/bin/cmake --install /home/potamon1/potamon_ws/build/potamon-rpi
[2.222s] Level 1:colcon.colcon_core.environment:checking '/home/potamon1/potamon_ws/install/potamon-rpi' for CMake config files
[2.222s] Level 1:colcon.colcon_core.shell:create_environment_hook('potamon-rpi', 'cmake_prefix_path')
[2.223s] INFO:colcon.colcon_core.shell:Creating environment hook '/home/potamon1/potamon_ws/install/potamon-rpi/share/potamon-rpi/hook/cmake_prefix_path.ps1'
[2.223s] INFO:colcon.colcon_core.shell:Creating environment descriptor '/home/potamon1/potamon_ws/install/potamon-rpi/share/potamon-rpi/hook/cmake_prefix_path.dsv'
[2.225s] INFO:colcon.colcon_core.shell:Creating environment hook '/home/potamon1/potamon_ws/install/potamon-rpi/share/potamon-rpi/hook/cmake_prefix_path.sh'
[2.227s] Level 1:colcon.colcon_core.environment:checking '/home/potamon1/potamon_ws/install/potamon-rpi/lib'
[2.227s] Level 1:colcon.colcon_core.environment:checking '/home/potamon1/potamon_ws/install/potamon-rpi/bin'
[2.227s] Level 1:colcon.colcon_core.environment:checking '/home/potamon1/potamon_ws/install/potamon-rpi/lib/pkgconfig/potamon-rpi.pc'
[2.227s] Level 1:colcon.colcon_core.environment:checking '/home/potamon1/potamon_ws/install/potamon-rpi/lib/python3.12/site-packages'
[2.227s] Level 1:colcon.colcon_core.environment:checking '/home/potamon1/potamon_ws/install/potamon-rpi/bin'
[2.228s] INFO:colcon.colcon_core.shell:Creating package script '/home/potamon1/potamon_ws/install/potamon-rpi/share/potamon-rpi/package.ps1'
[2.228s] INFO:colcon.colcon_core.shell:Creating package descriptor '/home/potamon1/potamon_ws/install/potamon-rpi/share/potamon-rpi/package.dsv'
[2.229s] INFO:colcon.colcon_core.shell:Creating package script '/home/potamon1/potamon_ws/install/potamon-rpi/share/potamon-rpi/package.sh'
[2.230s] INFO:colcon.colcon_core.shell:Creating package script '/home/potamon1/potamon_ws/install/potamon-rpi/share/potamon-rpi/package.bash'
[2.231s] INFO:colcon.colcon_core.shell:Creating package script '/home/potamon1/potamon_ws/install/potamon-rpi/share/potamon-rpi/package.zsh'
[2.232s] Level 1:colcon.colcon_core.environment:create_file_with_runtime_dependencies(/home/potamon1/potamon_ws/install/potamon-rpi/share/colcon-core/packages/potamon-rpi)
[2.233s] Level 1:colcon.colcon_core.environment:create_environment_scripts_only(potamon-rpi)
[2.234s] Level 1:colcon.colcon_core.environment:checking '/home/potamon1/potamon_ws/install/potamon-rpi' for CMake module files
[2.234s] Level 1:colcon.colcon_core.environment:checking '/home/potamon1/potamon_ws/install/potamon-rpi' for CMake config files
[2.235s] Level 1:colcon.colcon_core.shell:create_environment_hook('potamon-rpi', 'cmake_prefix_path')
[2.235s] INFO:colcon.colcon_core.shell:Creating environment hook '/home/potamon1/potamon_ws/install/potamon-rpi/share/potamon-rpi/hook/cmake_prefix_path.ps1'
[2.235s] INFO:colcon.colcon_core.shell:Creating environment descriptor '/home/potamon1/potamon_ws/install/potamon-rpi/share/potamon-rpi/hook/cmake_prefix_path.dsv'
[2.236s] INFO:colcon.colcon_core.shell:Creating environment hook '/home/potamon1/potamon_ws/install/potamon-rpi/share/potamon-rpi/hook/cmake_prefix_path.sh'
[2.237s] Level 1:colcon.colcon_core.environment:checking '/home/potamon1/potamon_ws/install/potamon-rpi/lib'
[2.238s] Level 1:colcon.colcon_core.environment:checking '/home/potamon1/potamon_ws/install/potamon-rpi/bin'
[2.238s] Level 1:colcon.colcon_core.environment:checking '/home/potamon1/potamon_ws/install/potamon-rpi/lib/pkgconfig/potamon-rpi.pc'
[2.238s] Level 1:colcon.colcon_core.environment:checking '/home/potamon1/potamon_ws/install/potamon-rpi/lib/python3.12/site-packages'
[2.238s] Level 1:colcon.colcon_core.environment:checking '/home/potamon1/potamon_ws/install/potamon-rpi/bin'
[2.239s] INFO:colcon.colcon_core.shell:Creating package script '/home/potamon1/potamon_ws/install/potamon-rpi/share/potamon-rpi/package.ps1'
[2.239s] INFO:colcon.colcon_core.shell:Creating package descriptor '/home/potamon1/potamon_ws/install/potamon-rpi/share/potamon-rpi/package.dsv'
[2.240s] INFO:colcon.colcon_core.shell:Creating package script '/home/potamon1/potamon_ws/install/potamon-rpi/share/potamon-rpi/package.sh'
[2.241s] INFO:colcon.colcon_core.shell:Creating package script '/home/potamon1/potamon_ws/install/potamon-rpi/share/potamon-rpi/package.bash'
[2.242s] INFO:colcon.colcon_core.shell:Creating package script '/home/potamon1/potamon_ws/install/potamon-rpi/share/potamon-rpi/package.zsh'
[2.243s] Level 1:colcon.colcon_core.environment:create_file_with_runtime_dependencies(/home/potamon1/potamon_ws/install/potamon-rpi/share/colcon-core/packages/potamon-rpi)
[2.244s] DEBUG:colcon.colcon_parallel_executor.executor.parallel:closing loop
[2.244s] DEBUG:colcon.colcon_parallel_executor.executor.parallel:loop closed
[2.244s] DEBUG:colcon.colcon_parallel_executor.executor.parallel:run_until_complete finished with '0'
[2.245s] DEBUG:colcon.colcon_core.event_reactor:joining thread
[2.252s] INFO:colcon.colcon_core.plugin_system:Skipping extension 'colcon_notification.desktop_notification.notify_send': Could not find 'notify-send'
[2.252s] INFO:colcon.colcon_core.plugin_system:Skipping extension 'colcon_notification.desktop_notification.terminal_notifier': Not used on non-Darwin systems
[2.252s] INFO:colcon.colcon_core.plugin_system:Skipping extension 'colcon_notification.desktop_notification.win32': Not used on non-Windows systems
[2.252s] INFO:colcon.colcon_notification.desktop_notification:Sending desktop notification using 'notify2'
[2.253s] DEBUG:colcon.colcon_notification.desktop_notification.notify2:Failed to initialize notify2: org.freedesktop.DBus.Error.ServiceUnknown: The name org.freedesktop.Notifications was not provided by any .service files
[2.253s] DEBUG:colcon.colcon_core.event_reactor:joined thread
[2.254s] INFO:colcon.colcon_core.shell:Creating prefix script '/home/potamon1/potamon_ws/install/local_setup.ps1'
[2.255s] INFO:colcon.colcon_core.shell:Creating prefix util module '/home/potamon1/potamon_ws/install/_local_setup_util_ps1.py'
[2.256s] INFO:colcon.colcon_core.shell:Creating prefix chain script '/home/potamon1/potamon_ws/install/setup.ps1'
[2.257s] INFO:colcon.colcon_core.shell:Creating prefix script '/home/potamon1/potamon_ws/install/local_setup.sh'
[2.258s] INFO:colcon.colcon_core.shell:Creating prefix util module '/home/potamon1/potamon_ws/install/_local_setup_util_sh.py'
[2.259s] INFO:colcon.colcon_core.shell:Creating prefix chain script '/home/potamon1/potamon_ws/install/setup.sh'
[2.260s] INFO:colcon.colcon_core.shell:Creating prefix script '/home/potamon1/potamon_ws/install/local_setup.bash'
[2.261s] INFO:colcon.colcon_core.shell:Creating prefix chain script '/home/potamon1/potamon_ws/install/setup.bash'
[2.262s] INFO:colcon.colcon_core.shell:Creating prefix script '/home/potamon1/potamon_ws/install/local_setup.zsh'
[2.263s] INFO:colcon.colcon_core.shell:Creating prefix chain script '/home/potamon1/potamon_ws/install/setup.zsh'
