[0.014s] Invoking command in '/home/potamon1/potamon_ws/build/potamon_interfaces': CMAKE_PREFIX_PATH=${CMAKE_PREFIX_PATH}:/opt/ros/jazzy /usr/bin/cmake /home/potamon1/potamon_ws/src/potamon_interfaces -DCMAKE_INSTALL_PREFIX=/home/potamon1/potamon_ws/install/potamon_interfaces
[0.398s] -- The C compiler identification is GNU 13.3.0
[0.506s] -- The CXX compiler identification is GNU 13.3.0
[0.542s] -- Detecting C compiler ABI info
[0.716s] -- Detecting C compiler ABI info - done
[0.732s] -- Check for working C compiler: /usr/bin/cc - skipped
[0.733s] -- Detecting C compile features
[0.734s] -- Detecting C compile features - done
[0.750s] -- Detecting CXX compiler ABI info
[0.924s] -- Detecting CXX compiler ABI info - done
[0.939s] -- Check for working CXX compiler: /usr/bin/c++ - skipped
[0.940s] -- Detecting CXX compile features
[0.940s] -- Detecting CXX compile features - done
[0.947s] -- Found ament_cmake: 2.5.3 (/opt/ros/jazzy/share/ament_cmake/cmake)
[1.166s] -- Found Python3: /usr/bin/python3 (found version "3.12.3") found components: Interpreter 
[1.344s] -- Found rosidl_default_generators: 1.6.0 (/opt/ros/jazzy/share/rosidl_default_generators/cmake)
[1.353s] -- Using all available rosidl_typesupport_c: rosidl_typesupport_fastrtps_c;rosidl_typesupport_introspection_c
[1.433s] -- Using all available rosidl_typesupport_cpp: rosidl_typesupport_fastrtps_cpp;rosidl_typesupport_introspection_cpp
[1.508s] -- Found rosidl_adapter: 4.6.5 (/opt/ros/jazzy/share/rosidl_adapter/cmake)
[2.483s] -- Found ament_cmake_ros: 0.12.0 (/opt/ros/jazzy/share/ament_cmake_ros/cmake)
[3.129s] -- Using all available rosidl_typesupport_c: rosidl_typesupport_fastrtps_c;rosidl_typesupport_introspection_c
[4.016s] -- Using all available rosidl_typesupport_cpp: rosidl_typesupport_fastrtps_cpp;rosidl_typesupport_introspection_cpp
[4.020s] -- Found python_cmake_module: 0.11.1 (/opt/ros/jazzy/share/python_cmake_module/cmake)
[4.226s] -- Found PythonExtra: /usr/bin/python3  
[4.904s] -- Found Python3: /usr/bin/python3 (found version "3.12.3") found components: Interpreter Development NumPy Development.Module Development.Embed 
[4.955s] -- Found ament_lint_auto: 0.17.1 (/opt/ros/jazzy/share/ament_lint_auto/cmake)
[4.993s] -- Added test 'lint_cmake' to check CMake code style
[4.995s] -- Added test 'xmllint' to check XML markup files
[5.001s] -- Configuring done (5.0s)
[5.064s] -- Generating done (0.0s)
[5.082s] -- Build files have been written to: /home/potamon1/potamon_ws/build/potamon_interfaces
[5.103s] Invoked command in '/home/potamon1/potamon_ws/build/potamon_interfaces' returned '0': CMAKE_PREFIX_PATH=${CMAKE_PREFIX_PATH}:/opt/ros/jazzy /usr/bin/cmake /home/potamon1/potamon_ws/src/potamon_interfaces -DCMAKE_INSTALL_PREFIX=/home/potamon1/potamon_ws/install/potamon_interfaces
[5.105s] Invoking command in '/home/potamon1/potamon_ws/build/potamon_interfaces': CMAKE_PREFIX_PATH=${CMAKE_PREFIX_PATH}:/opt/ros/jazzy /usr/bin/cmake --build /home/potamon1/potamon_ws/build/potamon_interfaces -- -j4 -l4
[5.190s] [  1%] [34m[1mGenerating type hashes for ROS interfaces[0m
[5.218s] [  1%] Built target ament_cmake_python_copy_potamon_interfaces
[5.510s] running egg_info
[5.511s] creating potamon_interfaces.egg-info
[5.533s] writing potamon_interfaces.egg-info/PKG-INFO
[5.533s] writing dependency_links to potamon_interfaces.egg-info/dependency_links.txt
[5.533s] writing top-level names to potamon_interfaces.egg-info/top_level.txt
[5.534s] writing manifest file 'potamon_interfaces.egg-info/SOURCES.txt'
[5.594s] reading manifest file 'potamon_interfaces.egg-info/SOURCES.txt'
[5.595s] writing manifest file 'potamon_interfaces.egg-info/SOURCES.txt'
[5.662s] [  1%] Built target ament_cmake_python_build_potamon_interfaces_egg
[5.780s] [  1%] Built target potamon_interfaces__rosidl_generator_type_description
[5.797s] [  2%] [34m[1mGenerating C code for ROS interfaces[0m
[5.815s] [  4%] [34m[1mGenerating C++ code for ROS interfaces[0m
[6.757s] [  4%] Built target potamon_interfaces__cpp
[6.912s] [  8%] [32mBuilding C object CMakeFiles/potamon_interfaces__rosidl_generator_c.dir/rosidl_generator_c/potamon_interfaces/msg/detail/wheel_states__functions.c.o[0m
[6.912s] [  8%] [32mBuilding C object CMakeFiles/potamon_interfaces__rosidl_generator_c.dir/rosidl_generator_c/potamon_interfaces/msg/detail/wheel_states__description.c.o[0m
[6.912s] [  8%] [32mBuilding C object CMakeFiles/potamon_interfaces__rosidl_generator_c.dir/rosidl_generator_c/potamon_interfaces/msg/detail/system_status__description.c.o[0m
[6.912s] [  9%] [32mBuilding C object CMakeFiles/potamon_interfaces__rosidl_generator_c.dir/rosidl_generator_c/potamon_interfaces/msg/detail/wheel_states__type_support.c.o[0m
[6.987s] [ 10%] [32mBuilding C object CMakeFiles/potamon_interfaces__rosidl_generator_c.dir/rosidl_generator_c/potamon_interfaces/msg/detail/system_status__functions.c.o[0m
[7.007s] [ 13%] [32mBuilding C object CMakeFiles/potamon_interfaces__rosidl_generator_c.dir/rosidl_generator_c/potamon_interfaces/msg/detail/wheel_velocities__description.c.o[0m
[7.007s] [ 13%] [32mBuilding C object CMakeFiles/potamon_interfaces__rosidl_generator_c.dir/rosidl_generator_c/potamon_interfaces/msg/detail/system_status__type_support.c.o[0m
[7.062s] [ 14%] [32mBuilding C object CMakeFiles/potamon_interfaces__rosidl_generator_c.dir/rosidl_generator_c/potamon_interfaces/msg/detail/wheel_velocities__functions.c.o[0m
[7.076s] [ 16%] [32mBuilding C object CMakeFiles/potamon_interfaces__rosidl_generator_c.dir/rosidl_generator_c/potamon_interfaces/msg/detail/wheel_velocities__type_support.c.o[0m
[7.091s] [ 17%] [32mBuilding C object CMakeFiles/potamon_interfaces__rosidl_generator_c.dir/rosidl_generator_c/potamon_interfaces/msg/detail/wheel_angles__description.c.o[0m
[7.101s] [ 18%] [32mBuilding C object CMakeFiles/potamon_interfaces__rosidl_generator_c.dir/rosidl_generator_c/potamon_interfaces/msg/detail/wheel_angles__functions.c.o[0m
[7.150s] [ 20%] [32mBuilding C object CMakeFiles/potamon_interfaces__rosidl_generator_c.dir/rosidl_generator_c/potamon_interfaces/msg/detail/wheel_angles__type_support.c.o[0m
[7.175s] [ 21%] [32mBuilding C object CMakeFiles/potamon_interfaces__rosidl_generator_c.dir/rosidl_generator_c/potamon_interfaces/srv/detail/set_control_mode__description.c.o[0m
[7.181s] [ 22%] [32mBuilding C object CMakeFiles/potamon_interfaces__rosidl_generator_c.dir/rosidl_generator_c/potamon_interfaces/srv/detail/set_control_mode__functions.c.o[0m
[7.212s] [ 24%] [32mBuilding C object CMakeFiles/potamon_interfaces__rosidl_generator_c.dir/rosidl_generator_c/potamon_interfaces/srv/detail/set_control_mode__type_support.c.o[0m
[7.316s] [ 25%] [32m[1mLinking C shared library libpotamon_interfaces__rosidl_generator_c.so[0m
[7.397s] [ 25%] Built target potamon_interfaces__rosidl_generator_c
[7.421s] [ 31%] [34m[1mGenerating C introspection for ROS interfaces[0m
[7.421s] [ 31%] [34m[1mGenerating C type support dispatch for ROS interfaces[0m
[7.421s] [ 31%] [34m[1mGenerating C type support for eProsima Fast-RTPS[0m
[7.421s] [ 31%] [34m[1mGenerating C++ type support dispatch for ROS interfaces[0m
[8.267s] [ 33%] [32mBuilding CXX object CMakeFiles/potamon_interfaces__rosidl_typesupport_cpp.dir/rosidl_typesupport_cpp/potamon_interfaces/msg/wheel_states__type_support.cpp.o[0m
[8.267s] [ 33%] [32mBuilding CXX object CMakeFiles/potamon_interfaces__rosidl_typesupport_c.dir/rosidl_typesupport_c/potamon_interfaces/msg/wheel_states__type_support.cpp.o[0m
[8.362s] [ 35%] [32mBuilding CXX object CMakeFiles/potamon_interfaces__rosidl_typesupport_c.dir/rosidl_typesupport_c/potamon_interfaces/msg/system_status__type_support.cpp.o[0m
[8.457s] [ 36%] [32mBuilding CXX object CMakeFiles/potamon_interfaces__rosidl_typesupport_c.dir/rosidl_typesupport_c/potamon_interfaces/msg/wheel_velocities__type_support.cpp.o[0m
[8.494s] [ 37%] [32mBuilding C object CMakeFiles/potamon_interfaces__rosidl_typesupport_introspection_c.dir/rosidl_typesupport_introspection_c/potamon_interfaces/msg/detail/wheel_states__type_support.c.o[0m
[8.556s] [ 39%] [32mBuilding CXX object CMakeFiles/potamon_interfaces__rosidl_typesupport_c.dir/rosidl_typesupport_c/potamon_interfaces/msg/wheel_angles__type_support.cpp.o[0m
[8.599s] [ 40%] [32mBuilding C object CMakeFiles/potamon_interfaces__rosidl_typesupport_introspection_c.dir/rosidl_typesupport_introspection_c/potamon_interfaces/msg/detail/system_status__type_support.c.o[0m
[8.652s] [ 41%] [32mBuilding CXX object CMakeFiles/potamon_interfaces__rosidl_typesupport_c.dir/rosidl_typesupport_c/potamon_interfaces/srv/set_control_mode__type_support.cpp.o[0m
[8.691s] [ 43%] [32mBuilding C object CMakeFiles/potamon_interfaces__rosidl_typesupport_introspection_c.dir/rosidl_typesupport_introspection_c/potamon_interfaces/msg/detail/wheel_velocities__type_support.c.o[0m
[8.697s] [ 44%] [32mBuilding CXX object CMakeFiles/potamon_interfaces__rosidl_typesupport_fastrtps_c.dir/rosidl_typesupport_fastrtps_c/potamon_interfaces/msg/detail/wheel_states__type_support_c.cpp.o[0m
[8.766s] [ 45%] [32m[1mLinking CXX shared library libpotamon_interfaces__rosidl_typesupport_c.so[0m
[8.778s] [ 47%] [32mBuilding C object CMakeFiles/potamon_interfaces__rosidl_typesupport_introspection_c.dir/rosidl_typesupport_introspection_c/potamon_interfaces/msg/detail/wheel_angles__type_support.c.o[0m
[8.868s] [ 47%] Built target potamon_interfaces__rosidl_typesupport_c
[8.874s] [ 48%] [32mBuilding C object CMakeFiles/potamon_interfaces__rosidl_typesupport_introspection_c.dir/rosidl_typesupport_introspection_c/potamon_interfaces/srv/detail/set_control_mode__type_support.c.o[0m
[8.890s] [ 50%] [34m[1mGenerating C++ type support for eProsima Fast-RTPS[0m
[8.990s] [ 51%] [32m[1mLinking C shared library libpotamon_interfaces__rosidl_typesupport_introspection_c.so[0m
[9.030s] [ 52%] [32mBuilding CXX object CMakeFiles/potamon_interfaces__rosidl_typesupport_cpp.dir/rosidl_typesupport_cpp/potamon_interfaces/msg/system_status__type_support.cpp.o[0m
[9.072s] [ 52%] Built target potamon_interfaces__rosidl_typesupport_introspection_c
[9.092s] [ 54%] [32mBuilding CXX object CMakeFiles/potamon_interfaces__rosidl_typesupport_fastrtps_c.dir/rosidl_typesupport_fastrtps_c/potamon_interfaces/msg/detail/system_status__type_support_c.cpp.o[0m
[9.662s] [ 55%] [32mBuilding CXX object CMakeFiles/potamon_interfaces__rosidl_typesupport_cpp.dir/rosidl_typesupport_cpp/potamon_interfaces/msg/wheel_velocities__type_support.cpp.o[0m
[9.706s] [ 56%] [32mBuilding CXX object CMakeFiles/potamon_interfaces__rosidl_typesupport_fastrtps_c.dir/rosidl_typesupport_fastrtps_c/potamon_interfaces/msg/detail/wheel_velocities__type_support_c.cpp.o[0m
[10.066s] [ 58%] [34m[1mGenerating C++ introspection for ROS interfaces[0m
[10.288s] [ 59%] [32mBuilding CXX object CMakeFiles/potamon_interfaces__rosidl_typesupport_fastrtps_cpp.dir/rosidl_typesupport_fastrtps_cpp/potamon_interfaces/msg/detail/dds_fastrtps/wheel_states__type_support.cpp.o[0m
[10.350s] [ 60%] [32mBuilding CXX object CMakeFiles/potamon_interfaces__rosidl_typesupport_cpp.dir/rosidl_typesupport_cpp/potamon_interfaces/msg/wheel_angles__type_support.cpp.o[0m
[10.691s] [ 62%] [32mBuilding CXX object CMakeFiles/potamon_interfaces__rosidl_typesupport_fastrtps_c.dir/rosidl_typesupport_fastrtps_c/potamon_interfaces/msg/detail/wheel_angles__type_support_c.cpp.o[0m
[10.983s] [ 63%] [32mBuilding CXX object CMakeFiles/potamon_interfaces__rosidl_typesupport_cpp.dir/rosidl_typesupport_cpp/potamon_interfaces/srv/set_control_mode__type_support.cpp.o[0m
[11.293s] [ 64%] [32mBuilding CXX object CMakeFiles/potamon_interfaces__rosidl_typesupport_introspection_cpp.dir/rosidl_typesupport_introspection_cpp/potamon_interfaces/msg/detail/wheel_states__type_support.cpp.o[0m
[11.312s] [ 66%] [32mBuilding CXX object CMakeFiles/potamon_interfaces__rosidl_typesupport_fastrtps_cpp.dir/rosidl_typesupport_fastrtps_cpp/potamon_interfaces/msg/detail/dds_fastrtps/system_status__type_support.cpp.o[0m
[11.677s] [ 67%] [32mBuilding CXX object CMakeFiles/potamon_interfaces__rosidl_typesupport_fastrtps_c.dir/rosidl_typesupport_fastrtps_c/potamon_interfaces/srv/detail/set_control_mode__type_support_c.cpp.o[0m
[11.883s] [ 68%] [32m[1mLinking CXX shared library libpotamon_interfaces__rosidl_typesupport_cpp.so[0m
[12.040s] [ 70%] [32mBuilding CXX object CMakeFiles/potamon_interfaces__rosidl_typesupport_introspection_cpp.dir/rosidl_typesupport_introspection_cpp/potamon_interfaces/msg/detail/system_status__type_support.cpp.o[0m
[12.096s] [ 70%] Built target potamon_interfaces__rosidl_typesupport_cpp
[12.118s] [ 71%] [32mBuilding CXX object CMakeFiles/potamon_interfaces__rosidl_typesupport_introspection_cpp.dir/rosidl_typesupport_introspection_cpp/potamon_interfaces/msg/detail/wheel_velocities__type_support.cpp.o[0m
[12.423s] [ 72%] [32mBuilding CXX object CMakeFiles/potamon_interfaces__rosidl_typesupport_fastrtps_cpp.dir/rosidl_typesupport_fastrtps_cpp/potamon_interfaces/msg/detail/dds_fastrtps/wheel_velocities__type_support.cpp.o[0m
[12.719s] [ 74%] [32mBuilding CXX object CMakeFiles/potamon_interfaces__rosidl_typesupport_introspection_cpp.dir/rosidl_typesupport_introspection_cpp/potamon_interfaces/msg/detail/wheel_angles__type_support.cpp.o[0m
[12.797s] [ 75%] [32mBuilding CXX object CMakeFiles/potamon_interfaces__rosidl_typesupport_fastrtps_cpp.dir/rosidl_typesupport_fastrtps_cpp/potamon_interfaces/msg/detail/dds_fastrtps/wheel_angles__type_support.cpp.o[0m
[12.837s] [ 77%] [32m[1mLinking CXX shared library libpotamon_interfaces__rosidl_typesupport_fastrtps_c.so[0m
[13.046s] [ 77%] Built target potamon_interfaces__rosidl_typesupport_fastrtps_c
[13.069s] [ 78%] [32mBuilding CXX object CMakeFiles/potamon_interfaces__rosidl_typesupport_fastrtps_cpp.dir/rosidl_typesupport_fastrtps_cpp/potamon_interfaces/srv/detail/dds_fastrtps/set_control_mode__type_support.cpp.o[0m
[13.446s] [ 79%] [32mBuilding CXX object CMakeFiles/potamon_interfaces__rosidl_typesupport_introspection_cpp.dir/rosidl_typesupport_introspection_cpp/potamon_interfaces/srv/detail/set_control_mode__type_support.cpp.o[0m
[14.143s] [ 81%] [32m[1mLinking CXX shared library libpotamon_interfaces__rosidl_typesupport_introspection_cpp.so[0m
[14.190s] [ 82%] [32m[1mLinking CXX shared library libpotamon_interfaces__rosidl_typesupport_fastrtps_cpp.so[0m
[14.336s] [ 82%] Built target potamon_interfaces__rosidl_typesupport_introspection_cpp
[14.375s] [ 82%] Built target potamon_interfaces__rosidl_typesupport_fastrtps_cpp
[14.409s] [ 82%] Built target potamon_interfaces
[14.444s] [ 83%] [34m[1mGenerating Python code for ROS interfaces[0m
[15.760s] [ 83%] Built target potamon_interfaces__py
[15.800s] [ 89%] [32mBuilding C object CMakeFiles/potamon_interfaces__rosidl_generator_py.dir/rosidl_generator_py/potamon_interfaces/msg/_wheel_angles_s.c.o[0m
[15.800s] [ 89%] [32mBuilding C object CMakeFiles/potamon_interfaces__rosidl_generator_py.dir/rosidl_generator_py/potamon_interfaces/msg/_wheel_states_s.c.o[0m
[15.800s] [ 89%] [32mBuilding C object CMakeFiles/potamon_interfaces__rosidl_generator_py.dir/rosidl_generator_py/potamon_interfaces/msg/_system_status_s.c.o[0m
[15.800s] [ 89%] [32mBuilding C object CMakeFiles/potamon_interfaces__rosidl_generator_py.dir/rosidl_generator_py/potamon_interfaces/msg/_wheel_velocities_s.c.o[0m
[16.121s] [ 90%] [32mBuilding C object CMakeFiles/potamon_interfaces__rosidl_generator_py.dir/rosidl_generator_py/potamon_interfaces/srv/_set_control_mode_s.c.o[0m
[16.347s] [ 91%] [32m[1mLinking C shared library libpotamon_interfaces__rosidl_generator_py.so[0m
[16.431s] [ 91%] Built target potamon_interfaces__rosidl_generator_py
[16.472s] [ 95%] [32mBuilding C object CMakeFiles/potamon_interfaces_s__rosidl_typesupport_c.dir/rosidl_generator_py/potamon_interfaces/_potamon_interfaces_s.ep.rosidl_typesupport_c.c.o[0m
[16.472s] [ 95%] [32mBuilding C object CMakeFiles/potamon_interfaces_s__rosidl_typesupport_fastrtps_c.dir/rosidl_generator_py/potamon_interfaces/_potamon_interfaces_s.ep.rosidl_typesupport_fastrtps_c.c.o[0m
[16.472s] [ 95%] [32mBuilding C object CMakeFiles/potamon_interfaces_s__rosidl_typesupport_introspection_c.dir/rosidl_generator_py/potamon_interfaces/_potamon_interfaces_s.ep.rosidl_typesupport_introspection_c.c.o[0m
[16.684s] [ 97%] [32m[1mLinking C shared module rosidl_generator_py/potamon_interfaces/potamon_interfaces_s__rosidl_typesupport_c.so[0m
[16.689s] [ 98%] [32m[1mLinking C shared module rosidl_generator_py/potamon_interfaces/potamon_interfaces_s__rosidl_typesupport_introspection_c.so[0m
[16.698s] [100%] [32m[1mLinking C shared module rosidl_generator_py/potamon_interfaces/potamon_interfaces_s__rosidl_typesupport_fastrtps_c.so[0m
[16.751s] [100%] Built target potamon_interfaces_s__rosidl_typesupport_c
[16.755s] [100%] Built target potamon_interfaces_s__rosidl_typesupport_introspection_c
[16.760s] [100%] Built target potamon_interfaces_s__rosidl_typesupport_fastrtps_c
[16.781s] Invoked command in '/home/potamon1/potamon_ws/build/potamon_interfaces' returned '0': CMAKE_PREFIX_PATH=${CMAKE_PREFIX_PATH}:/opt/ros/jazzy /usr/bin/cmake --build /home/potamon1/potamon_ws/build/potamon_interfaces -- -j4 -l4
[16.798s] Invoking command in '/home/potamon1/potamon_ws/build/potamon_interfaces': CMAKE_PREFIX_PATH=${CMAKE_PREFIX_PATH}:/opt/ros/jazzy /usr/bin/cmake --install /home/potamon1/potamon_ws/build/potamon_interfaces
[16.813s] -- Install configuration: ""
[16.813s] -- Installing: /home/potamon1/potamon_ws/install/potamon_interfaces/share/ament_index/resource_index/rosidl_interfaces/potamon_interfaces
[16.813s] -- Installing: /home/potamon1/potamon_ws/install/potamon_interfaces/share/potamon_interfaces/msg/WheelStates.json
[16.814s] -- Installing: /home/potamon1/potamon_ws/install/potamon_interfaces/share/potamon_interfaces/msg/SystemStatus.json
[16.814s] -- Installing: /home/potamon1/potamon_ws/install/potamon_interfaces/share/potamon_interfaces/msg/WheelVelocities.json
[16.814s] -- Installing: /home/potamon1/potamon_ws/install/potamon_interfaces/share/potamon_interfaces/msg/WheelAngles.json
[16.814s] -- Installing: /home/potamon1/potamon_ws/install/potamon_interfaces/share/potamon_interfaces/srv/SetControlMode.json
[16.814s] -- Installing: /home/potamon1/potamon_ws/install/potamon_interfaces/include/potamon_interfaces/potamon_interfaces
[16.815s] -- Installing: /home/potamon1/potamon_ws/install/potamon_interfaces/include/potamon_interfaces/potamon_interfaces/msg
[16.815s] -- Installing: /home/potamon1/potamon_ws/install/potamon_interfaces/include/potamon_interfaces/potamon_interfaces/msg/wheel_states.h
[16.815s] -- Installing: /home/potamon1/potamon_ws/install/potamon_interfaces/include/potamon_interfaces/potamon_interfaces/msg/system_status.h
[16.815s] -- Installing: /home/potamon1/potamon_ws/install/potamon_interfaces/include/potamon_interfaces/potamon_interfaces/msg/rosidl_generator_c__visibility_control.h
[16.815s] -- Installing: /home/potamon1/potamon_ws/install/potamon_interfaces/include/potamon_interfaces/potamon_interfaces/msg/detail
[16.815s] -- Installing: /home/potamon1/potamon_ws/install/potamon_interfaces/include/potamon_interfaces/potamon_interfaces/msg/detail/wheel_states__description.c
[16.815s] -- Installing: /home/potamon1/potamon_ws/install/potamon_interfaces/include/potamon_interfaces/potamon_interfaces/msg/detail/wheel_velocities__functions.h
[16.816s] -- Installing: /home/potamon1/potamon_ws/install/potamon_interfaces/include/potamon_interfaces/potamon_interfaces/msg/detail/wheel_angles__struct.h
[16.816s] -- Installing: /home/potamon1/potamon_ws/install/potamon_interfaces/include/potamon_interfaces/potamon_interfaces/msg/detail/wheel_states__functions.c
[16.816s] -- Installing: /home/potamon1/potamon_ws/install/potamon_interfaces/include/potamon_interfaces/potamon_interfaces/msg/detail/system_status__type_support.c
[16.816s] -- Installing: /home/potamon1/potamon_ws/install/potamon_interfaces/include/potamon_interfaces/potamon_interfaces/msg/detail/wheel_angles__type_support.h
[16.816s] -- Installing: /home/potamon1/potamon_ws/install/potamon_interfaces/include/potamon_interfaces/potamon_interfaces/msg/detail/wheel_states__type_support.h
[16.816s] -- Installing: /home/potamon1/potamon_ws/install/potamon_interfaces/include/potamon_interfaces/potamon_interfaces/msg/detail/wheel_angles__description.c
[16.816s] -- Installing: /home/potamon1/potamon_ws/install/potamon_interfaces/include/potamon_interfaces/potamon_interfaces/msg/detail/system_status__functions.h
[16.817s] -- Installing: /home/potamon1/potamon_ws/install/potamon_interfaces/include/potamon_interfaces/potamon_interfaces/msg/detail/wheel_velocities__type_support.h
[16.817s] -- Installing: /home/potamon1/potamon_ws/install/potamon_interfaces/include/potamon_interfaces/potamon_interfaces/msg/detail/system_status__type_support.h
[16.817s] -- Installing: /home/potamon1/potamon_ws/install/potamon_interfaces/include/potamon_interfaces/potamon_interfaces/msg/detail/wheel_states__type_support.c
[16.817s] -- Installing: /home/potamon1/potamon_ws/install/potamon_interfaces/include/potamon_interfaces/potamon_interfaces/msg/detail/system_status__struct.h
[16.817s] -- Installing: /home/potamon1/potamon_ws/install/potamon_interfaces/include/potamon_interfaces/potamon_interfaces/msg/detail/system_status__functions.c
[16.817s] -- Installing: /home/potamon1/potamon_ws/install/potamon_interfaces/include/potamon_interfaces/potamon_interfaces/msg/detail/wheel_angles__functions.c
[16.817s] -- Installing: /home/potamon1/potamon_ws/install/potamon_interfaces/include/potamon_interfaces/potamon_interfaces/msg/detail/wheel_states__functions.h
[16.818s] -- Installing: /home/potamon1/potamon_ws/install/potamon_interfaces/include/potamon_interfaces/potamon_interfaces/msg/detail/system_status__description.c
[16.818s] -- Installing: /home/potamon1/potamon_ws/install/potamon_interfaces/include/potamon_interfaces/potamon_interfaces/msg/detail/wheel_states__struct.h
[16.818s] -- Installing: /home/potamon1/potamon_ws/install/potamon_interfaces/include/potamon_interfaces/potamon_interfaces/msg/detail/wheel_angles__type_support.c
[16.818s] -- Installing: /home/potamon1/potamon_ws/install/potamon_interfaces/include/potamon_interfaces/potamon_interfaces/msg/detail/wheel_velocities__functions.c
[16.818s] -- Installing: /home/potamon1/potamon_ws/install/potamon_interfaces/include/potamon_interfaces/potamon_interfaces/msg/detail/wheel_velocities__struct.h
[16.818s] -- Installing: /home/potamon1/potamon_ws/install/potamon_interfaces/include/potamon_interfaces/potamon_interfaces/msg/detail/wheel_angles__functions.h
[16.818s] -- Installing: /home/potamon1/potamon_ws/install/potamon_interfaces/include/potamon_interfaces/potamon_interfaces/msg/detail/wheel_velocities__type_support.c
[16.818s] -- Installing: /home/potamon1/potamon_ws/install/potamon_interfaces/include/potamon_interfaces/potamon_interfaces/msg/detail/wheel_velocities__description.c
[16.819s] -- Installing: /home/potamon1/potamon_ws/install/potamon_interfaces/include/potamon_interfaces/potamon_interfaces/msg/wheel_angles.h
[16.819s] -- Installing: /home/potamon1/potamon_ws/install/potamon_interfaces/include/potamon_interfaces/potamon_interfaces/msg/wheel_velocities.h
[16.819s] -- Installing: /home/potamon1/potamon_ws/install/potamon_interfaces/include/potamon_interfaces/potamon_interfaces/srv
[16.819s] -- Installing: /home/potamon1/potamon_ws/install/potamon_interfaces/include/potamon_interfaces/potamon_interfaces/srv/detail
[16.819s] -- Installing: /home/potamon1/potamon_ws/install/potamon_interfaces/include/potamon_interfaces/potamon_interfaces/srv/detail/set_control_mode__type_support.h
[16.819s] -- Installing: /home/potamon1/potamon_ws/install/potamon_interfaces/include/potamon_interfaces/potamon_interfaces/srv/detail/set_control_mode__type_support.c
[16.819s] -- Installing: /home/potamon1/potamon_ws/install/potamon_interfaces/include/potamon_interfaces/potamon_interfaces/srv/detail/set_control_mode__functions.h
[16.819s] -- Installing: /home/potamon1/potamon_ws/install/potamon_interfaces/include/potamon_interfaces/potamon_interfaces/srv/detail/set_control_mode__functions.c
[16.820s] -- Installing: /home/potamon1/potamon_ws/install/potamon_interfaces/include/potamon_interfaces/potamon_interfaces/srv/detail/set_control_mode__struct.h
[16.820s] -- Installing: /home/potamon1/potamon_ws/install/potamon_interfaces/include/potamon_interfaces/potamon_interfaces/srv/detail/set_control_mode__description.c
[16.820s] -- Installing: /home/potamon1/potamon_ws/install/potamon_interfaces/include/potamon_interfaces/potamon_interfaces/srv/set_control_mode.h
[16.820s] -- Installing: /home/potamon1/potamon_ws/install/potamon_interfaces/share/potamon_interfaces/environment/library_path.sh
[16.820s] -- Installing: /home/potamon1/potamon_ws/install/potamon_interfaces/share/potamon_interfaces/environment/library_path.dsv
[16.821s] -- Installing: /home/potamon1/potamon_ws/install/potamon_interfaces/lib/libpotamon_interfaces__rosidl_generator_c.so
[16.821s] -- Set non-toolchain portion of runtime path of "/home/potamon1/potamon_ws/install/potamon_interfaces/lib/libpotamon_interfaces__rosidl_generator_c.so" to ""
[16.821s] -- Up-to-date: /home/potamon1/potamon_ws/install/potamon_interfaces/include/potamon_interfaces/potamon_interfaces
[16.821s] -- Up-to-date: /home/potamon1/potamon_ws/install/potamon_interfaces/include/potamon_interfaces/potamon_interfaces/msg
[16.822s] -- Installing: /home/potamon1/potamon_ws/install/potamon_interfaces/include/potamon_interfaces/potamon_interfaces/msg/rosidl_typesupport_fastrtps_c__visibility_control.h
[16.822s] -- Up-to-date: /home/potamon1/potamon_ws/install/potamon_interfaces/include/potamon_interfaces/potamon_interfaces/msg/detail
[16.822s] -- Installing: /home/potamon1/potamon_ws/install/potamon_interfaces/include/potamon_interfaces/potamon_interfaces/msg/detail/system_status__rosidl_typesupport_fastrtps_c.h
[16.822s] -- Installing: /home/potamon1/potamon_ws/install/potamon_interfaces/include/potamon_interfaces/potamon_interfaces/msg/detail/wheel_angles__rosidl_typesupport_fastrtps_c.h
[16.822s] -- Installing: /home/potamon1/potamon_ws/install/potamon_interfaces/include/potamon_interfaces/potamon_interfaces/msg/detail/wheel_velocities__rosidl_typesupport_fastrtps_c.h
[16.822s] -- Installing: /home/potamon1/potamon_ws/install/potamon_interfaces/include/potamon_interfaces/potamon_interfaces/msg/detail/wheel_states__rosidl_typesupport_fastrtps_c.h
[16.822s] -- Up-to-date: /home/potamon1/potamon_ws/install/potamon_interfaces/include/potamon_interfaces/potamon_interfaces/srv
[16.822s] -- Up-to-date: /home/potamon1/potamon_ws/install/potamon_interfaces/include/potamon_interfaces/potamon_interfaces/srv/detail
[16.822s] -- Installing: /home/potamon1/potamon_ws/install/potamon_interfaces/include/potamon_interfaces/potamon_interfaces/srv/detail/set_control_mode__rosidl_typesupport_fastrtps_c.h
[16.822s] -- Installing: /home/potamon1/potamon_ws/install/potamon_interfaces/lib/libpotamon_interfaces__rosidl_typesupport_fastrtps_c.so
[16.823s] -- Set non-toolchain portion of runtime path of "/home/potamon1/potamon_ws/install/potamon_interfaces/lib/libpotamon_interfaces__rosidl_typesupport_fastrtps_c.so" to ""
[16.823s] -- Up-to-date: /home/potamon1/potamon_ws/install/potamon_interfaces/include/potamon_interfaces/potamon_interfaces
[16.823s] -- Up-to-date: /home/potamon1/potamon_ws/install/potamon_interfaces/include/potamon_interfaces/potamon_interfaces/msg
[16.823s] -- Installing: /home/potamon1/potamon_ws/install/potamon_interfaces/include/potamon_interfaces/potamon_interfaces/msg/rosidl_typesupport_introspection_c__visibility_control.h
[16.824s] -- Up-to-date: /home/potamon1/potamon_ws/install/potamon_interfaces/include/potamon_interfaces/potamon_interfaces/msg/detail
[16.824s] -- Installing: /home/potamon1/potamon_ws/install/potamon_interfaces/include/potamon_interfaces/potamon_interfaces/msg/detail/wheel_angles__rosidl_typesupport_introspection_c.h
[16.824s] -- Installing: /home/potamon1/potamon_ws/install/potamon_interfaces/include/potamon_interfaces/potamon_interfaces/msg/detail/wheel_states__rosidl_typesupport_introspection_c.h
[16.824s] -- Installing: /home/potamon1/potamon_ws/install/potamon_interfaces/include/potamon_interfaces/potamon_interfaces/msg/detail/system_status__type_support.c
[16.824s] -- Installing: /home/potamon1/potamon_ws/install/potamon_interfaces/include/potamon_interfaces/potamon_interfaces/msg/detail/wheel_states__type_support.c
[16.824s] -- Installing: /home/potamon1/potamon_ws/install/potamon_interfaces/include/potamon_interfaces/potamon_interfaces/msg/detail/system_status__rosidl_typesupport_introspection_c.h
[16.824s] -- Installing: /home/potamon1/potamon_ws/install/potamon_interfaces/include/potamon_interfaces/potamon_interfaces/msg/detail/wheel_angles__type_support.c
[16.824s] -- Installing: /home/potamon1/potamon_ws/install/potamon_interfaces/include/potamon_interfaces/potamon_interfaces/msg/detail/wheel_velocities__type_support.c
[16.824s] -- Installing: /home/potamon1/potamon_ws/install/potamon_interfaces/include/potamon_interfaces/potamon_interfaces/msg/detail/wheel_velocities__rosidl_typesupport_introspection_c.h
[16.825s] -- Up-to-date: /home/potamon1/potamon_ws/install/potamon_interfaces/include/potamon_interfaces/potamon_interfaces/srv
[16.825s] -- Up-to-date: /home/potamon1/potamon_ws/install/potamon_interfaces/include/potamon_interfaces/potamon_interfaces/srv/detail
[16.825s] -- Installing: /home/potamon1/potamon_ws/install/potamon_interfaces/include/potamon_interfaces/potamon_interfaces/srv/detail/set_control_mode__type_support.c
[16.825s] -- Installing: /home/potamon1/potamon_ws/install/potamon_interfaces/include/potamon_interfaces/potamon_interfaces/srv/detail/set_control_mode__rosidl_typesupport_introspection_c.h
[16.825s] -- Installing: /home/potamon1/potamon_ws/install/potamon_interfaces/lib/libpotamon_interfaces__rosidl_typesupport_introspection_c.so
[16.826s] -- Set non-toolchain portion of runtime path of "/home/potamon1/potamon_ws/install/potamon_interfaces/lib/libpotamon_interfaces__rosidl_typesupport_introspection_c.so" to ""
[16.826s] -- Installing: /home/potamon1/potamon_ws/install/potamon_interfaces/lib/libpotamon_interfaces__rosidl_typesupport_c.so
[16.826s] -- Set non-toolchain portion of runtime path of "/home/potamon1/potamon_ws/install/potamon_interfaces/lib/libpotamon_interfaces__rosidl_typesupport_c.so" to ""
[16.826s] -- Up-to-date: /home/potamon1/potamon_ws/install/potamon_interfaces/include/potamon_interfaces/potamon_interfaces
[16.826s] -- Up-to-date: /home/potamon1/potamon_ws/install/potamon_interfaces/include/potamon_interfaces/potamon_interfaces/msg
[16.827s] -- Installing: /home/potamon1/potamon_ws/install/potamon_interfaces/include/potamon_interfaces/potamon_interfaces/msg/wheel_angles.hpp
[16.827s] -- Installing: /home/potamon1/potamon_ws/install/potamon_interfaces/include/potamon_interfaces/potamon_interfaces/msg/wheel_velocities.hpp
[16.827s] -- Installing: /home/potamon1/potamon_ws/install/potamon_interfaces/include/potamon_interfaces/potamon_interfaces/msg/wheel_states.hpp
[16.827s] -- Installing: /home/potamon1/potamon_ws/install/potamon_interfaces/include/potamon_interfaces/potamon_interfaces/msg/system_status.hpp
[16.827s] -- Up-to-date: /home/potamon1/potamon_ws/install/potamon_interfaces/include/potamon_interfaces/potamon_interfaces/msg/detail
[16.827s] -- Installing: /home/potamon1/potamon_ws/install/potamon_interfaces/include/potamon_interfaces/potamon_interfaces/msg/detail/wheel_states__traits.hpp
[16.827s] -- Installing: /home/potamon1/potamon_ws/install/potamon_interfaces/include/potamon_interfaces/potamon_interfaces/msg/detail/wheel_velocities__builder.hpp
[16.827s] -- Installing: /home/potamon1/potamon_ws/install/potamon_interfaces/include/potamon_interfaces/potamon_interfaces/msg/detail/wheel_states__builder.hpp
[16.827s] -- Installing: /home/potamon1/potamon_ws/install/potamon_interfaces/include/potamon_interfaces/potamon_interfaces/msg/detail/wheel_states__type_support.hpp
[16.828s] -- Installing: /home/potamon1/potamon_ws/install/potamon_interfaces/include/potamon_interfaces/potamon_interfaces/msg/detail/wheel_velocities__struct.hpp
[16.828s] -- Installing: /home/potamon1/potamon_ws/install/potamon_interfaces/include/potamon_interfaces/potamon_interfaces/msg/detail/wheel_angles__struct.hpp
[16.828s] -- Installing: /home/potamon1/potamon_ws/install/potamon_interfaces/include/potamon_interfaces/potamon_interfaces/msg/detail/system_status__struct.hpp
[16.828s] -- Installing: /home/potamon1/potamon_ws/install/potamon_interfaces/include/potamon_interfaces/potamon_interfaces/msg/detail/wheel_velocities__traits.hpp
[16.828s] -- Installing: /home/potamon1/potamon_ws/install/potamon_interfaces/include/potamon_interfaces/potamon_interfaces/msg/detail/system_status__builder.hpp
[16.828s] -- Installing: /home/potamon1/potamon_ws/install/potamon_interfaces/include/potamon_interfaces/potamon_interfaces/msg/detail/wheel_angles__builder.hpp
[16.828s] -- Installing: /home/potamon1/potamon_ws/install/potamon_interfaces/include/potamon_interfaces/potamon_interfaces/msg/detail/wheel_angles__type_support.hpp
[16.828s] -- Installing: /home/potamon1/potamon_ws/install/potamon_interfaces/include/potamon_interfaces/potamon_interfaces/msg/detail/system_status__traits.hpp
[16.829s] -- Installing: /home/potamon1/potamon_ws/install/potamon_interfaces/include/potamon_interfaces/potamon_interfaces/msg/detail/wheel_states__struct.hpp
[16.829s] -- Installing: /home/potamon1/potamon_ws/install/potamon_interfaces/include/potamon_interfaces/potamon_interfaces/msg/detail/system_status__type_support.hpp
[16.829s] -- Installing: /home/potamon1/potamon_ws/install/potamon_interfaces/include/potamon_interfaces/potamon_interfaces/msg/detail/wheel_velocities__type_support.hpp
[16.829s] -- Installing: /home/potamon1/potamon_ws/install/potamon_interfaces/include/potamon_interfaces/potamon_interfaces/msg/detail/wheel_angles__traits.hpp
[16.829s] -- Installing: /home/potamon1/potamon_ws/install/potamon_interfaces/include/potamon_interfaces/potamon_interfaces/msg/rosidl_generator_cpp__visibility_control.hpp
[16.829s] -- Up-to-date: /home/potamon1/potamon_ws/install/potamon_interfaces/include/potamon_interfaces/potamon_interfaces/srv
[16.829s] -- Installing: /home/potamon1/potamon_ws/install/potamon_interfaces/include/potamon_interfaces/potamon_interfaces/srv/set_control_mode.hpp
[16.829s] -- Up-to-date: /home/potamon1/potamon_ws/install/potamon_interfaces/include/potamon_interfaces/potamon_interfaces/srv/detail
[16.830s] -- Installing: /home/potamon1/potamon_ws/install/potamon_interfaces/include/potamon_interfaces/potamon_interfaces/srv/detail/set_control_mode__builder.hpp
[16.830s] -- Installing: /home/potamon1/potamon_ws/install/potamon_interfaces/include/potamon_interfaces/potamon_interfaces/srv/detail/set_control_mode__traits.hpp
[16.830s] -- Installing: /home/potamon1/potamon_ws/install/potamon_interfaces/include/potamon_interfaces/potamon_interfaces/srv/detail/set_control_mode__type_support.hpp
[16.830s] -- Installing: /home/potamon1/potamon_ws/install/potamon_interfaces/include/potamon_interfaces/potamon_interfaces/srv/detail/set_control_mode__struct.hpp
[16.830s] -- Up-to-date: /home/potamon1/potamon_ws/install/potamon_interfaces/include/potamon_interfaces/potamon_interfaces
[16.830s] -- Up-to-date: /home/potamon1/potamon_ws/install/potamon_interfaces/include/potamon_interfaces/potamon_interfaces/msg
[16.830s] -- Installing: /home/potamon1/potamon_ws/install/potamon_interfaces/include/potamon_interfaces/potamon_interfaces/msg/rosidl_typesupport_fastrtps_cpp__visibility_control.h
[16.830s] -- Up-to-date: /home/potamon1/potamon_ws/install/potamon_interfaces/include/potamon_interfaces/potamon_interfaces/msg/detail
[16.831s] -- Installing: /home/potamon1/potamon_ws/install/potamon_interfaces/include/potamon_interfaces/potamon_interfaces/msg/detail/dds_fastrtps
[16.831s] -- Installing: /home/potamon1/potamon_ws/install/potamon_interfaces/include/potamon_interfaces/potamon_interfaces/msg/detail/wheel_states__rosidl_typesupport_fastrtps_cpp.hpp
[16.831s] -- Installing: /home/potamon1/potamon_ws/install/potamon_interfaces/include/potamon_interfaces/potamon_interfaces/msg/detail/system_status__rosidl_typesupport_fastrtps_cpp.hpp
[16.831s] -- Installing: /home/potamon1/potamon_ws/install/potamon_interfaces/include/potamon_interfaces/potamon_interfaces/msg/detail/wheel_angles__rosidl_typesupport_fastrtps_cpp.hpp
[16.831s] -- Installing: /home/potamon1/potamon_ws/install/potamon_interfaces/include/potamon_interfaces/potamon_interfaces/msg/detail/wheel_velocities__rosidl_typesupport_fastrtps_cpp.hpp
[16.831s] -- Up-to-date: /home/potamon1/potamon_ws/install/potamon_interfaces/include/potamon_interfaces/potamon_interfaces/srv
[16.831s] -- Up-to-date: /home/potamon1/potamon_ws/install/potamon_interfaces/include/potamon_interfaces/potamon_interfaces/srv/detail
[16.831s] -- Installing: /home/potamon1/potamon_ws/install/potamon_interfaces/include/potamon_interfaces/potamon_interfaces/srv/detail/dds_fastrtps
[16.831s] -- Installing: /home/potamon1/potamon_ws/install/potamon_interfaces/include/potamon_interfaces/potamon_interfaces/srv/detail/set_control_mode__rosidl_typesupport_fastrtps_cpp.hpp
[16.832s] -- Installing: /home/potamon1/potamon_ws/install/potamon_interfaces/lib/libpotamon_interfaces__rosidl_typesupport_fastrtps_cpp.so
[16.832s] -- Set non-toolchain portion of runtime path of "/home/potamon1/potamon_ws/install/potamon_interfaces/lib/libpotamon_interfaces__rosidl_typesupport_fastrtps_cpp.so" to ""
[16.832s] -- Up-to-date: /home/potamon1/potamon_ws/install/potamon_interfaces/include/potamon_interfaces/potamon_interfaces
[16.833s] -- Up-to-date: /home/potamon1/potamon_ws/install/potamon_interfaces/include/potamon_interfaces/potamon_interfaces/msg
[16.833s] -- Up-to-date: /home/potamon1/potamon_ws/install/potamon_interfaces/include/potamon_interfaces/potamon_interfaces/msg/detail
[16.833s] -- Installing: /home/potamon1/potamon_ws/install/potamon_interfaces/include/potamon_interfaces/potamon_interfaces/msg/detail/wheel_velocities__type_support.cpp
[16.833s] -- Installing: /home/potamon1/potamon_ws/install/potamon_interfaces/include/potamon_interfaces/potamon_interfaces/msg/detail/wheel_angles__type_support.cpp
[16.833s] -- Installing: /home/potamon1/potamon_ws/install/potamon_interfaces/include/potamon_interfaces/potamon_interfaces/msg/detail/wheel_states__type_support.cpp
[16.833s] -- Installing: /home/potamon1/potamon_ws/install/potamon_interfaces/include/potamon_interfaces/potamon_interfaces/msg/detail/wheel_velocities__rosidl_typesupport_introspection_cpp.hpp
[16.833s] -- Installing: /home/potamon1/potamon_ws/install/potamon_interfaces/include/potamon_interfaces/potamon_interfaces/msg/detail/system_status__rosidl_typesupport_introspection_cpp.hpp
[16.833s] -- Installing: /home/potamon1/potamon_ws/install/potamon_interfaces/include/potamon_interfaces/potamon_interfaces/msg/detail/wheel_states__rosidl_typesupport_introspection_cpp.hpp
[16.833s] -- Installing: /home/potamon1/potamon_ws/install/potamon_interfaces/include/potamon_interfaces/potamon_interfaces/msg/detail/wheel_angles__rosidl_typesupport_introspection_cpp.hpp
[16.833s] -- Installing: /home/potamon1/potamon_ws/install/potamon_interfaces/include/potamon_interfaces/potamon_interfaces/msg/detail/system_status__type_support.cpp
[16.834s] -- Up-to-date: /home/potamon1/potamon_ws/install/potamon_interfaces/include/potamon_interfaces/potamon_interfaces/srv
[16.834s] -- Up-to-date: /home/potamon1/potamon_ws/install/potamon_interfaces/include/potamon_interfaces/potamon_interfaces/srv/detail
[16.834s] -- Installing: /home/potamon1/potamon_ws/install/potamon_interfaces/include/potamon_interfaces/potamon_interfaces/srv/detail/set_control_mode__type_support.cpp
[16.834s] -- Installing: /home/potamon1/potamon_ws/install/potamon_interfaces/include/potamon_interfaces/potamon_interfaces/srv/detail/set_control_mode__rosidl_typesupport_introspection_cpp.hpp
[16.834s] -- Installing: /home/potamon1/potamon_ws/install/potamon_interfaces/lib/libpotamon_interfaces__rosidl_typesupport_introspection_cpp.so
[16.835s] -- Set non-toolchain portion of runtime path of "/home/potamon1/potamon_ws/install/potamon_interfaces/lib/libpotamon_interfaces__rosidl_typesupport_introspection_cpp.so" to ""
[16.835s] -- Installing: /home/potamon1/potamon_ws/install/potamon_interfaces/lib/libpotamon_interfaces__rosidl_typesupport_cpp.so
[16.836s] -- Set non-toolchain portion of runtime path of "/home/potamon1/potamon_ws/install/potamon_interfaces/lib/libpotamon_interfaces__rosidl_typesupport_cpp.so" to ""
[16.836s] -- Installing: /home/potamon1/potamon_ws/install/potamon_interfaces/share/potamon_interfaces/environment/pythonpath.sh
[16.836s] -- Installing: /home/potamon1/potamon_ws/install/potamon_interfaces/share/potamon_interfaces/environment/pythonpath.dsv
[16.836s] -- Installing: /home/potamon1/potamon_ws/install/potamon_interfaces/lib/python3.12/site-packages/potamon_interfaces-0.0.0-py3.12.egg-info
[16.836s] -- Installing: /home/potamon1/potamon_ws/install/potamon_interfaces/lib/python3.12/site-packages/potamon_interfaces-0.0.0-py3.12.egg-info/dependency_links.txt
[16.836s] -- Installing: /home/potamon1/potamon_ws/install/potamon_interfaces/lib/python3.12/site-packages/potamon_interfaces-0.0.0-py3.12.egg-info/PKG-INFO
[16.836s] -- Installing: /home/potamon1/potamon_ws/install/potamon_interfaces/lib/python3.12/site-packages/potamon_interfaces-0.0.0-py3.12.egg-info/top_level.txt
[16.836s] -- Installing: /home/potamon1/potamon_ws/install/potamon_interfaces/lib/python3.12/site-packages/potamon_interfaces-0.0.0-py3.12.egg-info/SOURCES.txt
[16.837s] -- Installing: /home/potamon1/potamon_ws/install/potamon_interfaces/lib/python3.12/site-packages/potamon_interfaces
[16.837s] -- Installing: /home/potamon1/potamon_ws/install/potamon_interfaces/lib/python3.12/site-packages/potamon_interfaces/potamon_interfaces_s__rosidl_typesupport_introspection_c.so
[16.837s] -- Installing: /home/potamon1/potamon_ws/install/potamon_interfaces/lib/python3.12/site-packages/potamon_interfaces/potamon_interfaces_s__rosidl_typesupport_c.so
[16.837s] -- Installing: /home/potamon1/potamon_ws/install/potamon_interfaces/lib/python3.12/site-packages/potamon_interfaces/potamon_interfaces_s__rosidl_typesupport_fastrtps_c.so
[16.838s] -- Installing: /home/potamon1/potamon_ws/install/potamon_interfaces/lib/python3.12/site-packages/potamon_interfaces/_potamon_interfaces_s.ep.rosidl_typesupport_fastrtps_c.c
[16.838s] -- Installing: /home/potamon1/potamon_ws/install/potamon_interfaces/lib/python3.12/site-packages/potamon_interfaces/_potamon_interfaces_s.ep.rosidl_typesupport_c.c
[16.838s] -- Installing: /home/potamon1/potamon_ws/install/potamon_interfaces/lib/python3.12/site-packages/potamon_interfaces/msg
[16.838s] -- Installing: /home/potamon1/potamon_ws/install/potamon_interfaces/lib/python3.12/site-packages/potamon_interfaces/msg/_wheel_velocities.py
[16.838s] -- Installing: /home/potamon1/potamon_ws/install/potamon_interfaces/lib/python3.12/site-packages/potamon_interfaces/msg/_wheel_velocities_s.c
[16.838s] -- Installing: /home/potamon1/potamon_ws/install/potamon_interfaces/lib/python3.12/site-packages/potamon_interfaces/msg/_wheel_states.py
[16.838s] -- Installing: /home/potamon1/potamon_ws/install/potamon_interfaces/lib/python3.12/site-packages/potamon_interfaces/msg/_wheel_angles.py
[16.839s] -- Installing: /home/potamon1/potamon_ws/install/potamon_interfaces/lib/python3.12/site-packages/potamon_interfaces/msg/_wheel_states_s.c
[16.839s] -- Installing: /home/potamon1/potamon_ws/install/potamon_interfaces/lib/python3.12/site-packages/potamon_interfaces/msg/_system_status_s.c
[16.839s] -- Installing: /home/potamon1/potamon_ws/install/potamon_interfaces/lib/python3.12/site-packages/potamon_interfaces/msg/_system_status.py
[16.839s] -- Installing: /home/potamon1/potamon_ws/install/potamon_interfaces/lib/python3.12/site-packages/potamon_interfaces/msg/__init__.py
[16.839s] -- Installing: /home/potamon1/potamon_ws/install/potamon_interfaces/lib/python3.12/site-packages/potamon_interfaces/msg/_wheel_angles_s.c
[16.839s] -- Installing: /home/potamon1/potamon_ws/install/potamon_interfaces/lib/python3.12/site-packages/potamon_interfaces/srv
[16.839s] -- Installing: /home/potamon1/potamon_ws/install/potamon_interfaces/lib/python3.12/site-packages/potamon_interfaces/srv/_set_control_mode_s.c
[16.839s] -- Installing: /home/potamon1/potamon_ws/install/potamon_interfaces/lib/python3.12/site-packages/potamon_interfaces/srv/_set_control_mode.py
[16.840s] -- Installing: /home/potamon1/potamon_ws/install/potamon_interfaces/lib/python3.12/site-packages/potamon_interfaces/srv/__init__.py
[16.840s] -- Installing: /home/potamon1/potamon_ws/install/potamon_interfaces/lib/python3.12/site-packages/potamon_interfaces/__init__.py
[16.840s] -- Installing: /home/potamon1/potamon_ws/install/potamon_interfaces/lib/python3.12/site-packages/potamon_interfaces/_potamon_interfaces_s.ep.rosidl_typesupport_introspection_c.c
[16.908s] Listing '/home/potamon1/potamon_ws/install/potamon_interfaces/lib/python3.12/site-packages/potamon_interfaces'...
[16.908s] Compiling '/home/potamon1/potamon_ws/install/potamon_interfaces/lib/python3.12/site-packages/potamon_interfaces/__init__.py'...
[16.908s] Listing '/home/potamon1/potamon_ws/install/potamon_interfaces/lib/python3.12/site-packages/potamon_interfaces/msg'...
[16.908s] Compiling '/home/potamon1/potamon_ws/install/potamon_interfaces/lib/python3.12/site-packages/potamon_interfaces/msg/__init__.py'...
[16.908s] Compiling '/home/potamon1/potamon_ws/install/potamon_interfaces/lib/python3.12/site-packages/potamon_interfaces/msg/_system_status.py'...
[16.908s] Compiling '/home/potamon1/potamon_ws/install/potamon_interfaces/lib/python3.12/site-packages/potamon_interfaces/msg/_wheel_angles.py'...
[16.909s] Compiling '/home/potamon1/potamon_ws/install/potamon_interfaces/lib/python3.12/site-packages/potamon_interfaces/msg/_wheel_states.py'...
[16.909s] Compiling '/home/potamon1/potamon_ws/install/potamon_interfaces/lib/python3.12/site-packages/potamon_interfaces/msg/_wheel_velocities.py'...
[16.909s] Listing '/home/potamon1/potamon_ws/install/potamon_interfaces/lib/python3.12/site-packages/potamon_interfaces/srv'...
[16.909s] Compiling '/home/potamon1/potamon_ws/install/potamon_interfaces/lib/python3.12/site-packages/potamon_interfaces/srv/__init__.py'...
[16.909s] Compiling '/home/potamon1/potamon_ws/install/potamon_interfaces/lib/python3.12/site-packages/potamon_interfaces/srv/_set_control_mode.py'...
[16.921s] -- Installing: /home/potamon1/potamon_ws/install/potamon_interfaces/lib/python3.12/site-packages/potamon_interfaces/potamon_interfaces_s__rosidl_typesupport_fastrtps_c.so
[16.922s] -- Set non-toolchain portion of runtime path of "/home/potamon1/potamon_ws/install/potamon_interfaces/lib/python3.12/site-packages/potamon_interfaces/potamon_interfaces_s__rosidl_typesupport_fastrtps_c.so" to ""
[16.922s] -- Installing: /home/potamon1/potamon_ws/install/potamon_interfaces/lib/python3.12/site-packages/potamon_interfaces/potamon_interfaces_s__rosidl_typesupport_introspection_c.so
[16.923s] -- Set non-toolchain portion of runtime path of "/home/potamon1/potamon_ws/install/potamon_interfaces/lib/python3.12/site-packages/potamon_interfaces/potamon_interfaces_s__rosidl_typesupport_introspection_c.so" to ""
[16.923s] -- Installing: /home/potamon1/potamon_ws/install/potamon_interfaces/lib/python3.12/site-packages/potamon_interfaces/potamon_interfaces_s__rosidl_typesupport_c.so
[16.924s] -- Set non-toolchain portion of runtime path of "/home/potamon1/potamon_ws/install/potamon_interfaces/lib/python3.12/site-packages/potamon_interfaces/potamon_interfaces_s__rosidl_typesupport_c.so" to ""
[16.924s] -- Installing: /home/potamon1/potamon_ws/install/potamon_interfaces/lib/libpotamon_interfaces__rosidl_generator_py.so
[16.924s] -- Set non-toolchain portion of runtime path of "/home/potamon1/potamon_ws/install/potamon_interfaces/lib/libpotamon_interfaces__rosidl_generator_py.so" to ""
[16.924s] -- Installing: /home/potamon1/potamon_ws/install/potamon_interfaces/share/potamon_interfaces/msg/WheelStates.idl
[16.925s] -- Installing: /home/potamon1/potamon_ws/install/potamon_interfaces/share/potamon_interfaces/msg/SystemStatus.idl
[16.925s] -- Installing: /home/potamon1/potamon_ws/install/potamon_interfaces/share/potamon_interfaces/msg/WheelVelocities.idl
[16.925s] -- Installing: /home/potamon1/potamon_ws/install/potamon_interfaces/share/potamon_interfaces/msg/WheelAngles.idl
[16.925s] -- Installing: /home/potamon1/potamon_ws/install/potamon_interfaces/share/potamon_interfaces/srv/SetControlMode.idl
[16.925s] -- Installing: /home/potamon1/potamon_ws/install/potamon_interfaces/share/potamon_interfaces/msg/WheelStates.msg
[16.925s] -- Installing: /home/potamon1/potamon_ws/install/potamon_interfaces/share/potamon_interfaces/msg/SystemStatus.msg
[16.926s] -- Installing: /home/potamon1/potamon_ws/install/potamon_interfaces/share/potamon_interfaces/msg/WheelVelocities.msg
[16.926s] -- Installing: /home/potamon1/potamon_ws/install/potamon_interfaces/share/potamon_interfaces/msg/WheelAngles.msg
[16.926s] -- Installing: /home/potamon1/potamon_ws/install/potamon_interfaces/share/potamon_interfaces/srv/SetControlMode.srv
[16.926s] -- Installing: /home/potamon1/potamon_ws/install/potamon_interfaces/share/ament_index/resource_index/package_run_dependencies/potamon_interfaces
[16.926s] -- Installing: /home/potamon1/potamon_ws/install/potamon_interfaces/share/ament_index/resource_index/parent_prefix_path/potamon_interfaces
[16.926s] -- Installing: /home/potamon1/potamon_ws/install/potamon_interfaces/share/potamon_interfaces/environment/ament_prefix_path.sh
[16.927s] -- Installing: /home/potamon1/potamon_ws/install/potamon_interfaces/share/potamon_interfaces/environment/ament_prefix_path.dsv
[16.927s] -- Installing: /home/potamon1/potamon_ws/install/potamon_interfaces/share/potamon_interfaces/environment/path.sh
[16.927s] -- Installing: /home/potamon1/potamon_ws/install/potamon_interfaces/share/potamon_interfaces/environment/path.dsv
[16.927s] -- Installing: /home/potamon1/potamon_ws/install/potamon_interfaces/share/potamon_interfaces/local_setup.bash
[16.927s] -- Installing: /home/potamon1/potamon_ws/install/potamon_interfaces/share/potamon_interfaces/local_setup.sh
[16.927s] -- Installing: /home/potamon1/potamon_ws/install/potamon_interfaces/share/potamon_interfaces/local_setup.zsh
[16.928s] -- Installing: /home/potamon1/potamon_ws/install/potamon_interfaces/share/potamon_interfaces/local_setup.dsv
[16.928s] -- Installing: /home/potamon1/potamon_ws/install/potamon_interfaces/share/potamon_interfaces/package.dsv
[16.928s] -- Installing: /home/potamon1/potamon_ws/install/potamon_interfaces/share/ament_index/resource_index/packages/potamon_interfaces
[16.928s] -- Installing: /home/potamon1/potamon_ws/install/potamon_interfaces/share/potamon_interfaces/cmake/export_potamon_interfaces__rosidl_generator_cExport.cmake
[16.928s] -- Installing: /home/potamon1/potamon_ws/install/potamon_interfaces/share/potamon_interfaces/cmake/export_potamon_interfaces__rosidl_generator_cExport-noconfig.cmake
[16.929s] -- Installing: /home/potamon1/potamon_ws/install/potamon_interfaces/share/potamon_interfaces/cmake/export_potamon_interfaces__rosidl_typesupport_fastrtps_cExport.cmake
[16.929s] -- Installing: /home/potamon1/potamon_ws/install/potamon_interfaces/share/potamon_interfaces/cmake/export_potamon_interfaces__rosidl_typesupport_fastrtps_cExport-noconfig.cmake
[16.929s] -- Installing: /home/potamon1/potamon_ws/install/potamon_interfaces/share/potamon_interfaces/cmake/potamon_interfaces__rosidl_typesupport_introspection_cExport.cmake
[16.929s] -- Installing: /home/potamon1/potamon_ws/install/potamon_interfaces/share/potamon_interfaces/cmake/potamon_interfaces__rosidl_typesupport_introspection_cExport-noconfig.cmake
[16.929s] -- Installing: /home/potamon1/potamon_ws/install/potamon_interfaces/share/potamon_interfaces/cmake/potamon_interfaces__rosidl_typesupport_cExport.cmake
[16.930s] -- Installing: /home/potamon1/potamon_ws/install/potamon_interfaces/share/potamon_interfaces/cmake/potamon_interfaces__rosidl_typesupport_cExport-noconfig.cmake
[16.930s] -- Installing: /home/potamon1/potamon_ws/install/potamon_interfaces/share/potamon_interfaces/cmake/export_potamon_interfaces__rosidl_generator_cppExport.cmake
[16.930s] -- Installing: /home/potamon1/potamon_ws/install/potamon_interfaces/share/potamon_interfaces/cmake/export_potamon_interfaces__rosidl_typesupport_fastrtps_cppExport.cmake
[16.930s] -- Installing: /home/potamon1/potamon_ws/install/potamon_interfaces/share/potamon_interfaces/cmake/export_potamon_interfaces__rosidl_typesupport_fastrtps_cppExport-noconfig.cmake
[16.930s] -- Installing: /home/potamon1/potamon_ws/install/potamon_interfaces/share/potamon_interfaces/cmake/potamon_interfaces__rosidl_typesupport_introspection_cppExport.cmake
[16.931s] -- Installing: /home/potamon1/potamon_ws/install/potamon_interfaces/share/potamon_interfaces/cmake/potamon_interfaces__rosidl_typesupport_introspection_cppExport-noconfig.cmake
[16.931s] -- Installing: /home/potamon1/potamon_ws/install/potamon_interfaces/share/potamon_interfaces/cmake/potamon_interfaces__rosidl_typesupport_cppExport.cmake
[16.931s] -- Installing: /home/potamon1/potamon_ws/install/potamon_interfaces/share/potamon_interfaces/cmake/potamon_interfaces__rosidl_typesupport_cppExport-noconfig.cmake
[16.931s] -- Installing: /home/potamon1/potamon_ws/install/potamon_interfaces/share/potamon_interfaces/cmake/export_potamon_interfaces__rosidl_generator_pyExport.cmake
[16.931s] -- Installing: /home/potamon1/potamon_ws/install/potamon_interfaces/share/potamon_interfaces/cmake/export_potamon_interfaces__rosidl_generator_pyExport-noconfig.cmake
[16.932s] -- Installing: /home/potamon1/potamon_ws/install/potamon_interfaces/share/potamon_interfaces/cmake/rosidl_cmake-extras.cmake
[16.932s] -- Installing: /home/potamon1/potamon_ws/install/potamon_interfaces/share/potamon_interfaces/cmake/ament_cmake_export_dependencies-extras.cmake
[16.932s] -- Installing: /home/potamon1/potamon_ws/install/potamon_interfaces/share/potamon_interfaces/cmake/ament_cmake_export_include_directories-extras.cmake
[16.932s] -- Installing: /home/potamon1/potamon_ws/install/potamon_interfaces/share/potamon_interfaces/cmake/ament_cmake_export_libraries-extras.cmake
[16.932s] -- Installing: /home/potamon1/potamon_ws/install/potamon_interfaces/share/potamon_interfaces/cmake/ament_cmake_export_targets-extras.cmake
[16.932s] -- Installing: /home/potamon1/potamon_ws/install/potamon_interfaces/share/potamon_interfaces/cmake/rosidl_cmake_export_typesupport_targets-extras.cmake
[16.933s] -- Installing: /home/potamon1/potamon_ws/install/potamon_interfaces/share/potamon_interfaces/cmake/rosidl_cmake_export_typesupport_libraries-extras.cmake
[16.933s] -- Installing: /home/potamon1/potamon_ws/install/potamon_interfaces/share/potamon_interfaces/cmake/potamon_interfacesConfig.cmake
[16.933s] -- Installing: /home/potamon1/potamon_ws/install/potamon_interfaces/share/potamon_interfaces/cmake/potamon_interfacesConfig-version.cmake
[16.933s] -- Installing: /home/potamon1/potamon_ws/install/potamon_interfaces/share/potamon_interfaces/package.xml
[16.937s] Invoked command in '/home/potamon1/potamon_ws/build/potamon_interfaces' returned '0': CMAKE_PREFIX_PATH=${CMAKE_PREFIX_PATH}:/opt/ros/jazzy /usr/bin/cmake --install /home/potamon1/potamon_ws/build/potamon_interfaces
