[0.012s] Invoking command in '/home/jv4k/potamon_ws/src/build/potamon-rpi': CMAKE_PREFIX_PATH=${CMAKE_PREFIX_PATH}:/opt/ros/jazzy DEBUGINFOD_URLS=https://debuginfod.ubuntu.com /usr/bin/cmake --build /home/jv4k/potamon_ws/src/build/potamon-rpi -- -j12 -l12
[0.046s] -- Found ament_cmake: 2.5.3 (/opt/ros/jazzy/share/ament_cmake/cmake)
[0.299s] -- Found rclcpp: 28.1.8 (/opt/ros/jazzy/share/rclcpp/cmake)
[0.353s] -- Found rosidl_generator_c: 4.6.5 (/opt/ros/jazzy/share/rosidl_generator_c/cmake)
[0.362s] -- Found rosidl_generator_cpp: 4.6.5 (/opt/ros/jazzy/share/rosidl_generator_cpp/cmake)
[0.373s] -- Using all available rosidl_typesupport_c: rosidl_typesupport_fastrtps_c;rosidl_typesupport_introspection_c
[0.387s] -- Using all available rosidl_typesupport_cpp: rosidl_typesupport_fastrtps_cpp;rosidl_typesupport_introspection_cpp
[0.449s] -- Found rmw_implementation_cmake: 7.3.2 (/opt/ros/jazzy/share/rmw_implementation_cmake/cmake)
[0.450s] -- Found rmw_fastrtps_cpp: 8.4.2 (/opt/ros/jazzy/share/rmw_fastrtps_cpp/cmake)
[0.524s] -- Using RMW implementation 'rmw_fastrtps_cpp' as default
[0.592s] -- Found potamon_interfaces: 0.0.0 (/home/jv4k/potamon_ws/src/install/potamon_interfaces/share/potamon_interfaces/cmake)
[0.607s] -- Found nav_msgs: 5.3.6 (/opt/ros/jazzy/share/nav_msgs/cmake)
[0.674s] -- Found sensor_msgs: 5.3.6 (/opt/ros/jazzy/share/sensor_msgs/cmake)
[0.698s] -- Found tf2: 0.36.9 (/opt/ros/jazzy/share/tf2/cmake)
[0.809s] -- Configuring done (0.8s)
[0.824s] -- Generating done (0.0s)
[0.828s] -- Build files have been written to: /home/jv4k/potamon_ws/src/build/potamon-rpi
[0.912s] [ 50%] [32mBuilding CXX object CMakeFiles/potamon_rpi.dir/src/potamon_control.cpp.o[0m
[3.037s] [01m[K/home/jv4k/potamon_ws/src/potamon-rpi/src/potamon_control.cpp:308:49:[m[K [01;31m[Kerror: [m[K‘[01m[KEmpty[m[K’ in namespace ‘[01m[Kstd_msgs::msg[m[K’ does not name a type
[3.037s]   308 |     void heartbeatCallback(const std_msgs::msg::[01;31m[KEmpty[m[K::SharedPtr msg){
[3.038s]       |                                                 [01;31m[K^~~~~[m[K
[3.038s] [01m[K/home/jv4k/potamon_ws/src/potamon-rpi/src/potamon_control.cpp:308:66:[m[K [01;31m[Kerror: [m[Kexpected unqualified-id before ‘[01m[Kmsg[m[K’
[3.038s]   308 |     void heartbeatCallback(const std_msgs::msg::Empty::SharedPtr [01;31m[Kmsg[m[K){
[3.038s]       |                                                                  [01;31m[K^~~[m[K
[3.038s] [01m[K/home/jv4k/potamon_ws/src/potamon-rpi/src/potamon_control.cpp:308:65:[m[K [01;31m[Kerror: [m[Kexpected ‘[01m[K)[m[K’ before ‘[01m[Kmsg[m[K’
[3.038s]   308 |     void heartbeatCallback[34m[K([m[Kconst std_msgs::msg::Empty::SharedPtr[01;31m[K [m[K[32m[Kmsg[m[K){
[3.039s]       |                           [34m[K~[m[K                                     [01;31m[K^[m[K[32m[K~~~[m[K
[3.039s]       |                                                                 [32m[K)[m[K
[3.039s] [01m[K/home/jv4k/potamon_ws/src/potamon-rpi/src/potamon_control.cpp:308:56:[m[K [01;31m[Kerror: [m[Kexpected ‘[01m[K;[m[K’ at end of member declaration
[3.039s]   308 |     void heartbeatCallback(const std_msgs::msg::Empty::[01;31m[KSharedPtr[m[K msg){
[3.039s]       |                                                        [01;31m[K^~~~~~~~~[m[K
[3.039s]       |                                                                 [32m[K;[m[K
[3.040s] [01m[K/home/jv4k/potamon_ws/src/potamon-rpi/src/potamon_control.cpp:308:66:[m[K [01;31m[Kerror: [m[K‘[01m[Kmsg[m[K’ does not name a type
[3.040s]   308 |     void heartbeatCallback(const std_msgs::msg::Empty::SharedPtr [01;31m[Kmsg[m[K){
[3.040s]       |                                                                  [01;31m[K^~~[m[K
[3.107s] [01m[K/home/jv4k/potamon_ws/src/potamon-rpi/src/potamon_control.cpp:[m[K In constructor ‘[01m[KPotamonNode::[01;32m[KPotamonNode[m[K()[m[K’:
[3.107s] [01m[K/home/jv4k/potamon_ws/src/potamon-rpi/src/potamon_control.cpp:76:88:[m[K [01;31m[Kerror: [m[Kno match for ‘[01m[Koperator=[m[K’ (operand types are ‘[01m[Krclcpp::Subscription<geometry_msgs::msg::Twist_<std::allocator<void> > >::SharedPtr[m[K’ {aka ‘[01m[Kstd::shared_ptr<rclcpp::Subscription<geometry_msgs::msg::Twist_<std::allocator<void> > > >[m[K’} and ‘[01m[Kstd::shared_ptr<rclcpp::Subscription<potamon_interfaces::msg::WheelVelocities_<std::allocator<void> >, std::allocator<void>, potamon_interfaces::msg::WheelVelocities_<std::allocator<void> >, potamon_interfaces::msg::WheelVelocities_<std::allocator<void> >, rclcpp::message_memory_strategy::MessageMemoryStrategy<potamon_interfaces::msg::WheelVelocities_<std::allocator<void> >, std::allocator<void> > > >[m[K’)
[3.107s]    76 |             std::bind(&PotamonNode::wheelVelocityCallback, this, std::placeholders::_1)[01;31m[K)[m[K;
[3.107s]       |                                                                                        [01;31m[K^[m[K
[3.108s] In file included from [01m[K/usr/include/c++/13/memory:80[m[K,
[3.108s]                  from [01m[K/opt/ros/jazzy/include/rclcpp/rclcpp/rclcpp.hpp:169[m[K,
[3.108s]                  from [01m[K/home/jv4k/potamon_ws/src/potamon-rpi/src/potamon_control.cpp:1[m[K:
[3.108s] [01m[K/usr/include/c++/13/bits/shared_ptr.h:418:9:[m[K [01;36m[Knote: [m[Kcandidate: ‘[01m[Ktemplate<class _Yp> std::shared_ptr<_Tp>::_Assignable<const std::shared_ptr<_Yp>&> std::shared_ptr<_Tp>::[01;32m[Koperator=[m[K(const std::shared_ptr<_Yp>&) [35m[K[with _Tp = rclcpp::Subscription<geometry_msgs::msg::Twist_<std::allocator<void> > >][m[K[m[K’
[3.108s]   418 |         [01;36m[Koperator[m[K=(const shared_ptr<_Yp>& __r) noexcept
[3.108s]       |         [01;36m[K^~~~~~~~[m[K
[3.109s] [01m[K/usr/include/c++/13/bits/shared_ptr.h:418:9:[m[K [01;36m[Knote: [m[K  template argument deduction/substitution failed:
[3.109s] /usr/include/c++/13/bits/shared_ptr.h: In substitution of ‘[01m[Ktemplate<class _Tp> template<class _Arg> using std::shared_ptr<_Tp>::_Assignable = typename std::enable_if<std::is_assignable<std::__shared_ptr<_Tp>&, _Arg>::value, std::shared_ptr<_Tp>&>::type [35m[K[with _Arg = const std::shared_ptr<rclcpp::Subscription<potamon_interfaces::msg::WheelVelocities_<std::allocator<void> >, std::allocator<void>, potamon_interfaces::msg::WheelVelocities_<std::allocator<void> >, potamon_interfaces::msg::WheelVelocities_<std::allocator<void> >, rclcpp::message_memory_strategy::MessageMemoryStrategy<potamon_interfaces::msg::WheelVelocities_<std::allocator<void> >, std::allocator<void> > > >&; _Tp = rclcpp::Subscription<geometry_msgs::msg::Twist_<std::allocator<void> > >][m[K[m[K’:
[3.109s] [01m[K/usr/include/c++/13/bits/shared_ptr.h:418:2:[m[K   required by substitution of ‘[01m[Ktemplate<class _Yp> std::shared_ptr<rclcpp::Subscription<geometry_msgs::msg::Twist_<std::allocator<void> > > >::_Assignable<const std::shared_ptr<_Tp>&> std::shared_ptr<rclcpp::Subscription<geometry_msgs::msg::Twist_<std::allocator<void> > > >::[01;32m[Koperator=[m[K(const std::shared_ptr<_Tp>&) [35m[K[with _Yp = rclcpp::Subscription<potamon_interfaces::msg::WheelVelocities_<std::allocator<void> >, std::allocator<void>, potamon_interfaces::msg::WheelVelocities_<std::allocator<void> >, potamon_interfaces::msg::WheelVelocities_<std::allocator<void> >, rclcpp::message_memory_strategy::MessageMemoryStrategy<potamon_interfaces::msg::WheelVelocities_<std::allocator<void> >, std::allocator<void> > >][m[K[m[K’
[3.109s] [01m[K/home/jv4k/potamon_ws/src/potamon-rpi/src/potamon_control.cpp:76:88:[m[K   required from here
[3.109s] [01m[K/usr/include/c++/13/bits/shared_ptr.h:183:15:[m[K [01;31m[Kerror: [m[Kno type named ‘[01m[Ktype[m[K’ in ‘[01m[Kstruct std::enable_if<false, std::shared_ptr<rclcpp::Subscription<geometry_msgs::msg::Twist_<std::allocator<void> > > >&>[m[K’
[3.109s]   183 |         using [01;31m[K_Assignable[m[K = typename enable_if<
[3.110s]       |               [01;31m[K^~~~~~~~~~~[m[K
[3.110s] [01m[K/usr/include/c++/13/bits/shared_ptr.h:429:9:[m[K [01;36m[Knote: [m[Kcandidate: ‘[01m[Ktemplate<class _Yp> std::shared_ptr<_Tp>::_Assignable<std::auto_ptr<_Up> > std::shared_ptr<_Tp>::[01;32m[Koperator=[m[K(std::auto_ptr<_Up>&&) [35m[K[with _Tp = rclcpp::Subscription<geometry_msgs::msg::Twist_<std::allocator<void> > >][m[K[m[K’
[3.110s]   429 |         [01;36m[Koperator[m[K=(auto_ptr<_Yp>&& __r)
[3.110s]       |         [01;36m[K^~~~~~~~[m[K
[3.110s] [01m[K/usr/include/c++/13/bits/shared_ptr.h:429:9:[m[K [01;36m[Knote: [m[K  template argument deduction/substitution failed:
[3.110s] [01m[K/home/jv4k/potamon_ws/src/potamon-rpi/src/potamon_control.cpp:76:88:[m[K [01;36m[Knote: [m[K  ‘[01m[Kstd::shared_ptr<rclcpp::Subscription<potamon_interfaces::msg::WheelVelocities_<std::allocator<void> >, std::allocator<void>, potamon_interfaces::msg::WheelVelocities_<std::allocator<void> >, potamon_interfaces::msg::WheelVelocities_<std::allocator<void> >, rclcpp::message_memory_strategy::MessageMemoryStrategy<potamon_interfaces::msg::WheelVelocities_<std::allocator<void> >, std::allocator<void> > > >[m[K’ is not derived from ‘[01m[Kstd::auto_ptr<_Up>[m[K’
[3.110s]    76 |             std::bind(&PotamonNode::wheelVelocityCallback, this, std::placeholders::_1)[01;36m[K)[m[K;
[3.111s]       |                                                                                        [01;36m[K^[m[K
[3.111s] [01m[K/usr/include/c++/13/bits/shared_ptr.h:446:9:[m[K [01;36m[Knote: [m[Kcandidate: ‘[01m[Ktemplate<class _Yp> std::shared_ptr<_Tp>::_Assignable<std::shared_ptr<_Yp> > std::shared_ptr<_Tp>::[01;32m[Koperator=[m[K(std::shared_ptr<_Yp>&&) [35m[K[with _Tp = rclcpp::Subscription<geometry_msgs::msg::Twist_<std::allocator<void> > >][m[K[m[K’
[3.111s]   446 |         [01;36m[Koperator[m[K=(shared_ptr<_Yp>&& __r) noexcept
[3.111s]       |         [01;36m[K^~~~~~~~[m[K
[3.111s] [01m[K/usr/include/c++/13/bits/shared_ptr.h:446:9:[m[K [01;36m[Knote: [m[K  template argument deduction/substitution failed:
[3.111s] /usr/include/c++/13/bits/shared_ptr.h: In substitution of ‘[01m[Ktemplate<class _Tp> template<class _Arg> using std::shared_ptr<_Tp>::_Assignable = typename std::enable_if<std::is_assignable<std::__shared_ptr<_Tp>&, _Arg>::value, std::shared_ptr<_Tp>&>::type [35m[K[with _Arg = std::shared_ptr<rclcpp::Subscription<potamon_interfaces::msg::WheelVelocities_<std::allocator<void> >, std::allocator<void>, potamon_interfaces::msg::WheelVelocities_<std::allocator<void> >, potamon_interfaces::msg::WheelVelocities_<std::allocator<void> >, rclcpp::message_memory_strategy::MessageMemoryStrategy<potamon_interfaces::msg::WheelVelocities_<std::allocator<void> >, std::allocator<void> > > >; _Tp = rclcpp::Subscription<geometry_msgs::msg::Twist_<std::allocator<void> > >][m[K[m[K’:
[3.112s] [01m[K/usr/include/c++/13/bits/shared_ptr.h:446:2:[m[K   required by substitution of ‘[01m[Ktemplate<class _Yp> std::shared_ptr<rclcpp::Subscription<geometry_msgs::msg::Twist_<std::allocator<void> > > >::_Assignable<std::shared_ptr<_Tp> > std::shared_ptr<rclcpp::Subscription<geometry_msgs::msg::Twist_<std::allocator<void> > > >::[01;32m[Koperator=[m[K(std::shared_ptr<_Tp>&&) [35m[K[with _Yp = rclcpp::Subscription<potamon_interfaces::msg::WheelVelocities_<std::allocator<void> >, std::allocator<void>, potamon_interfaces::msg::WheelVelocities_<std::allocator<void> >, potamon_interfaces::msg::WheelVelocities_<std::allocator<void> >, rclcpp::message_memory_strategy::MessageMemoryStrategy<potamon_interfaces::msg::WheelVelocities_<std::allocator<void> >, std::allocator<void> > >][m[K[m[K’
[3.112s] [01m[K/home/jv4k/potamon_ws/src/potamon-rpi/src/potamon_control.cpp:76:88:[m[K   required from here
[3.112s] [01m[K/usr/include/c++/13/bits/shared_ptr.h:183:15:[m[K [01;31m[Kerror: [m[Kno type named ‘[01m[Ktype[m[K’ in ‘[01m[Kstruct std::enable_if<false, std::shared_ptr<rclcpp::Subscription<geometry_msgs::msg::Twist_<std::allocator<void> > > >&>[m[K’
[3.112s]   183 |         using [01;31m[K_Assignable[m[K = typename enable_if<
[3.112s]       |               [01;31m[K^~~~~~~~~~~[m[K
[3.112s] [01m[K/usr/include/c++/13/bits/shared_ptr.h:454:9:[m[K [01;36m[Knote: [m[Kcandidate: ‘[01m[Ktemplate<class _Yp, class _Del> std::shared_ptr<_Tp>::_Assignable<std::unique_ptr<_Up, _Ep> > std::shared_ptr<_Tp>::[01;32m[Koperator=[m[K(std::unique_ptr<_Up, _Ep>&&) [35m[K[with _Del = _Yp; _Tp = rclcpp::Subscription<geometry_msgs::msg::Twist_<std::allocator<void> > >][m[K[m[K’
[3.113s]   454 |         [01;36m[Koperator[m[K=(unique_ptr<_Yp, _Del>&& __r)
[3.113s]       |         [01;36m[K^~~~~~~~[m[K
[3.113s] [01m[K/usr/include/c++/13/bits/shared_ptr.h:454:9:[m[K [01;36m[Knote: [m[K  template argument deduction/substitution failed:
[3.113s] [01m[K/home/jv4k/potamon_ws/src/potamon-rpi/src/potamon_control.cpp:76:88:[m[K [01;36m[Knote: [m[K  ‘[01m[Kstd::shared_ptr<rclcpp::Subscription<potamon_interfaces::msg::WheelVelocities_<std::allocator<void> >, std::allocator<void>, potamon_interfaces::msg::WheelVelocities_<std::allocator<void> >, potamon_interfaces::msg::WheelVelocities_<std::allocator<void> >, rclcpp::message_memory_strategy::MessageMemoryStrategy<potamon_interfaces::msg::WheelVelocities_<std::allocator<void> >, std::allocator<void> > > >[m[K’ is not derived from ‘[01m[Kstd::unique_ptr<_Tp, _Dp>[m[K’
[3.113s]    76 |             std::bind(&PotamonNode::wheelVelocityCallback, this, std::placeholders::_1)[01;36m[K)[m[K;
[3.113s]       |                                                                                        [01;36m[K^[m[K
[3.114s] [01m[K/usr/include/c++/13/bits/shared_ptr.h:414:19:[m[K [01;36m[Knote: [m[Kcandidate: ‘[01m[Kstd::shared_ptr<_Tp>& std::shared_ptr<_Tp>::[01;32m[Koperator=[m[K(const std::shared_ptr<_Tp>&) [35m[K[with _Tp = rclcpp::Subscription<geometry_msgs::msg::Twist_<std::allocator<void> > >][m[K[m[K’
[3.114s]   414 |       shared_ptr& [01;36m[Koperator[m[K=(const shared_ptr&) noexcept = default;
[3.114s]       |                   [01;36m[K^~~~~~~~[m[K
[3.114s] [01m[K/usr/include/c++/13/bits/shared_ptr.h:414:29:[m[K [01;36m[Knote: [m[K  no known conversion for argument 1 from ‘[01m[Kstd::shared_ptr<rclcpp::Subscription<potamon_interfaces::msg::WheelVelocities_<std::allocator<void> >, std::allocator<void>, potamon_interfaces::msg::WheelVelocities_<std::allocator<void> >, potamon_interfaces::msg::WheelVelocities_<std::allocator<void> >, rclcpp::message_memory_strategy::MessageMemoryStrategy<potamon_interfaces::msg::WheelVelocities_<std::allocator<void> >, std::allocator<void> > > >[m[K’ to ‘[01m[Kconst std::shared_ptr<rclcpp::Subscription<geometry_msgs::msg::Twist_<std::allocator<void> > > >&[m[K’
[3.114s]   414 |       shared_ptr& operator=([01;36m[Kconst shared_ptr&[m[K) noexcept = default;
[3.114s]       |                             [01;36m[K^~~~~~~~~~~~~~~~~[m[K
[3.114s] [01m[K/usr/include/c++/13/bits/shared_ptr.h:438:7:[m[K [01;36m[Knote: [m[Kcandidate: ‘[01m[Kstd::shared_ptr<_Tp>& std::shared_ptr<_Tp>::[01;32m[Koperator=[m[K(std::shared_ptr<_Tp>&&) [35m[K[with _Tp = rclcpp::Subscription<geometry_msgs::msg::Twist_<std::allocator<void> > >][m[K[m[K’
[3.115s]   438 |       [01;36m[Koperator[m[K=(shared_ptr&& __r) noexcept
[3.115s]       |       [01;36m[K^~~~~~~~[m[K
[3.115s] [01m[K/usr/include/c++/13/bits/shared_ptr.h:438:30:[m[K [01;36m[Knote: [m[K  no known conversion for argument 1 from ‘[01m[Kstd::shared_ptr<rclcpp::Subscription<potamon_interfaces::msg::WheelVelocities_<std::allocator<void> >, std::allocator<void>, potamon_interfaces::msg::WheelVelocities_<std::allocator<void> >, potamon_interfaces::msg::WheelVelocities_<std::allocator<void> >, rclcpp::message_memory_strategy::MessageMemoryStrategy<potamon_interfaces::msg::WheelVelocities_<std::allocator<void> >, std::allocator<void> > > >[m[K’ to ‘[01m[Kstd::shared_ptr<rclcpp::Subscription<geometry_msgs::msg::Twist_<std::allocator<void> > > >&&[m[K’
[3.115s]   438 |       operator=([01;36m[Kshared_ptr&& __r[m[K) noexcept
[3.115s]       |                 [01;36m[K~~~~~~~~~~~~~^~~[m[K
[3.116s] [01m[K/home/jv4k/potamon_ws/src/potamon-rpi/src/potamon_control.cpp:79:9:[m[K [01;31m[Kerror: [m[K‘[01m[Kwheel_ang_cmd_sub[m[K’ was not declared in this scope; did you mean ‘[01m[Kwheel_vel_cmd_sub[m[K’?
[3.116s]    79 |         [01;31m[Kwheel_ang_cmd_sub[m[K = this->create_subscription<potamon_interfaces::msg::WheelAngles>(
[3.116s]       |         [01;31m[K^~~~~~~~~~~~~~~~~[m[K
[3.116s]       |         [32m[Kwheel_vel_cmd_sub[m[K
[3.148s] [01m[K/home/jv4k/potamon_ws/src/potamon-rpi/src/potamon_control.cpp:84:9:[m[K [01;31m[Kerror: [m[K‘[01m[Kheartbeat_sub[m[K’ was not declared in this scope
[3.148s]    84 |         [01;31m[Kheartbeat_sub[m[K = this->create_subscription<std_msgs::msg::Empty>(
[3.148s]       |         [01;31m[K^~~~~~~~~~~~~[m[K
[3.149s] [01m[K/home/jv4k/potamon_ws/src/potamon-rpi/src/potamon_control.cpp:84:66:[m[K [01;31m[Kerror: [m[K‘[01m[KEmpty[m[K’ is not a member of ‘[01m[Kstd_msgs::msg[m[K’; did you mean ‘[01m[Krclcpp::Empty[m[K’?
[3.149s]    84 |         heartbeat_sub = this->create_subscription<std_msgs::msg::[01;31m[KEmpty[m[K>(
[3.149s]       |                                                                  [01;31m[K^~~~~[m[K
[3.149s] In file included from [01m[K/opt/ros/jazzy/include/rclcpp/rclcpp/wait_result.hpp:28[m[K,
[3.149s]                  from [01m[K/opt/ros/jazzy/include/rclcpp/rclcpp/executors/executor_entities_collection.hpp:28[m[K,
[3.149s]                  from [01m[K/opt/ros/jazzy/include/rclcpp/rclcpp/executor.hpp:39[m[K,
[3.150s]                  from [01m[K/opt/ros/jazzy/include/rclcpp/rclcpp/executors/multi_threaded_executor.hpp:25[m[K,
[3.150s]                  from [01m[K/opt/ros/jazzy/include/rclcpp/rclcpp/executors.hpp:21[m[K,
[3.150s]                  from [01m[K/opt/ros/jazzy/include/rclcpp/rclcpp/rclcpp.hpp:172[m[K:
[3.150s] [01m[K/opt/ros/jazzy/include/rclcpp/rclcpp/wait_result_kind.hpp:28:3:[m[K [01;36m[Knote: [m[K‘[01m[Krclcpp::Empty[m[K’ declared here
[3.150s]    28 |   [01;36m[KEmpty[m[K,  //<! Kind used when trying to wait on an empty wait set.
[3.151s]       |   [01;36m[K^~~~~[m[K
[3.151s] [01m[K/home/jv4k/potamon_ws/src/potamon-rpi/src/potamon_control.cpp:84:72:[m[K [01;31m[Kerror: [m[Kno matching function for call to ‘[01m[KPotamonNode::create_subscription<<expression error> >(const char [11], rclcpp::QoS, std::_Bind_helper<false, void (PotamonNode::*)(...), PotamonNode*, const std::_Placeholder<1>&>::type)[m[K’
[3.151s]    84 |         heartbeat_sub = [01;31m[Kthis->create_subscription<std_msgs::msg::Empty>([m[K
[3.151s]       |                         [01;31m[K~~~~~~~~~~~~~~~~~~~~~~~~~~~~~~~~~~~~~~~~~~~~~~~^[m[K
[3.151s]    85 | [01;31m[K            "/heartbeat",[m[K
[3.152s]       |             [01;31m[K~~~~~~~~~~~~~[m[K                                               
[3.152s]    86 | [01;31m[K            rclcpp::QoS(10),[m[K
[3.152s]       |             [01;31m[K~~~~~~~~~~~~~~~~[m[K                                            
[3.152s]    87 | [01;31m[K            std::bind(&PotamonNode::heartbeatCallback, this, std::placeholders::_1))[m[K;
[3.152s]       |             [01;31m[K~~~~~~~~~~~~~~~~~~~~~~~~~~~~~~~~~~~~~~~~~~~~~~~~~~~~~~~~~~~~~~~~~~~~~~~~[m[K
[3.152s] In file included from [01m[K/opt/ros/jazzy/include/rclcpp/rclcpp/node.hpp:1663[m[K,
[3.152s]                  from [01m[K/opt/ros/jazzy/include/rclcpp/rclcpp/executors/single_threaded_executor.hpp:28[m[K,
[3.153s]                  from [01m[K/opt/ros/jazzy/include/rclcpp/rclcpp/executors.hpp:22[m[K:
[3.153s] [01m[K/opt/ros/jazzy/include/rclcpp/rclcpp/node_impl.hpp:92:1:[m[K [01;36m[Knote: [m[Kcandidate: ‘[01m[Ktemplate<class MessageT, class CallbackT, class AllocatorT, class SubscriptionT, class MessageMemoryStrategyT> std::shared_ptr<ROSMessageT> rclcpp::Node::[01;32m[Kcreate_subscription[m[K(const std::string&, const rclcpp::QoS&, CallbackT&&, const rclcpp::SubscriptionOptionsWithAllocator<AllocatorT>&, typename MessageMemoryStrategyT::SharedPtr)[m[K’
[3.153s]    92 | [01;36m[KNode[m[K::create_subscription(
[3.153s]       | [01;36m[K^~~~[m[K
[3.153s] [01m[K/opt/ros/jazzy/include/rclcpp/rclcpp/node_impl.hpp:92:1:[m[K [01;36m[Knote: [m[K  template argument deduction/substitution failed:
[3.153s] [01m[K/home/jv4k/potamon_ws/src/potamon-rpi/src/potamon_control.cpp:84:72:[m[K [01;31m[Kerror: [m[Ktemplate argument 1 is invalid
[3.154s]    84 |         heartbeat_sub = [01;31m[Kthis->create_subscription<std_msgs::msg::Empty>([m[K
[3.154s]       |                         [01;31m[K~~~~~~~~~~~~~~~~~~~~~~~~~~~~~~~~~~~~~~~~~~~~~~~^[m[K
[3.154s]    85 | [01;31m[K            "/heartbeat",[m[K
[3.154s]       |             [01;31m[K~~~~~~~~~~~~~[m[K                                               
[3.154s]    86 | [01;31m[K            rclcpp::QoS(10),[m[K
[3.154s]       |             [01;31m[K~~~~~~~~~~~~~~~~[m[K                                            
[3.155s]    87 | [01;31m[K            std::bind(&PotamonNode::heartbeatCallback, this, std::placeholders::_1))[m[K;
[3.155s]       |             [01;31m[K~~~~~~~~~~~~~~~~~~~~~~~~~~~~~~~~~~~~~~~~~~~~~~~~~~~~~~~~~~~~~~~~~~~~~~~~[m[K
[3.161s] [01m[K/home/jv4k/potamon_ws/src/potamon-rpi/src/potamon_control.cpp:[m[K In member function ‘[01m[Kvoid PotamonNode::[01;32m[KwheelVelocityCallback[m[K(potamon_interfaces::msg::WheelVelocities_<std::allocator<void> >::SharedPtr)[m[K’:
[3.161s] [01m[K/home/jv4k/potamon_ws/src/potamon-rpi/src/potamon_control.cpp:285:50:[m[K [01;31m[Kerror: [m[K‘[01m[Kconst potamon_interfaces::msg::WheelVelocities_<std::allocator<void> >::SharedPtr[m[K’ {aka ‘[01m[Kconst class std::shared_ptr<potamon_interfaces::msg::WheelVelocities_<std::allocator<void> > >[m[K’} has no member named ‘[01m[Kvelocities[m[K’
[3.161s]   285 |         ptm_vcp_host.M1_VEL_TASK = (int16_t)(msg.[01;31m[Kvelocities[m[K[0] * 512.0f);
[3.162s]       |                                                  [01;31m[K^~~~~~~~~~[m[K
[3.162s] [01m[K/home/jv4k/potamon_ws/src/potamon-rpi/src/potamon_control.cpp:286:50:[m[K [01;31m[Kerror: [m[K‘[01m[Kconst potamon_interfaces::msg::WheelVelocities_<std::allocator<void> >::SharedPtr[m[K’ {aka ‘[01m[Kconst class std::shared_ptr<potamon_interfaces::msg::WheelVelocities_<std::allocator<void> > >[m[K’} has no member named ‘[01m[Kvelocities[m[K’
[3.162s]   286 |         ptm_vcp_host.M2_VEL_TASK = (int16_t)(msg.[01;31m[Kvelocities[m[K[1] * 512.0f);
[3.162s]       |                                                  [01;31m[K^~~~~~~~~~[m[K
[3.162s] [01m[K/home/jv4k/potamon_ws/src/potamon-rpi/src/potamon_control.cpp:287:50:[m[K [01;31m[Kerror: [m[K‘[01m[Kconst potamon_interfaces::msg::WheelVelocities_<std::allocator<void> >::SharedPtr[m[K’ {aka ‘[01m[Kconst class std::shared_ptr<potamon_interfaces::msg::WheelVelocities_<std::allocator<void> > >[m[K’} has no member named ‘[01m[Kvelocities[m[K’
[3.162s]   287 |         ptm_vcp_host.M3_VEL_TASK = (int16_t)(msg.[01;31m[Kvelocities[m[K[2] * 512.0f);
[3.163s]       |                                                  [01;31m[K^~~~~~~~~~[m[K
[3.163s] [01m[K/home/jv4k/potamon_ws/src/potamon-rpi/src/potamon_control.cpp:288:50:[m[K [01;31m[Kerror: [m[K‘[01m[Kconst potamon_interfaces::msg::WheelVelocities_<std::allocator<void> >::SharedPtr[m[K’ {aka ‘[01m[Kconst class std::shared_ptr<potamon_interfaces::msg::WheelVelocities_<std::allocator<void> > >[m[K’} has no member named ‘[01m[Kvelocities[m[K’
[3.163s]   288 |         ptm_vcp_host.M4_VEL_TASK = (int16_t)(msg.[01;31m[Kvelocities[m[K[3] * 512.0f);
[3.163s]       |                                                  [01;31m[K^~~~~~~~~~[m[K
[3.164s] [01m[K/home/jv4k/potamon_ws/src/potamon-rpi/src/potamon_control.cpp:[m[K In member function ‘[01m[Kvoid PotamonNode::[01;32m[KwheelAngleCallback[m[K(potamon_interfaces::msg::WheelAngles_<std::allocator<void> >::SharedPtr)[m[K’:
[3.164s] [01m[K/home/jv4k/potamon_ws/src/potamon-rpi/src/potamon_control.cpp:297:50:[m[K [01;31m[Kerror: [m[K‘[01m[Kconst potamon_interfaces::msg::WheelAngles_<std::allocator<void> >::SharedPtr[m[K’ {aka ‘[01m[Kconst class std::shared_ptr<potamon_interfaces::msg::WheelAngles_<std::allocator<void> > >[m[K’} has no member named ‘[01m[Kangles[m[K’
[3.164s]   297 |         ptm_vcp_host.M1_ANG_TASK = (int32_t)(msg.[01;31m[Kangles[m[K[0] * 1024.0f);
[3.164s]       |                                                  [01;31m[K^~~~~~[m[K
[3.165s] [01m[K/home/jv4k/potamon_ws/src/potamon-rpi/src/potamon_control.cpp:298:50:[m[K [01;31m[Kerror: [m[K‘[01m[Kconst potamon_interfaces::msg::WheelAngles_<std::allocator<void> >::SharedPtr[m[K’ {aka ‘[01m[Kconst class std::shared_ptr<potamon_interfaces::msg::WheelAngles_<std::allocator<void> > >[m[K’} has no member named ‘[01m[Kangles[m[K’
[3.165s]   298 |         ptm_vcp_host.M2_ANG_TASK = (int32_t)(msg.[01;31m[Kangles[m[K[1] * 1024.0f);
[3.165s]       |                                                  [01;31m[K^~~~~~[m[K
[3.165s] [01m[K/home/jv4k/potamon_ws/src/potamon-rpi/src/potamon_control.cpp:299:50:[m[K [01;31m[Kerror: [m[K‘[01m[Kconst potamon_interfaces::msg::WheelAngles_<std::allocator<void> >::SharedPtr[m[K’ {aka ‘[01m[Kconst class std::shared_ptr<potamon_interfaces::msg::WheelAngles_<std::allocator<void> > >[m[K’} has no member named ‘[01m[Kangles[m[K’
[3.165s]   299 |         ptm_vcp_host.M3_ANG_TASK = (int32_t)(msg.[01;31m[Kangles[m[K[2] * 1024.0f);
[3.165s]       |                                                  [01;31m[K^~~~~~[m[K
[3.165s] [01m[K/home/jv4k/potamon_ws/src/potamon-rpi/src/potamon_control.cpp:300:50:[m[K [01;31m[Kerror: [m[K‘[01m[Kconst potamon_interfaces::msg::WheelAngles_<std::allocator<void> >::SharedPtr[m[K’ {aka ‘[01m[Kconst class std::shared_ptr<potamon_interfaces::msg::WheelAngles_<std::allocator<void> > >[m[K’} has no member named ‘[01m[Kangles[m[K’
[3.166s]   300 |         ptm_vcp_host.M4_ANG_TASK = (int32_t)(msg.[01;31m[Kangles[m[K[3] * 1024.0f);
[3.166s]       |                                                  [01;31m[K^~~~~~[m[K
[3.166s] [01m[K/home/jv4k/potamon_ws/src/potamon-rpi/src/potamon_control.cpp:302:50:[m[K [01;31m[Kerror: [m[K‘[01m[Kconst potamon_interfaces::msg::WheelAngles_<std::allocator<void> >::SharedPtr[m[K’ {aka ‘[01m[Kconst class std::shared_ptr<potamon_interfaces::msg::WheelAngles_<std::allocator<void> > >[m[K’} has no member named ‘[01m[Kangular_velocity[m[K’
[3.166s]   302 |         ptm_vcp_host.M1_VEL_TASK = (int16_t)(msg.[01;31m[Kangular_velocity[m[K[0] * 512.0f);
[3.166s]       |                                                  [01;31m[K^~~~~~~~~~~~~~~~[m[K
[3.166s] [01m[K/home/jv4k/potamon_ws/src/potamon-rpi/src/potamon_control.cpp:303:50:[m[K [01;31m[Kerror: [m[K‘[01m[Kconst potamon_interfaces::msg::WheelAngles_<std::allocator<void> >::SharedPtr[m[K’ {aka ‘[01m[Kconst class std::shared_ptr<potamon_interfaces::msg::WheelAngles_<std::allocator<void> > >[m[K’} has no member named ‘[01m[Kangular_velocity[m[K’
[3.167s]   303 |         ptm_vcp_host.M2_VEL_TASK = (int16_t)(msg.[01;31m[Kangular_velocity[m[K[1] * 512.0f);
[3.167s]       |                                                  [01;31m[K^~~~~~~~~~~~~~~~[m[K
[3.167s] [01m[K/home/jv4k/potamon_ws/src/potamon-rpi/src/potamon_control.cpp:304:50:[m[K [01;31m[Kerror: [m[K‘[01m[Kconst potamon_interfaces::msg::WheelAngles_<std::allocator<void> >::SharedPtr[m[K’ {aka ‘[01m[Kconst class std::shared_ptr<potamon_interfaces::msg::WheelAngles_<std::allocator<void> > >[m[K’} has no member named ‘[01m[Kangular_velocity[m[K’
[3.167s]   304 |         ptm_vcp_host.M3_VEL_TASK = (int16_t)(msg.[01;31m[Kangular_velocity[m[K[2] * 512.0f);
[3.167s]       |                                                  [01;31m[K^~~~~~~~~~~~~~~~[m[K
[3.167s] [01m[K/home/jv4k/potamon_ws/src/potamon-rpi/src/potamon_control.cpp:305:50:[m[K [01;31m[Kerror: [m[K‘[01m[Kconst potamon_interfaces::msg::WheelAngles_<std::allocator<void> >::SharedPtr[m[K’ {aka ‘[01m[Kconst class std::shared_ptr<potamon_interfaces::msg::WheelAngles_<std::allocator<void> > >[m[K’} has no member named ‘[01m[Kangular_velocity[m[K’
[3.168s]   305 |         ptm_vcp_host.M4_VEL_TASK = (int16_t)(msg.[01;31m[Kangular_velocity[m[K[3] * 512.0f);
[3.168s]       |                                                  [01;31m[K^~~~~~~~~~~~~~~~[m[K
[6.855s] gmake[2]: *** [CMakeFiles/potamon_rpi.dir/build.make:76: CMakeFiles/potamon_rpi.dir/src/potamon_control.cpp.o] Error 1
[6.855s] gmake[1]: *** [CMakeFiles/Makefile2:137: CMakeFiles/potamon_rpi.dir/all] Error 2
[6.856s] gmake: *** [Makefile:146: all] Error 2
[6.863s] Invoked command in '/home/jv4k/potamon_ws/src/build/potamon-rpi' returned '2': CMAKE_PREFIX_PATH=${CMAKE_PREFIX_PATH}:/opt/ros/jazzy DEBUGINFOD_URLS=https://debuginfod.ubuntu.com /usr/bin/cmake --build /home/jv4k/potamon_ws/src/build/potamon-rpi -- -j12 -l12
