[0.012s] Invoking command in '/home/jv4k/potamon_ws/src/build/xbox_gamepad_reader': AMENT_PREFIX_PATH=/home/jv4k/potamon_ws/src/install/potamon_interfaces:${AMENT_PREFIX_PATH} CMAKE_PREFIX_PATH=/home/jv4k/potamon_ws/src/install/potamon_interfaces:/opt/ros/jazzy/opt/sdformat_vendor:/opt/ros/jazzy/opt/gz_math_vendor:/opt/ros/jazzy/opt/gz_utils_vendor:/opt/ros/jazzy/opt/gz_tools_vendor:/opt/ros/jazzy/opt/gz_cmake_vendor:/opt/ros/jazzy DEBUGINFOD_URLS=https://debuginfod.ubuntu.com LD_LIBRARY_PATH=/home/jv4k/potamon_ws/src/install/potamon_interfaces/lib:${LD_LIBRARY_PATH} PYTHONPATH=/home/jv4k/potamon_ws/src/install/potamon_interfaces/lib/python3.12/site-packages:${PYTHONPATH} /usr/bin/cmake --build /home/jv4k/potamon_ws/src/build/xbox_gamepad_reader -- -j12 -l12
[0.094s] [100%] Built target xbox_gamepad_reader
[0.110s] Invoked command in '/home/jv4k/potamon_ws/src/build/xbox_gamepad_reader' returned '0': AMENT_PREFIX_PATH=/home/jv4k/potamon_ws/src/install/potamon_interfaces:${AMENT_PREFIX_PATH} CMAKE_PREFIX_PATH=/home/jv4k/potamon_ws/src/install/potamon_interfaces:/opt/ros/jazzy/opt/sdformat_vendor:/opt/ros/jazzy/opt/gz_math_vendor:/opt/ros/jazzy/opt/gz_utils_vendor:/opt/ros/jazzy/opt/gz_tools_vendor:/opt/ros/jazzy/opt/gz_cmake_vendor:/opt/ros/jazzy DEBUGINFOD_URLS=https://debuginfod.ubuntu.com LD_LIBRARY_PATH=/home/jv4k/potamon_ws/src/install/potamon_interfaces/lib:${LD_LIBRARY_PATH} PYTHONPATH=/home/jv4k/potamon_ws/src/install/potamon_interfaces/lib/python3.12/site-packages:${PYTHONPATH} /usr/bin/cmake --build /home/jv4k/potamon_ws/src/build/xbox_gamepad_reader -- -j12 -l12
[0.111s] Invoking command in '/home/jv4k/potamon_ws/src/build/xbox_gamepad_reader': AMENT_PREFIX_PATH=/home/jv4k/potamon_ws/src/install/potamon_interfaces:${AMENT_PREFIX_PATH} CMAKE_PREFIX_PATH=/home/jv4k/potamon_ws/src/install/potamon_interfaces:/opt/ros/jazzy/opt/sdformat_vendor:/opt/ros/jazzy/opt/gz_math_vendor:/opt/ros/jazzy/opt/gz_utils_vendor:/opt/ros/jazzy/opt/gz_tools_vendor:/opt/ros/jazzy/opt/gz_cmake_vendor:/opt/ros/jazzy DEBUGINFOD_URLS=https://debuginfod.ubuntu.com LD_LIBRARY_PATH=/home/jv4k/potamon_ws/src/install/potamon_interfaces/lib:${LD_LIBRARY_PATH} PYTHONPATH=/home/jv4k/potamon_ws/src/install/potamon_interfaces/lib/python3.12/site-packages:${PYTHONPATH} /usr/bin/cmake --install /home/jv4k/potamon_ws/src/build/xbox_gamepad_reader
[0.121s] -- Install configuration: ""
[0.121s] -- Up-to-date: /home/jv4k/potamon_ws/src/install/xbox_gamepad_reader/lib/xbox_gamepad_reader/xbox_gamepad_reader
[0.121s] -- Up-to-date: /home/jv4k/potamon_ws/src/install/xbox_gamepad_reader/share/ament_index/resource_index/package_run_dependencies/xbox_gamepad_reader
[0.121s] -- Up-to-date: /home/jv4k/potamon_ws/src/install/xbox_gamepad_reader/share/ament_index/resource_index/parent_prefix_path/xbox_gamepad_reader
[0.121s] -- Up-to-date: /home/jv4k/potamon_ws/src/install/xbox_gamepad_reader/share/xbox_gamepad_reader/environment/ament_prefix_path.sh
[0.122s] -- Up-to-date: /home/jv4k/potamon_ws/src/install/xbox_gamepad_reader/share/xbox_gamepad_reader/environment/ament_prefix_path.dsv
[0.122s] -- Up-to-date: /home/jv4k/potamon_ws/src/install/xbox_gamepad_reader/share/xbox_gamepad_reader/environment/path.sh
[0.122s] -- Up-to-date: /home/jv4k/potamon_ws/src/install/xbox_gamepad_reader/share/xbox_gamepad_reader/environment/path.dsv
[0.122s] -- Up-to-date: /home/jv4k/potamon_ws/src/install/xbox_gamepad_reader/share/xbox_gamepad_reader/local_setup.bash
[0.122s] -- Up-to-date: /home/jv4k/potamon_ws/src/install/xbox_gamepad_reader/share/xbox_gamepad_reader/local_setup.sh
[0.122s] -- Up-to-date: /home/jv4k/potamon_ws/src/install/xbox_gamepad_reader/share/xbox_gamepad_reader/local_setup.zsh
[0.122s] -- Up-to-date: /home/jv4k/potamon_ws/src/install/xbox_gamepad_reader/share/xbox_gamepad_reader/local_setup.dsv
[0.123s] -- Installing: /home/jv4k/potamon_ws/src/install/xbox_gamepad_reader/share/xbox_gamepad_reader/package.dsv
[0.123s] -- Up-to-date: /home/jv4k/potamon_ws/src/install/xbox_gamepad_reader/share/ament_index/resource_index/packages/xbox_gamepad_reader
[0.123s] -- Up-to-date: /home/jv4k/potamon_ws/src/install/xbox_gamepad_reader/share/xbox_gamepad_reader/cmake/xbox_gamepad_readerConfig.cmake
[0.123s] -- Up-to-date: /home/jv4k/potamon_ws/src/install/xbox_gamepad_reader/share/xbox_gamepad_reader/cmake/xbox_gamepad_readerConfig-version.cmake
[0.123s] -- Up-to-date: /home/jv4k/potamon_ws/src/install/xbox_gamepad_reader/share/xbox_gamepad_reader/package.xml
[0.126s] Invoked command in '/home/jv4k/potamon_ws/src/build/xbox_gamepad_reader' returned '0': AMENT_PREFIX_PATH=/home/jv4k/potamon_ws/src/install/potamon_interfaces:${AMENT_PREFIX_PATH} CMAKE_PREFIX_PATH=/home/jv4k/potamon_ws/src/install/potamon_interfaces:/opt/ros/jazzy/opt/sdformat_vendor:/opt/ros/jazzy/opt/gz_math_vendor:/opt/ros/jazzy/opt/gz_utils_vendor:/opt/ros/jazzy/opt/gz_tools_vendor:/opt/ros/jazzy/opt/gz_cmake_vendor:/opt/ros/jazzy DEBUGINFOD_URLS=https://debuginfod.ubuntu.com LD_LIBRARY_PATH=/home/jv4k/potamon_ws/src/install/potamon_interfaces/lib:${LD_LIBRARY_PATH} PYTHONPATH=/home/jv4k/potamon_ws/src/install/potamon_interfaces/lib/python3.12/site-packages:${PYTHONPATH} /usr/bin/cmake --install /home/jv4k/potamon_ws/src/build/xbox_gamepad_reader
