[100%] Built target potamon_rpi
-- Install configuration: ""
-- Up-to-date: /home/potamon1/potamon_ws/install/potamon-rpi/lib/potamon-rpi/potamon_rpi
-- Up-to-date: /home/potamon1/potamon_ws/install/potamon-rpi/share/potamon-rpi//launch
-- Installing: /home/potamon1/potamon_ws/install/potamon-rpi/share/potamon-rpi//launch/potamon_launch.py
-- Up-to-date: /home/potamon1/potamon_ws/install/potamon-rpi/share/ament_index/resource_index/package_run_dependencies/potamon-rpi
-- Up-to-date: /home/potamon1/potamon_ws/install/potamon-rpi/share/ament_index/resource_index/parent_prefix_path/potamon-rpi
-- Up-to-date: /home/potamon1/potamon_ws/install/potamon-rpi/share/potamon-rpi/environment/ament_prefix_path.sh
-- Up-to-date: /home/potamon1/potamon_ws/install/potamon-rpi/share/potamon-rpi/environment/ament_prefix_path.dsv
-- Up-to-date: /home/potamon1/potamon_ws/install/potamon-rpi/share/potamon-rpi/environment/path.sh
-- Up-to-date: /home/potamon1/potamon_ws/install/potamon-rpi/share/potamon-rpi/environment/path.dsv
-- Up-to-date: /home/potamon1/potamon_ws/install/potamon-rpi/share/potamon-rpi/local_setup.bash
-- Up-to-date: /home/potamon1/potamon_ws/install/potamon-rpi/share/potamon-rpi/local_setup.sh
-- Up-to-date: /home/potamon1/potamon_ws/install/potamon-rpi/share/potamon-rpi/local_setup.zsh
-- Up-to-date: /home/potamon1/potamon_ws/install/potamon-rpi/share/potamon-rpi/local_setup.dsv
-- Installing: /home/potamon1/potamon_ws/install/potamon-rpi/share/potamon-rpi/package.dsv
-- Up-to-date: /home/potamon1/potamon_ws/install/potamon-rpi/share/ament_index/resource_index/packages/potamon-rpi
-- Up-to-date: /home/potamon1/potamon_ws/install/potamon-rpi/share/potamon-rpi/cmake/potamon-rpiConfig.cmake
-- Up-to-date: /home/potamon1/potamon_ws/install/potamon-rpi/share/potamon-rpi/cmake/potamon-rpiConfig-version.cmake
-- Up-to-date: /home/potamon1/potamon_ws/install/potamon-rpi/share/potamon-rpi/package.xml
