[0.018s] Invoking command in '/home/potamon1/potamon_ws/build/potamon-rpi': AMENT_PREFIX_PATH=/home/potamon1/potamon_ws/install/potamon_interfaces:${AMENT_PREFIX_PATH} CMAKE_PREFIX_PATH=/home/potamon1/potamon_ws/install/potamon_interfaces:/opt/ros/jazzy LD_LIBRARY_PATH=/home/potamon1/potamon_ws/install/potamon_interfaces/lib:${LD_LIBRARY_PATH} PYTHONPATH=/home/potamon1/potamon_ws/install/potamon_interfaces/lib/python3.12/site-packages:${PYTHONPATH} /usr/bin/cmake --build /home/potamon1/potamon_ws/build/potamon-rpi -- -j4 -l4
[0.181s] [100%] Built target potamon_rpi
[0.200s] Invoked command in '/home/potamon1/potamon_ws/build/potamon-rpi' returned '0': AMENT_PREFIX_PATH=/home/potamon1/potamon_ws/install/potamon_interfaces:${AMENT_PREFIX_PATH} CMAKE_PREFIX_PATH=/home/potamon1/potamon_ws/install/potamon_interfaces:/opt/ros/jazzy LD_LIBRARY_PATH=/home/potamon1/potamon_ws/install/potamon_interfaces/lib:${LD_LIBRARY_PATH} PYTHONPATH=/home/potamon1/potamon_ws/install/potamon_interfaces/lib/python3.12/site-packages:${PYTHONPATH} /usr/bin/cmake --build /home/potamon1/potamon_ws/build/potamon-rpi -- -j4 -l4
[0.204s] Invoking command in '/home/potamon1/potamon_ws/build/potamon-rpi': AMENT_PREFIX_PATH=/home/potamon1/potamon_ws/install/potamon_interfaces:${AMENT_PREFIX_PATH} CMAKE_PREFIX_PATH=/home/potamon1/potamon_ws/install/potamon_interfaces:/opt/ros/jazzy LD_LIBRARY_PATH=/home/potamon1/potamon_ws/install/potamon_interfaces/lib:${LD_LIBRARY_PATH} PYTHONPATH=/home/potamon1/potamon_ws/install/potamon_interfaces/lib/python3.12/site-packages:${PYTHONPATH} /usr/bin/cmake --install /home/potamon1/potamon_ws/build/potamon-rpi
[0.219s] -- Install configuration: ""
[0.219s] -- Up-to-date: /home/potamon1/potamon_ws/install/potamon-rpi/lib/potamon-rpi/potamon_rpi
[0.220s] -- Up-to-date: /home/potamon1/potamon_ws/install/potamon-rpi/share/potamon-rpi//launch
[0.220s] -- Installing: /home/potamon1/potamon_ws/install/potamon-rpi/share/potamon-rpi//launch/potamon_launch.py
[0.221s] -- Up-to-date: /home/potamon1/potamon_ws/install/potamon-rpi/share/ament_index/resource_index/package_run_dependencies/potamon-rpi
[0.221s] -- Up-to-date: /home/potamon1/potamon_ws/install/potamon-rpi/share/ament_index/resource_index/parent_prefix_path/potamon-rpi
[0.221s] -- Up-to-date: /home/potamon1/potamon_ws/install/potamon-rpi/share/potamon-rpi/environment/ament_prefix_path.sh
[0.221s] -- Up-to-date: /home/potamon1/potamon_ws/install/potamon-rpi/share/potamon-rpi/environment/ament_prefix_path.dsv
[0.221s] -- Up-to-date: /home/potamon1/potamon_ws/install/potamon-rpi/share/potamon-rpi/environment/path.sh
[0.221s] -- Up-to-date: /home/potamon1/potamon_ws/install/potamon-rpi/share/potamon-rpi/environment/path.dsv
[0.221s] -- Up-to-date: /home/potamon1/potamon_ws/install/potamon-rpi/share/potamon-rpi/local_setup.bash
[0.222s] -- Up-to-date: /home/potamon1/potamon_ws/install/potamon-rpi/share/potamon-rpi/local_setup.sh
[0.222s] -- Up-to-date: /home/potamon1/potamon_ws/install/potamon-rpi/share/potamon-rpi/local_setup.zsh
[0.222s] -- Up-to-date: /home/potamon1/potamon_ws/install/potamon-rpi/share/potamon-rpi/local_setup.dsv
[0.222s] -- Installing: /home/potamon1/potamon_ws/install/potamon-rpi/share/potamon-rpi/package.dsv
[0.222s] -- Up-to-date: /home/potamon1/potamon_ws/install/potamon-rpi/share/ament_index/resource_index/packages/potamon-rpi
[0.222s] -- Up-to-date: /home/potamon1/potamon_ws/install/potamon-rpi/share/potamon-rpi/cmake/potamon-rpiConfig.cmake
[0.222s] -- Up-to-date: /home/potamon1/potamon_ws/install/potamon-rpi/share/potamon-rpi/cmake/potamon-rpiConfig-version.cmake
[0.222s] -- Up-to-date: /home/potamon1/potamon_ws/install/potamon-rpi/share/potamon-rpi/package.xml
[0.226s] Invoked command in '/home/potamon1/potamon_ws/build/potamon-rpi' returned '0': AMENT_PREFIX_PATH=/home/potamon1/potamon_ws/install/potamon_interfaces:${AMENT_PREFIX_PATH} CMAKE_PREFIX_PATH=/home/potamon1/potamon_ws/install/potamon_interfaces:/opt/ros/jazzy LD_LIBRARY_PATH=/home/potamon1/potamon_ws/install/potamon_interfaces/lib:${LD_LIBRARY_PATH} PYTHONPATH=/home/potamon1/potamon_ws/install/potamon_interfaces/lib/python3.12/site-packages:${PYTHONPATH} /usr/bin/cmake --install /home/potamon1/potamon_ws/build/potamon-rpi
