[0.114s] DEBUG:colcon:Command line arguments: ['/usr/bin/colcon', 'build']
[0.114s] DEBUG:colcon:Parsed command line arguments: Namespace(log_base=None, log_level=None, verb_name='build', build_base='build', install_base='install', merge_install=False, symlink_install=False, test_result_base=None, continue_on_error=False, executor='parallel', parallel_workers=12, event_handlers=None, ignore_user_meta=False, metas=['./colcon.meta'], base_paths=['.'], packages_ignore=None, packages_ignore_regex=None, paths=None, packages_up_to=None, packages_up_to_regex=None, packages_above=None, packages_above_and_dependencies=None, packages_above_depth=None, packages_select_by_dep=None, packages_skip_by_dep=None, packages_skip_up_to=None, packages_select_build_failed=False, packages_skip_build_finished=False, packages_select_test_failures=False, packages_skip_test_passed=False, packages_select=None, packages_skip=None, packages_select_regex=None, packages_skip_regex=None, packages_start=None, packages_end=None, allow_overriding=[], cmake_args=None, cmake_target=None, cmake_target_skip_unavailable=False, cmake_clean_cache=False, cmake_clean_first=False, cmake_force_configure=False, ament_cmake_args=None, catkin_cmake_args=None, catkin_skip_building_tests=False, mixin_files=None, mixin=None, verb_parser=<colcon_mixin.mixin.mixin_argument.MixinArgumentDecorator object at 0x75023c4a5430>, verb_extension=<colcon_core.verb.build.BuildVerb object at 0x75023c5d5e80>, main=<bound method BuildVerb.main of <colcon_core.verb.build.BuildVerb object at 0x75023c5d5e80>>, mixin_verb=('build',))
[0.156s] Level 1:colcon.colcon_core.package_discovery:discover_packages(colcon_meta) check parameters
[0.156s] Level 1:colcon.colcon_core.package_discovery:discover_packages(recursive) check parameters
[0.156s] Level 1:colcon.colcon_core.package_discovery:discover_packages(ignore) check parameters
[0.156s] Level 1:colcon.colcon_core.package_discovery:discover_packages(path) check parameters
[0.156s] Level 1:colcon.colcon_core.package_discovery:discover_packages(colcon_meta) discover
[0.157s] Level 1:colcon.colcon_core.package_discovery:discover_packages(recursive) discover
[0.157s] INFO:colcon.colcon_core.package_discovery:Crawling recursively for packages in '/home/jv4k/potamon_ws/src'
[0.157s] Level 1:colcon.colcon_core.package_identification:_identify(.) by extensions ['ignore', 'ignore_ament_install']
[0.157s] Level 1:colcon.colcon_core.package_identification:_identify(.) by extension 'ignore'
[0.157s] Level 1:colcon.colcon_core.package_identification:_identify(.) by extension 'ignore_ament_install'
[0.157s] Level 1:colcon.colcon_core.package_identification:_identify(.) by extensions ['colcon_pkg']
[0.157s] Level 1:colcon.colcon_core.package_identification:_identify(.) by extension 'colcon_pkg'
[0.157s] Level 1:colcon.colcon_core.package_identification:_identify(.) by extensions ['colcon_meta']
[0.157s] Level 1:colcon.colcon_core.package_identification:_identify(.) by extension 'colcon_meta'
[0.157s] Level 1:colcon.colcon_core.package_identification:_identify(.) by extensions ['ros']
[0.157s] Level 1:colcon.colcon_core.package_identification:_identify(.) by extension 'ros'
[0.183s] Level 1:colcon.colcon_core.package_identification:_identify(.) by extensions ['cmake', 'python']
[0.183s] Level 1:colcon.colcon_core.package_identification:_identify(.) by extension 'cmake'
[0.183s] Level 1:colcon.colcon_core.package_identification:_identify(.) by extension 'python'
[0.183s] Level 1:colcon.colcon_core.package_identification:_identify(.) by extensions ['python_setup_py']
[0.183s] Level 1:colcon.colcon_core.package_identification:_identify(.) by extension 'python_setup_py'
[0.183s] Level 1:colcon.colcon_core.package_identification:_identify(build) by extensions ['ignore', 'ignore_ament_install']
[0.183s] Level 1:colcon.colcon_core.package_identification:_identify(build) by extension 'ignore'
[0.183s] Level 1:colcon.colcon_core.package_identification:_identify(build) ignored
[0.183s] Level 1:colcon.colcon_core.package_identification:_identify(install) by extensions ['ignore', 'ignore_ament_install']
[0.183s] Level 1:colcon.colcon_core.package_identification:_identify(install) by extension 'ignore'
[0.183s] Level 1:colcon.colcon_core.package_identification:_identify(install) ignored
[0.183s] Level 1:colcon.colcon_core.package_identification:_identify(log) by extensions ['ignore', 'ignore_ament_install']
[0.184s] Level 1:colcon.colcon_core.package_identification:_identify(log) by extension 'ignore'
[0.184s] Level 1:colcon.colcon_core.package_identification:_identify(log) ignored
[0.184s] Level 1:colcon.colcon_core.package_identification:_identify(potamon-rpi) by extensions ['ignore', 'ignore_ament_install']
[0.184s] Level 1:colcon.colcon_core.package_identification:_identify(potamon-rpi) by extension 'ignore'
[0.184s] Level 1:colcon.colcon_core.package_identification:_identify(potamon-rpi) by extension 'ignore_ament_install'
[0.184s] Level 1:colcon.colcon_core.package_identification:_identify(potamon-rpi) by extensions ['colcon_pkg']
[0.184s] Level 1:colcon.colcon_core.package_identification:_identify(potamon-rpi) by extension 'colcon_pkg'
[0.184s] Level 1:colcon.colcon_core.package_identification:_identify(potamon-rpi) by extensions ['colcon_meta']
[0.184s] Level 1:colcon.colcon_core.package_identification:_identify(potamon-rpi) by extension 'colcon_meta'
[0.184s] Level 1:colcon.colcon_core.package_identification:_identify(potamon-rpi) by extensions ['ros']
[0.184s] Level 1:colcon.colcon_core.package_identification:_identify(potamon-rpi) by extension 'ros'
[0.186s] DEBUG:colcon.colcon_core.package_identification:Package 'potamon-rpi' with type 'ros.ament_cmake' and name 'potamon-rpi'
[0.186s] Level 1:colcon.colcon_core.package_identification:_identify(potamon_interfaces) by extensions ['ignore', 'ignore_ament_install']
[0.186s] Level 1:colcon.colcon_core.package_identification:_identify(potamon_interfaces) by extension 'ignore'
[0.187s] Level 1:colcon.colcon_core.package_identification:_identify(potamon_interfaces) by extension 'ignore_ament_install'
[0.187s] Level 1:colcon.colcon_core.package_identification:_identify(potamon_interfaces) by extensions ['colcon_pkg']
[0.187s] Level 1:colcon.colcon_core.package_identification:_identify(potamon_interfaces) by extension 'colcon_pkg'
[0.187s] Level 1:colcon.colcon_core.package_identification:_identify(potamon_interfaces) by extensions ['colcon_meta']
[0.187s] Level 1:colcon.colcon_core.package_identification:_identify(potamon_interfaces) by extension 'colcon_meta'
[0.187s] Level 1:colcon.colcon_core.package_identification:_identify(potamon_interfaces) by extensions ['ros']
[0.187s] Level 1:colcon.colcon_core.package_identification:_identify(potamon_interfaces) by extension 'ros'
[0.187s] DEBUG:colcon.colcon_core.package_identification:Package 'potamon_interfaces' with type 'ros.ament_cmake' and name 'potamon_interfaces'
[0.187s] Level 1:colcon.colcon_core.package_discovery:discover_packages(recursive) using defaults
[0.187s] Level 1:colcon.colcon_core.package_discovery:discover_packages(ignore) discover
[0.187s] Level 1:colcon.colcon_core.package_discovery:discover_packages(ignore) using defaults
[0.187s] Level 1:colcon.colcon_core.package_discovery:discover_packages(path) discover
[0.187s] Level 1:colcon.colcon_core.package_discovery:discover_packages(path) using defaults
[0.204s] Level 1:colcon.colcon_core.package_discovery:discover_packages(prefix_path) check parameters
[0.204s] Level 1:colcon.colcon_core.package_discovery:discover_packages(prefix_path) discover
[0.206s] DEBUG:colcon.colcon_installed_package_information.package_discovery:Found 2 installed packages in /home/jv4k/potamon_ws/src/install
[0.208s] DEBUG:colcon.colcon_installed_package_information.package_discovery:Found 318 installed packages in /opt/ros/jazzy
[0.210s] Level 1:colcon.colcon_core.package_discovery:discover_packages(prefix_path) using defaults
[0.256s] Level 5:colcon.colcon_core.verb:set package 'potamon_interfaces' build argument 'cmake_args' from command line to 'None'
[0.256s] Level 5:colcon.colcon_core.verb:set package 'potamon_interfaces' build argument 'cmake_target' from command line to 'None'
[0.256s] Level 5:colcon.colcon_core.verb:set package 'potamon_interfaces' build argument 'cmake_target_skip_unavailable' from command line to 'False'
[0.257s] Level 5:colcon.colcon_core.verb:set package 'potamon_interfaces' build argument 'cmake_clean_cache' from command line to 'False'
[0.257s] Level 5:colcon.colcon_core.verb:set package 'potamon_interfaces' build argument 'cmake_clean_first' from command line to 'False'
[0.257s] Level 5:colcon.colcon_core.verb:set package 'potamon_interfaces' build argument 'cmake_force_configure' from command line to 'False'
[0.257s] Level 5:colcon.colcon_core.verb:set package 'potamon_interfaces' build argument 'ament_cmake_args' from command line to 'None'
[0.257s] Level 5:colcon.colcon_core.verb:set package 'potamon_interfaces' build argument 'catkin_cmake_args' from command line to 'None'
[0.257s] Level 5:colcon.colcon_core.verb:set package 'potamon_interfaces' build argument 'catkin_skip_building_tests' from command line to 'False'
[0.257s] DEBUG:colcon.colcon_core.verb:Building package 'potamon_interfaces' with the following arguments: {'ament_cmake_args': None, 'build_base': '/home/jv4k/potamon_ws/src/build/potamon_interfaces', 'catkin_cmake_args': None, 'catkin_skip_building_tests': False, 'cmake_args': None, 'cmake_clean_cache': False, 'cmake_clean_first': False, 'cmake_force_configure': False, 'cmake_target': None, 'cmake_target_skip_unavailable': False, 'install_base': '/home/jv4k/potamon_ws/src/install/potamon_interfaces', 'merge_install': False, 'path': '/home/jv4k/potamon_ws/src/potamon_interfaces', 'symlink_install': False, 'test_result_base': None}
[0.257s] Level 5:colcon.colcon_core.verb:set package 'potamon-rpi' build argument 'cmake_args' from command line to 'None'
[0.257s] Level 5:colcon.colcon_core.verb:set package 'potamon-rpi' build argument 'cmake_target' from command line to 'None'
[0.257s] Level 5:colcon.colcon_core.verb:set package 'potamon-rpi' build argument 'cmake_target_skip_unavailable' from command line to 'False'
[0.257s] Level 5:colcon.colcon_core.verb:set package 'potamon-rpi' build argument 'cmake_clean_cache' from command line to 'False'
[0.257s] Level 5:colcon.colcon_core.verb:set package 'potamon-rpi' build argument 'cmake_clean_first' from command line to 'False'
[0.257s] Level 5:colcon.colcon_core.verb:set package 'potamon-rpi' build argument 'cmake_force_configure' from command line to 'False'
[0.257s] Level 5:colcon.colcon_core.verb:set package 'potamon-rpi' build argument 'ament_cmake_args' from command line to 'None'
[0.257s] Level 5:colcon.colcon_core.verb:set package 'potamon-rpi' build argument 'catkin_cmake_args' from command line to 'None'
[0.257s] Level 5:colcon.colcon_core.verb:set package 'potamon-rpi' build argument 'catkin_skip_building_tests' from command line to 'False'
[0.257s] DEBUG:colcon.colcon_core.verb:Building package 'potamon-rpi' with the following arguments: {'ament_cmake_args': None, 'build_base': '/home/jv4k/potamon_ws/src/build/potamon-rpi', 'catkin_cmake_args': None, 'catkin_skip_building_tests': False, 'cmake_args': None, 'cmake_clean_cache': False, 'cmake_clean_first': False, 'cmake_force_configure': False, 'cmake_target': None, 'cmake_target_skip_unavailable': False, 'install_base': '/home/jv4k/potamon_ws/src/install/potamon-rpi', 'merge_install': False, 'path': '/home/jv4k/potamon_ws/src/potamon-rpi', 'symlink_install': False, 'test_result_base': None}
[0.257s] INFO:colcon.colcon_core.executor:Executing jobs using 'parallel' executor
[0.258s] DEBUG:colcon.colcon_parallel_executor.executor.parallel:run_until_complete
[0.258s] INFO:colcon.colcon_ros.task.ament_cmake.build:Building ROS package in '/home/jv4k/potamon_ws/src/potamon_interfaces' with build type 'ament_cmake'
[0.258s] INFO:colcon.colcon_cmake.task.cmake.build:Building CMake package in '/home/jv4k/potamon_ws/src/potamon_interfaces'
[0.261s] INFO:colcon.colcon_core.plugin_system:Skipping extension 'colcon_core.shell.bat': Not used on non-Windows systems
[0.261s] INFO:colcon.colcon_core.shell:Skip shell extension 'powershell' for command environment: Not usable outside of PowerShell
[0.261s] DEBUG:colcon.colcon_core.shell:Skip shell extension 'dsv' for command environment
[0.275s] DEBUG:colcon.colcon_core.event_handler.log_command:Invoking command in '/home/jv4k/potamon_ws/src/build/potamon_interfaces': CMAKE_PREFIX_PATH=${CMAKE_PREFIX_PATH}:/opt/ros/jazzy DEBUGINFOD_URLS=https://debuginfod.ubuntu.com /usr/bin/cmake --build /home/jv4k/potamon_ws/src/build/potamon_interfaces -- -j12 -l12
[0.763s] DEBUG:colcon.colcon_core.event_handler.log_command:Invoked command in '/home/jv4k/potamon_ws/src/build/potamon_interfaces' returned '0': CMAKE_PREFIX_PATH=${CMAKE_PREFIX_PATH}:/opt/ros/jazzy DEBUGINFOD_URLS=https://debuginfod.ubuntu.com /usr/bin/cmake --build /home/jv4k/potamon_ws/src/build/potamon_interfaces -- -j12 -l12
[0.776s] DEBUG:colcon.colcon_core.event_handler.log_command:Invoking command in '/home/jv4k/potamon_ws/src/build/potamon_interfaces': CMAKE_PREFIX_PATH=${CMAKE_PREFIX_PATH}:/opt/ros/jazzy DEBUGINFOD_URLS=https://debuginfod.ubuntu.com /usr/bin/cmake --install /home/jv4k/potamon_ws/src/build/potamon_interfaces
[0.861s] Level 1:colcon.colcon_core.environment:create_environment_scripts_only(potamon_interfaces)
[0.868s] DEBUG:colcon.colcon_core.event_handler.log_command:Invoked command in '/home/jv4k/potamon_ws/src/build/potamon_interfaces' returned '0': CMAKE_PREFIX_PATH=${CMAKE_PREFIX_PATH}:/opt/ros/jazzy DEBUGINFOD_URLS=https://debuginfod.ubuntu.com /usr/bin/cmake --install /home/jv4k/potamon_ws/src/build/potamon_interfaces
[0.869s] Level 1:colcon.colcon_core.environment:checking '/home/jv4k/potamon_ws/src/install/potamon_interfaces' for CMake module files
[0.870s] Level 1:colcon.colcon_core.environment:checking '/home/jv4k/potamon_ws/src/install/potamon_interfaces' for CMake config files
[0.871s] Level 1:colcon.colcon_core.shell:create_environment_hook('potamon_interfaces', 'cmake_prefix_path')
[0.871s] INFO:colcon.colcon_core.shell:Creating environment hook '/home/jv4k/potamon_ws/src/install/potamon_interfaces/share/potamon_interfaces/hook/cmake_prefix_path.ps1'
[0.872s] INFO:colcon.colcon_core.shell:Creating environment descriptor '/home/jv4k/potamon_ws/src/install/potamon_interfaces/share/potamon_interfaces/hook/cmake_prefix_path.dsv'
[0.872s] INFO:colcon.colcon_core.shell:Creating environment hook '/home/jv4k/potamon_ws/src/install/potamon_interfaces/share/potamon_interfaces/hook/cmake_prefix_path.sh'
[0.873s] Level 1:colcon.colcon_core.environment:checking '/home/jv4k/potamon_ws/src/install/potamon_interfaces/lib'
[0.873s] Level 1:colcon.colcon_core.shell:create_environment_hook('potamon_interfaces', 'ld_library_path_lib')
[0.873s] INFO:colcon.colcon_core.shell:Creating environment hook '/home/jv4k/potamon_ws/src/install/potamon_interfaces/share/potamon_interfaces/hook/ld_library_path_lib.ps1'
[0.873s] INFO:colcon.colcon_core.shell:Creating environment descriptor '/home/jv4k/potamon_ws/src/install/potamon_interfaces/share/potamon_interfaces/hook/ld_library_path_lib.dsv'
[0.874s] INFO:colcon.colcon_core.shell:Creating environment hook '/home/jv4k/potamon_ws/src/install/potamon_interfaces/share/potamon_interfaces/hook/ld_library_path_lib.sh'
[0.874s] Level 1:colcon.colcon_core.environment:checking '/home/jv4k/potamon_ws/src/install/potamon_interfaces/bin'
[0.874s] Level 1:colcon.colcon_core.environment:checking '/home/jv4k/potamon_ws/src/install/potamon_interfaces/lib/pkgconfig/potamon_interfaces.pc'
[0.874s] Level 1:colcon.colcon_core.environment:checking '/home/jv4k/potamon_ws/src/install/potamon_interfaces/lib/python3.12/site-packages'
[0.875s] Level 1:colcon.colcon_core.shell:create_environment_hook('potamon_interfaces', 'pythonpath')
[0.875s] INFO:colcon.colcon_core.shell:Creating environment hook '/home/jv4k/potamon_ws/src/install/potamon_interfaces/share/potamon_interfaces/hook/pythonpath.ps1'
[0.875s] INFO:colcon.colcon_core.shell:Creating environment descriptor '/home/jv4k/potamon_ws/src/install/potamon_interfaces/share/potamon_interfaces/hook/pythonpath.dsv'
[0.875s] INFO:colcon.colcon_core.shell:Creating environment hook '/home/jv4k/potamon_ws/src/install/potamon_interfaces/share/potamon_interfaces/hook/pythonpath.sh'
[0.876s] Level 1:colcon.colcon_core.environment:checking '/home/jv4k/potamon_ws/src/install/potamon_interfaces/bin'
[0.877s] INFO:colcon.colcon_core.shell:Creating package script '/home/jv4k/potamon_ws/src/install/potamon_interfaces/share/potamon_interfaces/package.ps1'
[0.877s] INFO:colcon.colcon_core.shell:Creating package descriptor '/home/jv4k/potamon_ws/src/install/potamon_interfaces/share/potamon_interfaces/package.dsv'
[0.878s] INFO:colcon.colcon_core.shell:Creating package script '/home/jv4k/potamon_ws/src/install/potamon_interfaces/share/potamon_interfaces/package.sh'
[0.879s] INFO:colcon.colcon_core.shell:Creating package script '/home/jv4k/potamon_ws/src/install/potamon_interfaces/share/potamon_interfaces/package.bash'
[0.879s] INFO:colcon.colcon_core.shell:Creating package script '/home/jv4k/potamon_ws/src/install/potamon_interfaces/share/potamon_interfaces/package.zsh'
[0.880s] Level 1:colcon.colcon_core.environment:create_file_with_runtime_dependencies(/home/jv4k/potamon_ws/src/install/potamon_interfaces/share/colcon-core/packages/potamon_interfaces)
[0.881s] Level 1:colcon.colcon_core.environment:create_environment_scripts_only(potamon_interfaces)
[0.881s] Level 1:colcon.colcon_core.environment:checking '/home/jv4k/potamon_ws/src/install/potamon_interfaces' for CMake module files
[0.882s] Level 1:colcon.colcon_core.environment:checking '/home/jv4k/potamon_ws/src/install/potamon_interfaces' for CMake config files
[0.883s] Level 1:colcon.colcon_core.shell:create_environment_hook('potamon_interfaces', 'cmake_prefix_path')
[0.883s] INFO:colcon.colcon_core.shell:Creating environment hook '/home/jv4k/potamon_ws/src/install/potamon_interfaces/share/potamon_interfaces/hook/cmake_prefix_path.ps1'
[0.884s] INFO:colcon.colcon_core.shell:Creating environment descriptor '/home/jv4k/potamon_ws/src/install/potamon_interfaces/share/potamon_interfaces/hook/cmake_prefix_path.dsv'
[0.884s] INFO:colcon.colcon_core.shell:Creating environment hook '/home/jv4k/potamon_ws/src/install/potamon_interfaces/share/potamon_interfaces/hook/cmake_prefix_path.sh'
[0.885s] Level 1:colcon.colcon_core.environment:checking '/home/jv4k/potamon_ws/src/install/potamon_interfaces/lib'
[0.885s] Level 1:colcon.colcon_core.shell:create_environment_hook('potamon_interfaces', 'ld_library_path_lib')
[0.885s] INFO:colcon.colcon_core.shell:Creating environment hook '/home/jv4k/potamon_ws/src/install/potamon_interfaces/share/potamon_interfaces/hook/ld_library_path_lib.ps1'
[0.886s] INFO:colcon.colcon_core.shell:Creating environment descriptor '/home/jv4k/potamon_ws/src/install/potamon_interfaces/share/potamon_interfaces/hook/ld_library_path_lib.dsv'
[0.886s] INFO:colcon.colcon_core.shell:Creating environment hook '/home/jv4k/potamon_ws/src/install/potamon_interfaces/share/potamon_interfaces/hook/ld_library_path_lib.sh'
[0.887s] Level 1:colcon.colcon_core.environment:checking '/home/jv4k/potamon_ws/src/install/potamon_interfaces/bin'
[0.887s] Level 1:colcon.colcon_core.environment:checking '/home/jv4k/potamon_ws/src/install/potamon_interfaces/lib/pkgconfig/potamon_interfaces.pc'
[0.887s] Level 1:colcon.colcon_core.environment:checking '/home/jv4k/potamon_ws/src/install/potamon_interfaces/lib/python3.12/site-packages'
[0.887s] Level 1:colcon.colcon_core.shell:create_environment_hook('potamon_interfaces', 'pythonpath')
[0.887s] INFO:colcon.colcon_core.shell:Creating environment hook '/home/jv4k/potamon_ws/src/install/potamon_interfaces/share/potamon_interfaces/hook/pythonpath.ps1'
[0.887s] INFO:colcon.colcon_core.shell:Creating environment descriptor '/home/jv4k/potamon_ws/src/install/potamon_interfaces/share/potamon_interfaces/hook/pythonpath.dsv'
[0.888s] INFO:colcon.colcon_core.shell:Creating environment hook '/home/jv4k/potamon_ws/src/install/potamon_interfaces/share/potamon_interfaces/hook/pythonpath.sh'
[0.888s] Level 1:colcon.colcon_core.environment:checking '/home/jv4k/potamon_ws/src/install/potamon_interfaces/bin'
[0.888s] INFO:colcon.colcon_core.shell:Creating package script '/home/jv4k/potamon_ws/src/install/potamon_interfaces/share/potamon_interfaces/package.ps1'
[0.889s] INFO:colcon.colcon_core.shell:Creating package descriptor '/home/jv4k/potamon_ws/src/install/potamon_interfaces/share/potamon_interfaces/package.dsv'
[0.889s] INFO:colcon.colcon_core.shell:Creating package script '/home/jv4k/potamon_ws/src/install/potamon_interfaces/share/potamon_interfaces/package.sh'
[0.890s] INFO:colcon.colcon_core.shell:Creating package script '/home/jv4k/potamon_ws/src/install/potamon_interfaces/share/potamon_interfaces/package.bash'
[0.890s] INFO:colcon.colcon_core.shell:Creating package script '/home/jv4k/potamon_ws/src/install/potamon_interfaces/share/potamon_interfaces/package.zsh'
[0.891s] Level 1:colcon.colcon_core.environment:create_file_with_runtime_dependencies(/home/jv4k/potamon_ws/src/install/potamon_interfaces/share/colcon-core/packages/potamon_interfaces)
[0.891s] INFO:colcon.colcon_ros.task.ament_cmake.build:Building ROS package in '/home/jv4k/potamon_ws/src/potamon-rpi' with build type 'ament_cmake'
[0.891s] INFO:colcon.colcon_cmake.task.cmake.build:Building CMake package in '/home/jv4k/potamon_ws/src/potamon-rpi'
[0.891s] INFO:colcon.colcon_core.shell:Skip shell extension 'powershell' for command environment: Not usable outside of PowerShell
[0.891s] DEBUG:colcon.colcon_core.shell:Skip shell extension 'dsv' for command environment
[0.909s] DEBUG:colcon.colcon_core.event_handler.log_command:Invoking command in '/home/jv4k/potamon_ws/src/build/potamon-rpi': CMAKE_PREFIX_PATH=${CMAKE_PREFIX_PATH}:/opt/ros/jazzy DEBUGINFOD_URLS=https://debuginfod.ubuntu.com /usr/bin/cmake --build /home/jv4k/potamon_ws/src/build/potamon-rpi -- -j12 -l12
[4.682s] DEBUG:colcon.colcon_core.event_handler.log_command:Invoked command in '/home/jv4k/potamon_ws/src/build/potamon-rpi' returned '2': CMAKE_PREFIX_PATH=${CMAKE_PREFIX_PATH}:/opt/ros/jazzy DEBUGINFOD_URLS=https://debuginfod.ubuntu.com /usr/bin/cmake --build /home/jv4k/potamon_ws/src/build/potamon-rpi -- -j12 -l12
[4.682s] Level 1:colcon.colcon_core.environment:create_environment_scripts_only(potamon-rpi)
[4.683s] Level 1:colcon.colcon_core.environment:checking '/home/jv4k/potamon_ws/src/install/potamon-rpi' for CMake module files
[4.683s] Level 1:colcon.colcon_core.environment:checking '/home/jv4k/potamon_ws/src/install/potamon-rpi' for CMake config files
[4.683s] Level 1:colcon.colcon_core.shell:create_environment_hook('potamon-rpi', 'cmake_prefix_path')
[4.683s] INFO:colcon.colcon_core.shell:Creating environment hook '/home/jv4k/potamon_ws/src/install/potamon-rpi/share/potamon-rpi/hook/cmake_prefix_path.ps1'
[4.684s] INFO:colcon.colcon_core.shell:Creating environment descriptor '/home/jv4k/potamon_ws/src/install/potamon-rpi/share/potamon-rpi/hook/cmake_prefix_path.dsv'
[4.685s] INFO:colcon.colcon_core.shell:Creating environment hook '/home/jv4k/potamon_ws/src/install/potamon-rpi/share/potamon-rpi/hook/cmake_prefix_path.sh'
[4.685s] Level 1:colcon.colcon_core.environment:checking '/home/jv4k/potamon_ws/src/install/potamon-rpi/lib'
[4.686s] Level 1:colcon.colcon_core.environment:checking '/home/jv4k/potamon_ws/src/install/potamon-rpi/bin'
[4.686s] Level 1:colcon.colcon_core.environment:checking '/home/jv4k/potamon_ws/src/install/potamon-rpi/lib/pkgconfig/potamon-rpi.pc'
[4.686s] Level 1:colcon.colcon_core.environment:checking '/home/jv4k/potamon_ws/src/install/potamon-rpi/lib/python3.12/site-packages'
[4.686s] Level 1:colcon.colcon_core.environment:checking '/home/jv4k/potamon_ws/src/install/potamon-rpi/bin'
[4.686s] INFO:colcon.colcon_core.shell:Creating package script '/home/jv4k/potamon_ws/src/install/potamon-rpi/share/potamon-rpi/package.ps1'
[4.687s] INFO:colcon.colcon_core.shell:Creating package descriptor '/home/jv4k/potamon_ws/src/install/potamon-rpi/share/potamon-rpi/package.dsv'
[4.687s] INFO:colcon.colcon_core.shell:Creating package script '/home/jv4k/potamon_ws/src/install/potamon-rpi/share/potamon-rpi/package.sh'
[4.688s] INFO:colcon.colcon_core.shell:Creating package script '/home/jv4k/potamon_ws/src/install/potamon-rpi/share/potamon-rpi/package.bash'
[4.688s] INFO:colcon.colcon_core.shell:Creating package script '/home/jv4k/potamon_ws/src/install/potamon-rpi/share/potamon-rpi/package.zsh'
[4.689s] Level 1:colcon.colcon_core.environment:create_file_with_runtime_dependencies(/home/jv4k/potamon_ws/src/install/potamon-rpi/share/colcon-core/packages/potamon-rpi)
[4.699s] DEBUG:colcon.colcon_parallel_executor.executor.parallel:closing loop
[4.699s] DEBUG:colcon.colcon_parallel_executor.executor.parallel:loop closed
[4.699s] DEBUG:colcon.colcon_parallel_executor.executor.parallel:run_until_complete finished with '2'
[4.699s] DEBUG:colcon.colcon_core.event_reactor:joining thread
[4.705s] INFO:colcon.colcon_core.plugin_system:Skipping extension 'colcon_notification.desktop_notification.terminal_notifier': Not used on non-Darwin systems
[4.705s] INFO:colcon.colcon_core.plugin_system:Skipping extension 'colcon_notification.desktop_notification.win32': Not used on non-Windows systems
[4.705s] INFO:colcon.colcon_notification.desktop_notification:Sending desktop notification using 'notify2'
[4.723s] DEBUG:colcon.colcon_core.event_reactor:joined thread
[4.724s] INFO:colcon.colcon_core.shell:Creating prefix script '/home/jv4k/potamon_ws/src/install/local_setup.ps1'
[4.726s] INFO:colcon.colcon_core.shell:Creating prefix util module '/home/jv4k/potamon_ws/src/install/_local_setup_util_ps1.py'
[4.729s] INFO:colcon.colcon_core.shell:Creating prefix chain script '/home/jv4k/potamon_ws/src/install/setup.ps1'
[4.731s] INFO:colcon.colcon_core.shell:Creating prefix script '/home/jv4k/potamon_ws/src/install/local_setup.sh'
[4.732s] INFO:colcon.colcon_core.shell:Creating prefix util module '/home/jv4k/potamon_ws/src/install/_local_setup_util_sh.py'
[4.733s] INFO:colcon.colcon_core.shell:Creating prefix chain script '/home/jv4k/potamon_ws/src/install/setup.sh'
[4.735s] INFO:colcon.colcon_core.shell:Creating prefix script '/home/jv4k/potamon_ws/src/install/local_setup.bash'
[4.736s] INFO:colcon.colcon_core.shell:Creating prefix chain script '/home/jv4k/potamon_ws/src/install/setup.bash'
[4.738s] INFO:colcon.colcon_core.shell:Creating prefix script '/home/jv4k/potamon_ws/src/install/local_setup.zsh'
[4.739s] INFO:colcon.colcon_core.shell:Creating prefix chain script '/home/jv4k/potamon_ws/src/install/setup.zsh'
