[0.012s] Invoking command in '/home/potamon1/potamon_ws/src/build/potamon-rpi': CMAKE_PREFIX_PATH=/home/potamon1/potamon_ws/src/install/potamon_interfaces:/home/potamon1/potamon_ws/src/install/xbox_gamepad_reader:/home/potamon1/potamon_ws/src/install/potamon-rpi:/opt/ros/jazzy /usr/bin/cmake /home/potamon1/potamon_ws/src/potamon-rpi -DCMAKE_INSTALL_PREFIX=/home/potamon1/potamon_ws/src/install/potamon-rpi
[0.108s] -- The C compiler identification is GNU 13.3.0
[0.206s] -- The CXX compiler identification is GNU 13.3.0
[0.232s] -- Detecting C compiler ABI info
[0.385s] -- Detecting C compiler ABI info - done
[0.400s] -- Check for working C compiler: /usr/bin/cc - skipped
[0.401s] -- Detecting C compile features
[0.401s] -- Detecting C compile features - done
[0.415s] -- Detecting CXX compiler ABI info
[0.581s] -- Detecting CXX compiler ABI info - done
[0.597s] -- Check for working CXX compiler: /usr/bin/c++ - skipped
[0.598s] -- Detecting CXX compile features
[0.598s] -- Detecting CXX compile features - done
[0.601s] -- Found ament_cmake: 2.5.3 (/opt/ros/jazzy/share/ament_cmake/cmake)
[0.808s] -- Found Python3: /usr/bin/python3 (found version "3.12.3") found components: Interpreter 
[0.952s] -- Found rclcpp: 28.1.6 (/opt/ros/jazzy/share/rclcpp/cmake)
[0.992s] -- Found rosidl_generator_c: 4.6.5 (/opt/ros/jazzy/share/rosidl_generator_c/cmake)
[1.009s] -- Found rosidl_generator_cpp: 4.6.5 (/opt/ros/jazzy/share/rosidl_generator_cpp/cmake)
[1.028s] -- Using all available rosidl_typesupport_c: rosidl_typesupport_fastrtps_c;rosidl_typesupport_introspection_c
[1.050s] -- Using all available rosidl_typesupport_cpp: rosidl_typesupport_fastrtps_cpp;rosidl_typesupport_introspection_cpp
[1.144s] -- Found rmw_implementation_cmake: 7.3.1 (/opt/ros/jazzy/share/rmw_implementation_cmake/cmake)
[1.147s] -- Found rmw_fastrtps_cpp: 8.4.1 (/opt/ros/jazzy/share/rmw_fastrtps_cpp/cmake)
[1.262s] -- Found OpenSSL: /usr/lib/aarch64-linux-gnu/libcrypto.so (found version "3.0.13")  
[1.284s] -- Found FastRTPS: /opt/ros/jazzy/include (Required is at least version "2.13") 
[1.318s] -- Using RMW implementation 'rmw_fastrtps_cpp' as default
[1.405s] -- Found potamon_interfaces: 0.0.0 (/home/potamon1/potamon_ws/src/install/potamon_interfaces/share/potamon_interfaces/cmake)
[1.426s] -- Found nav_msgs: 5.3.5 (/opt/ros/jazzy/share/nav_msgs/cmake)
[1.503s] -- Found sensor_msgs: 5.3.5 (/opt/ros/jazzy/share/sensor_msgs/cmake)
[1.535s] -- Found tf2: 0.36.7 (/opt/ros/jazzy/share/tf2/cmake)
[1.541s] -- Found std_srvs: 5.3.5 (/opt/ros/jazzy/share/std_srvs/cmake)
[1.715s] -- Configuring done (1.7s)
[1.736s] -- Generating done (0.0s)
[1.742s] -- Build files have been written to: /home/potamon1/potamon_ws/src/build/potamon-rpi
[1.760s] Invoked command in '/home/potamon1/potamon_ws/src/build/potamon-rpi' returned '0': CMAKE_PREFIX_PATH=/home/potamon1/potamon_ws/src/install/potamon_interfaces:/home/potamon1/potamon_ws/src/install/xbox_gamepad_reader:/home/potamon1/potamon_ws/src/install/potamon-rpi:/opt/ros/jazzy /usr/bin/cmake /home/potamon1/potamon_ws/src/potamon-rpi -DCMAKE_INSTALL_PREFIX=/home/potamon1/potamon_ws/src/install/potamon-rpi
[1.762s] Invoking command in '/home/potamon1/potamon_ws/src/build/potamon-rpi': CMAKE_PREFIX_PATH=/home/potamon1/potamon_ws/src/install/potamon_interfaces:/home/potamon1/potamon_ws/src/install/xbox_gamepad_reader:/home/potamon1/potamon_ws/src/install/potamon-rpi:/opt/ros/jazzy /usr/bin/cmake --build /home/potamon1/potamon_ws/src/build/potamon-rpi -- -j4 -l4
[1.846s] [ 50%] [32mBuilding CXX object CMakeFiles/potamon_rpi.dir/src/potamon_control.cpp.o[0m
[31.939s] [100%] [32m[1mLinking CXX executable potamon_rpi[0m
[34.062s] [100%] Built target potamon_rpi
[34.082s] Invoked command in '/home/potamon1/potamon_ws/src/build/potamon-rpi' returned '0': CMAKE_PREFIX_PATH=/home/potamon1/potamon_ws/src/install/potamon_interfaces:/home/potamon1/potamon_ws/src/install/xbox_gamepad_reader:/home/potamon1/potamon_ws/src/install/potamon-rpi:/opt/ros/jazzy /usr/bin/cmake --build /home/potamon1/potamon_ws/src/build/potamon-rpi -- -j4 -l4
[34.084s] Invoking command in '/home/potamon1/potamon_ws/src/build/potamon-rpi': CMAKE_PREFIX_PATH=/home/potamon1/potamon_ws/src/install/potamon_interfaces:/home/potamon1/potamon_ws/src/install/xbox_gamepad_reader:/home/potamon1/potamon_ws/src/install/potamon-rpi:/opt/ros/jazzy /usr/bin/cmake --install /home/potamon1/potamon_ws/src/build/potamon-rpi
[34.097s] -- Install configuration: ""
[34.097s] -- Installing: /home/potamon1/potamon_ws/src/install/potamon-rpi/lib/potamon-rpi/potamon_rpi
[34.127s] -- Set non-toolchain portion of runtime path of "/home/potamon1/potamon_ws/src/install/potamon-rpi/lib/potamon-rpi/potamon_rpi" to ""
[34.128s] -- Installing: /home/potamon1/potamon_ws/src/install/potamon-rpi/share/potamon-rpi//launch
[34.128s] -- Installing: /home/potamon1/potamon_ws/src/install/potamon-rpi/share/potamon-rpi//launch/potamon_launch.py
[34.128s] -- Installing: /home/potamon1/potamon_ws/src/install/potamon-rpi/share/potamon-rpi//launch/log
[34.128s] -- Installing: /home/potamon1/potamon_ws/src/install/potamon-rpi/share/potamon-rpi//launch/log/latest
[34.128s] -- Installing: /home/potamon1/potamon_ws/src/install/potamon-rpi/share/potamon-rpi//launch/log/latest_build
[34.128s] -- Installing: /home/potamon1/potamon_ws/src/install/potamon-rpi/share/potamon-rpi//launch/log/build_2025-04-20_17-13-16
[34.128s] -- Installing: /home/potamon1/potamon_ws/src/install/potamon-rpi/share/potamon-rpi//launch/log/build_2025-04-20_17-13-16/logger_all.log
[34.128s] -- Installing: /home/potamon1/potamon_ws/src/install/potamon-rpi/share/potamon-rpi//launch/log/build_2025-04-20_17-13-16/events.log
[34.128s] -- Installing: /home/potamon1/potamon_ws/src/install/potamon-rpi/share/potamon-rpi//launch/log/COLCON_IGNORE
[34.129s] -- Installing: /home/potamon1/potamon_ws/src/install/potamon-rpi/share/potamon-rpi//launch/install
[34.129s] -- Installing: /home/potamon1/potamon_ws/src/install/potamon-rpi/share/potamon-rpi//launch/install/local_setup.bash
[34.129s] -- Installing: /home/potamon1/potamon_ws/src/install/potamon-rpi/share/potamon-rpi//launch/install/setup.zsh
[34.129s] -- Installing: /home/potamon1/potamon_ws/src/install/potamon-rpi/share/potamon-rpi//launch/install/setup.ps1
[34.129s] -- Installing: /home/potamon1/potamon_ws/src/install/potamon-rpi/share/potamon-rpi//launch/install/_local_setup_util_ps1.py
[34.129s] -- Installing: /home/potamon1/potamon_ws/src/install/potamon-rpi/share/potamon-rpi//launch/install/local_setup.ps1
[34.129s] -- Installing: /home/potamon1/potamon_ws/src/install/potamon-rpi/share/potamon-rpi//launch/install/local_setup.sh
[34.129s] -- Installing: /home/potamon1/potamon_ws/src/install/potamon-rpi/share/potamon-rpi//launch/install/setup.bash
[34.129s] -- Installing: /home/potamon1/potamon_ws/src/install/potamon-rpi/share/potamon-rpi//launch/install/setup.sh
[34.130s] -- Installing: /home/potamon1/potamon_ws/src/install/potamon-rpi/share/potamon-rpi//launch/install/_local_setup_util_sh.py
[34.130s] -- Installing: /home/potamon1/potamon_ws/src/install/potamon-rpi/share/potamon-rpi//launch/install/local_setup.zsh
[34.130s] -- Installing: /home/potamon1/potamon_ws/src/install/potamon-rpi/share/potamon-rpi//launch/install/.colcon_install_layout
[34.130s] -- Installing: /home/potamon1/potamon_ws/src/install/potamon-rpi/share/potamon-rpi//launch/install/COLCON_IGNORE
[34.130s] -- Installing: /home/potamon1/potamon_ws/src/install/potamon-rpi/share/potamon-rpi//launch/build
[34.130s] -- Installing: /home/potamon1/potamon_ws/src/install/potamon-rpi/share/potamon-rpi//launch/build/.built_by
[34.130s] -- Installing: /home/potamon1/potamon_ws/src/install/potamon-rpi/share/potamon-rpi//launch/build/COLCON_IGNORE
[34.131s] -- Installing: /home/potamon1/potamon_ws/src/install/potamon-rpi/share/ament_index/resource_index/package_run_dependencies/potamon-rpi
[34.131s] -- Installing: /home/potamon1/potamon_ws/src/install/potamon-rpi/share/ament_index/resource_index/parent_prefix_path/potamon-rpi
[34.131s] -- Installing: /home/potamon1/potamon_ws/src/install/potamon-rpi/share/potamon-rpi/environment/ament_prefix_path.sh
[34.131s] -- Installing: /home/potamon1/potamon_ws/src/install/potamon-rpi/share/potamon-rpi/environment/ament_prefix_path.dsv
[34.131s] -- Installing: /home/potamon1/potamon_ws/src/install/potamon-rpi/share/potamon-rpi/environment/path.sh
[34.132s] -- Installing: /home/potamon1/potamon_ws/src/install/potamon-rpi/share/potamon-rpi/environment/path.dsv
[34.132s] -- Installing: /home/potamon1/potamon_ws/src/install/potamon-rpi/share/potamon-rpi/local_setup.bash
[34.132s] -- Installing: /home/potamon1/potamon_ws/src/install/potamon-rpi/share/potamon-rpi/local_setup.sh
[34.132s] -- Installing: /home/potamon1/potamon_ws/src/install/potamon-rpi/share/potamon-rpi/local_setup.zsh
[34.132s] -- Installing: /home/potamon1/potamon_ws/src/install/potamon-rpi/share/potamon-rpi/local_setup.dsv
[34.132s] -- Installing: /home/potamon1/potamon_ws/src/install/potamon-rpi/share/potamon-rpi/package.dsv
[34.133s] -- Installing: /home/potamon1/potamon_ws/src/install/potamon-rpi/share/ament_index/resource_index/packages/potamon-rpi
[34.133s] -- Installing: /home/potamon1/potamon_ws/src/install/potamon-rpi/share/potamon-rpi/cmake/potamon-rpiConfig.cmake
[34.133s] -- Installing: /home/potamon1/potamon_ws/src/install/potamon-rpi/share/potamon-rpi/cmake/potamon-rpiConfig-version.cmake
[34.133s] -- Installing: /home/potamon1/potamon_ws/src/install/potamon-rpi/share/potamon-rpi/package.xml
[34.136s] Invoked command in '/home/potamon1/potamon_ws/src/build/potamon-rpi' returned '0': CMAKE_PREFIX_PATH=/home/potamon1/potamon_ws/src/install/potamon_interfaces:/home/potamon1/potamon_ws/src/install/xbox_gamepad_reader:/home/potamon1/potamon_ws/src/install/potamon-rpi:/opt/ros/jazzy /usr/bin/cmake --install /home/potamon1/potamon_ws/src/build/potamon-rpi
