In file included from [01m[K/opt/ros/jazzy/include/rclcpp/rclcpp/utilities.hpp:19[m[K,
                 from [01m[K/opt/ros/jazzy/include/rclcpp/rclcpp/logging.hpp:25[m[K,
                 from [01m[K/opt/ros/jazzy/include/rclcpp/rclcpp/copy_all_parameter_values.hpp:27[m[K,
                 from [01m[K/opt/ros/jazzy/include/rclcpp/rclcpp/rclcpp.hpp:171[m[K,
                 from [01m[K/home/jv4k/potamon_ws/src/potamon-rpi/src/potamon_control.cpp:1[m[K:
/usr/include/c++/13/functional: In instantiation of ‘[01m[Kstruct std::_Bind_check_arity<void (PotamonNode::*)(), PotamonNode*, const std::_Placeholder<1>&>[m[K’:
[01m[K/usr/include/c++/13/functional:859:12:[m[K   required from ‘[01m[Kstruct std::_Bind_helper<false, void (PotamonNode::*)(), PotamonNode*, const std::_Placeholder<1>&>[m[K’
[01m[K/usr/include/c++/13/functional:881:5:[m[K   required by substitution of ‘[01m[Ktemplate<class _Func, class ... _BoundArgs> typename std::_Bind_helper<std::__is_socketlike<_Func>::value, _Func, _BoundArgs ...>::type std::[01;32m[Kbind[m[K(_Func&&, _BoundArgs&& ...) [35m[K[with _Func = void (PotamonNode::*)(); _BoundArgs = {PotamonNode*, const std::_Placeholder<1>&}][m[K[m[K’
[01m[K/home/jv4k/potamon_ws/src/potamon-rpi/src/potamon_control.cpp:88:22:[m[K   required from here
[01m[K/usr/include/c++/13/functional:847:21:[m[K [01;31m[Kerror: [m[Kstatic assertion failed: Wrong number of arguments for pointer-to-member
  846 |       static_assert(_Varargs::[01;31m[Kvalue[m[K
      |                               [01;31m[K~~~~~[m[K
  847 | [01;31m[K                    ? sizeof...(_BoundArgs) >= _Arity::value + 1[m[K
      |                     [01;31m[K^~~~~~~~~~~~~~~~~~~~~~~~~~~~~~~~~~~~~~~~~~~~[m[K
  848 | [01;31m[K                    : sizeof...(_BoundArgs) == _Arity::value + 1[m[K,
      |                     [01;31m[K~~~~~~~~~~~~~~~~~~~~~~~~~~~~~~~~~~~~~~~~~~~~[m[K
[01m[K/usr/include/c++/13/functional:847:21:[m[K [01;36m[Knote: [m[K‘[01m[K(false ? (2 >= (((long unsigned int)std::integral_constant<long unsigned int, 0>::value) + 1)) : (2 == (((long unsigned int)std::integral_constant<long unsigned int, 0>::value) + 1)))[m[K’ evaluates to false
[01m[K/home/jv4k/potamon_ws/src/potamon-rpi/src/potamon_control.cpp:[m[K In member function ‘[01m[Kvoid PotamonNode::[01;32m[KvelocityCallback[m[K(geometry_msgs::msg::Twist_<std::allocator<void> >::SharedPtr) const[m[K’:
[01m[K/home/jv4k/potamon_ws/src/potamon-rpi/src/potamon_control.cpp:278:48:[m[K [01;31m[Kerror: [m[Kbase operand of ‘[01m[K->[m[K’ has non-pointer type ‘[01m[Kgeometry_msgs::msg::Twist_<std::allocator<void> >::_linear_type[m[K’ {aka ‘[01m[Kgeometry_msgs::msg::Vector3_<std::allocator<void> >[m[K’}
  278 |         ptm_vcp_host.VX = (int16_t)(msg->linear[01;31m[K->[m[Kx * 1024.0f);
      |                                                [01;31m[K^~[m[K
[01m[K/home/jv4k/potamon_ws/src/potamon-rpi/src/potamon_control.cpp:279:48:[m[K [01;31m[Kerror: [m[Kbase operand of ‘[01m[K->[m[K’ has non-pointer type ‘[01m[Kgeometry_msgs::msg::Twist_<std::allocator<void> >::_linear_type[m[K’ {aka ‘[01m[Kgeometry_msgs::msg::Vector3_<std::allocator<void> >[m[K’}
  279 |         ptm_vcp_host.VY = (int16_t)(msg->linear[01;31m[K->[m[Ky * 1024.0f);
      |                                                [01;31m[K^~[m[K
[01m[K/home/jv4k/potamon_ws/src/potamon-rpi/src/potamon_control.cpp:280:49:[m[K [01;31m[Kerror: [m[Kbase operand of ‘[01m[K->[m[K’ has non-pointer type ‘[01m[Kgeometry_msgs::msg::Twist_<std::allocator<void> >::_angular_type[m[K’ {aka ‘[01m[Kgeometry_msgs::msg::Vector3_<std::allocator<void> >[m[K’}
  280 |         ptm_vcp_host.WZ = (int16_t)(msg->angular[01;31m[K->[m[Kz * 1024.0f);
      |                                                 [01;31m[K^~[m[K
[01m[K/home/jv4k/potamon_ws/src/potamon-rpi/src/potamon_control.cpp:[m[K In member function ‘[01m[Kvoid PotamonNode::[01;32m[KwheelVelocityCallback[m[K(potamon_interfaces::msg::WheelVelocities_<std::allocator<void> >::SharedPtr) const[m[K’:
[01m[K/home/jv4k/potamon_ws/src/potamon-rpi/src/potamon_control.cpp:286:34:[m[K [01;31m[Kerror: [m[Kassignment of member ‘[01m[Kptmn_usb_host_t::M1_VEL_TASK[m[K’ in read-only object
  286 |         [01;31m[Kptm_vcp_host.M1_VEL_TASK = (int16_t)(msg->velocities[0] * 512.0f)[m[K;
      |         [01;31m[K~~~~~~~~~~~~~~~~~~~~~~~~~^~~~~~~~~~~~~~~~~~~~~~~~~~~~~~~~~~~~~~~~[m[K
[01m[K/home/jv4k/potamon_ws/src/potamon-rpi/src/potamon_control.cpp:287:34:[m[K [01;31m[Kerror: [m[Kassignment of member ‘[01m[Kptmn_usb_host_t::M2_VEL_TASK[m[K’ in read-only object
  287 |         [01;31m[Kptm_vcp_host.M2_VEL_TASK = (int16_t)(msg->velocities[1] * 512.0f)[m[K;
      |         [01;31m[K~~~~~~~~~~~~~~~~~~~~~~~~~^~~~~~~~~~~~~~~~~~~~~~~~~~~~~~~~~~~~~~~~[m[K
[01m[K/home/jv4k/potamon_ws/src/potamon-rpi/src/potamon_control.cpp:288:34:[m[K [01;31m[Kerror: [m[Kassignment of member ‘[01m[Kptmn_usb_host_t::M3_VEL_TASK[m[K’ in read-only object
  288 |         [01;31m[Kptm_vcp_host.M3_VEL_TASK = (int16_t)(msg->velocities[2] * 512.0f)[m[K;
      |         [01;31m[K~~~~~~~~~~~~~~~~~~~~~~~~~^~~~~~~~~~~~~~~~~~~~~~~~~~~~~~~~~~~~~~~~[m[K
[01m[K/home/jv4k/potamon_ws/src/potamon-rpi/src/potamon_control.cpp:289:34:[m[K [01;31m[Kerror: [m[Kassignment of member ‘[01m[Kptmn_usb_host_t::M4_VEL_TASK[m[K’ in read-only object
  289 |         [01;31m[Kptm_vcp_host.M4_VEL_TASK = (int16_t)(msg->velocities[3] * 512.0f)[m[K;
      |         [01;31m[K~~~~~~~~~~~~~~~~~~~~~~~~~^~~~~~~~~~~~~~~~~~~~~~~~~~~~~~~~~~~~~~~~[m[K
[01m[K/home/jv4k/potamon_ws/src/potamon-rpi/src/potamon_control.cpp:[m[K In member function ‘[01m[Kvoid PotamonNode::[01;32m[KwheelAngleCallback[m[K(potamon_interfaces::msg::WheelAngles_<std::allocator<void> >::SharedPtr) const[m[K’:
[01m[K/home/jv4k/potamon_ws/src/potamon-rpi/src/potamon_control.cpp:298:34:[m[K [01;31m[Kerror: [m[Kassignment of member ‘[01m[Kptmn_usb_host_t::M1_ANG_TASK[m[K’ in read-only object
  298 |         [01;31m[Kptm_vcp_host.M1_ANG_TASK = (int32_t)(msg->angles[0] * 1024.0f)[m[K;
      |         [01;31m[K~~~~~~~~~~~~~~~~~~~~~~~~~^~~~~~~~~~~~~~~~~~~~~~~~~~~~~~~~~~~~~[m[K
[01m[K/home/jv4k/potamon_ws/src/potamon-rpi/src/potamon_control.cpp:299:34:[m[K [01;31m[Kerror: [m[Kassignment of member ‘[01m[Kptmn_usb_host_t::M2_ANG_TASK[m[K’ in read-only object
  299 |         [01;31m[Kptm_vcp_host.M2_ANG_TASK = (int32_t)(msg->angles[1] * 1024.0f)[m[K;
      |         [01;31m[K~~~~~~~~~~~~~~~~~~~~~~~~~^~~~~~~~~~~~~~~~~~~~~~~~~~~~~~~~~~~~~[m[K
[01m[K/home/jv4k/potamon_ws/src/potamon-rpi/src/potamon_control.cpp:300:34:[m[K [01;31m[Kerror: [m[Kassignment of member ‘[01m[Kptmn_usb_host_t::M3_ANG_TASK[m[K’ in read-only object
  300 |         [01;31m[Kptm_vcp_host.M3_ANG_TASK = (int32_t)(msg->angles[2] * 1024.0f)[m[K;
      |         [01;31m[K~~~~~~~~~~~~~~~~~~~~~~~~~^~~~~~~~~~~~~~~~~~~~~~~~~~~~~~~~~~~~~[m[K
[01m[K/home/jv4k/potamon_ws/src/potamon-rpi/src/potamon_control.cpp:301:34:[m[K [01;31m[Kerror: [m[Kassignment of member ‘[01m[Kptmn_usb_host_t::M4_ANG_TASK[m[K’ in read-only object
  301 |         [01;31m[Kptm_vcp_host.M4_ANG_TASK = (int32_t)(msg->angles[3] * 1024.0f)[m[K;
      |         [01;31m[K~~~~~~~~~~~~~~~~~~~~~~~~~^~~~~~~~~~~~~~~~~~~~~~~~~~~~~~~~~~~~~[m[K
[01m[K/home/jv4k/potamon_ws/src/potamon-rpi/src/potamon_control.cpp:303:34:[m[K [01;31m[Kerror: [m[Kassignment of member ‘[01m[Kptmn_usb_host_t::M1_VEL_TASK[m[K’ in read-only object
  303 |         [01;31m[Kptm_vcp_host.M1_VEL_TASK = (int16_t)(msg->angular_velocity[0] * 512.0f)[m[K;
      |         [01;31m[K~~~~~~~~~~~~~~~~~~~~~~~~~^~~~~~~~~~~~~~~~~~~~~~~~~~~~~~~~~~~~~~~~~~~~~~[m[K
[01m[K/home/jv4k/potamon_ws/src/potamon-rpi/src/potamon_control.cpp:304:34:[m[K [01;31m[Kerror: [m[Kassignment of member ‘[01m[Kptmn_usb_host_t::M2_VEL_TASK[m[K’ in read-only object
  304 |         [01;31m[Kptm_vcp_host.M2_VEL_TASK = (int16_t)(msg->angular_velocity[1] * 512.0f)[m[K;
      |         [01;31m[K~~~~~~~~~~~~~~~~~~~~~~~~~^~~~~~~~~~~~~~~~~~~~~~~~~~~~~~~~~~~~~~~~~~~~~~[m[K
[01m[K/home/jv4k/potamon_ws/src/potamon-rpi/src/potamon_control.cpp:305:34:[m[K [01;31m[Kerror: [m[Kassignment of member ‘[01m[Kptmn_usb_host_t::M3_VEL_TASK[m[K’ in read-only object
  305 |         [01;31m[Kptm_vcp_host.M3_VEL_TASK = (int16_t)(msg->angular_velocity[2] * 512.0f)[m[K;
      |         [01;31m[K~~~~~~~~~~~~~~~~~~~~~~~~~^~~~~~~~~~~~~~~~~~~~~~~~~~~~~~~~~~~~~~~~~~~~~~[m[K
[01m[K/home/jv4k/potamon_ws/src/potamon-rpi/src/potamon_control.cpp:306:34:[m[K [01;31m[Kerror: [m[Kassignment of member ‘[01m[Kptmn_usb_host_t::M4_VEL_TASK[m[K’ in read-only object
  306 |         [01;31m[Kptm_vcp_host.M4_VEL_TASK = (int16_t)(msg->angular_velocity[3] * 512.0f)[m[K;
      |         [01;31m[K~~~~~~~~~~~~~~~~~~~~~~~~~^~~~~~~~~~~~~~~~~~~~~~~~~~~~~~~~~~~~~~~~~~~~~~[m[K
In file included from [01m[K/opt/ros/jazzy/include/rclcpp/rclcpp/subscription_base.hpp:32[m[K,
                 from [01m[K/opt/ros/jazzy/include/rclcpp/rclcpp/callback_group.hpp:29[m[K,
                 from [01m[K/opt/ros/jazzy/include/rclcpp/rclcpp/any_executable.hpp:20[m[K,
                 from [01m[K/opt/ros/jazzy/include/rclcpp/rclcpp/memory_strategy.hpp:25[m[K,
                 from [01m[K/opt/ros/jazzy/include/rclcpp/rclcpp/memory_strategies.hpp:18[m[K,
                 from [01m[K/opt/ros/jazzy/include/rclcpp/rclcpp/executor_options.hpp:22[m[K,
                 from [01m[K/opt/ros/jazzy/include/rclcpp/rclcpp/executor.hpp:38[m[K,
                 from [01m[K/opt/ros/jazzy/include/rclcpp/rclcpp/executors/multi_threaded_executor.hpp:25[m[K,
                 from [01m[K/opt/ros/jazzy/include/rclcpp/rclcpp/executors.hpp:21[m[K,
                 from [01m[K/opt/ros/jazzy/include/rclcpp/rclcpp/rclcpp.hpp:172[m[K:
/opt/ros/jazzy/include/rclcpp/rclcpp/any_subscription_callback.hpp: In instantiation of ‘[01m[Krclcpp::AnySubscriptionCallback<MessageT, AllocatorT> rclcpp::AnySubscriptionCallback<MessageT, AllocatorT>::[01;32m[Kset[m[K(CallbackT) [35m[K[with CallbackT = std::_Bind<void (PotamonNode::*(PotamonNode*, std::_Placeholder<1>))()>; MessageT = std_msgs::msg::Empty_<std::allocator<void> >; AllocatorT = std::allocator<void>][m[K[m[K’:
[01m[K/opt/ros/jazzy/include/rclcpp/rclcpp/subscription_factory.hpp:93:32:[m[K   required from ‘[01m[Krclcpp::SubscriptionFactory rclcpp::[01;32m[Kcreate_subscription_factory[m[K(CallbackT&&, const SubscriptionOptionsWithAllocator<AllocatorT>&, typename MessageMemoryStrategyT::SharedPtr, std::shared_ptr<topic_statistics::SubscriptionTopicStatistics>) [35m[K[with MessageT = std_msgs::msg::Empty_<std::allocator<void> >; CallbackT = std::_Bind<void (PotamonNode::*(PotamonNode*, std::_Placeholder<1>))()>; AllocatorT = std::allocator<void>; SubscriptionT = Subscription<std_msgs::msg::Empty_<std::allocator<void> > >; MessageMemoryStrategyT = message_memory_strategy::MessageMemoryStrategy<std_msgs::msg::Empty_<std::allocator<void> >, std::allocator<void> >; typename MessageMemoryStrategyT::SharedPtr = std::shared_ptr<message_memory_strategy::MessageMemoryStrategy<std_msgs::msg::Empty_<std::allocator<void> >, std::allocator<void> > >][m[K[m[K’
[01m[K/opt/ros/jazzy/include/rclcpp/rclcpp/create_subscription.hpp:121:63:[m[K   required from ‘[01m[Kstd::shared_ptr<ROSMessageT> rclcpp::detail::[01;32m[Kcreate_subscription[m[K(NodeParametersT&, NodeTopicsT&, const std::string&, const rclcpp::QoS&, CallbackT&&, const rclcpp::SubscriptionOptionsWithAllocator<AllocatorT>&, typename MessageMemoryStrategyT::SharedPtr) [35m[K[with MessageT = std_msgs::msg::Empty_<std::allocator<void> >; CallbackT = std::_Bind<void (PotamonNode::*(PotamonNode*, std::_Placeholder<1>))()>; AllocatorT = std::allocator<void>; SubscriptionT = rclcpp::Subscription<std_msgs::msg::Empty_<std::allocator<void> > >; MessageMemoryStrategyT = rclcpp::message_memory_strategy::MessageMemoryStrategy<std_msgs::msg::Empty_<std::allocator<void> >, std::allocator<void> >; NodeParametersT = rclcpp::Node; NodeTopicsT = rclcpp::Node; std::string = std::__cxx11::basic_string<char>; typename MessageMemoryStrategyT::SharedPtr = std::shared_ptr<rclcpp::message_memory_strategy::MessageMemoryStrategy<std_msgs::msg::Empty_<std::allocator<void> >, std::allocator<void> > >][m[K[m[K’
[01m[K/opt/ros/jazzy/include/rclcpp/rclcpp/create_subscription.hpp:190:76:[m[K   required from ‘[01m[Kstd::shared_ptr<ROSMessageT> rclcpp::[01;32m[Kcreate_subscription[m[K(NodeT&, const std::string&, const QoS&, CallbackT&&, const SubscriptionOptionsWithAllocator<AllocatorT>&, typename MessageMemoryStrategyT::SharedPtr) [35m[K[with MessageT = std_msgs::msg::Empty_<std::allocator<void> >; CallbackT = std::_Bind<void (PotamonNode::*(PotamonNode*, std::_Placeholder<1>))()>; AllocatorT = std::allocator<void>; SubscriptionT = Subscription<std_msgs::msg::Empty_<std::allocator<void> > >; MessageMemoryStrategyT = message_memory_strategy::MessageMemoryStrategy<std_msgs::msg::Empty_<std::allocator<void> >, std::allocator<void> >; NodeT = Node; std::string = std::__cxx11::basic_string<char>; typename MessageMemoryStrategyT::SharedPtr = std::shared_ptr<message_memory_strategy::MessageMemoryStrategy<std_msgs::msg::Empty_<std::allocator<void> >, std::allocator<void> > >][m[K[m[K’
[01m[K/opt/ros/jazzy/include/rclcpp/rclcpp/node_impl.hpp:99:47:[m[K   required from ‘[01m[Kstd::shared_ptr<ROSMessageT> rclcpp::Node::[01;32m[Kcreate_subscription[m[K(const std::string&, const rclcpp::QoS&, CallbackT&&, const rclcpp::SubscriptionOptionsWithAllocator<AllocatorT>&, typename MessageMemoryStrategyT::SharedPtr) [35m[K[with MessageT = std_msgs::msg::Empty_<std::allocator<void> >; CallbackT = std::_Bind<void (PotamonNode::*(PotamonNode*, std::_Placeholder<1>))()>; AllocatorT = std::allocator<void>; SubscriptionT = rclcpp::Subscription<std_msgs::msg::Empty_<std::allocator<void> > >; MessageMemoryStrategyT = rclcpp::message_memory_strategy::MessageMemoryStrategy<std_msgs::msg::Empty_<std::allocator<void> >, std::allocator<void> >; std::string = std::__cxx11::basic_string<char>; typename MessageMemoryStrategyT::SharedPtr = std::shared_ptr<rclcpp::message_memory_strategy::MessageMemoryStrategy<std_msgs::msg::Empty_<std::allocator<void> >, std::allocator<void> > >][m[K[m[K’
[01m[K/home/jv4k/potamon_ws/src/potamon-rpi/src/potamon_control.cpp:85:72:[m[K   required from here
[01m[K/opt/ros/jazzy/include/rclcpp/rclcpp/any_subscription_callback.hpp:396:25:[m[K [01;31m[Kerror: [m[Kno matching function for call to ‘[01m[Kstd::function<void()>::function(std::_Bind<void (PotamonNode::*(PotamonNode*, std::_Placeholder<1>))()>&)[m[K’
  396 |     callback_variant_ = [01;31m[Kstatic_cast<typename scbth::callback_type>(callback)[m[K;
      |                         [01;31m[K^~~~~~~~~~~~~~~~~~~~~~~~~~~~~~~~~~~~~~~~~~~~~~~~~~~~[m[K
In file included from [01m[K/usr/include/c++/13/functional:59[m[K:
[01m[K/usr/include/c++/13/bits/std_function.h:435:9:[m[K [01;36m[Knote: [m[Kcandidate: ‘[01m[Ktemplate<class _Functor, class _Constraints> std::function<_Res(_ArgTypes ...)>::[01;32m[Kfunction[m[K(_Functor&&) [35m[K[with _Constraints = _Functor; _Res = void; _ArgTypes = {}][m[K[m[K’
  435 |         [01;36m[Kfunction[m[K(_Functor&& __f)
      |         [01;36m[K^~~~~~~~[m[K
[01m[K/usr/include/c++/13/bits/std_function.h:435:9:[m[K [01;36m[Knote: [m[K  template argument deduction/substitution failed:
In file included from [01m[K/usr/include/c++/13/bits/move.h:37[m[K,
                 from [01m[K/usr/include/c++/13/bits/new_allocator.h:36[m[K,
                 from [01m[K/usr/include/x86_64-linux-gnu/c++/13/bits/c++allocator.h:33[m[K,
                 from [01m[K/usr/include/c++/13/bits/allocator.h:46[m[K,
                 from [01m[K/usr/include/c++/13/memory:65[m[K,
                 from [01m[K/opt/ros/jazzy/include/rclcpp/rclcpp/rclcpp.hpp:169[m[K:
/usr/include/c++/13/type_traits: In substitution of ‘[01m[Ktemplate<bool _Cond, class _Tp> using std::__enable_if_t = typename std::enable_if::type [35m[K[with bool _Cond = false; _Tp = void][m[K[m[K’:
[01m[K/usr/include/c++/13/bits/std_function.h:353:8:[m[K   required by substitution of ‘[01m[Ktemplate<class _Res, class ... _ArgTypes> template<class _Cond, class _Tp> using std::function<_Res(_ArgTypes ...)>::_Requires = std::__enable_if_t<_Cond::value, _Tp> [35m[K[with _Cond = std::function<void()>::_Callable<std::_Bind<void (PotamonNode::*(PotamonNode*, std::_Placeholder<1>))()>&, std::_Bind<void (PotamonNode::*(PotamonNode*, std::_Placeholder<1>))()>, std::__invoke_result<std::_Bind<void (PotamonNode::*(PotamonNode*, std::_Placeholder<1>))()>&> >; _Tp = void; _Res = void; _ArgTypes = {}][m[K[m[K’
[01m[K/usr/include/c++/13/bits/std_function.h:434:9:[m[K   required from ‘[01m[Krclcpp::AnySubscriptionCallback<MessageT, AllocatorT> rclcpp::AnySubscriptionCallback<MessageT, AllocatorT>::[01;32m[Kset[m[K(CallbackT) [35m[K[with CallbackT = std::_Bind<void (PotamonNode::*(PotamonNode*, std::_Placeholder<1>))()>; MessageT = std_msgs::msg::Empty_<std::allocator<void> >; AllocatorT = std::allocator<void>][m[K[m[K’
[01m[K/opt/ros/jazzy/include/rclcpp/rclcpp/subscription_factory.hpp:93:32:[m[K   required from ‘[01m[Krclcpp::SubscriptionFactory rclcpp::[01;32m[Kcreate_subscription_factory[m[K(CallbackT&&, const SubscriptionOptionsWithAllocator<AllocatorT>&, typename MessageMemoryStrategyT::SharedPtr, std::shared_ptr<topic_statistics::SubscriptionTopicStatistics>) [35m[K[with MessageT = std_msgs::msg::Empty_<std::allocator<void> >; CallbackT = std::_Bind<void (PotamonNode::*(PotamonNode*, std::_Placeholder<1>))()>; AllocatorT = std::allocator<void>; SubscriptionT = Subscription<std_msgs::msg::Empty_<std::allocator<void> > >; MessageMemoryStrategyT = message_memory_strategy::MessageMemoryStrategy<std_msgs::msg::Empty_<std::allocator<void> >, std::allocator<void> >; typename MessageMemoryStrategyT::SharedPtr = std::shared_ptr<message_memory_strategy::MessageMemoryStrategy<std_msgs::msg::Empty_<std::allocator<void> >, std::allocator<void> > >][m[K[m[K’
[01m[K/opt/ros/jazzy/include/rclcpp/rclcpp/create_subscription.hpp:121:63:[m[K   required from ‘[01m[Kstd::shared_ptr<ROSMessageT> rclcpp::detail::[01;32m[Kcreate_subscription[m[K(NodeParametersT&, NodeTopicsT&, const std::string&, const rclcpp::QoS&, CallbackT&&, const rclcpp::SubscriptionOptionsWithAllocator<AllocatorT>&, typename MessageMemoryStrategyT::SharedPtr) [35m[K[with MessageT = std_msgs::msg::Empty_<std::allocator<void> >; CallbackT = std::_Bind<void (PotamonNode::*(PotamonNode*, std::_Placeholder<1>))()>; AllocatorT = std::allocator<void>; SubscriptionT = rclcpp::Subscription<std_msgs::msg::Empty_<std::allocator<void> > >; MessageMemoryStrategyT = rclcpp::message_memory_strategy::MessageMemoryStrategy<std_msgs::msg::Empty_<std::allocator<void> >, std::allocator<void> >; NodeParametersT = rclcpp::Node; NodeTopicsT = rclcpp::Node; std::string = std::__cxx11::basic_string<char>; typename MessageMemoryStrategyT::SharedPtr = std::shared_ptr<rclcpp::message_memory_strategy::MessageMemoryStrategy<std_msgs::msg::Empty_<std::allocator<void> >, std::allocator<void> > >][m[K[m[K’
[01m[K/opt/ros/jazzy/include/rclcpp/rclcpp/create_subscription.hpp:190:76:[m[K   required from ‘[01m[Kstd::shared_ptr<ROSMessageT> rclcpp::[01;32m[Kcreate_subscription[m[K(NodeT&, const std::string&, const QoS&, CallbackT&&, const SubscriptionOptionsWithAllocator<AllocatorT>&, typename MessageMemoryStrategyT::SharedPtr) [35m[K[with MessageT = std_msgs::msg::Empty_<std::allocator<void> >; CallbackT = std::_Bind<void (PotamonNode::*(PotamonNode*, std::_Placeholder<1>))()>; AllocatorT = std::allocator<void>; SubscriptionT = Subscription<std_msgs::msg::Empty_<std::allocator<void> > >; MessageMemoryStrategyT = message_memory_strategy::MessageMemoryStrategy<std_msgs::msg::Empty_<std::allocator<void> >, std::allocator<void> >; NodeT = Node; std::string = std::__cxx11::basic_string<char>; typename MessageMemoryStrategyT::SharedPtr = std::shared_ptr<message_memory_strategy::MessageMemoryStrategy<std_msgs::msg::Empty_<std::allocator<void> >, std::allocator<void> > >][m[K[m[K’
[01m[K/opt/ros/jazzy/include/rclcpp/rclcpp/node_impl.hpp:99:47:[m[K   required from ‘[01m[Kstd::shared_ptr<ROSMessageT> rclcpp::Node::[01;32m[Kcreate_subscription[m[K(const std::string&, const rclcpp::QoS&, CallbackT&&, const rclcpp::SubscriptionOptionsWithAllocator<AllocatorT>&, typename MessageMemoryStrategyT::SharedPtr) [35m[K[with MessageT = std_msgs::msg::Empty_<std::allocator<void> >; CallbackT = std::_Bind<void (PotamonNode::*(PotamonNode*, std::_Placeholder<1>))()>; AllocatorT = std::allocator<void>; SubscriptionT = rclcpp::Subscription<std_msgs::msg::Empty_<std::allocator<void> > >; MessageMemoryStrategyT = rclcpp::message_memory_strategy::MessageMemoryStrategy<std_msgs::msg::Empty_<std::allocator<void> >, std::allocator<void> >; std::string = std::__cxx11::basic_string<char>; typename MessageMemoryStrategyT::SharedPtr = std::shared_ptr<rclcpp::message_memory_strategy::MessageMemoryStrategy<std_msgs::msg::Empty_<std::allocator<void> >, std::allocator<void> > >][m[K[m[K’
[01m[K/home/jv4k/potamon_ws/src/potamon-rpi/src/potamon_control.cpp:85:72:[m[K   required from here
[01m[K/usr/include/c++/13/type_traits:116:11:[m[K [01;31m[Kerror: [m[Kno type named ‘[01m[Ktype[m[K’ in ‘[01m[Kstruct std::enable_if<false, void>[m[K’
  116 |     using [01;31m[K__enable_if_t[m[K = typename enable_if<_Cond, _Tp>::type;
      |           [01;31m[K^~~~~~~~~~~~~[m[K
/opt/ros/jazzy/include/rclcpp/rclcpp/any_subscription_callback.hpp: In instantiation of ‘[01m[Krclcpp::AnySubscriptionCallback<MessageT, AllocatorT> rclcpp::AnySubscriptionCallback<MessageT, AllocatorT>::[01;32m[Kset[m[K(CallbackT) [35m[K[with CallbackT = std::_Bind<void (PotamonNode::*(PotamonNode*, std::_Placeholder<1>))()>; MessageT = std_msgs::msg::Empty_<std::allocator<void> >; AllocatorT = std::allocator<void>][m[K[m[K’:
[01m[K/opt/ros/jazzy/include/rclcpp/rclcpp/subscription_factory.hpp:93:32:[m[K   required from ‘[01m[Krclcpp::SubscriptionFactory rclcpp::[01;32m[Kcreate_subscription_factory[m[K(CallbackT&&, const SubscriptionOptionsWithAllocator<AllocatorT>&, typename MessageMemoryStrategyT::SharedPtr, std::shared_ptr<topic_statistics::SubscriptionTopicStatistics>) [35m[K[with MessageT = std_msgs::msg::Empty_<std::allocator<void> >; CallbackT = std::_Bind<void (PotamonNode::*(PotamonNode*, std::_Placeholder<1>))()>; AllocatorT = std::allocator<void>; SubscriptionT = Subscription<std_msgs::msg::Empty_<std::allocator<void> > >; MessageMemoryStrategyT = message_memory_strategy::MessageMemoryStrategy<std_msgs::msg::Empty_<std::allocator<void> >, std::allocator<void> >; typename MessageMemoryStrategyT::SharedPtr = std::shared_ptr<message_memory_strategy::MessageMemoryStrategy<std_msgs::msg::Empty_<std::allocator<void> >, std::allocator<void> > >][m[K[m[K’
[01m[K/opt/ros/jazzy/include/rclcpp/rclcpp/create_subscription.hpp:121:63:[m[K   required from ‘[01m[Kstd::shared_ptr<ROSMessageT> rclcpp::detail::[01;32m[Kcreate_subscription[m[K(NodeParametersT&, NodeTopicsT&, const std::string&, const rclcpp::QoS&, CallbackT&&, const rclcpp::SubscriptionOptionsWithAllocator<AllocatorT>&, typename MessageMemoryStrategyT::SharedPtr) [35m[K[with MessageT = std_msgs::msg::Empty_<std::allocator<void> >; CallbackT = std::_Bind<void (PotamonNode::*(PotamonNode*, std::_Placeholder<1>))()>; AllocatorT = std::allocator<void>; SubscriptionT = rclcpp::Subscription<std_msgs::msg::Empty_<std::allocator<void> > >; MessageMemoryStrategyT = rclcpp::message_memory_strategy::MessageMemoryStrategy<std_msgs::msg::Empty_<std::allocator<void> >, std::allocator<void> >; NodeParametersT = rclcpp::Node; NodeTopicsT = rclcpp::Node; std::string = std::__cxx11::basic_string<char>; typename MessageMemoryStrategyT::SharedPtr = std::shared_ptr<rclcpp::message_memory_strategy::MessageMemoryStrategy<std_msgs::msg::Empty_<std::allocator<void> >, std::allocator<void> > >][m[K[m[K’
[01m[K/opt/ros/jazzy/include/rclcpp/rclcpp/create_subscription.hpp:190:76:[m[K   required from ‘[01m[Kstd::shared_ptr<ROSMessageT> rclcpp::[01;32m[Kcreate_subscription[m[K(NodeT&, const std::string&, const QoS&, CallbackT&&, const SubscriptionOptionsWithAllocator<AllocatorT>&, typename MessageMemoryStrategyT::SharedPtr) [35m[K[with MessageT = std_msgs::msg::Empty_<std::allocator<void> >; CallbackT = std::_Bind<void (PotamonNode::*(PotamonNode*, std::_Placeholder<1>))()>; AllocatorT = std::allocator<void>; SubscriptionT = Subscription<std_msgs::msg::Empty_<std::allocator<void> > >; MessageMemoryStrategyT = message_memory_strategy::MessageMemoryStrategy<std_msgs::msg::Empty_<std::allocator<void> >, std::allocator<void> >; NodeT = Node; std::string = std::__cxx11::basic_string<char>; typename MessageMemoryStrategyT::SharedPtr = std::shared_ptr<message_memory_strategy::MessageMemoryStrategy<std_msgs::msg::Empty_<std::allocator<void> >, std::allocator<void> > >][m[K[m[K’
[01m[K/opt/ros/jazzy/include/rclcpp/rclcpp/node_impl.hpp:99:47:[m[K   required from ‘[01m[Kstd::shared_ptr<ROSMessageT> rclcpp::Node::[01;32m[Kcreate_subscription[m[K(const std::string&, const rclcpp::QoS&, CallbackT&&, const rclcpp::SubscriptionOptionsWithAllocator<AllocatorT>&, typename MessageMemoryStrategyT::SharedPtr) [35m[K[with MessageT = std_msgs::msg::Empty_<std::allocator<void> >; CallbackT = std::_Bind<void (PotamonNode::*(PotamonNode*, std::_Placeholder<1>))()>; AllocatorT = std::allocator<void>; SubscriptionT = rclcpp::Subscription<std_msgs::msg::Empty_<std::allocator<void> > >; MessageMemoryStrategyT = rclcpp::message_memory_strategy::MessageMemoryStrategy<std_msgs::msg::Empty_<std::allocator<void> >, std::allocator<void> >; std::string = std::__cxx11::basic_string<char>; typename MessageMemoryStrategyT::SharedPtr = std::shared_ptr<rclcpp::message_memory_strategy::MessageMemoryStrategy<std_msgs::msg::Empty_<std::allocator<void> >, std::allocator<void> > >][m[K[m[K’
[01m[K/home/jv4k/potamon_ws/src/potamon-rpi/src/potamon_control.cpp:85:72:[m[K   required from here
[01m[K/usr/include/c++/13/bits/std_function.h:404:7:[m[K [01;36m[Knote: [m[Kcandidate: ‘[01m[Kstd::function<_Res(_ArgTypes ...)>::[01;32m[Kfunction[m[K(std::function<_Res(_ArgTypes ...)>&&) [35m[K[with _Res = void; _ArgTypes = {}][m[K[m[K’
  404 |       [01;36m[Kfunction[m[K(function&& __x) noexcept
      |       [01;36m[K^~~~~~~~[m[K
[01m[K/usr/include/c++/13/bits/std_function.h:404:27:[m[K [01;36m[Knote: [m[K  no known conversion for argument 1 from ‘[01m[Kstd::_Bind<void (PotamonNode::*(PotamonNode*, std::_Placeholder<1>))()>[m[K’ to ‘[01m[Kstd::function<void()>&&[m[K’
  404 |       function([01;36m[Kfunction&& __x[m[K) noexcept
      |                [01;36m[K~~~~~~~~~~~^~~[m[K
[01m[K/usr/include/c++/13/bits/std_function.h:386:7:[m[K [01;36m[Knote: [m[Kcandidate: ‘[01m[Kstd::function<_Res(_ArgTypes ...)>::[01;32m[Kfunction[m[K(const std::function<_Res(_ArgTypes ...)>&) [35m[K[with _Res = void; _ArgTypes = {}][m[K[m[K’
  386 |       [01;36m[Kfunction[m[K(const function& __x)
      |       [01;36m[K^~~~~~~~[m[K
[01m[K/usr/include/c++/13/bits/std_function.h:386:32:[m[K [01;36m[Knote: [m[K  no known conversion for argument 1 from ‘[01m[Kstd::_Bind<void (PotamonNode::*(PotamonNode*, std::_Placeholder<1>))()>[m[K’ to ‘[01m[Kconst std::function<void()>&[m[K’
  386 |       function([01;36m[Kconst function& __x[m[K)
      |                [01;36m[K~~~~~~~~~~~~~~~~^~~[m[K
[01m[K/usr/include/c++/13/bits/std_function.h:375:7:[m[K [01;36m[Knote: [m[Kcandidate: ‘[01m[Kstd::function<_Res(_ArgTypes ...)>::[01;32m[Kfunction[m[K(std::nullptr_t) [35m[K[with _Res = void; _ArgTypes = {}; std::nullptr_t = std::nullptr_t][m[K[m[K’
  375 |       [01;36m[Kfunction[m[K(nullptr_t) noexcept
      |       [01;36m[K^~~~~~~~[m[K
[01m[K/usr/include/c++/13/bits/std_function.h:375:16:[m[K [01;36m[Knote: [m[K  no known conversion for argument 1 from ‘[01m[Kstd::_Bind<void (PotamonNode::*(PotamonNode*, std::_Placeholder<1>))()>[m[K’ to ‘[01m[Kstd::nullptr_t[m[K’
  375 |       function([01;36m[Knullptr_t[m[K) noexcept
      |                [01;36m[K^~~~~~~~~[m[K
[01m[K/usr/include/c++/13/bits/std_function.h:368:7:[m[K [01;36m[Knote: [m[Kcandidate: ‘[01m[Kstd::function<_Res(_ArgTypes ...)>::[01;32m[Kfunction[m[K() [35m[K[with _Res = void; _ArgTypes = {}][m[K[m[K’
  368 |       [01;36m[Kfunction[m[K() noexcept
      |       [01;36m[K^~~~~~~~[m[K
[01m[K/usr/include/c++/13/bits/std_function.h:368:7:[m[K [01;36m[Knote: [m[K  candidate expects 0 arguments, 1 provided
gmake[2]: *** [CMakeFiles/potamon_rpi.dir/build.make:76: CMakeFiles/potamon_rpi.dir/src/potamon_control.cpp.o] Error 1
gmake[1]: *** [CMakeFiles/Makefile2:137: CMakeFiles/potamon_rpi.dir/all] Error 2
gmake: *** [Makefile:146: all] Error 2
