[0.146s] DEBUG:colcon:Command line arguments: ['/usr/bin/colcon', 'build']
[0.147s] DEBUG:colcon:Parsed command line arguments: Namespace(log_base=None, log_level=None, verb_name='build', build_base='build', install_base='install', merge_install=False, symlink_install=False, test_result_base=None, continue_on_error=False, executor='parallel', parallel_workers=12, event_handlers=None, ignore_user_meta=False, metas=['./colcon.meta'], base_paths=['.'], packages_ignore=None, packages_ignore_regex=None, paths=None, packages_up_to=None, packages_up_to_regex=None, packages_above=None, packages_above_and_dependencies=None, packages_above_depth=None, packages_select_by_dep=None, packages_skip_by_dep=None, packages_skip_up_to=None, packages_select_build_failed=False, packages_skip_build_finished=False, packages_select_test_failures=False, packages_skip_test_passed=False, packages_select=None, packages_skip=None, packages_select_regex=None, packages_skip_regex=None, packages_start=None, packages_end=None, allow_overriding=[], cmake_args=None, cmake_target=None, cmake_target_skip_unavailable=False, cmake_clean_cache=False, cmake_clean_first=False, cmake_force_configure=False, ament_cmake_args=None, catkin_cmake_args=None, catkin_skip_building_tests=False, mixin_files=None, mixin=None, verb_parser=<colcon_mixin.mixin.mixin_argument.MixinArgumentDecorator object at 0x7a9f8e999670>, verb_extension=<colcon_core.verb.build.BuildVerb object at 0x7a9f8eac67b0>, main=<bound method BuildVerb.main of <colcon_core.verb.build.BuildVerb object at 0x7a9f8eac67b0>>, mixin_verb=('build',))
[0.201s] Level 1:colcon.colcon_core.package_discovery:discover_packages(colcon_meta) check parameters
[0.201s] Level 1:colcon.colcon_core.package_discovery:discover_packages(recursive) check parameters
[0.201s] Level 1:colcon.colcon_core.package_discovery:discover_packages(ignore) check parameters
[0.201s] Level 1:colcon.colcon_core.package_discovery:discover_packages(path) check parameters
[0.201s] Level 1:colcon.colcon_core.package_discovery:discover_packages(colcon_meta) discover
[0.201s] Level 1:colcon.colcon_core.package_discovery:discover_packages(recursive) discover
[0.201s] INFO:colcon.colcon_core.package_discovery:Crawling recursively for packages in '/home/jv4k/potamon_ws'
[0.201s] Level 1:colcon.colcon_core.package_identification:_identify(.) by extensions ['ignore', 'ignore_ament_install']
[0.201s] Level 1:colcon.colcon_core.package_identification:_identify(.) by extension 'ignore'
[0.201s] Level 1:colcon.colcon_core.package_identification:_identify(.) by extension 'ignore_ament_install'
[0.201s] Level 1:colcon.colcon_core.package_identification:_identify(.) by extensions ['colcon_pkg']
[0.202s] Level 1:colcon.colcon_core.package_identification:_identify(.) by extension 'colcon_pkg'
[0.202s] Level 1:colcon.colcon_core.package_identification:_identify(.) by extensions ['colcon_meta']
[0.202s] Level 1:colcon.colcon_core.package_identification:_identify(.) by extension 'colcon_meta'
[0.202s] Level 1:colcon.colcon_core.package_identification:_identify(.) by extensions ['ros']
[0.202s] Level 1:colcon.colcon_core.package_identification:_identify(.) by extension 'ros'
[0.226s] Level 1:colcon.colcon_core.package_identification:_identify(.) by extensions ['cmake', 'python']
[0.227s] Level 1:colcon.colcon_core.package_identification:_identify(.) by extension 'cmake'
[0.227s] Level 1:colcon.colcon_core.package_identification:_identify(.) by extension 'python'
[0.227s] Level 1:colcon.colcon_core.package_identification:_identify(.) by extensions ['python_setup_py']
[0.227s] Level 1:colcon.colcon_core.package_identification:_identify(.) by extension 'python_setup_py'
[0.227s] Level 1:colcon.colcon_core.package_identification:_identify(build) by extensions ['ignore', 'ignore_ament_install']
[0.227s] Level 1:colcon.colcon_core.package_identification:_identify(build) by extension 'ignore'
[0.227s] Level 1:colcon.colcon_core.package_identification:_identify(build) ignored
[0.227s] Level 1:colcon.colcon_core.package_identification:_identify(install) by extensions ['ignore', 'ignore_ament_install']
[0.227s] Level 1:colcon.colcon_core.package_identification:_identify(install) by extension 'ignore'
[0.227s] Level 1:colcon.colcon_core.package_identification:_identify(install) ignored
[0.227s] Level 1:colcon.colcon_core.package_identification:_identify(log) by extensions ['ignore', 'ignore_ament_install']
[0.228s] Level 1:colcon.colcon_core.package_identification:_identify(log) by extension 'ignore'
[0.228s] Level 1:colcon.colcon_core.package_identification:_identify(log) ignored
[0.228s] Level 1:colcon.colcon_core.package_identification:_identify(src) by extensions ['ignore', 'ignore_ament_install']
[0.228s] Level 1:colcon.colcon_core.package_identification:_identify(src) by extension 'ignore'
[0.228s] Level 1:colcon.colcon_core.package_identification:_identify(src) by extension 'ignore_ament_install'
[0.228s] Level 1:colcon.colcon_core.package_identification:_identify(src) by extensions ['colcon_pkg']
[0.228s] Level 1:colcon.colcon_core.package_identification:_identify(src) by extension 'colcon_pkg'
[0.228s] Level 1:colcon.colcon_core.package_identification:_identify(src) by extensions ['colcon_meta']
[0.228s] Level 1:colcon.colcon_core.package_identification:_identify(src) by extension 'colcon_meta'
[0.228s] Level 1:colcon.colcon_core.package_identification:_identify(src) by extensions ['ros']
[0.228s] Level 1:colcon.colcon_core.package_identification:_identify(src) by extension 'ros'
[0.228s] Level 1:colcon.colcon_core.package_identification:_identify(src) by extensions ['cmake', 'python']
[0.228s] Level 1:colcon.colcon_core.package_identification:_identify(src) by extension 'cmake'
[0.228s] Level 1:colcon.colcon_core.package_identification:_identify(src) by extension 'python'
[0.228s] Level 1:colcon.colcon_core.package_identification:_identify(src) by extensions ['python_setup_py']
[0.228s] Level 1:colcon.colcon_core.package_identification:_identify(src) by extension 'python_setup_py'
[0.228s] Level 1:colcon.colcon_core.package_identification:_identify(src/build) by extensions ['ignore', 'ignore_ament_install']
[0.228s] Level 1:colcon.colcon_core.package_identification:_identify(src/build) by extension 'ignore'
[0.228s] Level 1:colcon.colcon_core.package_identification:_identify(src/build) ignored
[0.229s] Level 1:colcon.colcon_core.package_identification:_identify(src/install) by extensions ['ignore', 'ignore_ament_install']
[0.229s] Level 1:colcon.colcon_core.package_identification:_identify(src/install) by extension 'ignore'
[0.229s] Level 1:colcon.colcon_core.package_identification:_identify(src/install) ignored
[0.229s] Level 1:colcon.colcon_core.package_identification:_identify(src/log) by extensions ['ignore', 'ignore_ament_install']
[0.229s] Level 1:colcon.colcon_core.package_identification:_identify(src/log) by extension 'ignore'
[0.229s] Level 1:colcon.colcon_core.package_identification:_identify(src/log) ignored
[0.229s] Level 1:colcon.colcon_core.package_identification:_identify(src/potamon-rpi) by extensions ['ignore', 'ignore_ament_install']
[0.229s] Level 1:colcon.colcon_core.package_identification:_identify(src/potamon-rpi) by extension 'ignore'
[0.229s] Level 1:colcon.colcon_core.package_identification:_identify(src/potamon-rpi) by extension 'ignore_ament_install'
[0.229s] Level 1:colcon.colcon_core.package_identification:_identify(src/potamon-rpi) by extensions ['colcon_pkg']
[0.229s] Level 1:colcon.colcon_core.package_identification:_identify(src/potamon-rpi) by extension 'colcon_pkg'
[0.229s] Level 1:colcon.colcon_core.package_identification:_identify(src/potamon-rpi) by extensions ['colcon_meta']
[0.229s] Level 1:colcon.colcon_core.package_identification:_identify(src/potamon-rpi) by extension 'colcon_meta'
[0.229s] Level 1:colcon.colcon_core.package_identification:_identify(src/potamon-rpi) by extensions ['ros']
[0.229s] Level 1:colcon.colcon_core.package_identification:_identify(src/potamon-rpi) by extension 'ros'
[0.233s] DEBUG:colcon.colcon_core.package_identification:Package 'src/potamon-rpi' with type 'ros.ament_cmake' and name 'potamon-rpi'
[0.233s] Level 1:colcon.colcon_core.package_identification:_identify(src/potamon_interfaces) by extensions ['ignore', 'ignore_ament_install']
[0.233s] Level 1:colcon.colcon_core.package_identification:_identify(src/potamon_interfaces) by extension 'ignore'
[0.233s] Level 1:colcon.colcon_core.package_identification:_identify(src/potamon_interfaces) by extension 'ignore_ament_install'
[0.233s] Level 1:colcon.colcon_core.package_identification:_identify(src/potamon_interfaces) by extensions ['colcon_pkg']
[0.233s] Level 1:colcon.colcon_core.package_identification:_identify(src/potamon_interfaces) by extension 'colcon_pkg'
[0.233s] Level 1:colcon.colcon_core.package_identification:_identify(src/potamon_interfaces) by extensions ['colcon_meta']
[0.233s] Level 1:colcon.colcon_core.package_identification:_identify(src/potamon_interfaces) by extension 'colcon_meta'
[0.233s] Level 1:colcon.colcon_core.package_identification:_identify(src/potamon_interfaces) by extensions ['ros']
[0.233s] Level 1:colcon.colcon_core.package_identification:_identify(src/potamon_interfaces) by extension 'ros'
[0.234s] DEBUG:colcon.colcon_core.package_identification:Package 'src/potamon_interfaces' with type 'ros.ament_cmake' and name 'potamon_interfaces'
[0.234s] Level 1:colcon.colcon_core.package_discovery:discover_packages(recursive) using defaults
[0.234s] Level 1:colcon.colcon_core.package_discovery:discover_packages(ignore) discover
[0.234s] Level 1:colcon.colcon_core.package_discovery:discover_packages(ignore) using defaults
[0.234s] Level 1:colcon.colcon_core.package_discovery:discover_packages(path) discover
[0.234s] Level 1:colcon.colcon_core.package_discovery:discover_packages(path) using defaults
[0.255s] Level 1:colcon.colcon_core.package_discovery:discover_packages(prefix_path) check parameters
[0.255s] Level 1:colcon.colcon_core.package_discovery:discover_packages(prefix_path) discover
[0.259s] DEBUG:colcon.colcon_installed_package_information.package_discovery:Found 321 installed packages in /opt/ros/jazzy
[0.261s] Level 1:colcon.colcon_core.package_discovery:discover_packages(prefix_path) using defaults
[0.307s] Level 5:colcon.colcon_core.verb:set package 'potamon_interfaces' build argument 'cmake_args' from command line to 'None'
[0.307s] Level 5:colcon.colcon_core.verb:set package 'potamon_interfaces' build argument 'cmake_target' from command line to 'None'
[0.307s] Level 5:colcon.colcon_core.verb:set package 'potamon_interfaces' build argument 'cmake_target_skip_unavailable' from command line to 'False'
[0.307s] Level 5:colcon.colcon_core.verb:set package 'potamon_interfaces' build argument 'cmake_clean_cache' from command line to 'False'
[0.307s] Level 5:colcon.colcon_core.verb:set package 'potamon_interfaces' build argument 'cmake_clean_first' from command line to 'False'
[0.307s] Level 5:colcon.colcon_core.verb:set package 'potamon_interfaces' build argument 'cmake_force_configure' from command line to 'False'
[0.307s] Level 5:colcon.colcon_core.verb:set package 'potamon_interfaces' build argument 'ament_cmake_args' from command line to 'None'
[0.307s] Level 5:colcon.colcon_core.verb:set package 'potamon_interfaces' build argument 'catkin_cmake_args' from command line to 'None'
[0.307s] Level 5:colcon.colcon_core.verb:set package 'potamon_interfaces' build argument 'catkin_skip_building_tests' from command line to 'False'
[0.307s] DEBUG:colcon.colcon_core.verb:Building package 'potamon_interfaces' with the following arguments: {'ament_cmake_args': None, 'build_base': '/home/jv4k/potamon_ws/build/potamon_interfaces', 'catkin_cmake_args': None, 'catkin_skip_building_tests': False, 'cmake_args': None, 'cmake_clean_cache': False, 'cmake_clean_first': False, 'cmake_force_configure': False, 'cmake_target': None, 'cmake_target_skip_unavailable': False, 'install_base': '/home/jv4k/potamon_ws/install/potamon_interfaces', 'merge_install': False, 'path': '/home/jv4k/potamon_ws/src/potamon_interfaces', 'symlink_install': False, 'test_result_base': None}
[0.307s] Level 5:colcon.colcon_core.verb:set package 'potamon-rpi' build argument 'cmake_args' from command line to 'None'
[0.307s] Level 5:colcon.colcon_core.verb:set package 'potamon-rpi' build argument 'cmake_target' from command line to 'None'
[0.307s] Level 5:colcon.colcon_core.verb:set package 'potamon-rpi' build argument 'cmake_target_skip_unavailable' from command line to 'False'
[0.307s] Level 5:colcon.colcon_core.verb:set package 'potamon-rpi' build argument 'cmake_clean_cache' from command line to 'False'
[0.307s] Level 5:colcon.colcon_core.verb:set package 'potamon-rpi' build argument 'cmake_clean_first' from command line to 'False'
[0.307s] Level 5:colcon.colcon_core.verb:set package 'potamon-rpi' build argument 'cmake_force_configure' from command line to 'False'
[0.307s] Level 5:colcon.colcon_core.verb:set package 'potamon-rpi' build argument 'ament_cmake_args' from command line to 'None'
[0.307s] Level 5:colcon.colcon_core.verb:set package 'potamon-rpi' build argument 'catkin_cmake_args' from command line to 'None'
[0.307s] Level 5:colcon.colcon_core.verb:set package 'potamon-rpi' build argument 'catkin_skip_building_tests' from command line to 'False'
[0.307s] DEBUG:colcon.colcon_core.verb:Building package 'potamon-rpi' with the following arguments: {'ament_cmake_args': None, 'build_base': '/home/jv4k/potamon_ws/build/potamon-rpi', 'catkin_cmake_args': None, 'catkin_skip_building_tests': False, 'cmake_args': None, 'cmake_clean_cache': False, 'cmake_clean_first': False, 'cmake_force_configure': False, 'cmake_target': None, 'cmake_target_skip_unavailable': False, 'install_base': '/home/jv4k/potamon_ws/install/potamon-rpi', 'merge_install': False, 'path': '/home/jv4k/potamon_ws/src/potamon-rpi', 'symlink_install': False, 'test_result_base': None}
[0.307s] INFO:colcon.colcon_core.executor:Executing jobs using 'parallel' executor
[0.308s] DEBUG:colcon.colcon_parallel_executor.executor.parallel:run_until_complete
[0.309s] INFO:colcon.colcon_ros.task.ament_cmake.build:Building ROS package in '/home/jv4k/potamon_ws/src/potamon_interfaces' with build type 'ament_cmake'
[0.309s] INFO:colcon.colcon_cmake.task.cmake.build:Building CMake package in '/home/jv4k/potamon_ws/src/potamon_interfaces'
[0.312s] INFO:colcon.colcon_core.plugin_system:Skipping extension 'colcon_core.shell.bat': Not used on non-Windows systems
[0.313s] INFO:colcon.colcon_core.shell:Skip shell extension 'powershell' for command environment: Not usable outside of PowerShell
[0.313s] DEBUG:colcon.colcon_core.shell:Skip shell extension 'dsv' for command environment
[0.322s] DEBUG:colcon.colcon_core.event_handler.log_command:Invoking command in '/home/jv4k/potamon_ws/build/potamon_interfaces': CMAKE_PREFIX_PATH=${CMAKE_PREFIX_PATH}:/opt/ros/jazzy DEBUGINFOD_URLS=https://debuginfod.ubuntu.com /usr/bin/cmake --build /home/jv4k/potamon_ws/build/potamon_interfaces -- -j12 -l12
[0.359s] DEBUG:colcon.colcon_core.event_handler.log_command:Invoked command in '/home/jv4k/potamon_ws/build/potamon_interfaces' returned '2': CMAKE_PREFIX_PATH=${CMAKE_PREFIX_PATH}:/opt/ros/jazzy DEBUGINFOD_URLS=https://debuginfod.ubuntu.com /usr/bin/cmake --build /home/jv4k/potamon_ws/build/potamon_interfaces -- -j12 -l12
[0.360s] Level 1:colcon.colcon_core.environment:create_environment_scripts_only(potamon_interfaces)
[0.364s] Level 1:colcon.colcon_core.environment:checking '/home/jv4k/potamon_ws/install/potamon_interfaces' for CMake module files
[0.365s] Level 1:colcon.colcon_core.environment:checking '/home/jv4k/potamon_ws/install/potamon_interfaces' for CMake config files
[0.365s] Level 1:colcon.colcon_core.shell:create_environment_hook('potamon_interfaces', 'cmake_prefix_path')
[0.366s] INFO:colcon.colcon_core.shell:Creating environment hook '/home/jv4k/potamon_ws/install/potamon_interfaces/share/potamon_interfaces/hook/cmake_prefix_path.ps1'
[0.366s] INFO:colcon.colcon_core.shell:Creating environment descriptor '/home/jv4k/potamon_ws/install/potamon_interfaces/share/potamon_interfaces/hook/cmake_prefix_path.dsv'
[0.367s] INFO:colcon.colcon_core.shell:Creating environment hook '/home/jv4k/potamon_ws/install/potamon_interfaces/share/potamon_interfaces/hook/cmake_prefix_path.sh'
[0.368s] Level 1:colcon.colcon_core.environment:checking '/home/jv4k/potamon_ws/install/potamon_interfaces/lib'
[0.368s] Level 1:colcon.colcon_core.shell:create_environment_hook('potamon_interfaces', 'ld_library_path_lib')
[0.368s] INFO:colcon.colcon_core.shell:Creating environment hook '/home/jv4k/potamon_ws/install/potamon_interfaces/share/potamon_interfaces/hook/ld_library_path_lib.ps1'
[0.369s] INFO:colcon.colcon_core.shell:Creating environment descriptor '/home/jv4k/potamon_ws/install/potamon_interfaces/share/potamon_interfaces/hook/ld_library_path_lib.dsv'
[0.369s] INFO:colcon.colcon_core.shell:Creating environment hook '/home/jv4k/potamon_ws/install/potamon_interfaces/share/potamon_interfaces/hook/ld_library_path_lib.sh'
[0.369s] Level 1:colcon.colcon_core.environment:checking '/home/jv4k/potamon_ws/install/potamon_interfaces/bin'
[0.369s] Level 1:colcon.colcon_core.environment:checking '/home/jv4k/potamon_ws/install/potamon_interfaces/lib/pkgconfig/potamon_interfaces.pc'
[0.370s] Level 1:colcon.colcon_core.environment:checking '/home/jv4k/potamon_ws/install/potamon_interfaces/lib/python3.12/site-packages'
[0.370s] Level 1:colcon.colcon_core.shell:create_environment_hook('potamon_interfaces', 'pythonpath')
[0.370s] INFO:colcon.colcon_core.shell:Creating environment hook '/home/jv4k/potamon_ws/install/potamon_interfaces/share/potamon_interfaces/hook/pythonpath.ps1'
[0.370s] INFO:colcon.colcon_core.shell:Creating environment descriptor '/home/jv4k/potamon_ws/install/potamon_interfaces/share/potamon_interfaces/hook/pythonpath.dsv'
[0.370s] INFO:colcon.colcon_core.shell:Creating environment hook '/home/jv4k/potamon_ws/install/potamon_interfaces/share/potamon_interfaces/hook/pythonpath.sh'
[0.371s] Level 1:colcon.colcon_core.environment:checking '/home/jv4k/potamon_ws/install/potamon_interfaces/bin'
[0.371s] INFO:colcon.colcon_core.shell:Creating package script '/home/jv4k/potamon_ws/install/potamon_interfaces/share/potamon_interfaces/package.ps1'
[0.372s] INFO:colcon.colcon_core.shell:Creating package descriptor '/home/jv4k/potamon_ws/install/potamon_interfaces/share/potamon_interfaces/package.dsv'
[0.373s] INFO:colcon.colcon_core.shell:Creating package script '/home/jv4k/potamon_ws/install/potamon_interfaces/share/potamon_interfaces/package.sh'
[0.374s] INFO:colcon.colcon_core.shell:Creating package script '/home/jv4k/potamon_ws/install/potamon_interfaces/share/potamon_interfaces/package.bash'
[0.375s] INFO:colcon.colcon_core.shell:Creating package script '/home/jv4k/potamon_ws/install/potamon_interfaces/share/potamon_interfaces/package.zsh'
[0.375s] Level 1:colcon.colcon_core.environment:create_file_with_runtime_dependencies(/home/jv4k/potamon_ws/install/potamon_interfaces/share/colcon-core/packages/potamon_interfaces)
[0.386s] DEBUG:colcon.colcon_parallel_executor.executor.parallel:closing loop
[0.386s] DEBUG:colcon.colcon_parallel_executor.executor.parallel:loop closed
[0.386s] DEBUG:colcon.colcon_parallel_executor.executor.parallel:run_until_complete finished with '2'
[0.386s] DEBUG:colcon.colcon_core.event_reactor:joining thread
[0.407s] INFO:colcon.colcon_core.plugin_system:Skipping extension 'colcon_notification.desktop_notification.terminal_notifier': Not used on non-Darwin systems
[0.407s] INFO:colcon.colcon_core.plugin_system:Skipping extension 'colcon_notification.desktop_notification.win32': Not used on non-Windows systems
[0.407s] INFO:colcon.colcon_notification.desktop_notification:Sending desktop notification using 'notify2'
[0.449s] DEBUG:colcon.colcon_core.event_reactor:joined thread
[0.450s] INFO:colcon.colcon_core.shell:Creating prefix script '/home/jv4k/potamon_ws/install/local_setup.ps1'
[0.451s] INFO:colcon.colcon_core.shell:Creating prefix util module '/home/jv4k/potamon_ws/install/_local_setup_util_ps1.py'
[0.452s] INFO:colcon.colcon_core.shell:Creating prefix chain script '/home/jv4k/potamon_ws/install/setup.ps1'
[0.454s] INFO:colcon.colcon_core.shell:Creating prefix script '/home/jv4k/potamon_ws/install/local_setup.sh'
[0.455s] INFO:colcon.colcon_core.shell:Creating prefix util module '/home/jv4k/potamon_ws/install/_local_setup_util_sh.py'
[0.455s] INFO:colcon.colcon_core.shell:Creating prefix chain script '/home/jv4k/potamon_ws/install/setup.sh'
[0.457s] INFO:colcon.colcon_core.shell:Creating prefix script '/home/jv4k/potamon_ws/install/local_setup.bash'
[0.458s] INFO:colcon.colcon_core.shell:Creating prefix chain script '/home/jv4k/potamon_ws/install/setup.bash'
[0.459s] INFO:colcon.colcon_core.shell:Creating prefix script '/home/jv4k/potamon_ws/install/local_setup.zsh'
[0.460s] INFO:colcon.colcon_core.shell:Creating prefix chain script '/home/jv4k/potamon_ws/install/setup.zsh'
