[ 50%] [32mBuilding CXX object CMakeFiles/potamon_rpi.dir/src/potamon_control.cpp.o[0m
[100%] [32m[1mLinking CXX executable potamon_rpi[0m
[100%] Built target potamon_rpi
-- Install configuration: ""
-- Installing: /home/potamon1/potamon_ws/install/potamon-rpi/lib/potamon-rpi/potamon_rpi
-- Set non-toolchain portion of runtime path of "/home/potamon1/potamon_ws/install/potamon-rpi/lib/potamon-rpi/potamon_rpi" to ""
-- Up-to-date: /home/potamon1/potamon_ws/install/potamon-rpi/share/potamon-rpi//launch
-- Up-to-date: /home/potamon1/potamon_ws/install/potamon-rpi/share/potamon-rpi//launch/potamon_launch.py
-- Up-to-date: /home/potamon1/potamon_ws/install/potamon-rpi/share/potamon-rpi//launch/log
-- Up-to-date: /home/potamon1/potamon_ws/install/potamon-rpi/share/potamon-rpi//launch/log/latest
-- Up-to-date: /home/potamon1/potamon_ws/install/potamon-rpi/share/potamon-rpi//launch/log/latest_build
-- Up-to-date: /home/potamon1/potamon_ws/install/potamon-rpi/share/potamon-rpi//launch/log/build_2025-04-20_17-13-16
-- Up-to-date: /home/potamon1/potamon_ws/install/potamon-rpi/share/potamon-rpi//launch/log/build_2025-04-20_17-13-16/logger_all.log
-- Up-to-date: /home/potamon1/potamon_ws/install/potamon-rpi/share/potamon-rpi//launch/log/build_2025-04-20_17-13-16/events.log
-- Up-to-date: /home/potamon1/potamon_ws/install/potamon-rpi/share/potamon-rpi//launch/log/COLCON_IGNORE
-- Up-to-date: /home/potamon1/potamon_ws/install/potamon-rpi/share/potamon-rpi//launch/install
-- Up-to-date: /home/potamon1/potamon_ws/install/potamon-rpi/share/potamon-rpi//launch/install/local_setup.bash
-- Up-to-date: /home/potamon1/potamon_ws/install/potamon-rpi/share/potamon-rpi//launch/install/setup.zsh
-- Up-to-date: /home/potamon1/potamon_ws/install/potamon-rpi/share/potamon-rpi//launch/install/setup.ps1
-- Up-to-date: /home/potamon1/potamon_ws/install/potamon-rpi/share/potamon-rpi//launch/install/_local_setup_util_ps1.py
-- Up-to-date: /home/potamon1/potamon_ws/install/potamon-rpi/share/potamon-rpi//launch/install/local_setup.ps1
-- Up-to-date: /home/potamon1/potamon_ws/install/potamon-rpi/share/potamon-rpi//launch/install/local_setup.sh
-- Up-to-date: /home/potamon1/potamon_ws/install/potamon-rpi/share/potamon-rpi//launch/install/setup.bash
-- Up-to-date: /home/potamon1/potamon_ws/install/potamon-rpi/share/potamon-rpi//launch/install/setup.sh
-- Up-to-date: /home/potamon1/potamon_ws/install/potamon-rpi/share/potamon-rpi//launch/install/_local_setup_util_sh.py
-- Up-to-date: /home/potamon1/potamon_ws/install/potamon-rpi/share/potamon-rpi//launch/install/local_setup.zsh
-- Up-to-date: /home/potamon1/potamon_ws/install/potamon-rpi/share/potamon-rpi//launch/install/.colcon_install_layout
-- Up-to-date: /home/potamon1/potamon_ws/install/potamon-rpi/share/potamon-rpi//launch/install/COLCON_IGNORE
-- Up-to-date: /home/potamon1/potamon_ws/install/potamon-rpi/share/potamon-rpi//launch/build
-- Up-to-date: /home/potamon1/potamon_ws/install/potamon-rpi/share/potamon-rpi//launch/build/.built_by
-- Up-to-date: /home/potamon1/potamon_ws/install/potamon-rpi/share/potamon-rpi//launch/build/COLCON_IGNORE
-- Up-to-date: /home/potamon1/potamon_ws/install/potamon-rpi/share/ament_index/resource_index/package_run_dependencies/potamon-rpi
-- Up-to-date: /home/potamon1/potamon_ws/install/potamon-rpi/share/ament_index/resource_index/parent_prefix_path/potamon-rpi
-- Up-to-date: /home/potamon1/potamon_ws/install/potamon-rpi/share/potamon-rpi/environment/ament_prefix_path.sh
-- Up-to-date: /home/potamon1/potamon_ws/install/potamon-rpi/share/potamon-rpi/environment/ament_prefix_path.dsv
-- Up-to-date: /home/potamon1/potamon_ws/install/potamon-rpi/share/potamon-rpi/environment/path.sh
-- Up-to-date: /home/potamon1/potamon_ws/install/potamon-rpi/share/potamon-rpi/environment/path.dsv
-- Up-to-date: /home/potamon1/potamon_ws/install/potamon-rpi/share/potamon-rpi/local_setup.bash
-- Up-to-date: /home/potamon1/potamon_ws/install/potamon-rpi/share/potamon-rpi/local_setup.sh
-- Up-to-date: /home/potamon1/potamon_ws/install/potamon-rpi/share/potamon-rpi/local_setup.zsh
-- Up-to-date: /home/potamon1/potamon_ws/install/potamon-rpi/share/potamon-rpi/local_setup.dsv
-- Installing: /home/potamon1/potamon_ws/install/potamon-rpi/share/potamon-rpi/package.dsv
-- Up-to-date: /home/potamon1/potamon_ws/install/potamon-rpi/share/ament_index/resource_index/packages/potamon-rpi
-- Up-to-date: /home/potamon1/potamon_ws/install/potamon-rpi/share/potamon-rpi/cmake/potamon-rpiConfig.cmake
-- Up-to-date: /home/potamon1/potamon_ws/install/potamon-rpi/share/potamon-rpi/cmake/potamon-rpiConfig-version.cmake
-- Up-to-date: /home/potamon1/potamon_ws/install/potamon-rpi/share/potamon-rpi/package.xml
