[0.013s] Invoking command in '/home/jv4k/potamon_ws/src/build/potamon-rpi': AMENT_PREFIX_PATH=/home/jv4k/potamon_ws/src/install/potamon_interfaces:${AMENT_PREFIX_PATH} CMAKE_PREFIX_PATH=/home/jv4k/potamon_ws/src/install/potamon_interfaces:/opt/ros/jazzy/opt/sdformat_vendor:/opt/ros/jazzy/opt/gz_math_vendor:/opt/ros/jazzy/opt/gz_utils_vendor:/opt/ros/jazzy/opt/gz_tools_vendor:/opt/ros/jazzy/opt/gz_cmake_vendor:/opt/ros/jazzy DEBUGINFOD_URLS=https://debuginfod.ubuntu.com LD_LIBRARY_PATH=/home/jv4k/potamon_ws/src/install/potamon_interfaces/lib:${LD_LIBRARY_PATH} PYTHONPATH=/home/jv4k/potamon_ws/src/install/potamon_interfaces/lib/python3.12/site-packages:${PYTHONPATH} /usr/bin/cmake --build /home/jv4k/potamon_ws/src/build/potamon-rpi -- -j12 -l12
[0.097s] [ 50%] [32mBuilding CXX object CMakeFiles/potamon_rpi.dir/src/potamon_control.cpp.o[0m
[17.857s] [100%] [32m[1mLinking CXX executable potamon_rpi[0m
[18.895s] [100%] Built target potamon_rpi
[18.909s] Invoked command in '/home/jv4k/potamon_ws/src/build/potamon-rpi' returned '0': AMENT_PREFIX_PATH=/home/jv4k/potamon_ws/src/install/potamon_interfaces:${AMENT_PREFIX_PATH} CMAKE_PREFIX_PATH=/home/jv4k/potamon_ws/src/install/potamon_interfaces:/opt/ros/jazzy/opt/sdformat_vendor:/opt/ros/jazzy/opt/gz_math_vendor:/opt/ros/jazzy/opt/gz_utils_vendor:/opt/ros/jazzy/opt/gz_tools_vendor:/opt/ros/jazzy/opt/gz_cmake_vendor:/opt/ros/jazzy DEBUGINFOD_URLS=https://debuginfod.ubuntu.com LD_LIBRARY_PATH=/home/jv4k/potamon_ws/src/install/potamon_interfaces/lib:${LD_LIBRARY_PATH} PYTHONPATH=/home/jv4k/potamon_ws/src/install/potamon_interfaces/lib/python3.12/site-packages:${PYTHONPATH} /usr/bin/cmake --build /home/jv4k/potamon_ws/src/build/potamon-rpi -- -j12 -l12
[18.911s] Invoking command in '/home/jv4k/potamon_ws/src/build/potamon-rpi': AMENT_PREFIX_PATH=/home/jv4k/potamon_ws/src/install/potamon_interfaces:${AMENT_PREFIX_PATH} CMAKE_PREFIX_PATH=/home/jv4k/potamon_ws/src/install/potamon_interfaces:/opt/ros/jazzy/opt/sdformat_vendor:/opt/ros/jazzy/opt/gz_math_vendor:/opt/ros/jazzy/opt/gz_utils_vendor:/opt/ros/jazzy/opt/gz_tools_vendor:/opt/ros/jazzy/opt/gz_cmake_vendor:/opt/ros/jazzy DEBUGINFOD_URLS=https://debuginfod.ubuntu.com LD_LIBRARY_PATH=/home/jv4k/potamon_ws/src/install/potamon_interfaces/lib:${LD_LIBRARY_PATH} PYTHONPATH=/home/jv4k/potamon_ws/src/install/potamon_interfaces/lib/python3.12/site-packages:${PYTHONPATH} /usr/bin/cmake --install /home/jv4k/potamon_ws/src/build/potamon-rpi
[18.920s] -- Install configuration: ""
[18.920s] -- Installing: /home/jv4k/potamon_ws/src/install/potamon-rpi/lib/potamon-rpi/potamon_rpi
[18.944s] -- Set non-toolchain portion of runtime path of "/home/jv4k/potamon_ws/src/install/potamon-rpi/lib/potamon-rpi/potamon_rpi" to ""
[18.944s] -- Up-to-date: /home/jv4k/potamon_ws/src/install/potamon-rpi/share/ament_index/resource_index/package_run_dependencies/potamon-rpi
[18.944s] -- Up-to-date: /home/jv4k/potamon_ws/src/install/potamon-rpi/share/ament_index/resource_index/parent_prefix_path/potamon-rpi
[18.944s] -- Up-to-date: /home/jv4k/potamon_ws/src/install/potamon-rpi/share/potamon-rpi/environment/ament_prefix_path.sh
[18.944s] -- Up-to-date: /home/jv4k/potamon_ws/src/install/potamon-rpi/share/potamon-rpi/environment/ament_prefix_path.dsv
[18.944s] -- Up-to-date: /home/jv4k/potamon_ws/src/install/potamon-rpi/share/potamon-rpi/environment/path.sh
[18.945s] -- Up-to-date: /home/jv4k/potamon_ws/src/install/potamon-rpi/share/potamon-rpi/environment/path.dsv
[18.945s] -- Up-to-date: /home/jv4k/potamon_ws/src/install/potamon-rpi/share/potamon-rpi/local_setup.bash
[18.945s] -- Up-to-date: /home/jv4k/potamon_ws/src/install/potamon-rpi/share/potamon-rpi/local_setup.sh
[18.945s] -- Up-to-date: /home/jv4k/potamon_ws/src/install/potamon-rpi/share/potamon-rpi/local_setup.zsh
[18.945s] -- Up-to-date: /home/jv4k/potamon_ws/src/install/potamon-rpi/share/potamon-rpi/local_setup.dsv
[18.945s] -- Installing: /home/jv4k/potamon_ws/src/install/potamon-rpi/share/potamon-rpi/package.dsv
[18.945s] -- Up-to-date: /home/jv4k/potamon_ws/src/install/potamon-rpi/share/ament_index/resource_index/packages/potamon-rpi
[18.945s] -- Up-to-date: /home/jv4k/potamon_ws/src/install/potamon-rpi/share/potamon-rpi/cmake/potamon-rpiConfig.cmake
[18.946s] -- Up-to-date: /home/jv4k/potamon_ws/src/install/potamon-rpi/share/potamon-rpi/cmake/potamon-rpiConfig-version.cmake
[18.946s] -- Up-to-date: /home/jv4k/potamon_ws/src/install/potamon-rpi/share/potamon-rpi/package.xml
[18.947s] Invoked command in '/home/jv4k/potamon_ws/src/build/potamon-rpi' returned '0': AMENT_PREFIX_PATH=/home/jv4k/potamon_ws/src/install/potamon_interfaces:${AMENT_PREFIX_PATH} CMAKE_PREFIX_PATH=/home/jv4k/potamon_ws/src/install/potamon_interfaces:/opt/ros/jazzy/opt/sdformat_vendor:/opt/ros/jazzy/opt/gz_math_vendor:/opt/ros/jazzy/opt/gz_utils_vendor:/opt/ros/jazzy/opt/gz_tools_vendor:/opt/ros/jazzy/opt/gz_cmake_vendor:/opt/ros/jazzy DEBUGINFOD_URLS=https://debuginfod.ubuntu.com LD_LIBRARY_PATH=/home/jv4k/potamon_ws/src/install/potamon_interfaces/lib:${LD_LIBRARY_PATH} PYTHONPATH=/home/jv4k/potamon_ws/src/install/potamon_interfaces/lib/python3.12/site-packages:${PYTHONPATH} /usr/bin/cmake --install /home/jv4k/potamon_ws/src/build/potamon-rpi
