[0.014s] Invoking command in '/home/potamon1/potamon_ws/src/potamon-rpi/build/potamon-rpi': CMAKE_PREFIX_PATH=/opt/ros/jazzy /usr/bin/cmake /home/potamon1/potamon_ws/src/potamon-rpi -DCMAKE_INSTALL_PREFIX=/home/potamon1/potamon_ws/src/potamon-rpi/install/potamon-rpi
[0.111s] -- The C compiler identification is GNU 13.3.0
[0.211s] -- The CXX compiler identification is GNU 13.3.0
[0.236s] -- Detecting C compiler ABI info
[0.387s] -- Detecting C compiler ABI info - done
[0.402s] -- Check for working C compiler: /usr/bin/cc - skipped
[0.402s] -- Detecting C compile features
[0.403s] -- Detecting C compile features - done
[0.417s] -- Detecting CXX compiler ABI info
[0.584s] -- Detecting CXX compiler ABI info - done
[0.598s] -- Check for working CXX compiler: /usr/bin/c++ - skipped
[0.599s] -- Detecting CXX compile features
[0.599s] -- Detecting CXX compile features - done
[0.605s] -- Found ament_cmake: 2.5.3 (/opt/ros/jazzy/share/ament_cmake/cmake)
[0.813s] -- Found Python3: /usr/bin/python3 (found version "3.12.3") found components: Interpreter 
[0.954s] -- Found rclcpp: 28.1.6 (/opt/ros/jazzy/share/rclcpp/cmake)
[0.992s] -- Found rosidl_generator_c: 4.6.5 (/opt/ros/jazzy/share/rosidl_generator_c/cmake)
[1.007s] -- Found rosidl_generator_cpp: 4.6.5 (/opt/ros/jazzy/share/rosidl_generator_cpp/cmake)
[1.026s] -- Using all available rosidl_typesupport_c: rosidl_typesupport_fastrtps_c;rosidl_typesupport_introspection_c
[1.047s] -- Using all available rosidl_typesupport_cpp: rosidl_typesupport_fastrtps_cpp;rosidl_typesupport_introspection_cpp
[1.136s] -- Found rmw_implementation_cmake: 7.3.1 (/opt/ros/jazzy/share/rmw_implementation_cmake/cmake)
[1.139s] -- Found rmw_fastrtps_cpp: 8.4.1 (/opt/ros/jazzy/share/rmw_fastrtps_cpp/cmake)
[1.253s] -- Found OpenSSL: /usr/lib/aarch64-linux-gnu/libcrypto.so (found version "3.0.13")  
[1.275s] -- Found FastRTPS: /opt/ros/jazzy/include (Required is at least version "2.13") 
[1.307s] -- Using RMW implementation 'rmw_fastrtps_cpp' as default
[1.399s] [31mCMake Error at CMakeLists.txt:11 (find_package):
[1.399s]   By not providing "Findpotamon_interfaces.cmake" in CMAKE_MODULE_PATH this
[1.399s]   project has asked CMake to find a package configuration file provided by
[1.399s]   "potamon_interfaces", but CMake did not find one.
[1.399s] 
[1.399s]   Could not find a package configuration file provided by
[1.399s]   "potamon_interfaces" with any of the following names:
[1.399s] 
[1.399s]     potamon_interfacesConfig.cmake
[1.399s]     potamon_interfaces-config.cmake
[1.400s] 
[1.400s]   Add the installation prefix of "potamon_interfaces" to CMAKE_PREFIX_PATH or
[1.400s]   set "potamon_interfaces_DIR" to a directory containing one of the above
[1.400s]   files.  If "potamon_interfaces" provides a separate development package or
[1.400s]   SDK, be sure it has been installed.
[1.400s] 
[1.400s] [0m
[1.400s] -- Configuring incomplete, errors occurred!
[1.419s] Invoked command in '/home/potamon1/potamon_ws/src/potamon-rpi/build/potamon-rpi' returned '1': CMAKE_PREFIX_PATH=/opt/ros/jazzy /usr/bin/cmake /home/potamon1/potamon_ws/src/potamon-rpi -DCMAKE_INSTALL_PREFIX=/home/potamon1/potamon_ws/src/potamon-rpi/install/potamon-rpi
