[0.014s] Invoking command in '/home/jv4k/potamon_ws/src/build/potamon-rpi': AMENT_PREFIX_PATH=/home/jv4k/potamon_ws/src/install/potamon_interfaces:${AMENT_PREFIX_PATH} CMAKE_PREFIX_PATH=/home/jv4k/potamon_ws/src/install/potamon_interfaces:/opt/ros/jazzy/opt/sdformat_vendor:/opt/ros/jazzy/opt/gz_math_vendor:/opt/ros/jazzy/opt/gz_utils_vendor:/opt/ros/jazzy/opt/gz_tools_vendor:/opt/ros/jazzy/opt/gz_cmake_vendor:/opt/ros/jazzy DEBUGINFOD_URLS=https://debuginfod.ubuntu.com LD_LIBRARY_PATH=/home/jv4k/potamon_ws/src/install/potamon_interfaces/lib:${LD_LIBRARY_PATH} PYTHONPATH=/home/jv4k/potamon_ws/src/install/potamon_interfaces/lib/python3.12/site-packages:${PYTHONPATH} /usr/bin/cmake --build /home/jv4k/potamon_ws/src/build/potamon-rpi -- -j12 -l12
[0.093s] [ 50%] [32mBuilding CXX object CMakeFiles/potamon_rpi.dir/src/potamon_control.cpp.o[0m
[18.159s] [100%] [32m[1mLinking CXX executable potamon_rpi[0m
[19.253s] [100%] Built target potamon_rpi
[19.270s] Invoked command in '/home/jv4k/potamon_ws/src/build/potamon-rpi' returned '0': AMENT_PREFIX_PATH=/home/jv4k/potamon_ws/src/install/potamon_interfaces:${AMENT_PREFIX_PATH} CMAKE_PREFIX_PATH=/home/jv4k/potamon_ws/src/install/potamon_interfaces:/opt/ros/jazzy/opt/sdformat_vendor:/opt/ros/jazzy/opt/gz_math_vendor:/opt/ros/jazzy/opt/gz_utils_vendor:/opt/ros/jazzy/opt/gz_tools_vendor:/opt/ros/jazzy/opt/gz_cmake_vendor:/opt/ros/jazzy DEBUGINFOD_URLS=https://debuginfod.ubuntu.com LD_LIBRARY_PATH=/home/jv4k/potamon_ws/src/install/potamon_interfaces/lib:${LD_LIBRARY_PATH} PYTHONPATH=/home/jv4k/potamon_ws/src/install/potamon_interfaces/lib/python3.12/site-packages:${PYTHONPATH} /usr/bin/cmake --build /home/jv4k/potamon_ws/src/build/potamon-rpi -- -j12 -l12
[19.272s] Invoking command in '/home/jv4k/potamon_ws/src/build/potamon-rpi': AMENT_PREFIX_PATH=/home/jv4k/potamon_ws/src/install/potamon_interfaces:${AMENT_PREFIX_PATH} CMAKE_PREFIX_PATH=/home/jv4k/potamon_ws/src/install/potamon_interfaces:/opt/ros/jazzy/opt/sdformat_vendor:/opt/ros/jazzy/opt/gz_math_vendor:/opt/ros/jazzy/opt/gz_utils_vendor:/opt/ros/jazzy/opt/gz_tools_vendor:/opt/ros/jazzy/opt/gz_cmake_vendor:/opt/ros/jazzy DEBUGINFOD_URLS=https://debuginfod.ubuntu.com LD_LIBRARY_PATH=/home/jv4k/potamon_ws/src/install/potamon_interfaces/lib:${LD_LIBRARY_PATH} PYTHONPATH=/home/jv4k/potamon_ws/src/install/potamon_interfaces/lib/python3.12/site-packages:${PYTHONPATH} /usr/bin/cmake --install /home/jv4k/potamon_ws/src/build/potamon-rpi
[19.280s] -- Install configuration: ""
[19.281s] -- Installing: /home/jv4k/potamon_ws/src/install/potamon-rpi/lib/potamon-rpi/potamon_rpi
[19.302s] -- Set non-toolchain portion of runtime path of "/home/jv4k/potamon_ws/src/install/potamon-rpi/lib/potamon-rpi/potamon_rpi" to ""
[19.302s] -- Up-to-date: /home/jv4k/potamon_ws/src/install/potamon-rpi/share/ament_index/resource_index/package_run_dependencies/potamon-rpi
[19.302s] -- Up-to-date: /home/jv4k/potamon_ws/src/install/potamon-rpi/share/ament_index/resource_index/parent_prefix_path/potamon-rpi
[19.302s] -- Up-to-date: /home/jv4k/potamon_ws/src/install/potamon-rpi/share/potamon-rpi/environment/ament_prefix_path.sh
[19.303s] -- Up-to-date: /home/jv4k/potamon_ws/src/install/potamon-rpi/share/potamon-rpi/environment/ament_prefix_path.dsv
[19.303s] -- Up-to-date: /home/jv4k/potamon_ws/src/install/potamon-rpi/share/potamon-rpi/environment/path.sh
[19.303s] -- Up-to-date: /home/jv4k/potamon_ws/src/install/potamon-rpi/share/potamon-rpi/environment/path.dsv
[19.303s] -- Up-to-date: /home/jv4k/potamon_ws/src/install/potamon-rpi/share/potamon-rpi/local_setup.bash
[19.303s] -- Up-to-date: /home/jv4k/potamon_ws/src/install/potamon-rpi/share/potamon-rpi/local_setup.sh
[19.303s] -- Up-to-date: /home/jv4k/potamon_ws/src/install/potamon-rpi/share/potamon-rpi/local_setup.zsh
[19.303s] -- Up-to-date: /home/jv4k/potamon_ws/src/install/potamon-rpi/share/potamon-rpi/local_setup.dsv
[19.304s] -- Installing: /home/jv4k/potamon_ws/src/install/potamon-rpi/share/potamon-rpi/package.dsv
[19.304s] -- Up-to-date: /home/jv4k/potamon_ws/src/install/potamon-rpi/share/ament_index/resource_index/packages/potamon-rpi
[19.304s] -- Up-to-date: /home/jv4k/potamon_ws/src/install/potamon-rpi/share/potamon-rpi/cmake/potamon-rpiConfig.cmake
[19.304s] -- Up-to-date: /home/jv4k/potamon_ws/src/install/potamon-rpi/share/potamon-rpi/cmake/potamon-rpiConfig-version.cmake
[19.304s] -- Up-to-date: /home/jv4k/potamon_ws/src/install/potamon-rpi/share/potamon-rpi/package.xml
[19.305s] Invoked command in '/home/jv4k/potamon_ws/src/build/potamon-rpi' returned '0': AMENT_PREFIX_PATH=/home/jv4k/potamon_ws/src/install/potamon_interfaces:${AMENT_PREFIX_PATH} CMAKE_PREFIX_PATH=/home/jv4k/potamon_ws/src/install/potamon_interfaces:/opt/ros/jazzy/opt/sdformat_vendor:/opt/ros/jazzy/opt/gz_math_vendor:/opt/ros/jazzy/opt/gz_utils_vendor:/opt/ros/jazzy/opt/gz_tools_vendor:/opt/ros/jazzy/opt/gz_cmake_vendor:/opt/ros/jazzy DEBUGINFOD_URLS=https://debuginfod.ubuntu.com LD_LIBRARY_PATH=/home/jv4k/potamon_ws/src/install/potamon_interfaces/lib:${LD_LIBRARY_PATH} PYTHONPATH=/home/jv4k/potamon_ws/src/install/potamon_interfaces/lib/python3.12/site-packages:${PYTHONPATH} /usr/bin/cmake --install /home/jv4k/potamon_ws/src/build/potamon-rpi
