[0.016s] Invoking command in '/home/potamon1/potamon_ws/build/potamon_interfaces': CMAKE_PREFIX_PATH=/opt/ros/jazzy /usr/bin/cmake --build /home/potamon1/potamon_ws/build/potamon_interfaces -- -j4 -l4
[0.100s] [  1%] Built target potamon_interfaces__rosidl_generator_type_description
[0.120s] [  1%] Built target ament_cmake_python_copy_potamon_interfaces
[0.139s] [  2%] Built target potamon_interfaces__cpp
[0.143s] [ 25%] Built target potamon_interfaces__rosidl_generator_c
[0.194s] [ 44%] Built target potamon_interfaces__rosidl_typesupport_cpp
[0.195s] [ 44%] Built target potamon_interfaces__rosidl_typesupport_introspection_c
[0.202s] [ 54%] Built target potamon_interfaces__rosidl_typesupport_fastrtps_c
[0.238s] [ 63%] Built target potamon_interfaces__rosidl_typesupport_c
[0.245s] [ 72%] Built target potamon_interfaces__rosidl_typesupport_fastrtps_cpp
[0.257s] [ 82%] Built target potamon_interfaces__rosidl_typesupport_introspection_cpp
[0.292s] [ 82%] Built target potamon_interfaces
[0.327s] [ 83%] Built target potamon_interfaces__py
[0.367s] [ 91%] Built target potamon_interfaces__rosidl_generator_py
[0.409s] [ 98%] Built target potamon_interfaces_s__rosidl_typesupport_introspection_c
[0.410s] [100%] Built target potamon_interfaces_s__rosidl_typesupport_fastrtps_c
[0.410s] [100%] Built target potamon_interfaces_s__rosidl_typesupport_c
[0.468s] running egg_info
[0.490s] writing potamon_interfaces.egg-info/PKG-INFO
[0.491s] writing dependency_links to potamon_interfaces.egg-info/dependency_links.txt
[0.492s] writing top-level names to potamon_interfaces.egg-info/top_level.txt
[0.554s] reading manifest file 'potamon_interfaces.egg-info/SOURCES.txt'
[0.555s] writing manifest file 'potamon_interfaces.egg-info/SOURCES.txt'
[0.621s] [100%] Built target ament_cmake_python_build_potamon_interfaces_egg
[0.641s] Invoked command in '/home/potamon1/potamon_ws/build/potamon_interfaces' returned '0': CMAKE_PREFIX_PATH=/opt/ros/jazzy /usr/bin/cmake --build /home/potamon1/potamon_ws/build/potamon_interfaces -- -j4 -l4
[0.659s] Invoking command in '/home/potamon1/potamon_ws/build/potamon_interfaces': CMAKE_PREFIX_PATH=/opt/ros/jazzy /usr/bin/cmake --install /home/potamon1/potamon_ws/build/potamon_interfaces
[0.672s] -- Install configuration: ""
[0.672s] -- Up-to-date: /home/potamon1/potamon_ws/install/potamon_interfaces/share/ament_index/resource_index/rosidl_interfaces/potamon_interfaces
[0.672s] -- Up-to-date: /home/potamon1/potamon_ws/install/potamon_interfaces/share/potamon_interfaces/msg/WheelStates.json
[0.672s] -- Up-to-date: /home/potamon1/potamon_ws/install/potamon_interfaces/share/potamon_interfaces/msg/SystemStatus.json
[0.672s] -- Up-to-date: /home/potamon1/potamon_ws/install/potamon_interfaces/share/potamon_interfaces/msg/WheelVelocities.json
[0.672s] -- Up-to-date: /home/potamon1/potamon_ws/install/potamon_interfaces/share/potamon_interfaces/msg/WheelAngles.json
[0.673s] -- Up-to-date: /home/potamon1/potamon_ws/install/potamon_interfaces/share/potamon_interfaces/srv/SetControlMode.json
[0.673s] -- Up-to-date: /home/potamon1/potamon_ws/install/potamon_interfaces/include/potamon_interfaces/potamon_interfaces
[0.673s] -- Up-to-date: /home/potamon1/potamon_ws/install/potamon_interfaces/include/potamon_interfaces/potamon_interfaces/msg
[0.673s] -- Up-to-date: /home/potamon1/potamon_ws/install/potamon_interfaces/include/potamon_interfaces/potamon_interfaces/msg/wheel_states.h
[0.673s] -- Up-to-date: /home/potamon1/potamon_ws/install/potamon_interfaces/include/potamon_interfaces/potamon_interfaces/msg/system_status.h
[0.673s] -- Up-to-date: /home/potamon1/potamon_ws/install/potamon_interfaces/include/potamon_interfaces/potamon_interfaces/msg/rosidl_generator_c__visibility_control.h
[0.673s] -- Up-to-date: /home/potamon1/potamon_ws/install/potamon_interfaces/include/potamon_interfaces/potamon_interfaces/msg/detail
[0.673s] -- Up-to-date: /home/potamon1/potamon_ws/install/potamon_interfaces/include/potamon_interfaces/potamon_interfaces/msg/detail/wheel_states__description.c
[0.673s] -- Up-to-date: /home/potamon1/potamon_ws/install/potamon_interfaces/include/potamon_interfaces/potamon_interfaces/msg/detail/wheel_velocities__functions.h
[0.674s] -- Up-to-date: /home/potamon1/potamon_ws/install/potamon_interfaces/include/potamon_interfaces/potamon_interfaces/msg/detail/wheel_angles__struct.h
[0.674s] -- Up-to-date: /home/potamon1/potamon_ws/install/potamon_interfaces/include/potamon_interfaces/potamon_interfaces/msg/detail/wheel_states__functions.c
[0.674s] -- Installing: /home/potamon1/potamon_ws/install/potamon_interfaces/include/potamon_interfaces/potamon_interfaces/msg/detail/system_status__type_support.c
[0.674s] -- Up-to-date: /home/potamon1/potamon_ws/install/potamon_interfaces/include/potamon_interfaces/potamon_interfaces/msg/detail/wheel_angles__type_support.h
[0.674s] -- Up-to-date: /home/potamon1/potamon_ws/install/potamon_interfaces/include/potamon_interfaces/potamon_interfaces/msg/detail/wheel_states__type_support.h
[0.674s] -- Up-to-date: /home/potamon1/potamon_ws/install/potamon_interfaces/include/potamon_interfaces/potamon_interfaces/msg/detail/wheel_angles__description.c
[0.674s] -- Up-to-date: /home/potamon1/potamon_ws/install/potamon_interfaces/include/potamon_interfaces/potamon_interfaces/msg/detail/system_status__functions.h
[0.674s] -- Up-to-date: /home/potamon1/potamon_ws/install/potamon_interfaces/include/potamon_interfaces/potamon_interfaces/msg/detail/wheel_velocities__type_support.h
[0.675s] -- Up-to-date: /home/potamon1/potamon_ws/install/potamon_interfaces/include/potamon_interfaces/potamon_interfaces/msg/detail/system_status__type_support.h
[0.675s] -- Installing: /home/potamon1/potamon_ws/install/potamon_interfaces/include/potamon_interfaces/potamon_interfaces/msg/detail/wheel_states__type_support.c
[0.675s] -- Up-to-date: /home/potamon1/potamon_ws/install/potamon_interfaces/include/potamon_interfaces/potamon_interfaces/msg/detail/system_status__struct.h
[0.675s] -- Up-to-date: /home/potamon1/potamon_ws/install/potamon_interfaces/include/potamon_interfaces/potamon_interfaces/msg/detail/system_status__functions.c
[0.675s] -- Up-to-date: /home/potamon1/potamon_ws/install/potamon_interfaces/include/potamon_interfaces/potamon_interfaces/msg/detail/wheel_angles__functions.c
[0.675s] -- Up-to-date: /home/potamon1/potamon_ws/install/potamon_interfaces/include/potamon_interfaces/potamon_interfaces/msg/detail/wheel_states__functions.h
[0.675s] -- Up-to-date: /home/potamon1/potamon_ws/install/potamon_interfaces/include/potamon_interfaces/potamon_interfaces/msg/detail/system_status__description.c
[0.675s] -- Up-to-date: /home/potamon1/potamon_ws/install/potamon_interfaces/include/potamon_interfaces/potamon_interfaces/msg/detail/wheel_states__struct.h
[0.675s] -- Installing: /home/potamon1/potamon_ws/install/potamon_interfaces/include/potamon_interfaces/potamon_interfaces/msg/detail/wheel_angles__type_support.c
[0.675s] -- Up-to-date: /home/potamon1/potamon_ws/install/potamon_interfaces/include/potamon_interfaces/potamon_interfaces/msg/detail/wheel_velocities__functions.c
[0.676s] -- Up-to-date: /home/potamon1/potamon_ws/install/potamon_interfaces/include/potamon_interfaces/potamon_interfaces/msg/detail/wheel_velocities__struct.h
[0.676s] -- Up-to-date: /home/potamon1/potamon_ws/install/potamon_interfaces/include/potamon_interfaces/potamon_interfaces/msg/detail/wheel_angles__functions.h
[0.676s] -- Up-to-date: /home/potamon1/potamon_ws/install/potamon_interfaces/include/potamon_interfaces/potamon_interfaces/msg/detail/wheel_velocities__type_support.c
[0.676s] -- Up-to-date: /home/potamon1/potamon_ws/install/potamon_interfaces/include/potamon_interfaces/potamon_interfaces/msg/detail/wheel_velocities__description.c
[0.676s] -- Up-to-date: /home/potamon1/potamon_ws/install/potamon_interfaces/include/potamon_interfaces/potamon_interfaces/msg/wheel_angles.h
[0.676s] -- Up-to-date: /home/potamon1/potamon_ws/install/potamon_interfaces/include/potamon_interfaces/potamon_interfaces/msg/wheel_velocities.h
[0.676s] -- Up-to-date: /home/potamon1/potamon_ws/install/potamon_interfaces/include/potamon_interfaces/potamon_interfaces/srv
[0.676s] -- Up-to-date: /home/potamon1/potamon_ws/install/potamon_interfaces/include/potamon_interfaces/potamon_interfaces/srv/detail
[0.676s] -- Up-to-date: /home/potamon1/potamon_ws/install/potamon_interfaces/include/potamon_interfaces/potamon_interfaces/srv/detail/set_control_mode__type_support.h
[0.676s] -- Up-to-date: /home/potamon1/potamon_ws/install/potamon_interfaces/include/potamon_interfaces/potamon_interfaces/srv/detail/set_control_mode__type_support.c
[0.676s] -- Up-to-date: /home/potamon1/potamon_ws/install/potamon_interfaces/include/potamon_interfaces/potamon_interfaces/srv/detail/set_control_mode__functions.h
[0.677s] -- Up-to-date: /home/potamon1/potamon_ws/install/potamon_interfaces/include/potamon_interfaces/potamon_interfaces/srv/detail/set_control_mode__functions.c
[0.677s] -- Up-to-date: /home/potamon1/potamon_ws/install/potamon_interfaces/include/potamon_interfaces/potamon_interfaces/srv/detail/set_control_mode__struct.h
[0.677s] -- Up-to-date: /home/potamon1/potamon_ws/install/potamon_interfaces/include/potamon_interfaces/potamon_interfaces/srv/detail/set_control_mode__description.c
[0.677s] -- Up-to-date: /home/potamon1/potamon_ws/install/potamon_interfaces/include/potamon_interfaces/potamon_interfaces/srv/set_control_mode.h
[0.677s] -- Up-to-date: /home/potamon1/potamon_ws/install/potamon_interfaces/share/potamon_interfaces/environment/library_path.sh
[0.677s] -- Up-to-date: /home/potamon1/potamon_ws/install/potamon_interfaces/share/potamon_interfaces/environment/library_path.dsv
[0.677s] -- Up-to-date: /home/potamon1/potamon_ws/install/potamon_interfaces/lib/libpotamon_interfaces__rosidl_generator_c.so
[0.677s] -- Up-to-date: /home/potamon1/potamon_ws/install/potamon_interfaces/include/potamon_interfaces/potamon_interfaces
[0.677s] -- Up-to-date: /home/potamon1/potamon_ws/install/potamon_interfaces/include/potamon_interfaces/potamon_interfaces/msg
[0.677s] -- Up-to-date: /home/potamon1/potamon_ws/install/potamon_interfaces/include/potamon_interfaces/potamon_interfaces/msg/rosidl_typesupport_fastrtps_c__visibility_control.h
[0.677s] -- Up-to-date: /home/potamon1/potamon_ws/install/potamon_interfaces/include/potamon_interfaces/potamon_interfaces/msg/detail
[0.678s] -- Up-to-date: /home/potamon1/potamon_ws/install/potamon_interfaces/include/potamon_interfaces/potamon_interfaces/msg/detail/system_status__rosidl_typesupport_fastrtps_c.h
[0.678s] -- Up-to-date: /home/potamon1/potamon_ws/install/potamon_interfaces/include/potamon_interfaces/potamon_interfaces/msg/detail/wheel_angles__rosidl_typesupport_fastrtps_c.h
[0.678s] -- Up-to-date: /home/potamon1/potamon_ws/install/potamon_interfaces/include/potamon_interfaces/potamon_interfaces/msg/detail/wheel_velocities__rosidl_typesupport_fastrtps_c.h
[0.678s] -- Up-to-date: /home/potamon1/potamon_ws/install/potamon_interfaces/include/potamon_interfaces/potamon_interfaces/msg/detail/wheel_states__rosidl_typesupport_fastrtps_c.h
[0.678s] -- Up-to-date: /home/potamon1/potamon_ws/install/potamon_interfaces/include/potamon_interfaces/potamon_interfaces/srv
[0.678s] -- Up-to-date: /home/potamon1/potamon_ws/install/potamon_interfaces/include/potamon_interfaces/potamon_interfaces/srv/detail
[0.678s] -- Up-to-date: /home/potamon1/potamon_ws/install/potamon_interfaces/include/potamon_interfaces/potamon_interfaces/srv/detail/set_control_mode__rosidl_typesupport_fastrtps_c.h
[0.678s] -- Up-to-date: /home/potamon1/potamon_ws/install/potamon_interfaces/lib/libpotamon_interfaces__rosidl_typesupport_fastrtps_c.so
[0.678s] -- Up-to-date: /home/potamon1/potamon_ws/install/potamon_interfaces/include/potamon_interfaces/potamon_interfaces
[0.678s] -- Up-to-date: /home/potamon1/potamon_ws/install/potamon_interfaces/include/potamon_interfaces/potamon_interfaces/msg
[0.678s] -- Up-to-date: /home/potamon1/potamon_ws/install/potamon_interfaces/include/potamon_interfaces/potamon_interfaces/msg/rosidl_typesupport_introspection_c__visibility_control.h
[0.679s] -- Up-to-date: /home/potamon1/potamon_ws/install/potamon_interfaces/include/potamon_interfaces/potamon_interfaces/msg/detail
[0.679s] -- Up-to-date: /home/potamon1/potamon_ws/install/potamon_interfaces/include/potamon_interfaces/potamon_interfaces/msg/detail/wheel_angles__rosidl_typesupport_introspection_c.h
[0.679s] -- Up-to-date: /home/potamon1/potamon_ws/install/potamon_interfaces/include/potamon_interfaces/potamon_interfaces/msg/detail/wheel_states__rosidl_typesupport_introspection_c.h
[0.679s] -- Installing: /home/potamon1/potamon_ws/install/potamon_interfaces/include/potamon_interfaces/potamon_interfaces/msg/detail/system_status__type_support.c
[0.679s] -- Installing: /home/potamon1/potamon_ws/install/potamon_interfaces/include/potamon_interfaces/potamon_interfaces/msg/detail/wheel_states__type_support.c
[0.679s] -- Up-to-date: /home/potamon1/potamon_ws/install/potamon_interfaces/include/potamon_interfaces/potamon_interfaces/msg/detail/system_status__rosidl_typesupport_introspection_c.h
[0.679s] -- Installing: /home/potamon1/potamon_ws/install/potamon_interfaces/include/potamon_interfaces/potamon_interfaces/msg/detail/wheel_angles__type_support.c
[0.679s] -- Up-to-date: /home/potamon1/potamon_ws/install/potamon_interfaces/include/potamon_interfaces/potamon_interfaces/msg/detail/wheel_velocities__type_support.c
[0.679s] -- Up-to-date: /home/potamon1/potamon_ws/install/potamon_interfaces/include/potamon_interfaces/potamon_interfaces/msg/detail/wheel_velocities__rosidl_typesupport_introspection_c.h
[0.680s] -- Up-to-date: /home/potamon1/potamon_ws/install/potamon_interfaces/include/potamon_interfaces/potamon_interfaces/srv
[0.680s] -- Up-to-date: /home/potamon1/potamon_ws/install/potamon_interfaces/include/potamon_interfaces/potamon_interfaces/srv/detail
[0.680s] -- Up-to-date: /home/potamon1/potamon_ws/install/potamon_interfaces/include/potamon_interfaces/potamon_interfaces/srv/detail/set_control_mode__type_support.c
[0.680s] -- Up-to-date: /home/potamon1/potamon_ws/install/potamon_interfaces/include/potamon_interfaces/potamon_interfaces/srv/detail/set_control_mode__rosidl_typesupport_introspection_c.h
[0.680s] -- Up-to-date: /home/potamon1/potamon_ws/install/potamon_interfaces/lib/libpotamon_interfaces__rosidl_typesupport_introspection_c.so
[0.680s] -- Up-to-date: /home/potamon1/potamon_ws/install/potamon_interfaces/lib/libpotamon_interfaces__rosidl_typesupport_c.so
[0.680s] -- Up-to-date: /home/potamon1/potamon_ws/install/potamon_interfaces/include/potamon_interfaces/potamon_interfaces
[0.680s] -- Up-to-date: /home/potamon1/potamon_ws/install/potamon_interfaces/include/potamon_interfaces/potamon_interfaces/msg
[0.680s] -- Up-to-date: /home/potamon1/potamon_ws/install/potamon_interfaces/include/potamon_interfaces/potamon_interfaces/msg/wheel_angles.hpp
[0.680s] -- Up-to-date: /home/potamon1/potamon_ws/install/potamon_interfaces/include/potamon_interfaces/potamon_interfaces/msg/wheel_velocities.hpp
[0.680s] -- Up-to-date: /home/potamon1/potamon_ws/install/potamon_interfaces/include/potamon_interfaces/potamon_interfaces/msg/wheel_states.hpp
[0.680s] -- Up-to-date: /home/potamon1/potamon_ws/install/potamon_interfaces/include/potamon_interfaces/potamon_interfaces/msg/system_status.hpp
[0.680s] -- Up-to-date: /home/potamon1/potamon_ws/install/potamon_interfaces/include/potamon_interfaces/potamon_interfaces/msg/detail
[0.681s] -- Up-to-date: /home/potamon1/potamon_ws/install/potamon_interfaces/include/potamon_interfaces/potamon_interfaces/msg/detail/wheel_states__traits.hpp
[0.681s] -- Up-to-date: /home/potamon1/potamon_ws/install/potamon_interfaces/include/potamon_interfaces/potamon_interfaces/msg/detail/wheel_velocities__builder.hpp
[0.681s] -- Up-to-date: /home/potamon1/potamon_ws/install/potamon_interfaces/include/potamon_interfaces/potamon_interfaces/msg/detail/wheel_states__builder.hpp
[0.681s] -- Up-to-date: /home/potamon1/potamon_ws/install/potamon_interfaces/include/potamon_interfaces/potamon_interfaces/msg/detail/wheel_states__type_support.hpp
[0.681s] -- Up-to-date: /home/potamon1/potamon_ws/install/potamon_interfaces/include/potamon_interfaces/potamon_interfaces/msg/detail/wheel_velocities__struct.hpp
[0.681s] -- Up-to-date: /home/potamon1/potamon_ws/install/potamon_interfaces/include/potamon_interfaces/potamon_interfaces/msg/detail/wheel_angles__struct.hpp
[0.681s] -- Up-to-date: /home/potamon1/potamon_ws/install/potamon_interfaces/include/potamon_interfaces/potamon_interfaces/msg/detail/system_status__struct.hpp
[0.681s] -- Up-to-date: /home/potamon1/potamon_ws/install/potamon_interfaces/include/potamon_interfaces/potamon_interfaces/msg/detail/wheel_velocities__traits.hpp
[0.681s] -- Up-to-date: /home/potamon1/potamon_ws/install/potamon_interfaces/include/potamon_interfaces/potamon_interfaces/msg/detail/system_status__builder.hpp
[0.681s] -- Up-to-date: /home/potamon1/potamon_ws/install/potamon_interfaces/include/potamon_interfaces/potamon_interfaces/msg/detail/wheel_angles__builder.hpp
[0.681s] -- Up-to-date: /home/potamon1/potamon_ws/install/potamon_interfaces/include/potamon_interfaces/potamon_interfaces/msg/detail/wheel_angles__type_support.hpp
[0.682s] -- Up-to-date: /home/potamon1/potamon_ws/install/potamon_interfaces/include/potamon_interfaces/potamon_interfaces/msg/detail/system_status__traits.hpp
[0.682s] -- Up-to-date: /home/potamon1/potamon_ws/install/potamon_interfaces/include/potamon_interfaces/potamon_interfaces/msg/detail/wheel_states__struct.hpp
[0.682s] -- Up-to-date: /home/potamon1/potamon_ws/install/potamon_interfaces/include/potamon_interfaces/potamon_interfaces/msg/detail/system_status__type_support.hpp
[0.682s] -- Up-to-date: /home/potamon1/potamon_ws/install/potamon_interfaces/include/potamon_interfaces/potamon_interfaces/msg/detail/wheel_velocities__type_support.hpp
[0.682s] -- Up-to-date: /home/potamon1/potamon_ws/install/potamon_interfaces/include/potamon_interfaces/potamon_interfaces/msg/detail/wheel_angles__traits.hpp
[0.682s] -- Up-to-date: /home/potamon1/potamon_ws/install/potamon_interfaces/include/potamon_interfaces/potamon_interfaces/msg/rosidl_generator_cpp__visibility_control.hpp
[0.682s] -- Up-to-date: /home/potamon1/potamon_ws/install/potamon_interfaces/include/potamon_interfaces/potamon_interfaces/srv
[0.682s] -- Up-to-date: /home/potamon1/potamon_ws/install/potamon_interfaces/include/potamon_interfaces/potamon_interfaces/srv/set_control_mode.hpp
[0.682s] -- Up-to-date: /home/potamon1/potamon_ws/install/potamon_interfaces/include/potamon_interfaces/potamon_interfaces/srv/detail
[0.682s] -- Up-to-date: /home/potamon1/potamon_ws/install/potamon_interfaces/include/potamon_interfaces/potamon_interfaces/srv/detail/set_control_mode__builder.hpp
[0.682s] -- Up-to-date: /home/potamon1/potamon_ws/install/potamon_interfaces/include/potamon_interfaces/potamon_interfaces/srv/detail/set_control_mode__traits.hpp
[0.683s] -- Up-to-date: /home/potamon1/potamon_ws/install/potamon_interfaces/include/potamon_interfaces/potamon_interfaces/srv/detail/set_control_mode__type_support.hpp
[0.683s] -- Up-to-date: /home/potamon1/potamon_ws/install/potamon_interfaces/include/potamon_interfaces/potamon_interfaces/srv/detail/set_control_mode__struct.hpp
[0.683s] -- Up-to-date: /home/potamon1/potamon_ws/install/potamon_interfaces/include/potamon_interfaces/potamon_interfaces
[0.683s] -- Up-to-date: /home/potamon1/potamon_ws/install/potamon_interfaces/include/potamon_interfaces/potamon_interfaces/msg
[0.683s] -- Up-to-date: /home/potamon1/potamon_ws/install/potamon_interfaces/include/potamon_interfaces/potamon_interfaces/msg/rosidl_typesupport_fastrtps_cpp__visibility_control.h
[0.683s] -- Up-to-date: /home/potamon1/potamon_ws/install/potamon_interfaces/include/potamon_interfaces/potamon_interfaces/msg/detail
[0.683s] -- Up-to-date: /home/potamon1/potamon_ws/install/potamon_interfaces/include/potamon_interfaces/potamon_interfaces/msg/detail/dds_fastrtps
[0.683s] -- Up-to-date: /home/potamon1/potamon_ws/install/potamon_interfaces/include/potamon_interfaces/potamon_interfaces/msg/detail/wheel_states__rosidl_typesupport_fastrtps_cpp.hpp
[0.683s] -- Up-to-date: /home/potamon1/potamon_ws/install/potamon_interfaces/include/potamon_interfaces/potamon_interfaces/msg/detail/system_status__rosidl_typesupport_fastrtps_cpp.hpp
[0.683s] -- Up-to-date: /home/potamon1/potamon_ws/install/potamon_interfaces/include/potamon_interfaces/potamon_interfaces/msg/detail/wheel_angles__rosidl_typesupport_fastrtps_cpp.hpp
[0.683s] -- Up-to-date: /home/potamon1/potamon_ws/install/potamon_interfaces/include/potamon_interfaces/potamon_interfaces/msg/detail/wheel_velocities__rosidl_typesupport_fastrtps_cpp.hpp
[0.684s] -- Up-to-date: /home/potamon1/potamon_ws/install/potamon_interfaces/include/potamon_interfaces/potamon_interfaces/srv
[0.684s] -- Up-to-date: /home/potamon1/potamon_ws/install/potamon_interfaces/include/potamon_interfaces/potamon_interfaces/srv/detail
[0.684s] -- Up-to-date: /home/potamon1/potamon_ws/install/potamon_interfaces/include/potamon_interfaces/potamon_interfaces/srv/detail/dds_fastrtps
[0.684s] -- Up-to-date: /home/potamon1/potamon_ws/install/potamon_interfaces/include/potamon_interfaces/potamon_interfaces/srv/detail/set_control_mode__rosidl_typesupport_fastrtps_cpp.hpp
[0.684s] -- Up-to-date: /home/potamon1/potamon_ws/install/potamon_interfaces/lib/libpotamon_interfaces__rosidl_typesupport_fastrtps_cpp.so
[0.684s] -- Up-to-date: /home/potamon1/potamon_ws/install/potamon_interfaces/include/potamon_interfaces/potamon_interfaces
[0.684s] -- Up-to-date: /home/potamon1/potamon_ws/install/potamon_interfaces/include/potamon_interfaces/potamon_interfaces/msg
[0.684s] -- Up-to-date: /home/potamon1/potamon_ws/install/potamon_interfaces/include/potamon_interfaces/potamon_interfaces/msg/detail
[0.684s] -- Up-to-date: /home/potamon1/potamon_ws/install/potamon_interfaces/include/potamon_interfaces/potamon_interfaces/msg/detail/wheel_velocities__type_support.cpp
[0.684s] -- Up-to-date: /home/potamon1/potamon_ws/install/potamon_interfaces/include/potamon_interfaces/potamon_interfaces/msg/detail/wheel_angles__type_support.cpp
[0.684s] -- Up-to-date: /home/potamon1/potamon_ws/install/potamon_interfaces/include/potamon_interfaces/potamon_interfaces/msg/detail/wheel_states__type_support.cpp
[0.684s] -- Up-to-date: /home/potamon1/potamon_ws/install/potamon_interfaces/include/potamon_interfaces/potamon_interfaces/msg/detail/wheel_velocities__rosidl_typesupport_introspection_cpp.hpp
[0.684s] -- Up-to-date: /home/potamon1/potamon_ws/install/potamon_interfaces/include/potamon_interfaces/potamon_interfaces/msg/detail/system_status__rosidl_typesupport_introspection_cpp.hpp
[0.685s] -- Up-to-date: /home/potamon1/potamon_ws/install/potamon_interfaces/include/potamon_interfaces/potamon_interfaces/msg/detail/wheel_states__rosidl_typesupport_introspection_cpp.hpp
[0.685s] -- Up-to-date: /home/potamon1/potamon_ws/install/potamon_interfaces/include/potamon_interfaces/potamon_interfaces/msg/detail/wheel_angles__rosidl_typesupport_introspection_cpp.hpp
[0.685s] -- Up-to-date: /home/potamon1/potamon_ws/install/potamon_interfaces/include/potamon_interfaces/potamon_interfaces/msg/detail/system_status__type_support.cpp
[0.685s] -- Up-to-date: /home/potamon1/potamon_ws/install/potamon_interfaces/include/potamon_interfaces/potamon_interfaces/srv
[0.685s] -- Up-to-date: /home/potamon1/potamon_ws/install/potamon_interfaces/include/potamon_interfaces/potamon_interfaces/srv/detail
[0.685s] -- Up-to-date: /home/potamon1/potamon_ws/install/potamon_interfaces/include/potamon_interfaces/potamon_interfaces/srv/detail/set_control_mode__type_support.cpp
[0.685s] -- Up-to-date: /home/potamon1/potamon_ws/install/potamon_interfaces/include/potamon_interfaces/potamon_interfaces/srv/detail/set_control_mode__rosidl_typesupport_introspection_cpp.hpp
[0.685s] -- Up-to-date: /home/potamon1/potamon_ws/install/potamon_interfaces/lib/libpotamon_interfaces__rosidl_typesupport_introspection_cpp.so
[0.685s] -- Up-to-date: /home/potamon1/potamon_ws/install/potamon_interfaces/lib/libpotamon_interfaces__rosidl_typesupport_cpp.so
[0.685s] -- Up-to-date: /home/potamon1/potamon_ws/install/potamon_interfaces/share/potamon_interfaces/environment/pythonpath.sh
[0.685s] -- Up-to-date: /home/potamon1/potamon_ws/install/potamon_interfaces/share/potamon_interfaces/environment/pythonpath.dsv
[0.685s] -- Up-to-date: /home/potamon1/potamon_ws/install/potamon_interfaces/lib/python3.12/site-packages/potamon_interfaces-0.0.0-py3.12.egg-info
[0.685s] -- Installing: /home/potamon1/potamon_ws/install/potamon_interfaces/lib/python3.12/site-packages/potamon_interfaces-0.0.0-py3.12.egg-info/dependency_links.txt
[0.686s] -- Installing: /home/potamon1/potamon_ws/install/potamon_interfaces/lib/python3.12/site-packages/potamon_interfaces-0.0.0-py3.12.egg-info/PKG-INFO
[0.686s] -- Installing: /home/potamon1/potamon_ws/install/potamon_interfaces/lib/python3.12/site-packages/potamon_interfaces-0.0.0-py3.12.egg-info/top_level.txt
[0.686s] -- Installing: /home/potamon1/potamon_ws/install/potamon_interfaces/lib/python3.12/site-packages/potamon_interfaces-0.0.0-py3.12.egg-info/SOURCES.txt
[0.686s] -- Up-to-date: /home/potamon1/potamon_ws/install/potamon_interfaces/lib/python3.12/site-packages/potamon_interfaces
[0.686s] -- Up-to-date: /home/potamon1/potamon_ws/install/potamon_interfaces/lib/python3.12/site-packages/potamon_interfaces/potamon_interfaces_s__rosidl_typesupport_introspection_c.so
[0.686s] -- Up-to-date: /home/potamon1/potamon_ws/install/potamon_interfaces/lib/python3.12/site-packages/potamon_interfaces/potamon_interfaces_s__rosidl_typesupport_c.so
[0.686s] -- Up-to-date: /home/potamon1/potamon_ws/install/potamon_interfaces/lib/python3.12/site-packages/potamon_interfaces/potamon_interfaces_s__rosidl_typesupport_fastrtps_c.so
[0.686s] -- Up-to-date: /home/potamon1/potamon_ws/install/potamon_interfaces/lib/python3.12/site-packages/potamon_interfaces/_potamon_interfaces_s.ep.rosidl_typesupport_fastrtps_c.c
[0.686s] -- Up-to-date: /home/potamon1/potamon_ws/install/potamon_interfaces/lib/python3.12/site-packages/potamon_interfaces/_potamon_interfaces_s.ep.rosidl_typesupport_c.c
[0.686s] -- Up-to-date: /home/potamon1/potamon_ws/install/potamon_interfaces/lib/python3.12/site-packages/potamon_interfaces/msg
[0.686s] -- Up-to-date: /home/potamon1/potamon_ws/install/potamon_interfaces/lib/python3.12/site-packages/potamon_interfaces/msg/_wheel_velocities.py
[0.686s] -- Up-to-date: /home/potamon1/potamon_ws/install/potamon_interfaces/lib/python3.12/site-packages/potamon_interfaces/msg/_wheel_velocities_s.c
[0.686s] -- Up-to-date: /home/potamon1/potamon_ws/install/potamon_interfaces/lib/python3.12/site-packages/potamon_interfaces/msg/_wheel_states.py
[0.687s] -- Up-to-date: /home/potamon1/potamon_ws/install/potamon_interfaces/lib/python3.12/site-packages/potamon_interfaces/msg/_wheel_angles.py
[0.687s] -- Up-to-date: /home/potamon1/potamon_ws/install/potamon_interfaces/lib/python3.12/site-packages/potamon_interfaces/msg/_wheel_states_s.c
[0.687s] -- Up-to-date: /home/potamon1/potamon_ws/install/potamon_interfaces/lib/python3.12/site-packages/potamon_interfaces/msg/_system_status_s.c
[0.687s] -- Up-to-date: /home/potamon1/potamon_ws/install/potamon_interfaces/lib/python3.12/site-packages/potamon_interfaces/msg/_system_status.py
[0.687s] -- Up-to-date: /home/potamon1/potamon_ws/install/potamon_interfaces/lib/python3.12/site-packages/potamon_interfaces/msg/__init__.py
[0.687s] -- Up-to-date: /home/potamon1/potamon_ws/install/potamon_interfaces/lib/python3.12/site-packages/potamon_interfaces/msg/_wheel_angles_s.c
[0.687s] -- Up-to-date: /home/potamon1/potamon_ws/install/potamon_interfaces/lib/python3.12/site-packages/potamon_interfaces/srv
[0.687s] -- Up-to-date: /home/potamon1/potamon_ws/install/potamon_interfaces/lib/python3.12/site-packages/potamon_interfaces/srv/_set_control_mode_s.c
[0.687s] -- Up-to-date: /home/potamon1/potamon_ws/install/potamon_interfaces/lib/python3.12/site-packages/potamon_interfaces/srv/_set_control_mode.py
[0.687s] -- Up-to-date: /home/potamon1/potamon_ws/install/potamon_interfaces/lib/python3.12/site-packages/potamon_interfaces/srv/__init__.py
[0.687s] -- Up-to-date: /home/potamon1/potamon_ws/install/potamon_interfaces/lib/python3.12/site-packages/potamon_interfaces/__init__.py
[0.687s] -- Up-to-date: /home/potamon1/potamon_ws/install/potamon_interfaces/lib/python3.12/site-packages/potamon_interfaces/_potamon_interfaces_s.ep.rosidl_typesupport_introspection_c.c
[0.736s] Listing '/home/potamon1/potamon_ws/install/potamon_interfaces/lib/python3.12/site-packages/potamon_interfaces'...
[0.736s] Listing '/home/potamon1/potamon_ws/install/potamon_interfaces/lib/python3.12/site-packages/potamon_interfaces/msg'...
[0.736s] Listing '/home/potamon1/potamon_ws/install/potamon_interfaces/lib/python3.12/site-packages/potamon_interfaces/srv'...
[0.749s] -- Up-to-date: /home/potamon1/potamon_ws/install/potamon_interfaces/lib/python3.12/site-packages/potamon_interfaces/potamon_interfaces_s__rosidl_typesupport_fastrtps_c.so
[0.749s] -- Up-to-date: /home/potamon1/potamon_ws/install/potamon_interfaces/lib/python3.12/site-packages/potamon_interfaces/potamon_interfaces_s__rosidl_typesupport_introspection_c.so
[0.750s] -- Up-to-date: /home/potamon1/potamon_ws/install/potamon_interfaces/lib/python3.12/site-packages/potamon_interfaces/potamon_interfaces_s__rosidl_typesupport_c.so
[0.750s] -- Up-to-date: /home/potamon1/potamon_ws/install/potamon_interfaces/lib/libpotamon_interfaces__rosidl_generator_py.so
[0.750s] -- Up-to-date: /home/potamon1/potamon_ws/install/potamon_interfaces/share/potamon_interfaces/msg/WheelStates.idl
[0.750s] -- Up-to-date: /home/potamon1/potamon_ws/install/potamon_interfaces/share/potamon_interfaces/msg/SystemStatus.idl
[0.750s] -- Up-to-date: /home/potamon1/potamon_ws/install/potamon_interfaces/share/potamon_interfaces/msg/WheelVelocities.idl
[0.751s] -- Up-to-date: /home/potamon1/potamon_ws/install/potamon_interfaces/share/potamon_interfaces/msg/WheelAngles.idl
[0.751s] -- Up-to-date: /home/potamon1/potamon_ws/install/potamon_interfaces/share/potamon_interfaces/srv/SetControlMode.idl
[0.751s] -- Up-to-date: /home/potamon1/potamon_ws/install/potamon_interfaces/share/potamon_interfaces/msg/WheelStates.msg
[0.751s] -- Up-to-date: /home/potamon1/potamon_ws/install/potamon_interfaces/share/potamon_interfaces/msg/SystemStatus.msg
[0.751s] -- Up-to-date: /home/potamon1/potamon_ws/install/potamon_interfaces/share/potamon_interfaces/msg/WheelVelocities.msg
[0.751s] -- Up-to-date: /home/potamon1/potamon_ws/install/potamon_interfaces/share/potamon_interfaces/msg/WheelAngles.msg
[0.751s] -- Up-to-date: /home/potamon1/potamon_ws/install/potamon_interfaces/share/potamon_interfaces/srv/SetControlMode.srv
[0.751s] -- Up-to-date: /home/potamon1/potamon_ws/install/potamon_interfaces/share/ament_index/resource_index/package_run_dependencies/potamon_interfaces
[0.751s] -- Up-to-date: /home/potamon1/potamon_ws/install/potamon_interfaces/share/ament_index/resource_index/parent_prefix_path/potamon_interfaces
[0.752s] -- Up-to-date: /home/potamon1/potamon_ws/install/potamon_interfaces/share/potamon_interfaces/environment/ament_prefix_path.sh
[0.752s] -- Up-to-date: /home/potamon1/potamon_ws/install/potamon_interfaces/share/potamon_interfaces/environment/ament_prefix_path.dsv
[0.752s] -- Up-to-date: /home/potamon1/potamon_ws/install/potamon_interfaces/share/potamon_interfaces/environment/path.sh
[0.752s] -- Up-to-date: /home/potamon1/potamon_ws/install/potamon_interfaces/share/potamon_interfaces/environment/path.dsv
[0.752s] -- Up-to-date: /home/potamon1/potamon_ws/install/potamon_interfaces/share/potamon_interfaces/local_setup.bash
[0.752s] -- Up-to-date: /home/potamon1/potamon_ws/install/potamon_interfaces/share/potamon_interfaces/local_setup.sh
[0.752s] -- Up-to-date: /home/potamon1/potamon_ws/install/potamon_interfaces/share/potamon_interfaces/local_setup.zsh
[0.752s] -- Up-to-date: /home/potamon1/potamon_ws/install/potamon_interfaces/share/potamon_interfaces/local_setup.dsv
[0.752s] -- Installing: /home/potamon1/potamon_ws/install/potamon_interfaces/share/potamon_interfaces/package.dsv
[0.752s] -- Up-to-date: /home/potamon1/potamon_ws/install/potamon_interfaces/share/ament_index/resource_index/packages/potamon_interfaces
[0.752s] -- Up-to-date: /home/potamon1/potamon_ws/install/potamon_interfaces/share/potamon_interfaces/cmake/export_potamon_interfaces__rosidl_generator_cExport.cmake
[0.753s] -- Up-to-date: /home/potamon1/potamon_ws/install/potamon_interfaces/share/potamon_interfaces/cmake/export_potamon_interfaces__rosidl_generator_cExport-noconfig.cmake
[0.753s] -- Up-to-date: /home/potamon1/potamon_ws/install/potamon_interfaces/share/potamon_interfaces/cmake/export_potamon_interfaces__rosidl_typesupport_fastrtps_cExport.cmake
[0.753s] -- Up-to-date: /home/potamon1/potamon_ws/install/potamon_interfaces/share/potamon_interfaces/cmake/export_potamon_interfaces__rosidl_typesupport_fastrtps_cExport-noconfig.cmake
[0.753s] -- Up-to-date: /home/potamon1/potamon_ws/install/potamon_interfaces/share/potamon_interfaces/cmake/potamon_interfaces__rosidl_typesupport_introspection_cExport.cmake
[0.753s] -- Up-to-date: /home/potamon1/potamon_ws/install/potamon_interfaces/share/potamon_interfaces/cmake/potamon_interfaces__rosidl_typesupport_introspection_cExport-noconfig.cmake
[0.753s] -- Up-to-date: /home/potamon1/potamon_ws/install/potamon_interfaces/share/potamon_interfaces/cmake/potamon_interfaces__rosidl_typesupport_cExport.cmake
[0.753s] -- Up-to-date: /home/potamon1/potamon_ws/install/potamon_interfaces/share/potamon_interfaces/cmake/potamon_interfaces__rosidl_typesupport_cExport-noconfig.cmake
[0.753s] -- Up-to-date: /home/potamon1/potamon_ws/install/potamon_interfaces/share/potamon_interfaces/cmake/export_potamon_interfaces__rosidl_generator_cppExport.cmake
[0.753s] -- Up-to-date: /home/potamon1/potamon_ws/install/potamon_interfaces/share/potamon_interfaces/cmake/export_potamon_interfaces__rosidl_typesupport_fastrtps_cppExport.cmake
[0.753s] -- Up-to-date: /home/potamon1/potamon_ws/install/potamon_interfaces/share/potamon_interfaces/cmake/export_potamon_interfaces__rosidl_typesupport_fastrtps_cppExport-noconfig.cmake
[0.754s] -- Up-to-date: /home/potamon1/potamon_ws/install/potamon_interfaces/share/potamon_interfaces/cmake/potamon_interfaces__rosidl_typesupport_introspection_cppExport.cmake
[0.754s] -- Up-to-date: /home/potamon1/potamon_ws/install/potamon_interfaces/share/potamon_interfaces/cmake/potamon_interfaces__rosidl_typesupport_introspection_cppExport-noconfig.cmake
[0.754s] -- Up-to-date: /home/potamon1/potamon_ws/install/potamon_interfaces/share/potamon_interfaces/cmake/potamon_interfaces__rosidl_typesupport_cppExport.cmake
[0.754s] -- Up-to-date: /home/potamon1/potamon_ws/install/potamon_interfaces/share/potamon_interfaces/cmake/potamon_interfaces__rosidl_typesupport_cppExport-noconfig.cmake
[0.754s] -- Up-to-date: /home/potamon1/potamon_ws/install/potamon_interfaces/share/potamon_interfaces/cmake/export_potamon_interfaces__rosidl_generator_pyExport.cmake
[0.754s] -- Up-to-date: /home/potamon1/potamon_ws/install/potamon_interfaces/share/potamon_interfaces/cmake/export_potamon_interfaces__rosidl_generator_pyExport-noconfig.cmake
[0.754s] -- Up-to-date: /home/potamon1/potamon_ws/install/potamon_interfaces/share/potamon_interfaces/cmake/rosidl_cmake-extras.cmake
[0.754s] -- Up-to-date: /home/potamon1/potamon_ws/install/potamon_interfaces/share/potamon_interfaces/cmake/ament_cmake_export_dependencies-extras.cmake
[0.754s] -- Up-to-date: /home/potamon1/potamon_ws/install/potamon_interfaces/share/potamon_interfaces/cmake/ament_cmake_export_include_directories-extras.cmake
[0.754s] -- Up-to-date: /home/potamon1/potamon_ws/install/potamon_interfaces/share/potamon_interfaces/cmake/ament_cmake_export_libraries-extras.cmake
[0.754s] -- Up-to-date: /home/potamon1/potamon_ws/install/potamon_interfaces/share/potamon_interfaces/cmake/ament_cmake_export_targets-extras.cmake
[0.754s] -- Up-to-date: /home/potamon1/potamon_ws/install/potamon_interfaces/share/potamon_interfaces/cmake/rosidl_cmake_export_typesupport_targets-extras.cmake
[0.755s] -- Up-to-date: /home/potamon1/potamon_ws/install/potamon_interfaces/share/potamon_interfaces/cmake/rosidl_cmake_export_typesupport_libraries-extras.cmake
[0.755s] -- Up-to-date: /home/potamon1/potamon_ws/install/potamon_interfaces/share/potamon_interfaces/cmake/potamon_interfacesConfig.cmake
[0.755s] -- Up-to-date: /home/potamon1/potamon_ws/install/potamon_interfaces/share/potamon_interfaces/cmake/potamon_interfacesConfig-version.cmake
[0.755s] -- Up-to-date: /home/potamon1/potamon_ws/install/potamon_interfaces/share/potamon_interfaces/package.xml
[0.758s] Invoked command in '/home/potamon1/potamon_ws/build/potamon_interfaces' returned '0': CMAKE_PREFIX_PATH=/opt/ros/jazzy /usr/bin/cmake --install /home/potamon1/potamon_ws/build/potamon_interfaces
