[0.016s] Invoking command in '/home/jv4k/potamon_ws/src/build/potamon_interfaces': CMAKE_PREFIX_PATH=${CMAKE_PREFIX_PATH}:/opt/ros/jazzy DEBUGINFOD_URLS=https://debuginfod.ubuntu.com /usr/bin/cmake --build /home/jv4k/potamon_ws/src/build/potamon_interfaces -- -j12 -l12
[0.084s] [  2%] Built target potamon_interfaces__rosidl_generator_type_description
[0.096s] [  2%] Built target ament_cmake_python_copy_potamon_interfaces
[0.113s] [ 17%] Built target potamon_interfaces__rosidl_generator_c
[0.120s] [ 20%] Built target potamon_interfaces__cpp
[0.146s] [ 29%] Built target potamon_interfaces__rosidl_typesupport_introspection_c
[0.147s] [ 38%] Built target potamon_interfaces__rosidl_typesupport_c
[0.149s] [ 47%] Built target potamon_interfaces__rosidl_typesupport_fastrtps_c
[0.155s] [ 64%] Built target potamon_interfaces__rosidl_typesupport_fastrtps_cpp
[0.156s] [ 64%] Built target potamon_interfaces__rosidl_typesupport_introspection_cpp
[0.156s] [ 73%] Built target potamon_interfaces__rosidl_typesupport_cpp
[0.181s] [ 73%] Built target potamon_interfaces
[0.206s] [ 76%] Built target potamon_interfaces__py
[0.234s] [ 82%] Built target potamon_interfaces__rosidl_generator_py
[0.261s] [100%] Built target potamon_interfaces_s__rosidl_typesupport_fastrtps_c
[0.261s] [100%] Built target potamon_interfaces_s__rosidl_typesupport_introspection_c
[0.261s] [100%] Built target potamon_interfaces_s__rosidl_typesupport_c
[0.352s] running egg_info
[0.375s] writing potamon_interfaces.egg-info/PKG-INFO
[0.375s] writing dependency_links to potamon_interfaces.egg-info/dependency_links.txt
[0.375s] writing top-level names to potamon_interfaces.egg-info/top_level.txt
[0.440s] reading manifest file 'potamon_interfaces.egg-info/SOURCES.txt'
[0.441s] writing manifest file 'potamon_interfaces.egg-info/SOURCES.txt'
[0.492s] [100%] Built target ament_cmake_python_build_potamon_interfaces_egg
[0.516s] Invoked command in '/home/jv4k/potamon_ws/src/build/potamon_interfaces' returned '0': CMAKE_PREFIX_PATH=${CMAKE_PREFIX_PATH}:/opt/ros/jazzy DEBUGINFOD_URLS=https://debuginfod.ubuntu.com /usr/bin/cmake --build /home/jv4k/potamon_ws/src/build/potamon_interfaces -- -j12 -l12
[0.531s] Invoking command in '/home/jv4k/potamon_ws/src/build/potamon_interfaces': CMAKE_PREFIX_PATH=${CMAKE_PREFIX_PATH}:/opt/ros/jazzy DEBUGINFOD_URLS=https://debuginfod.ubuntu.com /usr/bin/cmake --install /home/jv4k/potamon_ws/src/build/potamon_interfaces
[0.541s] -- Install configuration: ""
[0.541s] -- Up-to-date: /home/jv4k/potamon_ws/src/install/potamon_interfaces/share/ament_index/resource_index/rosidl_interfaces/potamon_interfaces
[0.541s] -- Up-to-date: /home/jv4k/potamon_ws/src/install/potamon_interfaces/share/potamon_interfaces/msg/WheelStates.json
[0.542s] -- Up-to-date: /home/jv4k/potamon_ws/src/install/potamon_interfaces/include/potamon_interfaces/potamon_interfaces
[0.542s] -- Up-to-date: /home/jv4k/potamon_ws/src/install/potamon_interfaces/include/potamon_interfaces/potamon_interfaces/msg
[0.542s] -- Up-to-date: /home/jv4k/potamon_ws/src/install/potamon_interfaces/include/potamon_interfaces/potamon_interfaces/msg/detail
[0.542s] -- Up-to-date: /home/jv4k/potamon_ws/src/install/potamon_interfaces/include/potamon_interfaces/potamon_interfaces/msg/detail/wheel_states__functions.c
[0.542s] -- Up-to-date: /home/jv4k/potamon_ws/src/install/potamon_interfaces/include/potamon_interfaces/potamon_interfaces/msg/detail/wheel_states__type_support.h
[0.543s] -- Up-to-date: /home/jv4k/potamon_ws/src/install/potamon_interfaces/include/potamon_interfaces/potamon_interfaces/msg/detail/wheel_states__struct.h
[0.543s] -- Up-to-date: /home/jv4k/potamon_ws/src/install/potamon_interfaces/include/potamon_interfaces/potamon_interfaces/msg/detail/wheel_states__description.c
[0.543s] -- Up-to-date: /home/jv4k/potamon_ws/src/install/potamon_interfaces/include/potamon_interfaces/potamon_interfaces/msg/detail/wheel_states__type_support.c
[0.543s] -- Up-to-date: /home/jv4k/potamon_ws/src/install/potamon_interfaces/include/potamon_interfaces/potamon_interfaces/msg/detail/wheel_states__functions.h
[0.543s] -- Up-to-date: /home/jv4k/potamon_ws/src/install/potamon_interfaces/include/potamon_interfaces/potamon_interfaces/msg/wheel_states.h
[0.543s] -- Up-to-date: /home/jv4k/potamon_ws/src/install/potamon_interfaces/include/potamon_interfaces/potamon_interfaces/msg/rosidl_generator_c__visibility_control.h
[0.543s] -- Up-to-date: /home/jv4k/potamon_ws/src/install/potamon_interfaces/share/potamon_interfaces/environment/library_path.sh
[0.544s] -- Up-to-date: /home/jv4k/potamon_ws/src/install/potamon_interfaces/share/potamon_interfaces/environment/library_path.dsv
[0.544s] -- Up-to-date: /home/jv4k/potamon_ws/src/install/potamon_interfaces/lib/libpotamon_interfaces__rosidl_generator_c.so
[0.544s] -- Up-to-date: /home/jv4k/potamon_ws/src/install/potamon_interfaces/include/potamon_interfaces/potamon_interfaces
[0.544s] -- Up-to-date: /home/jv4k/potamon_ws/src/install/potamon_interfaces/include/potamon_interfaces/potamon_interfaces/msg
[0.544s] -- Up-to-date: /home/jv4k/potamon_ws/src/install/potamon_interfaces/include/potamon_interfaces/potamon_interfaces/msg/detail
[0.544s] -- Up-to-date: /home/jv4k/potamon_ws/src/install/potamon_interfaces/include/potamon_interfaces/potamon_interfaces/msg/detail/wheel_states__rosidl_typesupport_fastrtps_c.h
[0.544s] -- Up-to-date: /home/jv4k/potamon_ws/src/install/potamon_interfaces/include/potamon_interfaces/potamon_interfaces/msg/rosidl_typesupport_fastrtps_c__visibility_control.h
[0.544s] -- Up-to-date: /home/jv4k/potamon_ws/src/install/potamon_interfaces/lib/libpotamon_interfaces__rosidl_typesupport_fastrtps_c.so
[0.544s] -- Up-to-date: /home/jv4k/potamon_ws/src/install/potamon_interfaces/include/potamon_interfaces/potamon_interfaces
[0.545s] -- Up-to-date: /home/jv4k/potamon_ws/src/install/potamon_interfaces/include/potamon_interfaces/potamon_interfaces/msg
[0.545s] -- Up-to-date: /home/jv4k/potamon_ws/src/install/potamon_interfaces/include/potamon_interfaces/potamon_interfaces/msg/detail
[0.545s] -- Up-to-date: /home/jv4k/potamon_ws/src/install/potamon_interfaces/include/potamon_interfaces/potamon_interfaces/msg/detail/wheel_states__rosidl_typesupport_introspection_c.h
[0.545s] -- Up-to-date: /home/jv4k/potamon_ws/src/install/potamon_interfaces/include/potamon_interfaces/potamon_interfaces/msg/detail/wheel_states__type_support.c
[0.545s] -- Up-to-date: /home/jv4k/potamon_ws/src/install/potamon_interfaces/include/potamon_interfaces/potamon_interfaces/msg/rosidl_typesupport_introspection_c__visibility_control.h
[0.545s] -- Up-to-date: /home/jv4k/potamon_ws/src/install/potamon_interfaces/lib/libpotamon_interfaces__rosidl_typesupport_introspection_c.so
[0.545s] -- Up-to-date: /home/jv4k/potamon_ws/src/install/potamon_interfaces/lib/libpotamon_interfaces__rosidl_typesupport_c.so
[0.545s] -- Up-to-date: /home/jv4k/potamon_ws/src/install/potamon_interfaces/include/potamon_interfaces/potamon_interfaces
[0.545s] -- Up-to-date: /home/jv4k/potamon_ws/src/install/potamon_interfaces/include/potamon_interfaces/potamon_interfaces/msg
[0.545s] -- Up-to-date: /home/jv4k/potamon_ws/src/install/potamon_interfaces/include/potamon_interfaces/potamon_interfaces/msg/detail
[0.545s] -- Up-to-date: /home/jv4k/potamon_ws/src/install/potamon_interfaces/include/potamon_interfaces/potamon_interfaces/msg/detail/wheel_states__type_support.hpp
[0.545s] -- Up-to-date: /home/jv4k/potamon_ws/src/install/potamon_interfaces/include/potamon_interfaces/potamon_interfaces/msg/detail/wheel_states__traits.hpp
[0.546s] -- Up-to-date: /home/jv4k/potamon_ws/src/install/potamon_interfaces/include/potamon_interfaces/potamon_interfaces/msg/detail/wheel_states__struct.hpp
[0.546s] -- Up-to-date: /home/jv4k/potamon_ws/src/install/potamon_interfaces/include/potamon_interfaces/potamon_interfaces/msg/detail/wheel_states__builder.hpp
[0.546s] -- Up-to-date: /home/jv4k/potamon_ws/src/install/potamon_interfaces/include/potamon_interfaces/potamon_interfaces/msg/rosidl_generator_cpp__visibility_control.hpp
[0.546s] -- Up-to-date: /home/jv4k/potamon_ws/src/install/potamon_interfaces/include/potamon_interfaces/potamon_interfaces/msg/wheel_states.hpp
[0.546s] -- Up-to-date: /home/jv4k/potamon_ws/src/install/potamon_interfaces/include/potamon_interfaces/potamon_interfaces
[0.546s] -- Up-to-date: /home/jv4k/potamon_ws/src/install/potamon_interfaces/include/potamon_interfaces/potamon_interfaces/msg
[0.546s] -- Up-to-date: /home/jv4k/potamon_ws/src/install/potamon_interfaces/include/potamon_interfaces/potamon_interfaces/msg/detail
[0.546s] -- Up-to-date: /home/jv4k/potamon_ws/src/install/potamon_interfaces/include/potamon_interfaces/potamon_interfaces/msg/detail/dds_fastrtps
[0.546s] -- Up-to-date: /home/jv4k/potamon_ws/src/install/potamon_interfaces/include/potamon_interfaces/potamon_interfaces/msg/detail/wheel_states__rosidl_typesupport_fastrtps_cpp.hpp
[0.546s] -- Up-to-date: /home/jv4k/potamon_ws/src/install/potamon_interfaces/include/potamon_interfaces/potamon_interfaces/msg/rosidl_typesupport_fastrtps_cpp__visibility_control.h
[0.546s] -- Up-to-date: /home/jv4k/potamon_ws/src/install/potamon_interfaces/lib/libpotamon_interfaces__rosidl_typesupport_fastrtps_cpp.so
[0.547s] -- Up-to-date: /home/jv4k/potamon_ws/src/install/potamon_interfaces/include/potamon_interfaces/potamon_interfaces
[0.547s] -- Up-to-date: /home/jv4k/potamon_ws/src/install/potamon_interfaces/include/potamon_interfaces/potamon_interfaces/msg
[0.547s] -- Up-to-date: /home/jv4k/potamon_ws/src/install/potamon_interfaces/include/potamon_interfaces/potamon_interfaces/msg/detail
[0.547s] -- Up-to-date: /home/jv4k/potamon_ws/src/install/potamon_interfaces/include/potamon_interfaces/potamon_interfaces/msg/detail/wheel_states__type_support.cpp
[0.547s] -- Up-to-date: /home/jv4k/potamon_ws/src/install/potamon_interfaces/include/potamon_interfaces/potamon_interfaces/msg/detail/wheel_states__rosidl_typesupport_introspection_cpp.hpp
[0.547s] -- Up-to-date: /home/jv4k/potamon_ws/src/install/potamon_interfaces/lib/libpotamon_interfaces__rosidl_typesupport_introspection_cpp.so
[0.547s] -- Up-to-date: /home/jv4k/potamon_ws/src/install/potamon_interfaces/lib/libpotamon_interfaces__rosidl_typesupport_cpp.so
[0.547s] -- Up-to-date: /home/jv4k/potamon_ws/src/install/potamon_interfaces/share/potamon_interfaces/environment/pythonpath.sh
[0.547s] -- Up-to-date: /home/jv4k/potamon_ws/src/install/potamon_interfaces/share/potamon_interfaces/environment/pythonpath.dsv
[0.547s] -- Up-to-date: /home/jv4k/potamon_ws/src/install/potamon_interfaces/lib/python3.12/site-packages/potamon_interfaces-0.0.0-py3.12.egg-info
[0.547s] -- Installing: /home/jv4k/potamon_ws/src/install/potamon_interfaces/lib/python3.12/site-packages/potamon_interfaces-0.0.0-py3.12.egg-info/PKG-INFO
[0.548s] -- Installing: /home/jv4k/potamon_ws/src/install/potamon_interfaces/lib/python3.12/site-packages/potamon_interfaces-0.0.0-py3.12.egg-info/SOURCES.txt
[0.548s] -- Installing: /home/jv4k/potamon_ws/src/install/potamon_interfaces/lib/python3.12/site-packages/potamon_interfaces-0.0.0-py3.12.egg-info/top_level.txt
[0.548s] -- Installing: /home/jv4k/potamon_ws/src/install/potamon_interfaces/lib/python3.12/site-packages/potamon_interfaces-0.0.0-py3.12.egg-info/dependency_links.txt
[0.548s] -- Up-to-date: /home/jv4k/potamon_ws/src/install/potamon_interfaces/lib/python3.12/site-packages/potamon_interfaces
[0.548s] -- Up-to-date: /home/jv4k/potamon_ws/src/install/potamon_interfaces/lib/python3.12/site-packages/potamon_interfaces/__init__.py
[0.548s] -- Up-to-date: /home/jv4k/potamon_ws/src/install/potamon_interfaces/lib/python3.12/site-packages/potamon_interfaces/msg
[0.548s] -- Up-to-date: /home/jv4k/potamon_ws/src/install/potamon_interfaces/lib/python3.12/site-packages/potamon_interfaces/msg/_wheel_states.py
[0.548s] -- Up-to-date: /home/jv4k/potamon_ws/src/install/potamon_interfaces/lib/python3.12/site-packages/potamon_interfaces/msg/__init__.py
[0.548s] -- Up-to-date: /home/jv4k/potamon_ws/src/install/potamon_interfaces/lib/python3.12/site-packages/potamon_interfaces/msg/_wheel_states_s.c
[0.548s] -- Up-to-date: /home/jv4k/potamon_ws/src/install/potamon_interfaces/lib/python3.12/site-packages/potamon_interfaces/potamon_interfaces_s__rosidl_typesupport_introspection_c.so
[0.548s] -- Up-to-date: /home/jv4k/potamon_ws/src/install/potamon_interfaces/lib/python3.12/site-packages/potamon_interfaces/potamon_interfaces_s__rosidl_typesupport_fastrtps_c.so
[0.549s] -- Up-to-date: /home/jv4k/potamon_ws/src/install/potamon_interfaces/lib/python3.12/site-packages/potamon_interfaces/_potamon_interfaces_s.ep.rosidl_typesupport_introspection_c.c
[0.549s] -- Up-to-date: /home/jv4k/potamon_ws/src/install/potamon_interfaces/lib/python3.12/site-packages/potamon_interfaces/_potamon_interfaces_s.ep.rosidl_typesupport_c.c
[0.549s] -- Up-to-date: /home/jv4k/potamon_ws/src/install/potamon_interfaces/lib/python3.12/site-packages/potamon_interfaces/potamon_interfaces_s__rosidl_typesupport_c.so
[0.549s] -- Up-to-date: /home/jv4k/potamon_ws/src/install/potamon_interfaces/lib/python3.12/site-packages/potamon_interfaces/_potamon_interfaces_s.ep.rosidl_typesupport_fastrtps_c.c
[0.585s] Listing '/home/jv4k/potamon_ws/src/install/potamon_interfaces/lib/python3.12/site-packages/potamon_interfaces'...
[0.585s] Listing '/home/jv4k/potamon_ws/src/install/potamon_interfaces/lib/python3.12/site-packages/potamon_interfaces/msg'...
[0.591s] -- Up-to-date: /home/jv4k/potamon_ws/src/install/potamon_interfaces/lib/python3.12/site-packages/potamon_interfaces/potamon_interfaces_s__rosidl_typesupport_fastrtps_c.so
[0.592s] -- Up-to-date: /home/jv4k/potamon_ws/src/install/potamon_interfaces/lib/python3.12/site-packages/potamon_interfaces/potamon_interfaces_s__rosidl_typesupport_introspection_c.so
[0.593s] -- Up-to-date: /home/jv4k/potamon_ws/src/install/potamon_interfaces/lib/python3.12/site-packages/potamon_interfaces/potamon_interfaces_s__rosidl_typesupport_c.so
[0.593s] -- Up-to-date: /home/jv4k/potamon_ws/src/install/potamon_interfaces/lib/libpotamon_interfaces__rosidl_generator_py.so
[0.594s] -- Up-to-date: /home/jv4k/potamon_ws/src/install/potamon_interfaces/share/potamon_interfaces/msg/WheelStates.idl
[0.594s] -- Up-to-date: /home/jv4k/potamon_ws/src/install/potamon_interfaces/share/potamon_interfaces/msg/WheelStates.msg
[0.595s] -- Up-to-date: /home/jv4k/potamon_ws/src/install/potamon_interfaces/share/ament_index/resource_index/package_run_dependencies/potamon_interfaces
[0.595s] -- Up-to-date: /home/jv4k/potamon_ws/src/install/potamon_interfaces/share/ament_index/resource_index/parent_prefix_path/potamon_interfaces
[0.595s] -- Up-to-date: /home/jv4k/potamon_ws/src/install/potamon_interfaces/share/potamon_interfaces/environment/ament_prefix_path.sh
[0.595s] -- Up-to-date: /home/jv4k/potamon_ws/src/install/potamon_interfaces/share/potamon_interfaces/environment/ament_prefix_path.dsv
[0.596s] -- Up-to-date: /home/jv4k/potamon_ws/src/install/potamon_interfaces/share/potamon_interfaces/environment/path.sh
[0.596s] -- Up-to-date: /home/jv4k/potamon_ws/src/install/potamon_interfaces/share/potamon_interfaces/environment/path.dsv
[0.596s] -- Up-to-date: /home/jv4k/potamon_ws/src/install/potamon_interfaces/share/potamon_interfaces/local_setup.bash
[0.597s] -- Up-to-date: /home/jv4k/potamon_ws/src/install/potamon_interfaces/share/potamon_interfaces/local_setup.sh
[0.597s] -- Up-to-date: /home/jv4k/potamon_ws/src/install/potamon_interfaces/share/potamon_interfaces/local_setup.zsh
[0.597s] -- Up-to-date: /home/jv4k/potamon_ws/src/install/potamon_interfaces/share/potamon_interfaces/local_setup.dsv
[0.597s] -- Installing: /home/jv4k/potamon_ws/src/install/potamon_interfaces/share/potamon_interfaces/package.dsv
[0.597s] -- Up-to-date: /home/jv4k/potamon_ws/src/install/potamon_interfaces/share/ament_index/resource_index/packages/potamon_interfaces
[0.597s] -- Up-to-date: /home/jv4k/potamon_ws/src/install/potamon_interfaces/share/potamon_interfaces/cmake/export_potamon_interfaces__rosidl_generator_cExport.cmake
[0.598s] -- Up-to-date: /home/jv4k/potamon_ws/src/install/potamon_interfaces/share/potamon_interfaces/cmake/export_potamon_interfaces__rosidl_generator_cExport-noconfig.cmake
[0.598s] -- Up-to-date: /home/jv4k/potamon_ws/src/install/potamon_interfaces/share/potamon_interfaces/cmake/export_potamon_interfaces__rosidl_typesupport_fastrtps_cExport.cmake
[0.598s] -- Up-to-date: /home/jv4k/potamon_ws/src/install/potamon_interfaces/share/potamon_interfaces/cmake/export_potamon_interfaces__rosidl_typesupport_fastrtps_cExport-noconfig.cmake
[0.598s] -- Up-to-date: /home/jv4k/potamon_ws/src/install/potamon_interfaces/share/potamon_interfaces/cmake/potamon_interfaces__rosidl_typesupport_introspection_cExport.cmake
[0.598s] -- Up-to-date: /home/jv4k/potamon_ws/src/install/potamon_interfaces/share/potamon_interfaces/cmake/potamon_interfaces__rosidl_typesupport_introspection_cExport-noconfig.cmake
[0.599s] -- Up-to-date: /home/jv4k/potamon_ws/src/install/potamon_interfaces/share/potamon_interfaces/cmake/potamon_interfaces__rosidl_typesupport_cExport.cmake
[0.599s] -- Up-to-date: /home/jv4k/potamon_ws/src/install/potamon_interfaces/share/potamon_interfaces/cmake/potamon_interfaces__rosidl_typesupport_cExport-noconfig.cmake
[0.599s] -- Up-to-date: /home/jv4k/potamon_ws/src/install/potamon_interfaces/share/potamon_interfaces/cmake/export_potamon_interfaces__rosidl_generator_cppExport.cmake
[0.600s] -- Up-to-date: /home/jv4k/potamon_ws/src/install/potamon_interfaces/share/potamon_interfaces/cmake/export_potamon_interfaces__rosidl_typesupport_fastrtps_cppExport.cmake
[0.600s] -- Up-to-date: /home/jv4k/potamon_ws/src/install/potamon_interfaces/share/potamon_interfaces/cmake/export_potamon_interfaces__rosidl_typesupport_fastrtps_cppExport-noconfig.cmake
[0.600s] -- Up-to-date: /home/jv4k/potamon_ws/src/install/potamon_interfaces/share/potamon_interfaces/cmake/potamon_interfaces__rosidl_typesupport_introspection_cppExport.cmake
[0.600s] -- Up-to-date: /home/jv4k/potamon_ws/src/install/potamon_interfaces/share/potamon_interfaces/cmake/potamon_interfaces__rosidl_typesupport_introspection_cppExport-noconfig.cmake
[0.601s] -- Up-to-date: /home/jv4k/potamon_ws/src/install/potamon_interfaces/share/potamon_interfaces/cmake/potamon_interfaces__rosidl_typesupport_cppExport.cmake
[0.601s] -- Up-to-date: /home/jv4k/potamon_ws/src/install/potamon_interfaces/share/potamon_interfaces/cmake/potamon_interfaces__rosidl_typesupport_cppExport-noconfig.cmake
[0.601s] -- Up-to-date: /home/jv4k/potamon_ws/src/install/potamon_interfaces/share/potamon_interfaces/cmake/export_potamon_interfaces__rosidl_generator_pyExport.cmake
[0.601s] -- Up-to-date: /home/jv4k/potamon_ws/src/install/potamon_interfaces/share/potamon_interfaces/cmake/export_potamon_interfaces__rosidl_generator_pyExport-noconfig.cmake
[0.601s] -- Up-to-date: /home/jv4k/potamon_ws/src/install/potamon_interfaces/share/potamon_interfaces/cmake/rosidl_cmake-extras.cmake
[0.601s] -- Up-to-date: /home/jv4k/potamon_ws/src/install/potamon_interfaces/share/potamon_interfaces/cmake/ament_cmake_export_include_directories-extras.cmake
[0.602s] -- Up-to-date: /home/jv4k/potamon_ws/src/install/potamon_interfaces/share/potamon_interfaces/cmake/ament_cmake_export_libraries-extras.cmake
[0.602s] -- Up-to-date: /home/jv4k/potamon_ws/src/install/potamon_interfaces/share/potamon_interfaces/cmake/ament_cmake_export_targets-extras.cmake
[0.602s] -- Up-to-date: /home/jv4k/potamon_ws/src/install/potamon_interfaces/share/potamon_interfaces/cmake/rosidl_cmake_export_typesupport_targets-extras.cmake
[0.602s] -- Up-to-date: /home/jv4k/potamon_ws/src/install/potamon_interfaces/share/potamon_interfaces/cmake/ament_cmake_export_dependencies-extras.cmake
[0.602s] -- Up-to-date: /home/jv4k/potamon_ws/src/install/potamon_interfaces/share/potamon_interfaces/cmake/rosidl_cmake_export_typesupport_libraries-extras.cmake
[0.602s] -- Up-to-date: /home/jv4k/potamon_ws/src/install/potamon_interfaces/share/potamon_interfaces/cmake/potamon_interfacesConfig.cmake
[0.603s] -- Up-to-date: /home/jv4k/potamon_ws/src/install/potamon_interfaces/share/potamon_interfaces/cmake/potamon_interfacesConfig-version.cmake
[0.603s] -- Up-to-date: /home/jv4k/potamon_ws/src/install/potamon_interfaces/share/potamon_interfaces/package.xml
[0.606s] Invoked command in '/home/jv4k/potamon_ws/src/build/potamon_interfaces' returned '0': CMAKE_PREFIX_PATH=${CMAKE_PREFIX_PATH}:/opt/ros/jazzy DEBUGINFOD_URLS=https://debuginfod.ubuntu.com /usr/bin/cmake --install /home/jv4k/potamon_ws/src/build/potamon_interfaces
