-- Found ament_cmake: 2.5.3 (/opt/ros/jazzy/share/ament_cmake/cmake)
-- Found rclcpp: 28.1.8 (/opt/ros/jazzy/share/rclcpp/cmake)
-- Found rosidl_generator_c: 4.6.5 (/opt/ros/jazzy/share/rosidl_generator_c/cmake)
-- Found rosidl_generator_cpp: 4.6.5 (/opt/ros/jazzy/share/rosidl_generator_cpp/cmake)
-- Using all available rosidl_typesupport_c: rosidl_typesupport_fastrtps_c;rosidl_typesupport_introspection_c
-- Using all available rosidl_typesupport_cpp: rosidl_typesupport_fastrtps_cpp;rosidl_typesupport_introspection_cpp
-- Found rmw_implementation_cmake: 7.3.2 (/opt/ros/jazzy/share/rmw_implementation_cmake/cmake)
-- Found rmw_fastrtps_cpp: 8.4.2 (/opt/ros/jazzy/share/rmw_fastrtps_cpp/cmake)
-- Using RMW implementation 'rmw_fastrtps_cpp' as default
-- Found sensor_msgs: 5.3.6 (/opt/ros/jazzy/share/sensor_msgs/cmake)
-- Found joy: 3.3.0 (/opt/ros/jazzy/share/joy/cmake)
-- Found ament_lint_auto: 0.17.2 (/opt/ros/jazzy/share/ament_lint_auto/cmake)
-- Added test 'cppcheck' to perform static code analysis on C / C++ code
-- Configured cppcheck include dirs: 
-- Configured cppcheck exclude dirs and/or files: 
-- Added test 'lint_cmake' to check CMake code style
-- Added test 'uncrustify' to check C / C++ code style
-- Configured uncrustify additional arguments: 
-- Added test 'xmllint' to check XML markup files
-- Configuring done (1.2s)
-- Generating done (0.0s)
-- Build files have been written to: /home/jv4k/potamon_ws/src/build/xbox_gamepad_reader
[100%] Built target xbox_gamepad_reader
-- Install configuration: ""
-- Up-to-date: /home/jv4k/potamon_ws/src/install/xbox_gamepad_reader/lib/xbox_gamepad_reader/xbox_gamepad_reader
-- Up-to-date: /home/jv4k/potamon_ws/src/install/xbox_gamepad_reader/share/ament_index/resource_index/package_run_dependencies/xbox_gamepad_reader
-- Up-to-date: /home/jv4k/potamon_ws/src/install/xbox_gamepad_reader/share/ament_index/resource_index/parent_prefix_path/xbox_gamepad_reader
-- Up-to-date: /home/jv4k/potamon_ws/src/install/xbox_gamepad_reader/share/xbox_gamepad_reader/environment/ament_prefix_path.sh
-- Up-to-date: /home/jv4k/potamon_ws/src/install/xbox_gamepad_reader/share/xbox_gamepad_reader/environment/ament_prefix_path.dsv
-- Up-to-date: /home/jv4k/potamon_ws/src/install/xbox_gamepad_reader/share/xbox_gamepad_reader/environment/path.sh
-- Up-to-date: /home/jv4k/potamon_ws/src/install/xbox_gamepad_reader/share/xbox_gamepad_reader/environment/path.dsv
-- Up-to-date: /home/jv4k/potamon_ws/src/install/xbox_gamepad_reader/share/xbox_gamepad_reader/local_setup.bash
-- Up-to-date: /home/jv4k/potamon_ws/src/install/xbox_gamepad_reader/share/xbox_gamepad_reader/local_setup.sh
-- Up-to-date: /home/jv4k/potamon_ws/src/install/xbox_gamepad_reader/share/xbox_gamepad_reader/local_setup.zsh
-- Up-to-date: /home/jv4k/potamon_ws/src/install/xbox_gamepad_reader/share/xbox_gamepad_reader/local_setup.dsv
-- Installing: /home/jv4k/potamon_ws/src/install/xbox_gamepad_reader/share/xbox_gamepad_reader/package.dsv
-- Up-to-date: /home/jv4k/potamon_ws/src/install/xbox_gamepad_reader/share/ament_index/resource_index/packages/xbox_gamepad_reader
-- Up-to-date: /home/jv4k/potamon_ws/src/install/xbox_gamepad_reader/share/xbox_gamepad_reader/cmake/xbox_gamepad_readerConfig.cmake
-- Up-to-date: /home/jv4k/potamon_ws/src/install/xbox_gamepad_reader/share/xbox_gamepad_reader/cmake/xbox_gamepad_readerConfig-version.cmake
-- Up-to-date: /home/jv4k/potamon_ws/src/install/xbox_gamepad_reader/share/xbox_gamepad_reader/package.xml
