[0.021s] Invoking command in '/home/jv4k/potamon_ws/src/build/xbox_gamepad_reader': CMAKE_PREFIX_PATH=${CMAKE_PREFIX_PATH}:/opt/ros/jazzy DEBUGINFOD_URLS=https://debuginfod.ubuntu.com /usr/bin/cmake --build /home/jv4k/potamon_ws/src/build/xbox_gamepad_reader -- -j12 -l12
[0.070s] -- Found ament_cmake: 2.5.3 (/opt/ros/jazzy/share/ament_cmake/cmake)
[0.470s] -- Found rclcpp: 28.1.8 (/opt/ros/jazzy/share/rclcpp/cmake)
[0.533s] -- Found rosidl_generator_c: 4.6.5 (/opt/ros/jazzy/share/rosidl_generator_c/cmake)
[0.550s] -- Found rosidl_generator_cpp: 4.6.5 (/opt/ros/jazzy/share/rosidl_generator_cpp/cmake)
[0.574s] -- Using all available rosidl_typesupport_c: rosidl_typesupport_fastrtps_c;rosidl_typesupport_introspection_c
[0.598s] -- Using all available rosidl_typesupport_cpp: rosidl_typesupport_fastrtps_cpp;rosidl_typesupport_introspection_cpp
[0.711s] -- Found rmw_implementation_cmake: 7.3.2 (/opt/ros/jazzy/share/rmw_implementation_cmake/cmake)
[0.713s] -- Found rmw_fastrtps_cpp: 8.4.2 (/opt/ros/jazzy/share/rmw_fastrtps_cpp/cmake)
[0.834s] -- Using RMW implementation 'rmw_fastrtps_cpp' as default
[0.954s] -- Found sensor_msgs: 5.3.6 (/opt/ros/jazzy/share/sensor_msgs/cmake)
[1.054s] -- Found joy: 3.3.0 (/opt/ros/jazzy/share/joy/cmake)
[1.066s] -- Found ament_lint_auto: 0.17.2 (/opt/ros/jazzy/share/ament_lint_auto/cmake)
[1.240s] -- Added test 'cppcheck' to perform static code analysis on C / C++ code
[1.240s] -- Configured cppcheck include dirs: 
[1.240s] -- Configured cppcheck exclude dirs and/or files: 
[1.241s] -- Added test 'lint_cmake' to check CMake code style
[1.243s] -- Added test 'uncrustify' to check C / C++ code style
[1.243s] -- Configured uncrustify additional arguments: 
[1.243s] -- Added test 'xmllint' to check XML markup files
[1.245s] -- Configuring done (1.2s)
[1.266s] -- Generating done (0.0s)
[1.273s] -- Build files have been written to: /home/jv4k/potamon_ws/src/build/xbox_gamepad_reader
[1.362s] [100%] Built target xbox_gamepad_reader
[1.384s] Invoked command in '/home/jv4k/potamon_ws/src/build/xbox_gamepad_reader' returned '0': CMAKE_PREFIX_PATH=${CMAKE_PREFIX_PATH}:/opt/ros/jazzy DEBUGINFOD_URLS=https://debuginfod.ubuntu.com /usr/bin/cmake --build /home/jv4k/potamon_ws/src/build/xbox_gamepad_reader -- -j12 -l12
[1.386s] Invoking command in '/home/jv4k/potamon_ws/src/build/xbox_gamepad_reader': CMAKE_PREFIX_PATH=${CMAKE_PREFIX_PATH}:/opt/ros/jazzy DEBUGINFOD_URLS=https://debuginfod.ubuntu.com /usr/bin/cmake --install /home/jv4k/potamon_ws/src/build/xbox_gamepad_reader
[1.407s] -- Install configuration: ""
[1.407s] -- Up-to-date: /home/jv4k/potamon_ws/src/install/xbox_gamepad_reader/lib/xbox_gamepad_reader/xbox_gamepad_reader
[1.408s] -- Up-to-date: /home/jv4k/potamon_ws/src/install/xbox_gamepad_reader/share/ament_index/resource_index/package_run_dependencies/xbox_gamepad_reader
[1.408s] -- Up-to-date: /home/jv4k/potamon_ws/src/install/xbox_gamepad_reader/share/ament_index/resource_index/parent_prefix_path/xbox_gamepad_reader
[1.408s] -- Up-to-date: /home/jv4k/potamon_ws/src/install/xbox_gamepad_reader/share/xbox_gamepad_reader/environment/ament_prefix_path.sh
[1.408s] -- Up-to-date: /home/jv4k/potamon_ws/src/install/xbox_gamepad_reader/share/xbox_gamepad_reader/environment/ament_prefix_path.dsv
[1.408s] -- Up-to-date: /home/jv4k/potamon_ws/src/install/xbox_gamepad_reader/share/xbox_gamepad_reader/environment/path.sh
[1.409s] -- Up-to-date: /home/jv4k/potamon_ws/src/install/xbox_gamepad_reader/share/xbox_gamepad_reader/environment/path.dsv
[1.409s] -- Up-to-date: /home/jv4k/potamon_ws/src/install/xbox_gamepad_reader/share/xbox_gamepad_reader/local_setup.bash
[1.409s] -- Up-to-date: /home/jv4k/potamon_ws/src/install/xbox_gamepad_reader/share/xbox_gamepad_reader/local_setup.sh
[1.409s] -- Up-to-date: /home/jv4k/potamon_ws/src/install/xbox_gamepad_reader/share/xbox_gamepad_reader/local_setup.zsh
[1.410s] -- Up-to-date: /home/jv4k/potamon_ws/src/install/xbox_gamepad_reader/share/xbox_gamepad_reader/local_setup.dsv
[1.410s] -- Installing: /home/jv4k/potamon_ws/src/install/xbox_gamepad_reader/share/xbox_gamepad_reader/package.dsv
[1.410s] -- Up-to-date: /home/jv4k/potamon_ws/src/install/xbox_gamepad_reader/share/ament_index/resource_index/packages/xbox_gamepad_reader
[1.410s] -- Up-to-date: /home/jv4k/potamon_ws/src/install/xbox_gamepad_reader/share/xbox_gamepad_reader/cmake/xbox_gamepad_readerConfig.cmake
[1.410s] -- Up-to-date: /home/jv4k/potamon_ws/src/install/xbox_gamepad_reader/share/xbox_gamepad_reader/cmake/xbox_gamepad_readerConfig-version.cmake
[1.410s] -- Up-to-date: /home/jv4k/potamon_ws/src/install/xbox_gamepad_reader/share/xbox_gamepad_reader/package.xml
[1.414s] Invoked command in '/home/jv4k/potamon_ws/src/build/xbox_gamepad_reader' returned '0': CMAKE_PREFIX_PATH=${CMAKE_PREFIX_PATH}:/opt/ros/jazzy DEBUGINFOD_URLS=https://debuginfod.ubuntu.com /usr/bin/cmake --install /home/jv4k/potamon_ws/src/build/xbox_gamepad_reader
